Cache simulation results:
Core #0 (1 thread(s))
  L1I stats:
    Hits:                       28,035,485
    Misses:                        280,941
    Compulsory misses:              96,116
    Invalidations:                       0
    Miss rate:                        0.99%
  L1D stats:
    Hits:                       10,433,127
    Misses:                        356,065
    Compulsory misses:             254,914
    Invalidations:                       0
    Prefetch hits:                 128,695
    Prefetch misses:               333,309
    Miss rate:                        3.30%
Core #1 (0 thread(s))
Core #2 (0 thread(s))
Core #3 (0 thread(s))
LL stats:
    Hits:                          398,830
    Misses:                        238,176
    Compulsory misses:             351,026
    Invalidations:                       0
    Prefetch hits:                 180,528
    Prefetch misses:               152,781
    Local miss rate:                 37.39%
    Child hits:                 38,597,307
    Total miss rate:                  0.61%
