Cache simulation results:
Core #0 (1 thread(s))
  L1I stats:
    Hits:                          270,413
    Misses:                          2,757
    Compulsory misses:               1,547
    Invalidations:                       0
    Miss rate:                        1.01%
  L1D stats:
    Hits:                           98,166
    Misses:                          2,971
    Compulsory misses:               4,334
    Invalidations:                       0
    Prefetch hits:                   1,374
    Prefetch misses:                 2,785
    Miss rate:                        2.94%
Core #1 (0 thread(s))
Core #2 (0 thread(s))
Core #3 (0 thread(s))
LL stats:
    Hits:                            2,055
    Misses:                          3,673
    Compulsory misses:               5,881
    Invalidations:                       0
    Prefetch hits:                     577
    Prefetch misses:                 2,208
    Local miss rate:                 64.12%
    Child hits:                    369,953
    Total miss rate:                  0.98%
