Cache simulation results:
Core #0 (1 thread(s))
  L1I stats:
    Hits:                      227,709,684
    Misses:                      2,279,300
    Compulsory misses:             159,939
    Invalidations:                       0
    Miss rate:                        0.99%
  L1D stats:
    Hits:                       84,972,047
    Misses:                      3,234,964
    Compulsory misses:           1,296,460
    Invalidations:                       0
    Prefetch hits:                 893,474
    Prefetch misses:             3,001,290
    Miss rate:                        3.67%
Core #1 (0 thread(s))
Core #2 (0 thread(s))
Core #3 (0 thread(s))
LL stats:
    Hits:                        4,162,755
    Misses:                      1,351,509
    Compulsory misses:           1,456,395
    Invalidations:                       0
    Prefetch hits:               1,961,757
    Prefetch misses:             1,039,533
    Local miss rate:                 24.51%
    Child hits:                313,575,205
    Total miss rate:                  0.42%
