Cache simulation results:
Core #0 (1 thread(s))
  L1I stats:
    Hits:                      199,779,721
    Misses:                        909,609
    Compulsory misses:             143,146
    Invalidations:                       0
    Miss rate:                        0.45%
  L1D stats:
    Hits:                       75,393,551
    Misses:                      1,665,111
    Compulsory misses:             920,424
    Invalidations:                       0
    Prefetch hits:                 438,064
    Prefetch misses:             1,560,856
    Miss rate:                        2.16%
Core #1 (0 thread(s))
Core #2 (0 thread(s))
Core #3 (0 thread(s))
LL stats:
    Hits:                        1,809,700
    Misses:                        765,020
    Compulsory misses:           1,063,566
    Invalidations:                       0
    Prefetch hits:                 941,112
    Prefetch misses:               619,744
    Local miss rate:                 29.71%
    Child hits:                275,611,336
    Total miss rate:                  0.28%
