Cache simulation results:
Core #0 (1 thread(s))
  L1I stats:
    Hits:                           13,156
    Misses:                            583
    Compulsory misses:                 583
    Invalidations:                       0
    Miss rate:                        4.24%
  L1D stats:
    Hits:                            4,964
    Misses:                            396
    Compulsory misses:                 701
    Invalidations:                       0
    Prefetch hits:                      66
    Prefetch misses:                   342
    Miss rate:                        7.39%
Core #1 (0 thread(s))
Core #2 (0 thread(s))
Core #3 (0 thread(s))
LL stats:
    Hits:                               28
    Misses:                            951
    Compulsory misses:               1,284
    Invalidations:                       0
    Prefetch hits:                       9
    Prefetch misses:                   333
    Local miss rate:                 97.14%
    Child hits:                     18,186
    Total miss rate:                  4.96%
