Cache simulation results:
Core #0 (1 thread(s))
  L1I stats:
    Hits:                            5,134
    Misses:                            189
    Compulsory misses:                 189
    Invalidations:                       0
    Miss rate:                        3.55%
  L1D stats:
    Hits:                            1,823
    Misses:                            156
    Compulsory misses:                 286
    Invalidations:                       0
    Prefetch hits:                      28
    Prefetch misses:                   130
    Miss rate:                        7.88%
Core #1 (0 thread(s))
Core #2 (0 thread(s))
Core #3 (0 thread(s))
LL stats:
    Hits:                                0
    Misses:                            345
    Compulsory misses:                 475
    Invalidations:                       0
    Prefetch hits:                       0
    Prefetch misses:                   130
    Local miss rate:                100.00%
    Child hits:                      6,985
    Total miss rate:                  4.71%
