Cache simulation results:
Core #0 (1 thread(s))
  L1I stats:
    Hits:                      108,285,977
    Misses:                      1,008,292
    Compulsory misses:             107,534
    Invalidations:                       0
    Miss rate:                        0.92%
  L1D stats:
    Hits:                       41,490,151
    Misses:                      1,434,837
    Compulsory misses:             562,388
    Invalidations:                       0
    Prefetch hits:                 379,236
    Prefetch misses:             1,341,013
    Miss rate:                        3.34%
Core #1 (0 thread(s))
Core #2 (0 thread(s))
Core #3 (0 thread(s))
LL stats:
    Hits:                        1,962,373
    Misses:                        480,756
    Compulsory misses:             669,922
    Invalidations:                       0
    Prefetch hits:                 958,163
    Prefetch misses:               382,850
    Local miss rate:                 19.68%
    Child hits:                150,155,364
    Total miss rate:                  0.32%
