Cache simulation results:
Core #0 (1 thread(s))
  L1I stats:
    Hits:                      894,265,555
    Misses:                      9,239,818
    Compulsory misses:             171,754
    Invalidations:                       0
    Miss rate:                        1.02%
  L1D stats:
    Hits:                      338,907,587
    Misses:                     12,826,436
    Compulsory misses:           3,743,067
    Invalidations:                       0
    Prefetch hits:               4,074,082
    Prefetch misses:            11,963,727
    Miss rate:                        3.65%
Core #1 (0 thread(s))
Core #2 (0 thread(s))
Core #3 (0 thread(s))
LL stats:
    Hits:                       17,628,519
    Misses:                      4,437,735
    Compulsory misses:           3,914,817
    Invalidations:                       0
    Prefetch hits:               7,914,940
    Prefetch misses:             4,048,787
    Local miss rate:                 20.11%
    Child hits:              1,237,247,224
    Total miss rate:                  0.35%
