Cache simulation results:
Core #0 (1 thread(s))
  L1I stats:
    Hits:                       42,850,233
    Misses:                        290,823
    Compulsory misses:              97,384
    Invalidations:                       0
    Miss rate:                        0.67%
  L1D stats:
    Hits:                       16,508,610
    Misses:                        386,669
    Compulsory misses:             276,133
    Invalidations:                       0
    Prefetch hits:                 137,287
    Prefetch misses:               365,707
    Miss rate:                        2.29%
Core #1 (0 thread(s))
Core #2 (0 thread(s))
Core #3 (0 thread(s))
LL stats:
    Hits:                          429,106
    Misses:                        248,386
    Compulsory misses:             373,513
    Invalidations:                       0
    Prefetch hits:                 200,009
    Prefetch misses:               165,698
    Local miss rate:                 36.66%
    Child hits:                 59,496,130
    Total miss rate:                  0.41%
