Cache simulation results:
Core #0 (1 thread(s))
  L1I stats:
    Hits:                        5,536,740
    Misses:                         12,207
    Compulsory misses:               6,281
    Invalidations:                       0
    Miss rate:                        0.22%
  L1D stats:
    Hits:                        2,118,708
    Misses:                         53,411
    Compulsory misses:              51,756
    Invalidations:                       0
    Prefetch hits:                  27,148
    Prefetch misses:                41,938
    Miss rate:                        2.46%
Core #1 (0 thread(s))
Core #2 (0 thread(s))
Core #3 (0 thread(s))
LL stats:
    Hits:                           34,762
    Misses:                         30,856
    Compulsory misses:              58,037
    Invalidations:                       0
    Prefetch hits:                  14,746
    Prefetch misses:                27,192
    Local miss rate:                 47.02%
    Child hits:                  7,682,596
    Total miss rate:                  0.40%
