Cache simulation results:
Core #0 (1 thread(s))
  L1I stats:
    Hits:                      191,219,481
    Misses:                      1,637,993
    Compulsory misses:             161,319
    Invalidations:                       0
    Miss rate:                        0.85%
  L1D stats:
    Hits:                       74,162,963
    Misses:                      2,228,299
    Compulsory misses:           1,053,359
    Invalidations:                       0
    Prefetch hits:                 610,036
    Prefetch misses:             2,095,315
    Miss rate:                        2.92%
Core #1 (0 thread(s))
Core #2 (0 thread(s))
Core #3 (0 thread(s))
LL stats:
    Hits:                        2,894,050
    Misses:                        972,242
    Compulsory misses:           1,214,674
    Invalidations:                       0
    Prefetch hits:               1,291,071
    Prefetch misses:               804,244
    Local miss rate:                 25.15%
    Child hits:                265,992,480
    Total miss rate:                  0.36%
