Cache simulation results:
Core #0 (1 thread(s))
  L1I stats:
    Hits:                        5,855,182
    Misses:                         10,345
    Compulsory misses:               4,637
    Invalidations:                       0
    Miss rate:                        0.18%
  L1D stats:
    Hits:                        1,951,235
    Misses:                         40,258
    Compulsory misses:              32,591
    Invalidations:                       0
    Prefetch hits:                  14,274
    Prefetch misses:                35,308
    Miss rate:                        2.02%
Core #1 (0 thread(s))
Core #2 (0 thread(s))
Core #3 (0 thread(s))
LL stats:
    Hits:                           31,081
    Misses:                         19,522
    Compulsory misses:              37,228
    Invalidations:                       0
    Prefetch hits:                  17,589
    Prefetch misses:                17,719
    Local miss rate:                 38.58%
    Child hits:                  7,820,691
    Total miss rate:                  0.25%
