Cache simulation results:
Core #0 (1 thread(s))
  L1I stats:
    Hits:                          776,394
    Misses:                          6,344
    Compulsory misses:               2,647
    Invalidations:                       0
    Miss rate:                        0.81%
  L1D stats:
    Hits:                          285,187
    Misses:                          6,919
    Compulsory misses:               8,204
    Invalidations:                       0
    Prefetch hits:                   1,967
    Prefetch misses:                 6,260
    Miss rate:                        2.37%
Core #1 (0 thread(s))
Core #2 (0 thread(s))
Core #3 (0 thread(s))
LL stats:
    Hits:                            6,690
    Misses:                          6,573
    Compulsory misses:              10,851
    Invalidations:                       0
    Prefetch hits:                   1,976
    Prefetch misses:                 4,284
    Local miss rate:                 49.56%
    Child hits:                  1,063,548
    Total miss rate:                  0.61%
