Cache simulation results:
Core #0 (1 thread(s))
  L1I stats:
    Hits:                       65,587,931
    Misses:                        374,114
    Compulsory misses:             102,271
    Invalidations:                       0
    Miss rate:                        0.57%
  L1D stats:
    Hits:                       23,389,222
    Misses:                        766,821
    Compulsory misses:             456,267
    Invalidations:                       0
    Prefetch hits:                 265,888
    Prefetch misses:               724,019
    Miss rate:                        3.17%
Core #1 (0 thread(s))
Core #2 (0 thread(s))
Core #3 (0 thread(s))
LL stats:
    Hits:                          738,168
    Misses:                        402,767
    Compulsory misses:             558,534
    Invalidations:                       0
    Prefetch hits:                 428,548
    Prefetch misses:               295,471
    Local miss rate:                 35.30%
    Child hits:                 89,243,041
    Total miss rate:                  0.45%
