Cache simulation results:
Core #0 (1 thread(s))
  L1I stats:
    Hits:                        2,636,567
    Misses:                          9,382
    Compulsory misses:               5,241
    Invalidations:                       0
    Miss rate:                        0.35%
  L1D stats:
    Hits:                          963,518
    Misses:                         36,271
    Compulsory misses:              27,803
    Invalidations:                       0
    Prefetch hits:                   9,925
    Prefetch misses:                32,087
    Miss rate:                        3.63%
Core #1 (0 thread(s))
Core #2 (0 thread(s))
Core #3 (0 thread(s))
LL stats:
    Hits:                           28,110
    Misses:                         17,543
    Compulsory misses:              33,044
    Invalidations:                       0
    Prefetch hits:                  16,584
    Prefetch misses:                15,503
    Local miss rate:                 38.43%
    Child hits:                  3,610,010
    Total miss rate:                  0.48%
