Cache simulation results:
Core #0 (1 thread(s))
  L1I stats:
    Hits:                            4,227
    Misses:                            167
    Compulsory misses:                 167
    Invalidations:                       0
    Miss rate:                        3.80%
  L1D stats:
    Hits:                            1,372
    Misses:                            136
    Compulsory misses:                 252
    Invalidations:                       0
    Prefetch hits:                      21
    Prefetch misses:                   116
    Miss rate:                        9.02%
Core #1 (0 thread(s))
Core #2 (0 thread(s))
Core #3 (0 thread(s))
LL stats:
    Hits:                                0
    Misses:                            303
    Compulsory misses:                 419
    Invalidations:                       0
    Prefetch hits:                       0
    Prefetch misses:                   116
    Local miss rate:                100.00%
    Child hits:                      5,620
    Total miss rate:                  5.12%
