Cache simulation results:
Core #0 (1 thread(s))
  L1I stats:
    Hits:                        5,354,185
    Misses:                          7,105
    Compulsory misses:               4,447
    Invalidations:                       0
    Miss rate:                        0.13%
  L1D stats:
    Hits:                        1,986,780
    Misses:                         40,996
    Compulsory misses:              36,128
    Invalidations:                       0
    Prefetch hits:                  20,420
    Prefetch misses:                34,563
    Miss rate:                        2.02%
Core #1 (0 thread(s))
Core #2 (0 thread(s))
Core #3 (0 thread(s))
LL stats:
    Hits:                           27,418
    Misses:                         20,683
    Compulsory misses:              40,575
    Invalidations:                       0
    Prefetch hits:                  14,668
    Prefetch misses:                19,895
    Local miss rate:                 43.00%
    Child hits:                  7,361,385
    Total miss rate:                  0.28%
