Cache simulation results:
Core #0 (1 thread(s))
  L1I stats:
    Hits:                              141
    Misses:                             17
    Compulsory misses:                  17
    Invalidations:                       0
    Miss rate:                       10.76%
  L1D stats:
    Hits:                               53
    Misses:                             14
    Compulsory misses:                  27
    Invalidations:                       0
    Prefetch hits:                       1
    Prefetch misses:                    13
    Miss rate:                       20.90%
Core #1 (0 thread(s))
Core #2 (0 thread(s))
Core #3 (0 thread(s))
LL stats:
    Hits:                                0
    Misses:                             31
    Compulsory misses:                  44
    Invalidations:                       0
    Prefetch hits:                       0
    Prefetch misses:                    13
    Local miss rate:                100.00%
    Child hits:                        195
    Total miss rate:                 13.72%
