Cache simulation results:
Core #0 (1 thread(s))
  L1I stats:
    Hits:                          165,812
    Misses:                          2,572
    Compulsory misses:               1,646
    Invalidations:                       0
    Miss rate:                        1.53%
  L1D stats:
    Hits:                           63,102
    Misses:                          1,841
    Compulsory misses:               2,468
    Invalidations:                       0
    Prefetch hits:                     446
    Prefetch misses:                 1,675
    Miss rate:                        2.83%
Core #1 (0 thread(s))
Core #2 (0 thread(s))
Core #3 (0 thread(s))
LL stats:
    Hits:                            1,553
    Misses:                          2,860
    Compulsory misses:               4,114
    Invalidations:                       0
    Prefetch hits:                     421
    Prefetch misses:                 1,254
    Local miss rate:                 64.81%
    Child hits:                    229,360
    Total miss rate:                  1.22%
