Cache simulation results:
Core #0 (1 thread(s))
  L1I stats:
    Hits:                        3,434,889
    Misses:                          8,969
    Compulsory misses:               5,294
    Invalidations:                       0
    Miss rate:                        0.26%
  L1D stats:
    Hits:                        1,346,619
    Misses:                         24,924
    Compulsory misses:              26,113
    Invalidations:                       0
    Prefetch hits:                  15,629
    Prefetch misses:                20,496
    Miss rate:                        1.82%
Core #1 (0 thread(s))
Core #2 (0 thread(s))
Core #3 (0 thread(s))
LL stats:
    Hits:                           17,117
    Misses:                         16,776
    Compulsory misses:              31,407
    Invalidations:                       0
    Prefetch hits:                   5,863
    Prefetch misses:                14,633
    Local miss rate:                 49.50%
    Child hits:                  4,797,137
    Total miss rate:                  0.35%
