Cache simulation results:
Core #0 (1 thread(s))
  L1I stats:
    Hits:                        1,429,391
    Misses:                          8,211
    Compulsory misses:               3,264
    Invalidations:                       0
    Miss rate:                        0.57%
  L1D stats:
    Hits:                          505,142
    Misses:                         26,567
    Compulsory misses:              24,805
    Invalidations:                       0
    Prefetch hits:                   5,228
    Prefetch misses:                23,979
    Miss rate:                        5.00%
Core #1 (0 thread(s))
Core #2 (0 thread(s))
Core #3 (0 thread(s))
LL stats:
    Hits:                           19,359
    Misses:                         15,419
    Compulsory misses:              28,069
    Invalidations:                       0
    Prefetch hits:                  11,319
    Prefetch misses:                12,660
    Local miss rate:                 44.34%
    Child hits:                  1,939,761
    Total miss rate:                  0.78%
