Cache simulation results:
Core #0 (1 thread(s))
  L1I stats:
    Hits:                        2,407,125
    Misses:                         11,497
    Compulsory misses:               6,572
    Invalidations:                       0
    Miss rate:                        0.48%
  L1D stats:
    Hits:                          909,024
    Misses:                         28,325
    Compulsory misses:              37,934
    Invalidations:                       0
    Prefetch hits:                   7,241
    Prefetch misses:                27,052
    Miss rate:                        3.02%
Core #1 (0 thread(s))
Core #2 (0 thread(s))
Core #3 (0 thread(s))
LL stats:
    Hits:                           14,946
    Misses:                         24,876
    Compulsory misses:              44,506
    Invalidations:                       0
    Prefetch hits:                   7,420
    Prefetch misses:                19,632
    Local miss rate:                 62.47%
    Child hits:                  3,323,390
    Total miss rate:                  0.74%
