Cache simulation results:
Core #0 (1 thread(s))
  L1I stats:
    Hits:                        1,916,072
    Misses:                          5,228
    Compulsory misses:               3,333
    Invalidations:                       0
    Miss rate:                        0.27%
  L1D stats:
    Hits:                          654,576
    Misses:                         21,481
    Compulsory misses:              16,151
    Invalidations:                       0
    Prefetch hits:                   8,146
    Prefetch misses:                20,415
    Miss rate:                        3.18%
Core #1 (0 thread(s))
Core #2 (0 thread(s))
Core #3 (0 thread(s))
LL stats:
    Hits:                           16,017
    Misses:                         10,692
    Compulsory misses:              19,484
    Invalidations:                       0
    Prefetch hits:                  11,623
    Prefetch misses:                 8,792
    Local miss rate:                 40.03%
    Child hits:                  2,578,794
    Total miss rate:                  0.41%
