Cache simulation results:
Core #0 (1 thread(s))
  L1I stats:
    Hits:                          131,001
    Misses:                          2,074
    Compulsory misses:               1,218
    Invalidations:                       0
    Miss rate:                        1.56%
  L1D stats:
    Hits:                           49,343
    Misses:                          1,765
    Compulsory misses:               2,635
    Invalidations:                       0
    Prefetch hits:                     366
    Prefetch misses:                 1,612
    Miss rate:                        3.45%
Core #1 (0 thread(s))
Core #2 (0 thread(s))
Core #3 (0 thread(s))
LL stats:
    Hits:                            1,305
    Misses:                          2,534
    Compulsory misses:               3,853
    Invalidations:                       0
    Prefetch hits:                     293
    Prefetch misses:                 1,319
    Local miss rate:                 66.01%
    Child hits:                    180,710
    Total miss rate:                  1.37%
