Cache simulation results:
Core #0 (1 thread(s))
  L1I stats:
    Hits:                           22,749
    Misses:                            682
    Compulsory misses:                 621
    Invalidations:                       0
    Miss rate:                        2.91%
  L1D stats:
    Hits:                            8,812
    Misses:                            442
    Compulsory misses:                 750
    Invalidations:                       0
    Prefetch hits:                      81
    Prefetch misses:                   378
    Miss rate:                        4.78%
Core #1 (0 thread(s))
Core #2 (0 thread(s))
Core #3 (0 thread(s))
LL stats:
    Hits:                              111
    Misses:                          1,013
    Compulsory misses:               1,371
    Invalidations:                       0
    Prefetch hits:                      20
    Prefetch misses:                   358
    Local miss rate:                 90.12%
    Child hits:                     31,642
    Total miss rate:                  3.09%
