Cache simulation results:
Core #0 (1 thread(s))
  L1I stats:
    Hits:                          574,611
    Misses:                          3,383
    Compulsory misses:               2,150
    Invalidations:                       0
    Miss rate:                        0.59%
  L1D stats:
    Hits:                          180,100
    Misses:                          3,245
    Compulsory misses:               4,516
    Invalidations:                       0
    Prefetch hits:                   1,313
    Prefetch misses:                 2,961
    Miss rate:                        1.77%
Core #1 (0 thread(s))
Core #2 (0 thread(s))
Core #3 (0 thread(s))
LL stats:
    Hits:                            2,209
    Misses:                          4,419
    Compulsory misses:               6,666
    Invalidations:                       0
    Prefetch hits:                     714
    Prefetch misses:                 2,247
    Local miss rate:                 66.67%
    Child hits:                    756,024
    Total miss rate:                  0.58%
