Cache simulation results:
Core #0 (1 thread(s))
  L1I stats:
    Hits:                          300,800
    Misses:                          2,662
    Compulsory misses:               1,429
    Invalidations:                       0
    Miss rate:                        0.88%
  L1D stats:
    Hits:                          107,729
    Misses:                          4,388
    Compulsory misses:               6,513
    Invalidations:                       0
    Prefetch hits:                   1,480
    Prefetch misses:                 4,091
    Miss rate:                        3.91%
Core #1 (0 thread(s))
Core #2 (0 thread(s))
Core #3 (0 thread(s))
LL stats:
    Hits:                            2,399
    Misses:                          4,651
    Compulsory misses:               7,942
    Invalidations:                       0
    Prefetch hits:                     800
    Prefetch misses:                 3,291
    Local miss rate:                 65.97%
    Child hits:                    410,009
    Total miss rate:                  1.12%
