Cache simulation results:
Core #0 (1 thread(s))
  L1I stats:
    Hits:                          288,940
    Misses:                          3,733
    Compulsory misses:               1,899
    Invalidations:                       0
    Miss rate:                        1.28%
  L1D stats:
    Hits:                          108,378
    Misses:                          7,052
    Compulsory misses:              11,281
    Invalidations:                       0
    Prefetch hits:                     795
    Prefetch misses:                 6,680
    Miss rate:                        6.11%
Core #1 (0 thread(s))
Core #2 (0 thread(s))
Core #3 (0 thread(s))
LL stats:
    Hits:                            3,280
    Misses:                          7,505
    Compulsory misses:              13,180
    Invalidations:                       0
    Prefetch hits:                   1,005
    Prefetch misses:                 5,675
    Local miss rate:                 69.59%
    Child hits:                    398,113
    Total miss rate:                  1.84%
