Cache simulation results:
Core #0 (1 thread(s))
  L1I stats:
    Hits:                           22,796
    Misses:                            772
    Compulsory misses:                 744
    Invalidations:                       0
    Miss rate:                        3.28%
  L1D stats:
    Hits:                            8,912
    Misses:                            487
    Compulsory misses:                 855
    Invalidations:                       0
    Prefetch hits:                      73
    Prefetch misses:                   433
    Miss rate:                        5.18%
Core #1 (0 thread(s))
Core #2 (0 thread(s))
Core #3 (0 thread(s))
LL stats:
    Hits:                               73
    Misses:                          1,186
    Compulsory misses:               1,599
    Invalidations:                       0
    Prefetch hits:                      20
    Prefetch misses:                   413
    Local miss rate:                 94.20%
    Child hits:                     31,781
    Total miss rate:                  3.59%
