Cache simulation results:
Core #0 (1 thread(s))
  L1I stats:
    Hits:                        1,757,158
    Misses:                          3,894
    Compulsory misses:               2,623
    Invalidations:                       0
    Miss rate:                        0.22%
  L1D stats:
    Hits:                          583,742
    Misses:                         16,907
    Compulsory misses:              17,266
    Invalidations:                       0
    Prefetch hits:                   4,448
    Prefetch misses:                14,835
    Miss rate:                        2.81%
Core #1 (0 thread(s))
Core #2 (0 thread(s))
Core #3 (0 thread(s))
LL stats:
    Hits:                            9,931
    Misses:                         10,870
    Compulsory misses:              19,889
    Invalidations:                       0
    Prefetch hits:                   5,816
    Prefetch misses:                 9,019
    Local miss rate:                 52.26%
    Child hits:                  2,345,348
    Total miss rate:                  0.46%
