Cache simulation results:
Core #0 (1 thread(s))
  L1I stats:
    Hits:                        1,603,360
    Misses:                          5,145
    Compulsory misses:               3,163
    Invalidations:                       0
    Miss rate:                        0.32%
  L1D stats:
    Hits:                          550,016
    Misses:                         13,455
    Compulsory misses:              14,715
    Invalidations:                       0
    Prefetch hits:                   5,544
    Prefetch misses:                12,626
    Miss rate:                        2.39%
Core #1 (0 thread(s))
Core #2 (0 thread(s))
Core #3 (0 thread(s))
LL stats:
    Hits:                            8,633
    Misses:                          9,967
    Compulsory misses:              17,878
    Invalidations:                       0
    Prefetch hits:                   4,713
    Prefetch misses:                 7,913
    Local miss rate:                 53.59%
    Child hits:                  2,158,920
    Total miss rate:                  0.46%
