Cache simulation results:
Core #0 (1 thread(s))
  L1I stats:
    Hits:                          952,209
    Misses:                          4,636
    Compulsory misses:               1,885
    Invalidations:                       0
    Miss rate:                        0.48%
  L1D stats:
    Hits:                          338,964
    Misses:                          7,964
    Compulsory misses:               8,009
    Invalidations:                       0
    Prefetch hits:                   2,381
    Prefetch misses:                 7,077
    Miss rate:                        2.30%
Core #1 (0 thread(s))
Core #2 (0 thread(s))
Core #3 (0 thread(s))
LL stats:
    Hits:                            6,885
    Misses:                          5,715
    Compulsory misses:               9,894
    Invalidations:                       0
    Prefetch hits:                   2,898
    Prefetch misses:                 4,179
    Local miss rate:                 45.36%
    Child hits:                  1,293,554
    Total miss rate:                  0.44%
