Cache simulation results:
Core #0 (1 thread(s))
  L1I stats:
    Hits:                        1,901,292
    Misses:                         12,006
    Compulsory misses:               6,415
    Invalidations:                       0
    Miss rate:                        0.63%
  L1D stats:
    Hits:                          708,672
    Misses:                         25,071
    Compulsory misses:              25,575
    Invalidations:                       0
    Prefetch hits:                   7,547
    Prefetch misses:                22,661
    Miss rate:                        3.42%
Core #1 (0 thread(s))
Core #2 (0 thread(s))
Core #3 (0 thread(s))
LL stats:
    Hits:                           18,521
    Misses:                         18,556
    Compulsory misses:              31,990
    Invalidations:                       0
    Prefetch hits:                   9,221
    Prefetch misses:                13,440
    Local miss rate:                 50.05%
    Child hits:                  2,617,511
    Total miss rate:                  0.70%
