Cache simulation results:
Core #0 (1 thread(s))
  L1I stats:
    Hits:                          651,053
    Misses:                          2,306
    Compulsory misses:               1,548
    Invalidations:                       0
    Miss rate:                        0.35%
  L1D stats:
    Hits:                          270,786
    Misses:                          9,914
    Compulsory misses:              16,947
    Invalidations:                       0
    Prefetch hits:                   1,081
    Prefetch misses:                 9,957
    Miss rate:                        3.53%
Core #1 (0 thread(s))
Core #2 (0 thread(s))
Core #3 (0 thread(s))
LL stats:
    Hits:                            2,394
    Misses:                          9,826
    Compulsory misses:              18,495
    Invalidations:                       0
    Prefetch hits:                   1,288
    Prefetch misses:                 8,669
    Local miss rate:                 80.41%
    Child hits:                    922,920
    Total miss rate:                  1.05%
