Cache simulation results:
Core #0 (1 thread(s))
  L1I stats:
    Hits:                           66,180
    Misses:                          1,465
    Compulsory misses:               1,053
    Invalidations:                       0
    Miss rate:                        2.17%
  L1D stats:
    Hits:                           23,778
    Misses:                          1,443
    Compulsory misses:               2,251
    Invalidations:                       0
    Prefetch hits:                     222
    Prefetch misses:                 1,315
    Miss rate:                        5.72%
Core #1 (0 thread(s))
Core #2 (0 thread(s))
Core #3 (0 thread(s))
LL stats:
    Hits:                              721
    Misses:                          2,187
    Compulsory misses:               3,304
    Invalidations:                       0
    Prefetch hits:                     198
    Prefetch misses:                 1,117
    Local miss rate:                 75.21%
    Child hits:                     90,180
    Total miss rate:                  2.35%
