Cache simulation results:
Core #0 (1 thread(s))
  L1I stats:
    Hits:                            4,248
    Misses:                            164
    Compulsory misses:                 164
    Invalidations:                       0
    Miss rate:                        3.72%
  L1D stats:
    Hits:                            1,364
    Misses:                            136
    Compulsory misses:                 251
    Invalidations:                       0
    Prefetch hits:                      23
    Prefetch misses:                   115
    Miss rate:                        9.07%
Core #1 (0 thread(s))
Core #2 (0 thread(s))
Core #3 (0 thread(s))
LL stats:
    Hits:                                0
    Misses:                            300
    Compulsory misses:                 415
    Invalidations:                       0
    Prefetch hits:                       0
    Prefetch misses:                   115
    Local miss rate:                100.00%
    Child hits:                      5,635
    Total miss rate:                  5.05%
