Cache simulation results:
Core #0 (1 thread(s))
  L1I stats:
    Hits:                          905,821
    Misses:                          4,008
    Compulsory misses:               2,104
    Invalidations:                       0
    Miss rate:                        0.44%
  L1D stats:
    Hits:                          270,669
    Misses:                          6,069
    Compulsory misses:               8,236
    Invalidations:                       0
    Prefetch hits:                   1,881
    Prefetch misses:                 5,597
    Miss rate:                        2.19%
Core #1 (0 thread(s))
Core #2 (0 thread(s))
Core #3 (0 thread(s))
LL stats:
    Hits:                            3,877
    Misses:                          6,200
    Compulsory misses:              10,340
    Invalidations:                       0
    Prefetch hits:                   1,457
    Prefetch misses:                 4,140
    Local miss rate:                 61.53%
    Child hits:                  1,178,371
    Total miss rate:                  0.52%
