Cache simulation results:
Core #0 (1 thread(s))
  L1I stats:
    Hits:                        6,115,501
    Misses:                          9,007
    Compulsory misses:               5,672
    Invalidations:                       0
    Miss rate:                        0.15%
  L1D stats:
    Hits:                        2,150,818
    Misses:                         52,007
    Compulsory misses:              49,625
    Invalidations:                       0
    Prefetch hits:                  29,231
    Prefetch misses:                39,528
    Miss rate:                        2.36%
Core #1 (0 thread(s))
Core #2 (0 thread(s))
Core #3 (0 thread(s))
LL stats:
    Hits:                           31,177
    Misses:                         29,837
    Compulsory misses:              55,297
    Invalidations:                       0
    Prefetch hits:                  14,060
    Prefetch misses:                25,468
    Local miss rate:                 48.90%
    Child hits:                  8,295,550
    Total miss rate:                  0.36%
