Cache simulation results:
Core #0 (1 thread(s))
  L1I stats:
    Hits:                        1,460,838
    Misses:                          5,468
    Compulsory misses:               2,959
    Invalidations:                       0
    Miss rate:                        0.37%
  L1D stats:
    Hits:                          521,266
    Misses:                         19,015
    Compulsory misses:              16,845
    Invalidations:                       0
    Prefetch hits:                   4,503
    Prefetch misses:                17,162
    Miss rate:                        3.52%
Core #1 (0 thread(s))
Core #2 (0 thread(s))
Core #3 (0 thread(s))
LL stats:
    Hits:                           13,994
    Misses:                         10,489
    Compulsory misses:              19,804
    Invalidations:                       0
    Prefetch hits:                   7,847
    Prefetch misses:                 9,315
    Local miss rate:                 42.84%
    Child hits:                  1,986,607
    Total miss rate:                  0.52%
