Cache simulation results:
Core #0 (1 thread(s))
  L1I stats:
    Hits:                        1,331,106
    Misses:                          3,304
    Compulsory misses:               2,088
    Invalidations:                       0
    Miss rate:                        0.25%
  L1D stats:
    Hits:                          386,219
    Misses:                          6,488
    Compulsory misses:               8,280
    Invalidations:                       0
    Prefetch hits:                   2,911
    Prefetch misses:                 5,951
    Miss rate:                        1.65%
Core #1 (0 thread(s))
Core #2 (0 thread(s))
Core #3 (0 thread(s))
LL stats:
    Hits:                            3,652
    Misses:                          6,140
    Compulsory misses:              10,368
    Invalidations:                       0
    Prefetch hits:                   1,723
    Prefetch misses:                 4,228
    Local miss rate:                 62.70%
    Child hits:                  1,720,236
    Total miss rate:                  0.35%
