Cache simulation results:
Core #0 (1 thread(s))
  L1I stats:
    Hits:                          566,744
    Misses:                          3,086
    Compulsory misses:               1,676
    Invalidations:                       0
    Miss rate:                        0.54%
  L1D stats:
    Hits:                          235,971
    Misses:                          9,460
    Compulsory misses:              15,672
    Invalidations:                       0
    Prefetch hits:                   1,610
    Prefetch misses:                10,298
    Miss rate:                        3.85%
Core #1 (0 thread(s))
Core #2 (0 thread(s))
Core #3 (0 thread(s))
LL stats:
    Hits:                            3,623
    Misses:                          8,923
    Compulsory misses:              17,348
    Invalidations:                       0
    Prefetch hits:                   1,873
    Prefetch misses:                 8,425
    Local miss rate:                 71.12%
    Child hits:                    804,325
    Total miss rate:                  1.09%
