Cache simulation results:
Core #0 (1 thread(s))
  L1I stats:
    Hits:                        2,117,818
    Misses:                         10,666
    Compulsory misses:               5,122
    Invalidations:                       0
    Miss rate:                        0.50%
  L1D stats:
    Hits:                          754,966
    Misses:                         19,546
    Compulsory misses:              21,900
    Invalidations:                       0
    Prefetch hits:                   5,133
    Prefetch misses:                18,206
    Miss rate:                        2.52%
Core #1 (0 thread(s))
Core #2 (0 thread(s))
Core #3 (0 thread(s))
LL stats:
    Hits:                           14,215
    Misses:                         15,997
    Compulsory misses:              27,022
    Invalidations:                       0
    Prefetch hits:                   7,171
    Prefetch misses:                11,035
    Local miss rate:                 52.95%
    Child hits:                  2,877,917
    Total miss rate:                  0.55%
