Cache simulation results:
Core #0 (1 thread(s))
  L1I stats:
    Hits:                        4,570,559
    Misses:                         15,202
    Compulsory misses:               5,674
    Invalidations:                       0
    Miss rate:                        0.33%
  L1D stats:
    Hits:                        1,664,910
    Misses:                         58,735
    Compulsory misses:              41,706
    Invalidations:                       0
    Prefetch hits:                  16,859
    Prefetch misses:                52,295
    Miss rate:                        3.41%
Core #1 (0 thread(s))
Core #2 (0 thread(s))
Core #3 (0 thread(s))
LL stats:
    Hits:                           49,908
    Misses:                         24,029
    Compulsory misses:              47,380
    Invalidations:                       0
    Prefetch hits:                  28,944
    Prefetch misses:                23,351
    Local miss rate:                 32.50%
    Child hits:                  6,252,328
    Total miss rate:                  0.38%
