Cache simulation results:
Core #0 (1 thread(s))
  L1I stats:
    Hits:                        6,267,053
    Misses:                         18,054
    Compulsory misses:               9,871
    Invalidations:                       0
    Miss rate:                        0.29%
  L1D stats:
    Hits:                        2,388,265
    Misses:                         60,387
    Compulsory misses:              51,310
    Invalidations:                       0
    Prefetch hits:                  30,916
    Prefetch misses:                48,324
    Miss rate:                        2.47%
Core #1 (0 thread(s))
Core #2 (0 thread(s))
Core #3 (0 thread(s))
LL stats:
    Hits:                           45,083
    Misses:                         33,358
    Compulsory misses:              61,181
    Invalidations:                       0
    Prefetch hits:                  20,491
    Prefetch misses:                27,833
    Local miss rate:                 42.53%
    Child hits:                  8,686,234
    Total miss rate:                  0.38%
