Cache simulation results:
Core #0 (1 thread(s))
  L1I stats:
    Hits:                          327,345
    Misses:                          3,961
    Compulsory misses:               1,759
    Invalidations:                       0
    Miss rate:                        1.20%
  L1D stats:
    Hits:                          118,783
    Misses:                          2,960
    Compulsory misses:               3,976
    Invalidations:                       0
    Prefetch hits:                     855
    Prefetch misses:                 2,744
    Miss rate:                        2.43%
Core #1 (0 thread(s))
Core #2 (0 thread(s))
Core #3 (0 thread(s))
LL stats:
    Hits:                            3,231
    Misses:                          3,690
    Compulsory misses:               5,735
    Invalidations:                       0
    Prefetch hits:                     697
    Prefetch misses:                 2,047
    Local miss rate:                 53.32%
    Child hits:                    446,983
    Total miss rate:                  0.81%
