Cache simulation results:
Core #0 (1 thread(s))
  L1I stats:
    Hits:                          244,717
    Misses:                          2,150
    Compulsory misses:               1,293
    Invalidations:                       0
    Miss rate:                        0.87%
  L1D stats:
    Hits:                           79,551
    Misses:                          7,164
    Compulsory misses:               4,645
    Invalidations:                       0
    Prefetch hits:                   1,021
    Prefetch misses:                 6,505
    Miss rate:                        8.26%
Core #1 (0 thread(s))
Core #2 (0 thread(s))
Core #3 (0 thread(s))
LL stats:
    Hits:                            5,657
    Misses:                          3,657
    Compulsory misses:               5,938
    Invalidations:                       0
    Prefetch hits:                   4,224
    Prefetch misses:                 2,281
    Local miss rate:                 39.26%
    Child hits:                    325,289
    Total miss rate:                  1.09%
