Cache simulation results:
Core #0 (1 thread(s))
  L1I stats:
    Hits:                        1,718,469
    Misses:                          7,127
    Compulsory misses:               5,006
    Invalidations:                       0
    Miss rate:                        0.41%
  L1D stats:
    Hits:                          628,829
    Misses:                         25,070
    Compulsory misses:              22,202
    Invalidations:                       0
    Prefetch hits:                   6,767
    Prefetch misses:                22,465
    Miss rate:                        3.83%
Core #1 (0 thread(s))
Core #2 (0 thread(s))
Core #3 (0 thread(s))
LL stats:
    Hits:                           16,876
    Misses:                         15,321
    Compulsory misses:              27,208
    Invalidations:                       0
    Prefetch hits:                  10,578
    Prefetch misses:                11,887
    Local miss rate:                 47.59%
    Child hits:                  2,354,065
    Total miss rate:                  0.64%
