Cache simulation results:
Core #0 (1 thread(s))
  L1I stats:
    Hits:                          427,176
    Misses:                          3,176
    Compulsory misses:               1,883
    Invalidations:                       0
    Miss rate:                        0.74%
  L1D stats:
    Hits:                          168,870
    Misses:                          6,144
    Compulsory misses:               9,899
    Invalidations:                       0
    Prefetch hits:                   1,461
    Prefetch misses:                 6,384
    Miss rate:                        3.51%
Core #1 (0 thread(s))
Core #2 (0 thread(s))
Core #3 (0 thread(s))
LL stats:
    Hits:                            2,766
    Misses:                          6,554
    Compulsory misses:              11,782
    Invalidations:                       0
    Prefetch hits:                   1,154
    Prefetch misses:                 5,230
    Local miss rate:                 70.32%
    Child hits:                    597,507
    Total miss rate:                  1.08%
