Cache simulation results:
Core #0 (1 thread(s))
  L1I stats:
    Hits:                        1,543,130
    Misses:                          6,145
    Compulsory misses:               3,547
    Invalidations:                       0
    Miss rate:                        0.40%
  L1D stats:
    Hits:                          566,145
    Misses:                         14,082
    Compulsory misses:              15,311
    Invalidations:                       0
    Prefetch hits:                   3,723
    Prefetch misses:                12,668
    Miss rate:                        2.43%
Core #1 (0 thread(s))
Core #2 (0 thread(s))
Core #3 (0 thread(s))
LL stats:
    Hits:                            9,226
    Misses:                         11,001
    Compulsory misses:              18,858
    Invalidations:                       0
    Prefetch hits:                   4,806
    Prefetch misses:                 7,862
    Local miss rate:                 54.39%
    Child hits:                  2,112,998
    Total miss rate:                  0.52%
