Cache simulation results:
Core #0 (1 thread(s))
  L1I stats:
    Hits:                          454,683
    Misses:                          3,249
    Compulsory misses:               1,707
    Invalidations:                       0
    Miss rate:                        0.71%
  L1D stats:
    Hits:                          178,788
    Misses:                          9,246
    Compulsory misses:              15,556
    Invalidations:                       0
    Prefetch hits:                   1,060
    Prefetch misses:                 9,527
    Miss rate:                        4.92%
Core #1 (0 thread(s))
Core #2 (0 thread(s))
Core #3 (0 thread(s))
LL stats:
    Hits:                            3,349
    Misses:                          9,146
    Compulsory misses:              17,263
    Invalidations:                       0
    Prefetch hits:                   1,405
    Prefetch misses:                 8,122
    Local miss rate:                 73.20%
    Child hits:                    634,531
    Total miss rate:                  1.41%
