Cache simulation results:
Core #0 (1 thread(s))
  L1I stats:
    Hits:                           16,703
    Misses:                            202
    Compulsory misses:                 202
    Invalidations:                       0
    Miss rate:                        1.19%
  L1D stats:
    Hits:                            3,045
    Misses:                            150
    Compulsory misses:                 274
    Invalidations:                       0
    Prefetch hits:                      28
    Prefetch misses:                   124
    Miss rate:                        4.69%
Core #1 (0 thread(s))
Core #2 (0 thread(s))
Core #3 (0 thread(s))
LL stats:
    Hits:                                0
    Misses:                            352
    Compulsory misses:                 476
    Invalidations:                       0
    Prefetch hits:                       0
    Prefetch misses:                   124
    Local miss rate:                100.00%
    Child hits:                     19,776
    Total miss rate:                  1.75%
