Cache simulation results:
Core #0 (1 thread(s))
  L1I stats:
    Hits:                            4,256
    Misses:                            163
    Compulsory misses:                 163
    Invalidations:                       0
    Miss rate:                        3.69%
  L1D stats:
    Hits:                            1,368
    Misses:                            137
    Compulsory misses:                 251
    Invalidations:                       0
    Prefetch hits:                      25
    Prefetch misses:                   114
    Miss rate:                        9.10%
Core #1 (0 thread(s))
Core #2 (0 thread(s))
Core #3 (0 thread(s))
LL stats:
    Hits:                                0
    Misses:                            300
    Compulsory misses:                 414
    Invalidations:                       0
    Prefetch hits:                       0
    Prefetch misses:                   114
    Local miss rate:                100.00%
    Child hits:                      5,649
    Total miss rate:                  5.04%
