Cache simulation results:
Core #0 (1 thread(s))
  L1I stats:
    Hits:                          521,560
    Misses:                          2,408
    Compulsory misses:               1,429
    Invalidations:                       0
    Miss rate:                        0.46%
  L1D stats:
    Hits:                          184,131
    Misses:                         17,578
    Compulsory misses:              16,288
    Invalidations:                       0
    Prefetch hits:                   1,762
    Prefetch misses:                16,624
    Miss rate:                        8.71%
Core #1 (0 thread(s))
Core #2 (0 thread(s))
Core #3 (0 thread(s))
LL stats:
    Hits:                           10,523
    Misses:                          9,463
    Compulsory misses:              17,717
    Invalidations:                       0
    Prefetch hits:                   8,368
    Prefetch misses:                 8,256
    Local miss rate:                 47.35%
    Child hits:                    707,453
    Total miss rate:                  1.30%
