Cache simulation results:
Core #0 (1 thread(s))
  L1I stats:
    Hits:                          290,414
    Misses:                          3,556
    Compulsory misses:               1,913
    Invalidations:                       0
    Miss rate:                        1.21%
  L1D stats:
    Hits:                          109,602
    Misses:                          3,834
    Compulsory misses:               5,748
    Invalidations:                       0
    Prefetch hits:                     828
    Prefetch misses:                 3,563
    Miss rate:                        3.38%
Core #1 (0 thread(s))
Core #2 (0 thread(s))
Core #3 (0 thread(s))
LL stats:
    Hits:                            2,589
    Misses:                          4,801
    Compulsory misses:               7,661
    Invalidations:                       0
    Prefetch hits:                     701
    Prefetch misses:                 2,862
    Local miss rate:                 64.97%
    Child hits:                    400,844
    Total miss rate:                  1.18%
