Cache simulation results:
Core #0 (1 thread(s))
  L1I stats:
    Hits:                            4,292
    Misses:                            170
    Compulsory misses:                 170
    Invalidations:                       0
    Miss rate:                        3.81%
  L1D stats:
    Hits:                            1,385
    Misses:                            136
    Compulsory misses:                 252
    Invalidations:                       0
    Prefetch hits:                      22
    Prefetch misses:                   116
    Miss rate:                        8.94%
Core #1 (0 thread(s))
Core #2 (0 thread(s))
Core #3 (0 thread(s))
LL stats:
    Hits:                                0
    Misses:                            306
    Compulsory misses:                 422
    Invalidations:                       0
    Prefetch hits:                       0
    Prefetch misses:                   116
    Local miss rate:                100.00%
    Child hits:                      5,699
    Total miss rate:                  5.10%
