Cache simulation results:
Core #0 (1 thread(s))
  L1I stats:
    Hits:                          302,081
    Misses:                          2,490
    Compulsory misses:               1,555
    Invalidations:                       0
    Miss rate:                        0.82%
  L1D stats:
    Hits:                          118,498
    Misses:                          3,533
    Compulsory misses:               5,699
    Invalidations:                       0
    Prefetch hits:                     685
    Prefetch misses:                 3,318
    Miss rate:                        2.90%
Core #1 (0 thread(s))
Core #2 (0 thread(s))
Core #3 (0 thread(s))
LL stats:
    Hits:                            1,614
    Misses:                          4,409
    Compulsory misses:               7,254
    Invalidations:                       0
    Prefetch hits:                     473
    Prefetch misses:                 2,845
    Local miss rate:                 73.20%
    Child hits:                    421,264
    Total miss rate:                  1.03%
