Cache simulation results:
Core #0 (1 thread(s))
  L1I stats:
    Hits:                          122,701
    Misses:                          1,394
    Compulsory misses:                 865
    Invalidations:                       0
    Miss rate:                        1.12%
  L1D stats:
    Hits:                           49,603
    Misses:                          1,936
    Compulsory misses:               2,820
    Invalidations:                       0
    Prefetch hits:                     340
    Prefetch misses:                 1,760
    Miss rate:                        3.76%
Core #1 (0 thread(s))
Core #2 (0 thread(s))
Core #3 (0 thread(s))
LL stats:
    Hits:                            1,051
    Misses:                          2,279
    Compulsory misses:               3,685
    Invalidations:                       0
    Prefetch hits:                     354
    Prefetch misses:                 1,406
    Local miss rate:                 68.44%
    Child hits:                    172,644
    Total miss rate:                  1.30%
