Cache simulation results:
Core #0 (1 thread(s))
  L1I stats:
    Hits:                        7,889,278
    Misses:                        280,435
    Compulsory misses:               5,334
    Invalidations:                       0
    Miss rate:                        3.43%
  L1D stats:
    Hits:                        2,911,209
    Misses:                        161,991
    Compulsory misses:              65,435
    Invalidations:                       0
    Prefetch hits:                  30,015
    Prefetch misses:               144,128
    Miss rate:                        5.27%
Core #1 (0 thread(s))
Core #2 (0 thread(s))
Core #3 (0 thread(s))
LL stats:
    Hits:                          405,290
    Misses:                         37,136
    Compulsory misses:              70,764
    Invalidations:                       0
    Prefetch hits:                 110,493
    Prefetch misses:                33,635
    Local miss rate:                  8.39%
    Child hits:                 10,830,502
    Total miss rate:                  0.33%
