Cache simulation results:
Core #0 (1 thread(s))
  L1I stats:
    Hits:                        7,490,127
    Misses:                        256,965
    Compulsory misses:               5,328
    Invalidations:                       0
    Miss rate:                        3.32%
  L1D stats:
    Hits:                        2,770,027
    Misses:                        146,517
    Compulsory misses:              59,850
    Invalidations:                       0
    Prefetch hits:                  26,813
    Prefetch misses:               130,006
    Miss rate:                        5.02%
Core #1 (0 thread(s))
Core #2 (0 thread(s))
Core #3 (0 thread(s))
LL stats:
    Hits:                          368,788
    Misses:                         34,694
    Compulsory misses:              65,173
    Invalidations:                       0
    Prefetch hits:                  99,517
    Prefetch misses:                30,489
    Local miss rate:                  8.60%
    Child hits:                 10,286,967
    Total miss rate:                  0.32%
