Cache simulation results:
Core #0 (1 thread(s))
  L1I stats:
    Hits:                        7,758,300
    Misses:                        264,586
    Compulsory misses:               4,956
    Invalidations:                       0
    Miss rate:                        3.30%
  L1D stats:
    Hits:                        2,780,106
    Misses:                        153,780
    Compulsory misses:              59,363
    Invalidations:                       0
    Prefetch hits:                  27,209
    Prefetch misses:               136,720
    Miss rate:                        5.24%
Core #1 (0 thread(s))
Core #2 (0 thread(s))
Core #3 (0 thread(s))
LL stats:
    Hits:                          384,446
    Misses:                         33,920
    Compulsory misses:              64,314
    Invalidations:                       0
    Prefetch hits:                 106,314
    Prefetch misses:                30,406
    Local miss rate:                  8.11%
    Child hits:                 10,565,615
    Total miss rate:                  0.31%
