Cache simulation results:
Core #0 (1 thread(s))
  L1I stats:
    Hits:                        7,048,600
    Misses:                        243,714
    Compulsory misses:               5,858
    Invalidations:                       0
    Miss rate:                        3.34%
  L1D stats:
    Hits:                        2,585,412
    Misses:                        146,767
    Compulsory misses:              69,039
    Invalidations:                       0
    Prefetch hits:                  25,518
    Prefetch misses:               130,121
    Miss rate:                        5.37%
Core #1 (0 thread(s))
Core #2 (0 thread(s))
Core #3 (0 thread(s))
LL stats:
    Hits:                          350,166
    Misses:                         40,315
    Compulsory misses:              74,892
    Invalidations:                       0
    Prefetch hits:                  95,509
    Prefetch misses:                34,612
    Local miss rate:                 10.32%
    Child hits:                  9,659,530
    Total miss rate:                  0.40%
