Cache simulation results:
Core #0 (1 thread(s))
  L1I stats:
    Hits:                        5,016,137
    Misses:                        156,256
    Compulsory misses:               5,760
    Invalidations:                       0
    Miss rate:                        3.02%
  L1D stats:
    Hits:                        1,796,434
    Misses:                         95,155
    Compulsory misses:              41,616
    Invalidations:                       0
    Prefetch hits:                  17,433
    Prefetch misses:                84,244
    Miss rate:                        5.03%
Core #1 (0 thread(s))
Core #2 (0 thread(s))
Core #3 (0 thread(s))
LL stats:
    Hits:                          225,173
    Misses:                         26,238
    Compulsory misses:              47,371
    Invalidations:                       0
    Prefetch hits:                  63,111
    Prefetch misses:                21,133
    Local miss rate:                 10.44%
    Child hits:                  6,830,004
    Total miss rate:                  0.37%
