Cache simulation results:
Core #0 (1 thread(s))
  L1I stats:
    Hits:                        7,739,364
    Misses:                        267,777
    Compulsory misses:               5,426
    Invalidations:                       0
    Miss rate:                        3.34%
  L1D stats:
    Hits:                        2,825,589
    Misses:                        158,069
    Compulsory misses:              62,840
    Invalidations:                       0
    Prefetch hits:                  29,346
    Prefetch misses:               139,909
    Miss rate:                        5.30%
Core #1 (0 thread(s))
Core #2 (0 thread(s))
Core #3 (0 thread(s))
LL stats:
    Hits:                          389,465
    Misses:                         36,381
    Compulsory misses:              68,261
    Invalidations:                       0
    Prefetch hits:                 108,019
    Prefetch misses:                31,890
    Local miss rate:                  8.54%
    Child hits:                 10,594,299
    Total miss rate:                  0.33%
