Cache simulation results:
Core #0 (1 thread(s))
  L1I stats:
    Hits:                        7,230,752
    Misses:                        240,029
    Compulsory misses:               4,744
    Invalidations:                       0
    Miss rate:                        3.21%
  L1D stats:
    Hits:                        2,572,984
    Misses:                        144,236
    Compulsory misses:              55,505
    Invalidations:                       0
    Prefetch hits:                  24,436
    Prefetch misses:               128,480
    Miss rate:                        5.31%
Core #1 (0 thread(s))
Core #2 (0 thread(s))
Core #3 (0 thread(s))
LL stats:
    Hits:                          352,350
    Misses:                         31,915
    Compulsory misses:              60,244
    Invalidations:                       0
    Prefetch hits:                 100,149
    Prefetch misses:                28,331
    Local miss rate:                  8.31%
    Child hits:                  9,828,172
    Total miss rate:                  0.31%
