Cache simulation results:
Core #0 (1 thread(s))
  L1I stats:
    Hits:                        5,700,574
    Misses:                        183,421
    Compulsory misses:               4,280
    Invalidations:                       0
    Miss rate:                        3.12%
  L1D stats:
    Hits:                        2,048,944
    Misses:                        111,820
    Compulsory misses:              44,840
    Invalidations:                       0
    Prefetch hits:                  19,752
    Prefetch misses:                98,454
    Miss rate:                        5.18%
Core #1 (0 thread(s))
Core #2 (0 thread(s))
Core #3 (0 thread(s))
LL stats:
    Hits:                          268,650
    Misses:                         26,591
    Compulsory misses:              49,115
    Invalidations:                       0
    Prefetch hits:                  75,926
    Prefetch misses:                22,528
    Local miss rate:                  9.01%
    Child hits:                  7,769,270
    Total miss rate:                  0.33%
