Cache simulation results:
Core #0 (1 thread(s))
  L1I stats:
    Hits:                        8,123,651
    Misses:                        283,768
    Compulsory misses:               4,589
    Invalidations:                       0
    Miss rate:                        3.38%
  L1D stats:
    Hits:                        2,974,275
    Misses:                        162,916
    Compulsory misses:              65,583
    Invalidations:                       0
    Prefetch hits:                  29,257
    Prefetch misses:               144,911
    Miss rate:                        5.19%
Core #1 (0 thread(s))
Core #2 (0 thread(s))
Core #3 (0 thread(s))
LL stats:
    Hits:                          409,896
    Misses:                         36,788
    Compulsory misses:              70,167
    Invalidations:                       0
    Prefetch hits:                 111,520
    Prefetch misses:                33,391
    Local miss rate:                  8.24%
    Child hits:                 11,127,183
    Total miss rate:                  0.32%
