Cache simulation results:
Core #0 (1 thread(s))
  L1I stats:
    Hits:                        5,806,891
    Misses:                        188,539
    Compulsory misses:               4,265
    Invalidations:                       0
    Miss rate:                        3.14%
  L1D stats:
    Hits:                        2,085,719
    Misses:                        111,182
    Compulsory misses:              46,729
    Invalidations:                       0
    Prefetch hits:                  20,199
    Prefetch misses:                98,170
    Miss rate:                        5.06%
Core #1 (0 thread(s))
Core #2 (0 thread(s))
Core #3 (0 thread(s))
LL stats:
    Hits:                          272,623
    Misses:                         27,098
    Compulsory misses:              50,989
    Invalidations:                       0
    Prefetch hits:                  74,279
    Prefetch misses:                23,891
    Local miss rate:                  9.04%
    Child hits:                  7,912,809
    Total miss rate:                  0.33%
