Cache simulation results:
Core #0 (1 thread(s))
  L1I stats:
    Hits:                       10,457,833
    Misses:                        412,593
    Compulsory misses:               3,913
    Invalidations:                       0
    Miss rate:                        3.80%
  L1D stats:
    Hits:                        4,062,106
    Misses:                        137,536
    Compulsory misses:             164,505
    Invalidations:                       0
    Prefetch hits:                   6,519
    Prefetch misses:               132,992
    Miss rate:                        3.27%
Core #1 (0 thread(s))
Core #2 (0 thread(s))
Core #3 (0 thread(s))
LL stats:
    Hits:                          464,230
    Misses:                         85,899
    Compulsory misses:             168,418
    Invalidations:                       0
    Prefetch hits:                  50,387
    Prefetch misses:                82,605
    Local miss rate:                 15.61%
    Child hits:                 14,526,458
    Total miss rate:                  0.57%
