Cache simulation results:
Core #0 (1 thread(s))
  L1I stats:
    Hits:                        7,879,590
    Misses:                        329,776
    Compulsory misses:               3,669
    Invalidations:                       0
    Miss rate:                        4.02%
  L1D stats:
    Hits:                        3,048,568
    Misses:                        102,566
    Compulsory misses:             117,529
    Invalidations:                       0
    Prefetch hits:                   5,158
    Prefetch misses:                98,911
    Miss rate:                        3.25%
Core #1 (0 thread(s))
Core #2 (0 thread(s))
Core #3 (0 thread(s))
LL stats:
    Hits:                          370,143
    Misses:                         62,199
    Compulsory misses:             121,198
    Invalidations:                       0
    Prefetch hits:                  39,882
    Prefetch misses:                59,029
    Local miss rate:                 14.39%
    Child hits:                 10,933,316
    Total miss rate:                  0.55%
