Cache simulation results:
Core #0 (1 thread(s))
  L1I stats:
    Hits:                          534,250
    Misses:                          4,940
    Compulsory misses:               2,979
    Invalidations:                       0
    Miss rate:                        0.92%
  L1D stats:
    Hits:                          203,358
    Misses:                          4,086
    Compulsory misses:               5,318
    Invalidations:                       0
    Prefetch hits:                   1,090
    Prefetch misses:                 4,051
    Miss rate:                        1.97%
Core #1 (0 thread(s))
Core #2 (0 thread(s))
Core #3 (0 thread(s))
LL stats:
    Hits:                            3,664
    Misses:                          5,362
    Compulsory misses:               8,297
    Invalidations:                       0
    Prefetch hits:                   1,116
    Prefetch misses:                 2,935
    Local miss rate:                 59.41%
    Child hits:                    738,698
    Total miss rate:                  0.72%
