Cache simulation results:
Core #0 (1 thread(s))
  L1I stats:
    Hits:                          126,611
    Misses:                            324
    Compulsory misses:                 324
    Invalidations:                       0
    Miss rate:                        0.26%
  L1D stats:
    Hits:                           43,851
    Misses:                            639
    Compulsory misses:               1,222
    Invalidations:                       0
    Prefetch hits:                     154
    Prefetch misses:                   902
    Miss rate:                        1.44%
Core #1 (0 thread(s))
Core #2 (0 thread(s))
Core #3 (0 thread(s))
LL stats:
    Hits:                              226
    Misses:                            737
    Compulsory misses:               1,546
    Invalidations:                       0
    Prefetch hits:                      93
    Prefetch misses:                   809
    Local miss rate:                 76.53%
    Child hits:                    170,616
    Total miss rate:                  0.43%
