Cache simulation results:
Core #0 (1 thread(s))
  L1I stats:
    Hits:                          165,875
    Misses:                            461
    Compulsory misses:                 415
    Invalidations:                       0
    Miss rate:                        0.28%
  L1D stats:
    Hits:                           66,111
    Misses:                            897
    Compulsory misses:               1,622
    Invalidations:                       0
    Prefetch hits:                     175
    Prefetch misses:                   899
    Miss rate:                        1.34%
Core #1 (0 thread(s))
Core #2 (0 thread(s))
Core #3 (0 thread(s))
LL stats:
    Hits:                              145
    Misses:                          1,213
    Compulsory misses:               2,037
    Invalidations:                       0
    Prefetch hits:                      75
    Prefetch misses:                   824
    Local miss rate:                 89.32%
    Child hits:                    232,161
    Total miss rate:                  0.52%
