Cache simulation results:
Core #0 (1 thread(s))
  L1I stats:
    Hits:                          127,685
    Misses:                          4,441
    Compulsory misses:                 954
    Invalidations:                       0
    Miss rate:                        3.36%
  L1D stats:
    Hits:                           50,657
    Misses:                          1,524
    Compulsory misses:               1,287
    Invalidations:                       0
    Prefetch hits:                     342
    Prefetch misses:                 1,244
    Miss rate:                        2.92%
Core #1 (0 thread(s))
Core #2 (0 thread(s))
Core #3 (0 thread(s))
LL stats:
    Hits:                            4,376
    Misses:                          1,589
    Compulsory misses:               2,241
    Invalidations:                       0
    Prefetch hits:                     592
    Prefetch misses:                   652
    Local miss rate:                 26.64%
    Child hits:                    178,684
    Total miss rate:                  0.86%
