Cache simulation results:
Core #0 (1 thread(s))
  L1I stats:
    Hits:                          945,029
    Misses:                            898
    Compulsory misses:                 715
    Invalidations:                       0
    Miss rate:                        0.09%
  L1D stats:
    Hits:                          359,097
    Misses:                          7,077
    Compulsory misses:              11,677
    Invalidations:                       0
    Prefetch hits:                   1,819
    Prefetch misses:                 6,326
    Miss rate:                        1.93%
Core #1 (0 thread(s))
Core #2 (0 thread(s))
Core #3 (0 thread(s))
LL stats:
    Hits:                            1,234
    Misses:                          6,741
    Compulsory misses:              12,392
    Invalidations:                       0
    Prefetch hits:                     663
    Prefetch misses:                 5,663
    Local miss rate:                 84.53%
    Child hits:                  1,305,945
    Total miss rate:                  0.51%
