Cache simulation results:
Core #0 (1 thread(s))
  L1I stats:
    Hits:                        6,388,532
    Misses:                          4,383
    Compulsory misses:                 569
    Invalidations:                       0
    Miss rate:                        0.07%
  L1D stats:
    Hits:                        2,430,252
    Misses:                         12,496
    Compulsory misses:               1,453
    Invalidations:                       0
    Prefetch hits:                   3,724
    Prefetch misses:                 8,838
    Miss rate:                        0.51%
Core #1 (0 thread(s))
Core #2 (0 thread(s))
Core #3 (0 thread(s))
LL stats:
    Hits:                           15,571
    Misses:                          1,308
    Compulsory misses:               2,022
    Invalidations:                       0
    Prefetch hits:                   8,124
    Prefetch misses:                   714
    Local miss rate:                  7.75%
    Child hits:                  8,822,508
    Total miss rate:                  0.01%
