Cache simulation results:
Core #0 (1 thread(s))
  L1I stats:
    Hits:                       32,140,045
    Misses:                         65,738
    Compulsory misses:               1,876
    Invalidations:                       0
    Miss rate:                        0.20%
  L1D stats:
    Hits:                        9,896,814
    Misses:                         92,199
    Compulsory misses:              79,027
    Invalidations:                       0
    Prefetch hits:                  44,438
    Prefetch misses:               114,211
    Miss rate:                        0.92%
Core #1 (0 thread(s))
Core #2 (0 thread(s))
Core #3 (0 thread(s))
LL stats:
    Hits:                          132,556
    Misses:                         25,381
    Compulsory misses:              80,903
    Invalidations:                       0
    Prefetch hits:                  58,684
    Prefetch misses:                55,527
    Local miss rate:                 16.07%
    Child hits:                 42,081,297
    Total miss rate:                  0.06%
