Cache simulation results:
Core #0 (1 thread(s))
  L1I stats:
    Hits:                       10,527,200
    Misses:                        207,309
    Compulsory misses:              18,933
    Invalidations:                       0
    Miss rate:                        1.93%
  L1D stats:
    Hits:                        4,049,486
    Misses:                        135,593
    Compulsory misses:              94,653
    Invalidations:                       0
    Prefetch hits:                  26,677
    Prefetch misses:               127,269
    Miss rate:                        3.24%
Core #1 (0 thread(s))
Core #2 (0 thread(s))
Core #3 (0 thread(s))
LL stats:
    Hits:                          279,098
    Misses:                         63,804
    Compulsory misses:             113,586
    Invalidations:                       0
    Prefetch hits:                  77,187
    Prefetch misses:                50,082
    Local miss rate:                 18.61%
    Child hits:                 14,603,363
    Total miss rate:                  0.43%
