Cache simulation results:
Core #0 (1 thread(s))
  L1I stats:
    Hits:                              204
    Misses:                             22
    Compulsory misses:                  22
    Invalidations:                       0
    Miss rate:                        9.73%
  L1D stats:
    Hits:                               86
    Misses:                             31
    Compulsory misses:                  56
    Invalidations:                       0
    Prefetch hits:                       6
    Prefetch misses:                    25
    Miss rate:                       26.50%
Core #1 (0 thread(s))
Core #2 (0 thread(s))
Core #3 (0 thread(s))
LL stats:
    Hits:                                0
    Misses:                             53
    Compulsory misses:                  78
    Invalidations:                       0
    Prefetch hits:                       0
    Prefetch misses:                    25
    Local miss rate:                100.00%
    Child hits:                        296
    Total miss rate:                 15.19%
