Cache simulation results:
Core #0 (1 thread(s))
  L1I stats:
    Hits:                      138,376,536
    Misses:                        526,541
    Compulsory misses:              19,824
    Invalidations:                       0
    Miss rate:                        0.38%
  L1D stats:
    Hits:                       48,012,517
    Misses:                      1,586,983
    Compulsory misses:           1,156,440
    Invalidations:                       0
    Prefetch hits:                 472,085
    Prefetch misses:             1,557,510
    Miss rate:                        3.20%
Core #1 (0 thread(s))
Core #2 (0 thread(s))
Core #3 (0 thread(s))
LL stats:
    Hits:                        1,328,709
    Misses:                        784,815
    Compulsory misses:           1,176,264
    Invalidations:                       0
    Prefetch hits:                 729,431
    Prefetch misses:               828,079
    Local miss rate:                 37.13%
    Child hits:                186,861,138
    Total miss rate:                  0.42%
