Cache simulation results:
Core #0 (1 thread(s))
  L1I stats:
    Hits:                              100
    Misses:                              3
    Compulsory misses:                   3
    Invalidations:                       0
    Miss rate:                        2.91%
  L1D stats:
    Hits:                               10
    Misses:                              2
    Compulsory misses:                   4
    Invalidations:                       0
    Prefetch hits:                       0
    Prefetch misses:                     2
    Miss rate:                       16.67%
Core #1 (0 thread(s))
Core #2 (0 thread(s))
Core #3 (0 thread(s))
LL stats:
    Hits:                                0
    Misses:                              5
    Compulsory misses:                   7
    Invalidations:                       0
    Prefetch hits:                       0
    Prefetch misses:                     2
    Local miss rate:                100.00%
    Child hits:                        110
    Total miss rate:                  4.35%
