Cache simulation results:
Core #0 (1 thread(s))
  L1I stats:
    Hits:                            1,097
    Misses:                             31
    Compulsory misses:                  31
    Invalidations:                       0
    Miss rate:                        2.75%
  L1D stats:
    Hits:                              466
    Misses:                             35
    Compulsory misses:                  64
    Invalidations:                       0
    Prefetch hits:                       6
    Prefetch misses:                    29
    Miss rate:                        6.99%
Core #1 (0 thread(s))
Core #2 (0 thread(s))
Core #3 (0 thread(s))
LL stats:
    Hits:                                0
    Misses:                             66
    Compulsory misses:                  95
    Invalidations:                       0
    Prefetch hits:                       0
    Prefetch misses:                    29
    Local miss rate:                100.00%
    Child hits:                      1,569
    Total miss rate:                  4.04%
