Cache simulation results:
Core #0 (1 thread(s))
  L1I stats:
    Hits:                        1,253,768
    Misses:                          2,503
    Compulsory misses:               1,997
    Invalidations:                       0
    Miss rate:                        0.20%
  L1D stats:
    Hits:                          475,119
    Misses:                          6,530
    Compulsory misses:               2,558
    Invalidations:                       0
    Prefetch hits:                   2,187
    Prefetch misses:                 4,526
    Miss rate:                        1.36%
Core #1 (0 thread(s))
Core #2 (0 thread(s))
Core #3 (0 thread(s))
LL stats:
    Hits:                            5,741
    Misses:                          3,292
    Compulsory misses:               4,550
    Invalidations:                       0
    Prefetch hits:                   3,268
    Prefetch misses:                 1,258
    Local miss rate:                 36.44%
    Child hits:                  1,731,074
    Total miss rate:                  0.19%
