Cache simulation results:
Core #0 (1 thread(s))
  L1I stats:
    Hits:                              427
    Misses:                             22
    Compulsory misses:                  22
    Invalidations:                       0
    Miss rate:                        4.90%
  L1D stats:
    Hits:                              200
    Misses:                             32
    Compulsory misses:                  58
    Invalidations:                       0
    Prefetch hits:                       6
    Prefetch misses:                    26
    Miss rate:                       13.79%
Core #1 (0 thread(s))
Core #2 (0 thread(s))
Core #3 (0 thread(s))
LL stats:
    Hits:                                0
    Misses:                             54
    Compulsory misses:                  80
    Invalidations:                       0
    Prefetch hits:                       0
    Prefetch misses:                    26
    Local miss rate:                100.00%
    Child hits:                        633
    Total miss rate:                  7.86%
