Cache simulation results:
Core #0 (1 thread(s))
  L1I stats:
    Hits:                        8,498,713
    Misses:                         12,959
    Compulsory misses:               5,385
    Invalidations:                       0
    Miss rate:                        0.15%
  L1D stats:
    Hits:                        2,512,987
    Misses:                         53,654
    Compulsory misses:              42,681
    Invalidations:                       0
    Prefetch hits:                  22,249
    Prefetch misses:                48,748
    Miss rate:                        2.09%
Core #1 (0 thread(s))
Core #2 (0 thread(s))
Core #3 (0 thread(s))
LL stats:
    Hits:                           40,989
    Misses:                         25,624
    Compulsory misses:              48,066
    Invalidations:                       0
    Prefetch hits:                  26,294
    Prefetch misses:                22,454
    Local miss rate:                 38.47%
    Child hits:                 11,033,949
    Total miss rate:                  0.23%
