Cache simulation results:
Core #0 (1 thread(s))
  L1I stats:
    Hits:                        5,450,526
    Misses:                         14,747
    Compulsory misses:               6,642
    Invalidations:                       0
    Miss rate:                        0.27%
  L1D stats:
    Hits:                        1,946,886
    Misses:                         39,473
    Compulsory misses:              39,828
    Invalidations:                       0
    Prefetch hits:                  20,309
    Prefetch misses:                34,043
    Miss rate:                        1.99%
Core #1 (0 thread(s))
Core #2 (0 thread(s))
Core #3 (0 thread(s))
LL stats:
    Hits:                           29,523
    Misses:                         24,697
    Compulsory misses:              46,470
    Invalidations:                       0
    Prefetch hits:                  12,245
    Prefetch misses:                21,798
    Local miss rate:                 45.55%
    Child hits:                  7,417,721
    Total miss rate:                  0.33%
