Cache simulation results:
Core #0 (1 thread(s))
  L1I stats:
    Hits:                          152,230
    Misses:                          6,609
    Compulsory misses:               1,146
    Invalidations:                       0
    Miss rate:                        4.16%
  L1D stats:
    Hits:                           55,675
    Misses:                          2,767
    Compulsory misses:               1,656
    Invalidations:                       0
    Prefetch hits:                     545
    Prefetch misses:                 2,407
    Miss rate:                        4.73%
Core #1 (0 thread(s))
Core #2 (0 thread(s))
Core #3 (0 thread(s))
LL stats:
    Hits:                            7,430
    Misses:                          1,946
    Compulsory misses:               2,802
    Invalidations:                       0
    Prefetch hits:                   1,551
    Prefetch misses:                   856
    Local miss rate:                 20.76%
    Child hits:                    208,450
    Total miss rate:                  0.89%
