Cache simulation results:
Core #0 (1 thread(s))
  L1I stats:
    Hits:                      721,251,419
    Misses:                      1,626,022
    Compulsory misses:               1,914
    Invalidations:                       0
    Miss rate:                        0.22%
  L1D stats:
    Hits:                      236,296,717
    Misses:                      7,846,622
    Compulsory misses:           2,251,351
    Invalidations:                       0
    Prefetch hits:               2,515,916
    Prefetch misses:             7,190,949
    Miss rate:                        3.21%
Core #1 (0 thread(s))
Core #2 (0 thread(s))
Core #3 (0 thread(s))
LL stats:
    Hits:                        4,820,950
    Misses:                      4,651,694
    Compulsory misses:           2,253,265
    Invalidations:                       0
    Prefetch hits:               2,722,408
    Prefetch misses:             4,468,541
    Local miss rate:                 49.11%
    Child hits:                960,064,052
    Total miss rate:                  0.48%
