Cache simulation results:
Core #0 (1 thread(s))
  L1I stats:
    Hits:                        2,479,614
    Misses:                            368
    Compulsory misses:                 360
    Invalidations:                       0
    Miss rate:                        0.01%
  L1D stats:
    Hits:                          817,387
    Misses:                         39,147
    Compulsory misses:              25,277
    Invalidations:                       0
    Prefetch hits:                  18,193
    Prefetch misses:                32,595
    Miss rate:                        4.57%
Core #1 (0 thread(s))
Core #2 (0 thread(s))
Core #3 (0 thread(s))
LL stats:
    Hits:                           28,929
    Misses:                         10,586
    Compulsory misses:              25,637
    Invalidations:                       0
    Prefetch hits:                  17,544
    Prefetch misses:                15,051
    Local miss rate:                 26.79%
    Child hits:                  3,315,194
    Total miss rate:                  0.32%
