Cache simulation results:
Core #0 (1 thread(s))
  L1I stats:
    Hits:                          269,285
    Misses:                            348
    Compulsory misses:                 346
    Invalidations:                       0
    Miss rate:                        0.13%
  L1D stats:
    Hits:                          100,749
    Misses:                          1,824
    Compulsory misses:               1,787
    Invalidations:                       0
    Prefetch hits:                   1,898
    Prefetch misses:                 1,325
    Miss rate:                        1.78%
Core #1 (0 thread(s))
Core #2 (0 thread(s))
Core #3 (0 thread(s))
LL stats:
    Hits:                              970
    Misses:                          1,202
    Compulsory misses:               2,133
    Invalidations:                       0
    Prefetch hits:                     394
    Prefetch misses:                   931
    Local miss rate:                 55.34%
    Child hits:                    371,932
    Total miss rate:                  0.32%
