Cache simulation results:
Core #0 (1 thread(s))
  L1I stats:
    Hits:                        7,805,919
    Misses:                         30,125
    Compulsory misses:               1,103
    Invalidations:                       0
    Miss rate:                        0.38%
  L1D stats:
    Hits:                        2,940,226
    Misses:                         81,588
    Compulsory misses:              53,670
    Invalidations:                       0
    Prefetch hits:                  16,271
    Prefetch misses:                68,430
    Miss rate:                        2.70%
Core #1 (0 thread(s))
Core #2 (0 thread(s))
Core #3 (0 thread(s))
LL stats:
    Hits:                           82,117
    Misses:                         29,596
    Compulsory misses:              54,773
    Invalidations:                       0
    Prefetch hits:                  43,225
    Prefetch misses:                25,205
    Local miss rate:                 26.49%
    Child hits:                 10,762,416
    Total miss rate:                  0.27%
