Cache simulation results:
Core #0 (1 thread(s))
  L1I stats:
    Hits:                        8,388,641
    Misses:                         30,377
    Compulsory misses:               1,272
    Invalidations:                       0
    Miss rate:                        0.36%
  L1D stats:
    Hits:                        3,170,741
    Misses:                         95,027
    Compulsory misses:              56,169
    Invalidations:                       0
    Prefetch hits:                  19,390
    Prefetch misses:                78,898
    Miss rate:                        2.91%
Core #1 (0 thread(s))
Core #2 (0 thread(s))
Core #3 (0 thread(s))
LL stats:
    Hits:                           94,453
    Misses:                         30,951
    Compulsory misses:              57,441
    Invalidations:                       0
    Prefetch hits:                  52,368
    Prefetch misses:                26,530
    Local miss rate:                 24.68%
    Child hits:                 11,578,772
    Total miss rate:                  0.26%
