Cache simulation results:
Core #0 (1 thread(s))
  L1I stats:
    Hits:                        8,247,838
    Misses:                         29,470
    Compulsory misses:               1,246
    Invalidations:                       0
    Miss rate:                        0.36%
  L1D stats:
    Hits:                        3,114,787
    Misses:                         86,245
    Compulsory misses:              56,653
    Invalidations:                       0
    Prefetch hits:                  18,218
    Prefetch misses:                71,402
    Miss rate:                        2.69%
Core #1 (0 thread(s))
Core #2 (0 thread(s))
Core #3 (0 thread(s))
LL stats:
    Hits:                           84,496
    Misses:                         31,219
    Compulsory misses:              57,899
    Invalidations:                       0
    Prefetch hits:                  44,680
    Prefetch misses:                26,722
    Local miss rate:                 26.98%
    Child hits:                 11,380,843
    Total miss rate:                  0.27%
