Cache simulation results:
Core #0 (1 thread(s))
  L1I stats:
    Hits:                            1,615
    Misses:                             28
    Compulsory misses:                  28
    Invalidations:                       0
    Miss rate:                        1.70%
  L1D stats:
    Hits:                              710
    Misses:                             35
    Compulsory misses:                  64
    Invalidations:                       0
    Prefetch hits:                       6
    Prefetch misses:                    29
    Miss rate:                        4.70%
Core #1 (0 thread(s))
Core #2 (0 thread(s))
Core #3 (0 thread(s))
LL stats:
    Hits:                                0
    Misses:                             63
    Compulsory misses:                  92
    Invalidations:                       0
    Prefetch hits:                       0
    Prefetch misses:                    29
    Local miss rate:                100.00%
    Child hits:                      2,331
    Total miss rate:                  2.63%
