Cache simulation results:
Core #0 (1 thread(s))
  L1I stats:
    Hits:                        6,148,111
    Misses:                             62
    Compulsory misses:                  62
    Invalidations:                       0
    Miss rate:                        0.00%
  L1D stats:
    Hits:                        2,340,049
    Misses:                          3,631
    Compulsory misses:                 506
    Invalidations:                       0
    Prefetch hits:                   1,761
    Prefetch misses:                 1,870
    Miss rate:                        0.15%
Core #1 (0 thread(s))
Core #2 (0 thread(s))
Core #3 (0 thread(s))
LL stats:
    Hits:                            3,347
    Misses:                            346
    Compulsory misses:                 568
    Invalidations:                       0
    Prefetch hits:                   1,648
    Prefetch misses:                   222
    Local miss rate:                  9.37%
    Child hits:                  8,489,921
    Total miss rate:                  0.00%
