Cache simulation results:
Core #0 (1 thread(s))
  L1I stats:
    Hits:                           48,099
    Misses:                          2,679
    Compulsory misses:               2,425
    Invalidations:                       0
    Miss rate:                        5.28%
  L1D stats:
    Hits:                           20,267
    Misses:                          1,322
    Compulsory misses:               1,959
    Invalidations:                       0
    Prefetch hits:                     328
    Prefetch misses:                 1,125
    Miss rate:                        6.12%
Core #1 (0 thread(s))
Core #2 (0 thread(s))
Core #3 (0 thread(s))
LL stats:
    Hits:                              555
    Misses:                          3,446
    Compulsory misses:               4,379
    Invalidations:                       0
    Prefetch hits:                     192
    Prefetch misses:                   933
    Local miss rate:                 86.13%
    Child hits:                     68,694
    Total miss rate:                  4.74%
