Cache simulation results:
Core #0 (1 thread(s))
  L1I stats:
    Hits:                           47,278
    Misses:                          2,647
    Compulsory misses:               2,395
    Invalidations:                       0
    Miss rate:                        5.30%
  L1D stats:
    Hits:                           19,904
    Misses:                          1,285
    Compulsory misses:               1,886
    Invalidations:                       0
    Prefetch hits:                     334
    Prefetch misses:                 1,082
    Miss rate:                        6.06%
Core #1 (0 thread(s))
Core #2 (0 thread(s))
Core #3 (0 thread(s))
LL stats:
    Hits:                              551
    Misses:                          3,381
    Compulsory misses:               4,276
    Invalidations:                       0
    Prefetch hits:                     187
    Prefetch misses:                   895
    Local miss rate:                 85.99%
    Child hits:                     67,516
    Total miss rate:                  4.73%
