Cache simulation results:
Core #0 (1 thread(s))
  L1I stats:
    Hits:                          144,126
    Misses:                          7,912
    Compulsory misses:               2,467
    Invalidations:                       0
    Miss rate:                        5.20%
  L1D stats:
    Hits:                           60,763
    Misses:                          3,753
    Compulsory misses:               2,713
    Invalidations:                       0
    Prefetch hits:                     997
    Prefetch misses:                 3,152
    Miss rate:                        5.82%
Core #1 (0 thread(s))
Core #2 (0 thread(s))
Core #3 (0 thread(s))
LL stats:
    Hits:                            7,878
    Misses:                          3,787
    Compulsory misses:               5,175
    Invalidations:                       0
    Prefetch hits:                   1,764
    Prefetch misses:                 1,388
    Local miss rate:                 32.46%
    Child hits:                    205,886
    Total miss rate:                  1.74%
