Cache simulation results:
Core #0 (1 thread(s))
  L1I stats:
    Hits:                              204
    Misses:                             22
    Compulsory misses:                  22
    Invalidations:                       0
    Miss rate:                        9.73%
  L1D stats:
    Hits:                               87
    Misses:                             30
    Compulsory misses:                  55
    Invalidations:                       0
    Prefetch hits:                       5
    Prefetch misses:                    25
    Miss rate:                       25.64%
Core #1 (0 thread(s))
Core #2 (0 thread(s))
Core #3 (0 thread(s))
LL stats:
    Hits:                                0
    Misses:                             52
    Compulsory misses:                  77
    Invalidations:                       0
    Prefetch hits:                       0
    Prefetch misses:                    25
    Local miss rate:                100.00%
    Child hits:                        296
    Total miss rate:                 14.94%
