Cache simulation results:
Core #0 (1 thread(s))
  L1I stats:
    Hits:                           48,045
    Misses:                          2,671
    Compulsory misses:               2,415
    Invalidations:                       0
    Miss rate:                        5.27%
  L1D stats:
    Hits:                           20,242
    Misses:                          1,313
    Compulsory misses:               1,904
    Invalidations:                       0
    Prefetch hits:                     344
    Prefetch misses:                 1,100
    Miss rate:                        6.09%
Core #1 (0 thread(s))
Core #2 (0 thread(s))
Core #3 (0 thread(s))
LL stats:
    Hits:                              567
    Misses:                          3,417
    Compulsory misses:               4,314
    Invalidations:                       0
    Prefetch hits:                     203
    Prefetch misses:                   897
    Local miss rate:                 85.77%
    Child hits:                     68,631
    Total miss rate:                  4.71%
