Cache simulation results:
Core #0 (1 thread(s))
  L1I stats:
    Hits:                           94,614
    Misses:                          5,260
    Compulsory misses:               2,404
    Invalidations:                       0
    Miss rate:                        5.27%
  L1D stats:
    Hits:                           39,956
    Misses:                          2,505
    Compulsory misses:               2,323
    Invalidations:                       0
    Prefetch hits:                     660
    Prefetch misses:                 2,107
    Miss rate:                        5.90%
Core #1 (0 thread(s))
Core #2 (0 thread(s))
Core #3 (0 thread(s))
LL stats:
    Hits:                            4,190
    Misses:                          3,575
    Compulsory misses:               4,722
    Invalidations:                       0
    Prefetch hits:                     960
    Prefetch misses:                 1,147
    Local miss rate:                 46.04%
    Child hits:                    135,230
    Total miss rate:                  2.50%
