Cache simulation results:
Core #0 (1 thread(s))
  L1I stats:
    Hits:                              582
    Misses:                             19
    Compulsory misses:                  19
    Invalidations:                       0
    Miss rate:                        3.16%
  L1D stats:
    Hits:                              296
    Misses:                             31
    Compulsory misses:                  56
    Invalidations:                       0
    Prefetch hits:                       6
    Prefetch misses:                    25
    Miss rate:                        9.48%
Core #1 (0 thread(s))
Core #2 (0 thread(s))
Core #3 (0 thread(s))
LL stats:
    Hits:                                0
    Misses:                             50
    Compulsory misses:                  75
    Invalidations:                       0
    Prefetch hits:                       0
    Prefetch misses:                    25
    Local miss rate:                100.00%
    Child hits:                        884
    Total miss rate:                  5.35%
