Cache simulation results:
Core #0 (1 thread(s))
  L1I stats:
    Hits:                           47,251
    Misses:                          2,649
    Compulsory misses:               2,395
    Invalidations:                       0
    Miss rate:                        5.31%
  L1D stats:
    Hits:                           19,913
    Misses:                          1,280
    Compulsory misses:               1,894
    Invalidations:                       0
    Prefetch hits:                     326
    Prefetch misses:                 1,085
    Miss rate:                        6.04%
Core #1 (0 thread(s))
Core #2 (0 thread(s))
Core #3 (0 thread(s))
LL stats:
    Hits:                              544
    Misses:                          3,385
    Compulsory misses:               4,284
    Invalidations:                       0
    Prefetch hits:                     186
    Prefetch misses:                   899
    Local miss rate:                 86.15%
    Child hits:                     67,490
    Total miss rate:                  4.74%
