Cache simulation results:
Core #0 (1 thread(s))
  L1I stats:
    Hits:                           47,745
    Misses:                          2,669
    Compulsory misses:               2,415
    Invalidations:                       0
    Miss rate:                        5.29%
  L1D stats:
    Hits:                           20,101
    Misses:                          1,324
    Compulsory misses:               1,953
    Invalidations:                       0
    Prefetch hits:                     331
    Prefetch misses:                 1,124
    Miss rate:                        6.18%
Core #1 (0 thread(s))
Core #2 (0 thread(s))
Core #3 (0 thread(s))
LL stats:
    Hits:                              556
    Misses:                          3,437
    Compulsory misses:               4,363
    Invalidations:                       0
    Prefetch hits:                     198
    Prefetch misses:                   926
    Local miss rate:                 86.08%
    Child hits:                     68,177
    Total miss rate:                  4.76%
