Cache simulation results:
Core #0 (1 thread(s))
  L1I stats:
    Hits:                           47,256
    Misses:                          2,648
    Compulsory misses:               2,394
    Invalidations:                       0
    Miss rate:                        5.31%
  L1D stats:
    Hits:                           19,906
    Misses:                          1,304
    Compulsory misses:               1,895
    Invalidations:                       0
    Prefetch hits:                     340
    Prefetch misses:                 1,095
    Miss rate:                        6.15%
Core #1 (0 thread(s))
Core #2 (0 thread(s))
Core #3 (0 thread(s))
LL stats:
    Hits:                              563
    Misses:                          3,389
    Compulsory misses:               4,284
    Invalidations:                       0
    Prefetch hits:                     200
    Prefetch misses:                   895
    Local miss rate:                 85.75%
    Child hits:                     67,502
    Total miss rate:                  4.74%
