Cache simulation results:
Core #0 (1 thread(s))
  L1I stats:
    Hits:                        6,783,333
    Misses:                         75,877
    Compulsory misses:               7,519
    Invalidations:                       0
    Miss rate:                        1.11%
  L1D stats:
    Hits:                        2,649,251
    Misses:                         42,710
    Compulsory misses:              50,393
    Invalidations:                       0
    Prefetch hits:                   6,323
    Prefetch misses:                37,973
    Miss rate:                        1.59%
Core #1 (0 thread(s))
Core #2 (0 thread(s))
Core #3 (0 thread(s))
LL stats:
    Hits:                           84,650
    Misses:                         33,937
    Compulsory misses:              57,912
    Invalidations:                       0
    Prefetch hits:                  13,998
    Prefetch misses:                23,975
    Local miss rate:                 28.62%
    Child hits:                  9,438,907
    Total miss rate:                  0.36%
