Cache simulation results:
Core #0 (1 thread(s))
  L1I stats:
    Hits:                           52,146
    Misses:                          2,817
    Compulsory misses:               2,526
    Invalidations:                       0
    Miss rate:                        5.13%
  L1D stats:
    Hits:                           21,980
    Misses:                          1,431
    Compulsory misses:               2,014
    Invalidations:                       0
    Prefetch hits:                     367
    Prefetch misses:                 1,204
    Miss rate:                        6.11%
Core #1 (0 thread(s))
Core #2 (0 thread(s))
Core #3 (0 thread(s))
LL stats:
    Hits:                              677
    Misses:                          3,571
    Compulsory misses:               4,535
    Invalidations:                       0
    Prefetch hits:                     240
    Prefetch misses:                   964
    Local miss rate:                 84.06%
    Child hits:                     74,493
    Total miss rate:                  4.54%
