Cache simulation results:
Core #0 (1 thread(s))
  L1I stats:
    Hits:                           47,470
    Misses:                          2,657
    Compulsory misses:               2,403
    Invalidations:                       0
    Miss rate:                        5.30%
  L1D stats:
    Hits:                           19,985
    Misses:                          1,306
    Compulsory misses:               1,889
    Invalidations:                       0
    Prefetch hits:                     344
    Prefetch misses:                 1,093
    Miss rate:                        6.13%
Core #1 (0 thread(s))
Core #2 (0 thread(s))
Core #3 (0 thread(s))
LL stats:
    Hits:                              565
    Misses:                          3,398
    Compulsory misses:               4,287
    Invalidations:                       0
    Prefetch hits:                     204
    Prefetch misses:                   889
    Local miss rate:                 85.74%
    Child hits:                     67,799
    Total miss rate:                  4.74%
