Cache simulation results:
Core #0 (1 thread(s))
  L1I stats:
    Hits:                              588
    Misses:                             19
    Compulsory misses:                  19
    Invalidations:                       0
    Miss rate:                        3.13%
  L1D stats:
    Hits:                              297
    Misses:                             30
    Compulsory misses:                  54
    Invalidations:                       0
    Prefetch hits:                       6
    Prefetch misses:                    24
    Miss rate:                        9.17%
Core #1 (0 thread(s))
Core #2 (0 thread(s))
Core #3 (0 thread(s))
LL stats:
    Hits:                                0
    Misses:                             49
    Compulsory misses:                  73
    Invalidations:                       0
    Prefetch hits:                       0
    Prefetch misses:                    24
    Local miss rate:                100.00%
    Child hits:                        891
    Total miss rate:                  5.21%
