Cache simulation results:
Core #0 (1 thread(s))
  L1I stats:
    Hits:                            1,093
    Misses:                             22
    Compulsory misses:                  22
    Invalidations:                       0
    Miss rate:                        1.97%
  L1D stats:
    Hits:                              547
    Misses:                             33
    Compulsory misses:                  60
    Invalidations:                       0
    Prefetch hits:                       6
    Prefetch misses:                    27
    Miss rate:                        5.69%
Core #1 (0 thread(s))
Core #2 (0 thread(s))
Core #3 (0 thread(s))
LL stats:
    Hits:                                0
    Misses:                             55
    Compulsory misses:                  82
    Invalidations:                       0
    Prefetch hits:                       0
    Prefetch misses:                    27
    Local miss rate:                100.00%
    Child hits:                      1,646
    Total miss rate:                  3.23%
