Cache simulation results:
Core #0 (1 thread(s))
  L1I stats:
    Hits:                           95,523
    Misses:                          5,276
    Compulsory misses:               2,419
    Invalidations:                       0
    Miss rate:                        5.23%
  L1D stats:
    Hits:                           40,225
    Misses:                          2,514
    Compulsory misses:               2,323
    Invalidations:                       0
    Prefetch hits:                     662
    Prefetch misses:                 2,113
    Miss rate:                        5.88%
Core #1 (0 thread(s))
Core #2 (0 thread(s))
Core #3 (0 thread(s))
LL stats:
    Hits:                            4,200
    Misses:                          3,590
    Compulsory misses:               4,737
    Invalidations:                       0
    Prefetch hits:                     966
    Prefetch misses:                 1,147
    Local miss rate:                 46.08%
    Child hits:                    136,410
    Total miss rate:                  2.49%
