Cache simulation results:
Core #0 (1 thread(s))
  L1I stats:
    Hits:                           48,051
    Misses:                          2,681
    Compulsory misses:               2,425
    Invalidations:                       0
    Miss rate:                        5.28%
  L1D stats:
    Hits:                           20,256
    Misses:                          1,336
    Compulsory misses:               1,956
    Invalidations:                       0
    Prefetch hits:                     329
    Prefetch misses:                 1,138
    Miss rate:                        6.19%
Core #1 (0 thread(s))
Core #2 (0 thread(s))
Core #3 (0 thread(s))
LL stats:
    Hits:                              570
    Misses:                          3,447
    Compulsory misses:               4,376
    Invalidations:                       0
    Prefetch hits:                     209
    Prefetch misses:                   929
    Local miss rate:                 85.81%
    Child hits:                     68,636
    Total miss rate:                  4.74%
