Cache simulation results:
Core #0 (1 thread(s))
  L1I stats:
    Hits:                           47,491
    Misses:                          2,667
    Compulsory misses:               2,410
    Invalidations:                       0
    Miss rate:                        5.32%
  L1D stats:
    Hits:                           20,019
    Misses:                          1,308
    Compulsory misses:               1,906
    Invalidations:                       0
    Prefetch hits:                     338
    Prefetch misses:                 1,101
    Miss rate:                        6.13%
Core #1 (0 thread(s))
Core #2 (0 thread(s))
Core #3 (0 thread(s))
LL stats:
    Hits:                              565
    Misses:                          3,410
    Compulsory misses:               4,311
    Invalidations:                       0
    Prefetch hits:                     200
    Prefetch misses:                   901
    Local miss rate:                 85.79%
    Child hits:                     67,848
    Total miss rate:                  4.75%
