Cache simulation results:
Core #0 (1 thread(s))
  L1I stats:
    Hits:                           62,709
    Misses:                          2,754
    Compulsory misses:               2,460
    Invalidations:                       0
    Miss rate:                        4.21%
  L1D stats:
    Hits:                           22,127
    Misses:                          1,350
    Compulsory misses:               1,954
    Invalidations:                       0
    Prefetch hits:                     338
    Prefetch misses:                 1,142
    Miss rate:                        5.75%
Core #1 (0 thread(s))
Core #2 (0 thread(s))
Core #3 (0 thread(s))
LL stats:
    Hits:                              622
    Misses:                          3,482
    Compulsory misses:               4,409
    Invalidations:                       0
    Prefetch hits:                     215
    Prefetch misses:                   927
    Local miss rate:                 84.84%
    Child hits:                     85,174
    Total miss rate:                  3.90%
