Cache simulation results:
Core #0 (1 thread(s))
  L1I stats:
    Hits:                           47,211
    Misses:                          2,649
    Compulsory misses:               2,395
    Invalidations:                       0
    Miss rate:                        5.31%
  L1D stats:
    Hits:                           19,901
    Misses:                          1,291
    Compulsory misses:               1,884
    Invalidations:                       0
    Prefetch hits:                     330
    Prefetch misses:                 1,092
    Miss rate:                        6.09%
Core #1 (0 thread(s))
Core #2 (0 thread(s))
Core #3 (0 thread(s))
LL stats:
    Hits:                              561
    Misses:                          3,379
    Compulsory misses:               4,274
    Invalidations:                       0
    Prefetch hits:                     197
    Prefetch misses:                   895
    Local miss rate:                 85.76%
    Child hits:                     67,442
    Total miss rate:                  4.73%
