Cache simulation results:
Core #0 (1 thread(s))
  L1I stats:
    Hits:                           47,214
    Misses:                          2,650
    Compulsory misses:               2,396
    Invalidations:                       0
    Miss rate:                        5.31%
  L1D stats:
    Hits:                           19,870
    Misses:                          1,306
    Compulsory misses:               1,920
    Invalidations:                       0
    Prefetch hits:                     338
    Prefetch misses:                 1,099
    Miss rate:                        6.17%
Core #1 (0 thread(s))
Core #2 (0 thread(s))
Core #3 (0 thread(s))
LL stats:
    Hits:                              552
    Misses:                          3,404
    Compulsory misses:               4,311
    Invalidations:                       0
    Prefetch hits:                     192
    Prefetch misses:                   907
    Local miss rate:                 86.05%
    Child hits:                     67,422
    Total miss rate:                  4.77%
