Cache simulation results:
Core #0 (1 thread(s))
  L1I stats:
    Hits:                           47,487
    Misses:                          2,668
    Compulsory misses:               2,411
    Invalidations:                       0
    Miss rate:                        5.32%
  L1D stats:
    Hits:                           19,994
    Misses:                          1,330
    Compulsory misses:               1,937
    Invalidations:                       0
    Prefetch hits:                     356
    Prefetch misses:                 1,105
    Miss rate:                        6.24%
Core #1 (0 thread(s))
Core #2 (0 thread(s))
Core #3 (0 thread(s))
LL stats:
    Hits:                              568
    Misses:                          3,430
    Compulsory misses:               4,343
    Invalidations:                       0
    Prefetch hits:                     192
    Prefetch misses:                   913
    Local miss rate:                 85.79%
    Child hits:                     67,837
    Total miss rate:                  4.77%
