Cache simulation results:
Core #0 (1 thread(s))
  L1I stats:
    Hits:                           47,984
    Misses:                          2,715
    Compulsory misses:               2,431
    Invalidations:                       0
    Miss rate:                        5.36%
  L1D stats:
    Hits:                           20,205
    Misses:                          1,333
    Compulsory misses:               1,919
    Invalidations:                       0
    Prefetch hits:                     345
    Prefetch misses:                 1,119
    Miss rate:                        6.19%
Core #1 (0 thread(s))
Core #2 (0 thread(s))
Core #3 (0 thread(s))
LL stats:
    Hits:                              609
    Misses:                          3,439
    Compulsory misses:               4,345
    Invalidations:                       0
    Prefetch hits:                     213
    Prefetch misses:                   906
    Local miss rate:                 84.96%
    Child hits:                     68,534
    Total miss rate:                  4.74%
