Cache simulation results:
Core #0 (1 thread(s))
  L1I stats:
    Hits:                           47,413
    Misses:                          2,655
    Compulsory misses:               2,403
    Invalidations:                       0
    Miss rate:                        5.30%
  L1D stats:
    Hits:                           19,965
    Misses:                          1,302
    Compulsory misses:               1,909
    Invalidations:                       0
    Prefetch hits:                     328
    Prefetch misses:                 1,105
    Miss rate:                        6.12%
Core #1 (0 thread(s))
Core #2 (0 thread(s))
Core #3 (0 thread(s))
LL stats:
    Hits:                              557
    Misses:                          3,400
    Compulsory misses:               4,307
    Invalidations:                       0
    Prefetch hits:                     198
    Prefetch misses:                   907
    Local miss rate:                 85.92%
    Child hits:                     67,706
    Total miss rate:                  4.74%
