Cache simulation results:
Core #0 (1 thread(s))
  L1I stats:
    Hits:                           47,267
    Misses:                          2,648
    Compulsory misses:               2,394
    Invalidations:                       0
    Miss rate:                        5.31%
  L1D stats:
    Hits:                           19,907
    Misses:                          1,289
    Compulsory misses:               1,870
    Invalidations:                       0
    Prefetch hits:                     334
    Prefetch misses:                 1,086
    Miss rate:                        6.08%
Core #1 (0 thread(s))
Core #2 (0 thread(s))
Core #3 (0 thread(s))
LL stats:
    Hits:                              567
    Misses:                          3,370
    Compulsory misses:               4,259
    Invalidations:                       0
    Prefetch hits:                     197
    Prefetch misses:                   889
    Local miss rate:                 85.60%
    Child hits:                     67,508
    Total miss rate:                  4.72%
