Cache simulation results:
Core #0 (1 thread(s))
  L1I stats:
    Hits:                           47,269
    Misses:                          2,649
    Compulsory misses:               2,395
    Invalidations:                       0
    Miss rate:                        5.31%
  L1D stats:
    Hits:                           19,895
    Misses:                          1,298
    Compulsory misses:               1,876
    Invalidations:                       0
    Prefetch hits:                     342
    Prefetch misses:                 1,087
    Miss rate:                        6.12%
Core #1 (0 thread(s))
Core #2 (0 thread(s))
Core #3 (0 thread(s))
LL stats:
    Hits:                              570
    Misses:                          3,377
    Compulsory misses:               4,266
    Invalidations:                       0
    Prefetch hits:                     198
    Prefetch misses:                   889
    Local miss rate:                 85.56%
    Child hits:                     67,506
    Total miss rate:                  4.73%
