Cache simulation results:
Core #0 (1 thread(s))
  L1I stats:
    Hits:                           47,217
    Misses:                          2,648
    Compulsory misses:               2,394
    Invalidations:                       0
    Miss rate:                        5.31%
  L1D stats:
    Hits:                           19,916
    Misses:                          1,283
    Compulsory misses:               1,868
    Invalidations:                       0
    Prefetch hits:                     330
    Prefetch misses:                 1,084
    Miss rate:                        6.05%
Core #1 (0 thread(s))
Core #2 (0 thread(s))
Core #3 (0 thread(s))
LL stats:
    Hits:                              560
    Misses:                          3,371
    Compulsory misses:               4,257
    Invalidations:                       0
    Prefetch hits:                     198
    Prefetch misses:                   886
    Local miss rate:                 85.75%
    Child hits:                     67,463
    Total miss rate:                  4.72%
