Cache simulation results:
Core #0 (1 thread(s))
  L1I stats:
    Hits:                           95,009
    Misses:                          5,261
    Compulsory misses:               2,406
    Invalidations:                       0
    Miss rate:                        5.25%
  L1D stats:
    Hits:                           40,104
    Misses:                          2,527
    Compulsory misses:               2,325
    Invalidations:                       0
    Prefetch hits:                     657
    Prefetch misses:                 2,132
    Miss rate:                        5.93%
Core #1 (0 thread(s))
Core #2 (0 thread(s))
Core #3 (0 thread(s))
LL stats:
    Hits:                            4,217
    Misses:                          3,571
    Compulsory misses:               4,726
    Invalidations:                       0
    Prefetch hits:                     977
    Prefetch misses:                 1,155
    Local miss rate:                 45.85%
    Child hits:                    135,770
    Total miss rate:                  2.49%
