Cache simulation results:
Core #0 (1 thread(s))
  L1I stats:
    Hits:                           55,787
    Misses:                          2,705
    Compulsory misses:               2,446
    Invalidations:                       0
    Miss rate:                        4.62%
  L1D stats:
    Hits:                           21,434
    Misses:                          1,329
    Compulsory misses:               1,939
    Invalidations:                       0
    Prefetch hits:                     336
    Prefetch misses:                 1,123
    Miss rate:                        5.84%
Core #1 (0 thread(s))
Core #2 (0 thread(s))
Core #3 (0 thread(s))
LL stats:
    Hits:                              570
    Misses:                          3,464
    Compulsory misses:               4,380
    Invalidations:                       0
    Prefetch hits:                     207
    Prefetch misses:                   916
    Local miss rate:                 85.87%
    Child hits:                     77,557
    Total miss rate:                  4.25%
