Cache simulation results:
Core #0 (1 thread(s))
  L1I stats:
    Hits:                           94,743
    Misses:                          5,258
    Compulsory misses:               2,406
    Invalidations:                       0
    Miss rate:                        5.26%
  L1D stats:
    Hits:                           39,959
    Misses:                          2,507
    Compulsory misses:               2,307
    Invalidations:                       0
    Prefetch hits:                     643
    Prefetch misses:                 2,126
    Miss rate:                        5.90%
Core #1 (0 thread(s))
Core #2 (0 thread(s))
Core #3 (0 thread(s))
LL stats:
    Hits:                            4,203
    Misses:                          3,562
    Compulsory misses:               4,708
    Invalidations:                       0
    Prefetch hits:                     980
    Prefetch misses:                 1,146
    Local miss rate:                 45.87%
    Child hits:                    135,345
    Total miss rate:                  2.49%
