Cache simulation results:
Core #0 (1 thread(s))
  L1I stats:
    Hits:                           47,179
    Misses:                          2,648
    Compulsory misses:               2,394
    Invalidations:                       0
    Miss rate:                        5.31%
  L1D stats:
    Hits:                           19,885
    Misses:                          1,293
    Compulsory misses:               1,888
    Invalidations:                       0
    Prefetch hits:                     338
    Prefetch misses:                 1,086
    Miss rate:                        6.11%
Core #1 (0 thread(s))
Core #2 (0 thread(s))
Core #3 (0 thread(s))
LL stats:
    Hits:                              557
    Misses:                          3,384
    Compulsory misses:               4,277
    Invalidations:                       0
    Prefetch hits:                     193
    Prefetch misses:                   893
    Local miss rate:                 85.87%
    Child hits:                     67,402
    Total miss rate:                  4.74%
