Cache simulation results:
Core #0 (1 thread(s))
  L1I stats:
    Hits:                           47,965
    Misses:                          2,668
    Compulsory misses:               2,414
    Invalidations:                       0
    Miss rate:                        5.27%
  L1D stats:
    Hits:                           20,215
    Misses:                          1,334
    Compulsory misses:               1,951
    Invalidations:                       0
    Prefetch hits:                     336
    Prefetch misses:                 1,129
    Miss rate:                        6.19%
Core #1 (0 thread(s))
Core #2 (0 thread(s))
Core #3 (0 thread(s))
LL stats:
    Hits:                              566
    Misses:                          3,436
    Compulsory misses:               4,360
    Invalidations:                       0
    Prefetch hits:                     205
    Prefetch misses:                   924
    Local miss rate:                 85.86%
    Child hits:                     68,516
    Total miss rate:                  4.74%
