Cache simulation results:
Core #0 (1 thread(s))
  L1I stats:
    Hits:                           47,279
    Misses:                          2,649
    Compulsory misses:               2,395
    Invalidations:                       0
    Miss rate:                        5.31%
  L1D stats:
    Hits:                           19,926
    Misses:                          1,279
    Compulsory misses:               1,861
    Invalidations:                       0
    Prefetch hits:                     330
    Prefetch misses:                 1,080
    Miss rate:                        6.03%
Core #1 (0 thread(s))
Core #2 (0 thread(s))
Core #3 (0 thread(s))
LL stats:
    Hits:                              560
    Misses:                          3,368
    Compulsory misses:               4,251
    Invalidations:                       0
    Prefetch hits:                     197
    Prefetch misses:                   883
    Local miss rate:                 85.74%
    Child hits:                     67,535
    Total miss rate:                  4.71%
