Cache simulation results:
Core #0 (1 thread(s))
  L1I stats:
    Hits:                           47,431
    Misses:                          2,658
    Compulsory misses:               2,404
    Invalidations:                       0
    Miss rate:                        5.31%
  L1D stats:
    Hits:                           19,973
    Misses:                          1,315
    Compulsory misses:               1,913
    Invalidations:                       0
    Prefetch hits:                     340
    Prefetch misses:                 1,106
    Miss rate:                        6.18%
Core #1 (0 thread(s))
Core #2 (0 thread(s))
Core #3 (0 thread(s))
LL stats:
    Hits:                              570
    Misses:                          3,403
    Compulsory misses:               4,312
    Invalidations:                       0
    Prefetch hits:                     197
    Prefetch misses:                   909
    Local miss rate:                 85.65%
    Child hits:                     67,744
    Total miss rate:                  4.75%
