Cache simulation results:
Core #0 (1 thread(s))
  L1I stats:
    Hits:                           47,607
    Misses:                          2,679
    Compulsory misses:               2,423
    Invalidations:                       0
    Miss rate:                        5.33%
  L1D stats:
    Hits:                           20,070
    Misses:                          1,323
    Compulsory misses:               1,940
    Invalidations:                       0
    Prefetch hits:                     349
    Prefetch misses:                 1,105
    Miss rate:                        6.18%
Core #1 (0 thread(s))
Core #2 (0 thread(s))
Core #3 (0 thread(s))
LL stats:
    Hits:                              559
    Misses:                          3,443
    Compulsory misses:               4,358
    Invalidations:                       0
    Prefetch hits:                     190
    Prefetch misses:                   915
    Local miss rate:                 86.03%
    Child hits:                     68,026
    Total miss rate:                  4.78%
