Cache simulation results:
Core #0 (1 thread(s))
  L1I stats:
    Hits:                           94,413
    Misses:                          5,248
    Compulsory misses:               2,395
    Invalidations:                       0
    Miss rate:                        5.27%
  L1D stats:
    Hits:                           39,877
    Misses:                          2,493
    Compulsory misses:               2,271
    Invalidations:                       0
    Prefetch hits:                     652
    Prefetch misses:                 2,103
    Miss rate:                        5.88%
Core #1 (0 thread(s))
Core #2 (0 thread(s))
Core #3 (0 thread(s))
LL stats:
    Hits:                            4,205
    Misses:                          3,536
    Compulsory misses:               4,661
    Invalidations:                       0
    Prefetch hits:                     978
    Prefetch misses:                 1,125
    Local miss rate:                 45.68%
    Child hits:                    134,942
    Total miss rate:                  2.48%
