Cache simulation results:
Core #0 (1 thread(s))
  L1I stats:
    Hits:                           47,605
    Misses:                          2,663
    Compulsory misses:               2,409
    Invalidations:                       0
    Miss rate:                        5.30%
  L1D stats:
    Hits:                           20,037
    Misses:                          1,310
    Compulsory misses:               1,917
    Invalidations:                       0
    Prefetch hits:                     355
    Prefetch misses:                 1,087
    Miss rate:                        6.14%
Core #1 (0 thread(s))
Core #2 (0 thread(s))
Core #3 (0 thread(s))
LL stats:
    Hits:                              555
    Misses:                          3,418
    Compulsory misses:               4,321
    Invalidations:                       0
    Prefetch hits:                     184
    Prefetch misses:                   903
    Local miss rate:                 86.03%
    Child hits:                     67,997
    Total miss rate:                  4.75%
