Cache simulation results:
Core #0 (1 thread(s))
  L1I stats:
    Hits:                           47,301
    Misses:                          2,649
    Compulsory misses:               2,395
    Invalidations:                       0
    Miss rate:                        5.30%
  L1D stats:
    Hits:                           19,933
    Misses:                          1,278
    Compulsory misses:               1,866
    Invalidations:                       0
    Prefetch hits:                     334
    Prefetch misses:                 1,075
    Miss rate:                        6.03%
Core #1 (0 thread(s))
Core #2 (0 thread(s))
Core #3 (0 thread(s))
LL stats:
    Hits:                              558
    Misses:                          3,369
    Compulsory misses:               4,256
    Invalidations:                       0
    Prefetch hits:                     188
    Prefetch misses:                   887
    Local miss rate:                 85.79%
    Child hits:                     67,568
    Total miss rate:                  4.71%
