Cache simulation results:
Core #0 (1 thread(s))
  L1I stats:
    Hits:                           94,723
    Misses:                          5,270
    Compulsory misses:               2,412
    Invalidations:                       0
    Miss rate:                        5.27%
  L1D stats:
    Hits:                           40,005
    Misses:                          2,492
    Compulsory misses:               2,308
    Invalidations:                       0
    Prefetch hits:                     646
    Prefetch misses:                 2,108
    Miss rate:                        5.86%
Core #1 (0 thread(s))
Core #2 (0 thread(s))
Core #3 (0 thread(s))
LL stats:
    Hits:                            4,191
    Misses:                          3,571
    Compulsory misses:               4,715
    Invalidations:                       0
    Prefetch hits:                     964
    Prefetch misses:                 1,144
    Local miss rate:                 46.01%
    Child hits:                    135,374
    Total miss rate:                  2.49%
