Cache simulation results:
Core #0 (1 thread(s))
  L1I stats:
    Hits:                           47,901
    Misses:                          2,662
    Compulsory misses:               2,408
    Invalidations:                       0
    Miss rate:                        5.26%
  L1D stats:
    Hits:                           20,187
    Misses:                          1,313
    Compulsory misses:               1,931
    Invalidations:                       0
    Prefetch hits:                     332
    Prefetch misses:                 1,112
    Miss rate:                        6.11%
Core #1 (0 thread(s))
Core #2 (0 thread(s))
Core #3 (0 thread(s))
LL stats:
    Hits:                              559
    Misses:                          3,416
    Compulsory misses:               4,334
    Invalidations:                       0
    Prefetch hits:                     194
    Prefetch misses:                   918
    Local miss rate:                 85.94%
    Child hits:                     68,420
    Total miss rate:                  4.72%
