Cache simulation results:
Core #0 (1 thread(s))
  L1I stats:
    Hits:                           94,431
    Misses:                          5,253
    Compulsory misses:               2,398
    Invalidations:                       0
    Miss rate:                        5.27%
  L1D stats:
    Hits:                           39,880
    Misses:                          2,457
    Compulsory misses:               2,264
    Invalidations:                       0
    Prefetch hits:                     648
    Prefetch misses:                 2,071
    Miss rate:                        5.80%
Core #1 (0 thread(s))
Core #2 (0 thread(s))
Core #3 (0 thread(s))
LL stats:
    Hits:                            4,174
    Misses:                          3,536
    Compulsory misses:               4,657
    Invalidations:                       0
    Prefetch hits:                     950
    Prefetch misses:                 1,121
    Local miss rate:                 45.86%
    Child hits:                    134,959
    Total miss rate:                  2.48%
