Cache simulation results:
Core #0 (1 thread(s))
  L1I stats:
    Hits:                           47,336
    Misses:                          2,651
    Compulsory misses:               2,397
    Invalidations:                       0
    Miss rate:                        5.30%
  L1D stats:
    Hits:                           19,941
    Misses:                          1,285
    Compulsory misses:               1,868
    Invalidations:                       0
    Prefetch hits:                     337
    Prefetch misses:                 1,079
    Miss rate:                        6.05%
Core #1 (0 thread(s))
Core #2 (0 thread(s))
Core #3 (0 thread(s))
LL stats:
    Hits:                              558
    Misses:                          3,378
    Compulsory misses:               4,260
    Invalidations:                       0
    Prefetch hits:                     197
    Prefetch misses:                   882
    Local miss rate:                 85.82%
    Child hits:                     67,614
    Total miss rate:                  4.72%
