Cache simulation results:
Core #0 (1 thread(s))
  L1I stats:
    Hits:                           94,433
    Misses:                          5,252
    Compulsory misses:               2,397
    Invalidations:                       0
    Miss rate:                        5.27%
  L1D stats:
    Hits:                           39,825
    Misses:                          2,532
    Compulsory misses:               2,337
    Invalidations:                       0
    Prefetch hits:                     666
    Prefetch misses:                 2,128
    Miss rate:                        5.98%
Core #1 (0 thread(s))
Core #2 (0 thread(s))
Core #3 (0 thread(s))
LL stats:
    Hits:                            4,214
    Misses:                          3,570
    Compulsory misses:               4,729
    Invalidations:                       0
    Prefetch hits:                     969
    Prefetch misses:                 1,159
    Local miss rate:                 45.86%
    Child hits:                    134,924
    Total miss rate:                  2.50%
