Cache simulation results:
Core #0 (1 thread(s))
  L1I stats:
    Hits:                           48,841
    Misses:                          2,716
    Compulsory misses:               2,445
    Invalidations:                       0
    Miss rate:                        5.27%
  L1D stats:
    Hits:                           20,505
    Misses:                          1,363
    Compulsory misses:               1,989
    Invalidations:                       0
    Prefetch hits:                     343
    Prefetch misses:                 1,150
    Miss rate:                        6.23%
Core #1 (0 thread(s))
Core #2 (0 thread(s))
Core #3 (0 thread(s))
LL stats:
    Hits:                              591
    Misses:                          3,488
    Compulsory misses:               4,429
    Invalidations:                       0
    Prefetch hits:                     209
    Prefetch misses:                   941
    Local miss rate:                 85.51%
    Child hits:                     69,689
    Total miss rate:                  4.73%
