Cache simulation results:
Core #0 (1 thread(s))
  L1I stats:
    Hits:                           47,486
    Misses:                          2,670
    Compulsory misses:               2,413
    Invalidations:                       0
    Miss rate:                        5.32%
  L1D stats:
    Hits:                           20,036
    Misses:                          1,301
    Compulsory misses:               1,909
    Invalidations:                       0
    Prefetch hits:                     338
    Prefetch misses:                 1,094
    Miss rate:                        6.10%
Core #1 (0 thread(s))
Core #2 (0 thread(s))
Core #3 (0 thread(s))
LL stats:
    Hits:                              558
    Misses:                          3,413
    Compulsory misses:               4,317
    Invalidations:                       0
    Prefetch hits:                     190
    Prefetch misses:                   904
    Local miss rate:                 85.95%
    Child hits:                     67,860
    Total miss rate:                  4.75%
