Cache simulation results:
Core #0 (1 thread(s))
  L1I stats:
    Hits:                           94,659
    Misses:                          5,257
    Compulsory misses:               2,402
    Invalidations:                       0
    Miss rate:                        5.26%
  L1D stats:
    Hits:                           39,907
    Misses:                          2,526
    Compulsory misses:               2,393
    Invalidations:                       0
    Prefetch hits:                     632
    Prefetch misses:                 2,156
    Miss rate:                        5.95%
Core #1 (0 thread(s))
Core #2 (0 thread(s))
Core #3 (0 thread(s))
LL stats:
    Hits:                            4,181
    Misses:                          3,602
    Compulsory misses:               4,790
    Invalidations:                       0
    Prefetch hits:                     968
    Prefetch misses:                 1,188
    Local miss rate:                 46.28%
    Child hits:                    135,198
    Total miss rate:                  2.52%
