Cache simulation results:
Core #0 (1 thread(s))
  L1I stats:
    Hits:                           47,376
    Misses:                          2,656
    Compulsory misses:               2,400
    Invalidations:                       0
    Miss rate:                        5.31%
  L1D stats:
    Hits:                           19,968
    Misses:                          1,294
    Compulsory misses:               1,885
    Invalidations:                       0
    Prefetch hits:                     333
    Prefetch misses:                 1,092
    Miss rate:                        6.09%
Core #1 (0 thread(s))
Core #2 (0 thread(s))
Core #3 (0 thread(s))
LL stats:
    Hits:                              565
    Misses:                          3,385
    Compulsory misses:               4,280
    Invalidations:                       0
    Prefetch hits:                     197
    Prefetch misses:                   895
    Local miss rate:                 85.70%
    Child hits:                     67,677
    Total miss rate:                  4.73%
