Cache simulation results:
Core #0 (1 thread(s))
  L1I stats:
    Hits:                           47,276
    Misses:                          2,642
    Compulsory misses:               2,388
    Invalidations:                       0
    Miss rate:                        5.29%
  L1D stats:
    Hits:                           19,927
    Misses:                          1,275
    Compulsory misses:               1,887
    Invalidations:                       0
    Prefetch hits:                     330
    Prefetch misses:                 1,076
    Miss rate:                        6.01%
Core #1 (0 thread(s))
Core #2 (0 thread(s))
Core #3 (0 thread(s))
LL stats:
    Hits:                              535
    Misses:                          3,382
    Compulsory misses:               4,270
    Invalidations:                       0
    Prefetch hits:                     188
    Prefetch misses:                   888
    Local miss rate:                 86.34%
    Child hits:                     67,533
    Total miss rate:                  4.73%
