Cache simulation results:
Core #0 (1 thread(s))
  L1I stats:
    Hits:                           57,623
    Misses:                          2,662
    Compulsory misses:               2,405
    Invalidations:                       0
    Miss rate:                        4.42%
  L1D stats:
    Hits:                           21,176
    Misses:                          1,286
    Compulsory misses:               1,869
    Invalidations:                       0
    Prefetch hits:                     337
    Prefetch misses:                 1,080
    Miss rate:                        5.73%
Core #1 (0 thread(s))
Core #2 (0 thread(s))
Core #3 (0 thread(s))
LL stats:
    Hits:                              564
    Misses:                          3,384
    Compulsory misses:               4,269
    Invalidations:                       0
    Prefetch hits:                     195
    Prefetch misses:                   885
    Local miss rate:                 85.71%
    Child hits:                     79,136
    Total miss rate:                  4.07%
