Cache simulation results:
Core #0 (1 thread(s))
  L1I stats:
    Hits:                           76,227
    Misses:                          2,802
    Compulsory misses:               2,454
    Invalidations:                       0
    Miss rate:                        3.55%
  L1D stats:
    Hits:                           23,691
    Misses:                          1,372
    Compulsory misses:               1,971
    Invalidations:                       0
    Prefetch hits:                     354
    Prefetch misses:                 1,149
    Miss rate:                        5.47%
Core #1 (0 thread(s))
Core #2 (0 thread(s))
Core #3 (0 thread(s))
LL stats:
    Hits:                              688
    Misses:                          3,486
    Compulsory misses:               4,420
    Invalidations:                       0
    Prefetch hits:                     215
    Prefetch misses:                   934
    Local miss rate:                 83.52%
    Child hits:                    100,272
    Total miss rate:                  3.34%
