Cache simulation results:
Core #0 (1 thread(s))
  L1I stats:
    Hits:                           47,423
    Misses:                          2,663
    Compulsory misses:               2,409
    Invalidations:                       0
    Miss rate:                        5.32%
  L1D stats:
    Hits:                           19,998
    Misses:                          1,313
    Compulsory misses:               1,935
    Invalidations:                       0
    Prefetch hits:                     328
    Prefetch misses:                 1,116
    Miss rate:                        6.16%
Core #1 (0 thread(s))
Core #2 (0 thread(s))
Core #3 (0 thread(s))
LL stats:
    Hits:                              550
    Misses:                          3,426
    Compulsory misses:               4,339
    Invalidations:                       0
    Prefetch hits:                     203
    Prefetch misses:                   913
    Local miss rate:                 86.17%
    Child hits:                     67,749
    Total miss rate:                  4.78%
