Cache simulation results:
Core #0 (1 thread(s))
  L1I stats:
    Hits:                           47,278
    Misses:                          2,650
    Compulsory misses:               2,396
    Invalidations:                       0
    Miss rate:                        5.31%
  L1D stats:
    Hits:                           19,901
    Misses:                          1,293
    Compulsory misses:               1,891
    Invalidations:                       0
    Prefetch hits:                     332
    Prefetch misses:                 1,092
    Miss rate:                        6.10%
Core #1 (0 thread(s))
Core #2 (0 thread(s))
Core #3 (0 thread(s))
LL stats:
    Hits:                              552
    Misses:                          3,391
    Compulsory misses:               4,282
    Invalidations:                       0
    Prefetch hits:                     201
    Prefetch misses:                   891
    Local miss rate:                 86.00%
    Child hits:                     67,511
    Total miss rate:                  4.75%
