Cache simulation results:
Core #0 (1 thread(s))
  L1I stats:
    Hits:                           47,457
    Misses:                          2,655
    Compulsory misses:               2,403
    Invalidations:                       0
    Miss rate:                        5.30%
  L1D stats:
    Hits:                           20,014
    Misses:                          1,294
    Compulsory misses:               1,885
    Invalidations:                       0
    Prefetch hits:                     337
    Prefetch misses:                 1,088
    Miss rate:                        6.07%
Core #1 (0 thread(s))
Core #2 (0 thread(s))
Core #3 (0 thread(s))
LL stats:
    Hits:                              555
    Misses:                          3,394
    Compulsory misses:               4,283
    Invalidations:                       0
    Prefetch hits:                     199
    Prefetch misses:                   889
    Local miss rate:                 85.95%
    Child hits:                     67,808
    Total miss rate:                  4.73%
