Cache simulation results:
Core #0 (1 thread(s))
  L1I stats:
    Hits:                           94,575
    Misses:                          5,271
    Compulsory misses:               2,415
    Invalidations:                       0
    Miss rate:                        5.28%
  L1D stats:
    Hits:                           39,940
    Misses:                          2,513
    Compulsory misses:               2,272
    Invalidations:                       0
    Prefetch hits:                     653
    Prefetch misses:                 2,122
    Miss rate:                        5.92%
Core #1 (0 thread(s))
Core #2 (0 thread(s))
Core #3 (0 thread(s))
LL stats:
    Hits:                            4,236
    Misses:                          3,548
    Compulsory misses:               4,682
    Invalidations:                       0
    Prefetch hits:                     988
    Prefetch misses:                 1,134
    Local miss rate:                 45.58%
    Child hits:                    135,168
    Total miss rate:                  2.48%
