Cache simulation results:
Core #0 (1 thread(s))
  L1I stats:
    Hits:                           48,101
    Misses:                          2,673
    Compulsory misses:               2,416
    Invalidations:                       0
    Miss rate:                        5.26%
  L1D stats:
    Hits:                           20,219
    Misses:                          1,307
    Compulsory misses:               1,905
    Invalidations:                       0
    Prefetch hits:                     336
    Prefetch misses:                 1,101
    Miss rate:                        6.07%
Core #1 (0 thread(s))
Core #2 (0 thread(s))
Core #3 (0 thread(s))
LL stats:
    Hits:                              565
    Misses:                          3,415
    Compulsory misses:               4,316
    Invalidations:                       0
    Prefetch hits:                     200
    Prefetch misses:                   901
    Local miss rate:                 85.80%
    Child hits:                     68,656
    Total miss rate:                  4.70%
