Cache simulation results:
Core #0 (1 thread(s))
  L1I stats:
    Hits:                           47,105
    Misses:                          2,647
    Compulsory misses:               2,393
    Invalidations:                       0
    Miss rate:                        5.32%
  L1D stats:
    Hits:                           19,881
    Misses:                          1,280
    Compulsory misses:               1,881
    Invalidations:                       0
    Prefetch hits:                     321
    Prefetch misses:                 1,090
    Miss rate:                        6.05%
Core #1 (0 thread(s))
Core #2 (0 thread(s))
Core #3 (0 thread(s))
LL stats:
    Hits:                              551
    Misses:                          3,376
    Compulsory misses:               4,269
    Invalidations:                       0
    Prefetch hits:                     197
    Prefetch misses:                   893
    Local miss rate:                 85.97%
    Child hits:                     67,307
    Total miss rate:                  4.74%
