Cache simulation results:
Core #0 (1 thread(s))
  L1I stats:
    Hits:                           94,846
    Misses:                          5,278
    Compulsory misses:               2,425
    Invalidations:                       0
    Miss rate:                        5.27%
  L1D stats:
    Hits:                           40,025
    Misses:                          2,538
    Compulsory misses:               2,341
    Invalidations:                       0
    Prefetch hits:                     678
    Prefetch misses:                 2,122
    Miss rate:                        5.96%
Core #1 (0 thread(s))
Core #2 (0 thread(s))
Core #3 (0 thread(s))
LL stats:
    Hits:                            4,205
    Misses:                          3,611
    Compulsory misses:               4,761
    Invalidations:                       0
    Prefetch hits:                     972
    Prefetch misses:                 1,150
    Local miss rate:                 46.20%
    Child hits:                    135,549
    Total miss rate:                  2.52%
