Cache simulation results:
Core #0 (1 thread(s))
  L1I stats:
    Hits:                           47,540
    Misses:                          2,684
    Compulsory misses:               2,414
    Invalidations:                       0
    Miss rate:                        5.34%
  L1D stats:
    Hits:                           20,066
    Misses:                          1,338
    Compulsory misses:               1,928
    Invalidations:                       0
    Prefetch hits:                     346
    Prefetch misses:                 1,123
    Miss rate:                        6.25%
Core #1 (0 thread(s))
Core #2 (0 thread(s))
Core #3 (0 thread(s))
LL stats:
    Hits:                              598
    Misses:                          3,424
    Compulsory misses:               4,337
    Invalidations:                       0
    Prefetch hits:                     210
    Prefetch misses:                   913
    Local miss rate:                 85.13%
    Child hits:                     67,952
    Total miss rate:                  4.76%
