Cache simulation results:
Core #0 (1 thread(s))
  L1I stats:
    Hits:                           95,763
    Misses:                          5,299
    Compulsory misses:               2,421
    Invalidations:                       0
    Miss rate:                        5.24%
  L1D stats:
    Hits:                           40,399
    Misses:                          2,500
    Compulsory misses:               2,324
    Invalidations:                       0
    Prefetch hits:                     646
    Prefetch misses:                 2,115
    Miss rate:                        5.83%
Core #1 (0 thread(s))
Core #2 (0 thread(s))
Core #3 (0 thread(s))
LL stats:
    Hits:                            4,217
    Misses:                          3,582
    Compulsory misses:               4,740
    Invalidations:                       0
    Prefetch hits:                     957
    Prefetch misses:                 1,158
    Local miss rate:                 45.93%
    Child hits:                    136,808
    Total miss rate:                  2.48%
