Cache simulation results:
Core #0 (1 thread(s))
  L1I stats:
    Hits:                           47,403
    Misses:                          2,669
    Compulsory misses:               2,413
    Invalidations:                       0
    Miss rate:                        5.33%
  L1D stats:
    Hits:                           19,977
    Misses:                          1,336
    Compulsory misses:               1,938
    Invalidations:                       0
    Prefetch hits:                     348
    Prefetch misses:                 1,119
    Miss rate:                        6.27%
Core #1 (0 thread(s))
Core #2 (0 thread(s))
Core #3 (0 thread(s))
LL stats:
    Hits:                              571
    Misses:                          3,434
    Compulsory misses:               4,346
    Invalidations:                       0
    Prefetch hits:                     207
    Prefetch misses:                   912
    Local miss rate:                 85.74%
    Child hits:                     67,728
    Total miss rate:                  4.79%
