Cache simulation results:
Core #0 (1 thread(s))
  L1I stats:
    Hits:                           47,365
    Misses:                          2,655
    Compulsory misses:               2,401
    Invalidations:                       0
    Miss rate:                        5.31%
  L1D stats:
    Hits:                           19,971
    Misses:                          1,297
    Compulsory misses:               1,893
    Invalidations:                       0
    Prefetch hits:                     333
    Prefetch misses:                 1,095
    Miss rate:                        6.10%
Core #1 (0 thread(s))
Core #2 (0 thread(s))
Core #3 (0 thread(s))
LL stats:
    Hits:                              560
    Misses:                          3,392
    Compulsory misses:               4,289
    Invalidations:                       0
    Prefetch hits:                     198
    Prefetch misses:                   897
    Local miss rate:                 85.83%
    Child hits:                     67,669
    Total miss rate:                  4.74%
