Cache simulation results:
Core #0 (1 thread(s))
  L1I stats:
    Hits:                           47,311
    Misses:                          2,656
    Compulsory misses:               2,402
    Invalidations:                       0
    Miss rate:                        5.32%
  L1D stats:
    Hits:                           19,923
    Misses:                          1,296
    Compulsory misses:               1,890
    Invalidations:                       0
    Prefetch hits:                     338
    Prefetch misses:                 1,089
    Miss rate:                        6.11%
Core #1 (0 thread(s))
Core #2 (0 thread(s))
Core #3 (0 thread(s))
LL stats:
    Hits:                              563
    Misses:                          3,389
    Compulsory misses:               4,287
    Invalidations:                       0
    Prefetch hits:                     191
    Prefetch misses:                   898
    Local miss rate:                 85.75%
    Child hits:                     67,572
    Total miss rate:                  4.74%
