Cache simulation results:
Core #0 (1 thread(s))
  L1I stats:
    Hits:                           48,634
    Misses:                          2,680
    Compulsory misses:               2,426
    Invalidations:                       0
    Miss rate:                        5.22%
  L1D stats:
    Hits:                           20,520
    Misses:                          1,328
    Compulsory misses:               1,928
    Invalidations:                       0
    Prefetch hits:                     336
    Prefetch misses:                 1,123
    Miss rate:                        6.08%
Core #1 (0 thread(s))
Core #2 (0 thread(s))
Core #3 (0 thread(s))
LL stats:
    Hits:                              573
    Misses:                          3,435
    Compulsory misses:               4,349
    Invalidations:                       0
    Prefetch hits:                     209
    Prefetch misses:                   914
    Local miss rate:                 85.70%
    Child hits:                     69,490
    Total miss rate:                  4.67%
