Cache simulation results:
Core #0 (1 thread(s))
  L1I stats:
    Hits:                           48,967
    Misses:                          2,741
    Compulsory misses:               2,455
    Invalidations:                       0
    Miss rate:                        5.30%
  L1D stats:
    Hits:                           20,568
    Misses:                          1,342
    Compulsory misses:               1,954
    Invalidations:                       0
    Prefetch hits:                     338
    Prefetch misses:                 1,134
    Miss rate:                        6.13%
Core #1 (0 thread(s))
Core #2 (0 thread(s))
Core #3 (0 thread(s))
LL stats:
    Hits:                              607
    Misses:                          3,476
    Compulsory misses:               4,404
    Invalidations:                       0
    Prefetch hits:                     206
    Prefetch misses:                   928
    Local miss rate:                 85.13%
    Child hits:                     69,873
    Total miss rate:                  4.70%
