Cache simulation results:
Core #0 (1 thread(s))
  L1I stats:
    Hits:                           94,511
    Misses:                          5,246
    Compulsory misses:               2,394
    Invalidations:                       0
    Miss rate:                        5.26%
  L1D stats:
    Hits:                           39,911
    Misses:                          2,472
    Compulsory misses:               2,263
    Invalidations:                       0
    Prefetch hits:                     649
    Prefetch misses:                 2,085
    Miss rate:                        5.83%
Core #1 (0 thread(s))
Core #2 (0 thread(s))
Core #3 (0 thread(s))
LL stats:
    Hits:                            4,188
    Misses:                          3,530
    Compulsory misses:               4,652
    Invalidations:                       0
    Prefetch hits:                     963
    Prefetch misses:                 1,122
    Local miss rate:                 45.74%
    Child hits:                    135,071
    Total miss rate:                  2.47%
