Cache simulation results:
Core #0 (1 thread(s))
  L1I stats:
    Hits:                           94,499
    Misses:                          5,248
    Compulsory misses:               2,395
    Invalidations:                       0
    Miss rate:                        5.26%
  L1D stats:
    Hits:                           39,870
    Misses:                          2,496
    Compulsory misses:               2,271
    Invalidations:                       0
    Prefetch hits:                     663
    Prefetch misses:                 2,095
    Miss rate:                        5.89%
Core #1 (0 thread(s))
Core #2 (0 thread(s))
Core #3 (0 thread(s))
LL stats:
    Hits:                            4,208
    Misses:                          3,536
    Compulsory misses:               4,661
    Invalidations:                       0
    Prefetch hits:                     970
    Prefetch misses:                 1,125
    Local miss rate:                 45.66%
    Child hits:                    135,032
    Total miss rate:                  2.48%
