Cache simulation results:
Core #0 (1 thread(s))
  L1I stats:
    Hits:                           47,345
    Misses:                          2,654
    Compulsory misses:               2,400
    Invalidations:                       0
    Miss rate:                        5.31%
  L1D stats:
    Hits:                           19,943
    Misses:                          1,290
    Compulsory misses:               1,871
    Invalidations:                       0
    Prefetch hits:                     342
    Prefetch misses:                 1,079
    Miss rate:                        6.08%
Core #1 (0 thread(s))
Core #2 (0 thread(s))
Core #3 (0 thread(s))
LL stats:
    Hits:                              559
    Misses:                          3,385
    Compulsory misses:               4,266
    Invalidations:                       0
    Prefetch hits:                     198
    Prefetch misses:                   881
    Local miss rate:                 85.83%
    Child hits:                     67,630
    Total miss rate:                  4.73%
