Cache simulation results:
Core #0 (1 thread(s))
  L1I stats:
    Hits:                           94,487
    Misses:                          5,234
    Compulsory misses:               2,387
    Invalidations:                       0
    Miss rate:                        5.25%
  L1D stats:
    Hits:                           39,934
    Misses:                          2,490
    Compulsory misses:               2,255
    Invalidations:                       0
    Prefetch hits:                     642
    Prefetch misses:                 2,110
    Miss rate:                        5.87%
Core #1 (0 thread(s))
Core #2 (0 thread(s))
Core #3 (0 thread(s))
LL stats:
    Hits:                            4,205
    Misses:                          3,519
    Compulsory misses:               4,637
    Invalidations:                       0
    Prefetch hits:                     992
    Prefetch misses:                 1,118
    Local miss rate:                 45.56%
    Child hits:                    135,063
    Total miss rate:                  2.46%
