Cache simulation results:
Core #0 (1 thread(s))
  L1I stats:
    Hits:                           94,945
    Misses:                          5,270
    Compulsory misses:               2,415
    Invalidations:                       0
    Miss rate:                        5.26%
  L1D stats:
    Hits:                           40,045
    Misses:                          2,497
    Compulsory misses:               2,338
    Invalidations:                       0
    Prefetch hits:                     641
    Prefetch misses:                 2,118
    Miss rate:                        5.87%
Core #1 (0 thread(s))
Core #2 (0 thread(s))
Core #3 (0 thread(s))
LL stats:
    Hits:                            4,179
    Misses:                          3,588
    Compulsory misses:               4,748
    Invalidations:                       0
    Prefetch hits:                     958
    Prefetch misses:                 1,160
    Local miss rate:                 46.20%
    Child hits:                    135,631
    Total miss rate:                  2.50%
