Cache simulation results:
Core #0 (1 thread(s))
  L1I stats:
    Hits:                           47,820
    Misses:                          2,661
    Compulsory misses:               2,407
    Invalidations:                       0
    Miss rate:                        5.27%
  L1D stats:
    Hits:                           20,152
    Misses:                          1,306
    Compulsory misses:               1,906
    Invalidations:                       0
    Prefetch hits:                     337
    Prefetch misses:                 1,100
    Miss rate:                        6.09%
Core #1 (0 thread(s))
Core #2 (0 thread(s))
Core #3 (0 thread(s))
LL stats:
    Hits:                              559
    Misses:                          3,408
    Compulsory misses:               4,308
    Invalidations:                       0
    Prefetch hits:                     200
    Prefetch misses:                   900
    Local miss rate:                 85.91%
    Child hits:                     68,309
    Total miss rate:                  4.72%
