Cache simulation results:
Core #0 (1 thread(s))
  L1I stats:
    Hits:                           47,207
    Misses:                          2,650
    Compulsory misses:               2,396
    Invalidations:                       0
    Miss rate:                        5.32%
  L1D stats:
    Hits:                           19,891
    Misses:                          1,279
    Compulsory misses:               1,867
    Invalidations:                       0
    Prefetch hits:                     329
    Prefetch misses:                 1,081
    Miss rate:                        6.04%
Core #1 (0 thread(s))
Core #2 (0 thread(s))
Core #3 (0 thread(s))
LL stats:
    Hits:                              560
    Misses:                          3,369
    Compulsory misses:               4,258
    Invalidations:                       0
    Prefetch hits:                     192
    Prefetch misses:                   889
    Local miss rate:                 85.75%
    Child hits:                     67,427
    Total miss rate:                  4.72%
