Cache simulation results:
Core #0 (1 thread(s))
  L1I stats:
    Hits:                           47,232
    Misses:                          2,650
    Compulsory misses:               2,396
    Invalidations:                       0
    Miss rate:                        5.31%
  L1D stats:
    Hits:                           19,905
    Misses:                          1,278
    Compulsory misses:               1,854
    Invalidations:                       0
    Prefetch hits:                     340
    Prefetch misses:                 1,069
    Miss rate:                        6.03%
Core #1 (0 thread(s))
Core #2 (0 thread(s))
Core #3 (0 thread(s))
LL stats:
    Hits:                              559
    Misses:                          3,369
    Compulsory misses:               4,245
    Invalidations:                       0
    Prefetch hits:                     193
    Prefetch misses:                   876
    Local miss rate:                 85.77%
    Child hits:                     67,477
    Total miss rate:                  4.72%
