Cache simulation results:
Core #0 (1 thread(s))
  L1I stats:
    Hits:                          235,232
    Misses:                          5,296
    Compulsory misses:               2,431
    Invalidations:                       0
    Miss rate:                        2.20%
  L1D stats:
    Hits:                           60,142
    Misses:                          2,471
    Compulsory misses:               2,272
    Invalidations:                       0
    Prefetch hits:                     644
    Prefetch misses:                 2,089
    Miss rate:                        3.95%
Core #1 (0 thread(s))
Core #2 (0 thread(s))
Core #3 (0 thread(s))
LL stats:
    Hits:                            4,193
    Misses:                          3,574
    Compulsory misses:               4,698
    Invalidations:                       0
    Prefetch hits:                     965
    Prefetch misses:                 1,124
    Local miss rate:                 46.02%
    Child hits:                    296,018
    Total miss rate:                  1.18%
