Cache simulation results:
Core #0 (1 thread(s))
  L1I stats:
    Hits:                           47,279
    Misses:                          2,648
    Compulsory misses:               2,394
    Invalidations:                       0
    Miss rate:                        5.30%
  L1D stats:
    Hits:                           19,956
    Misses:                          1,274
    Compulsory misses:               1,871
    Invalidations:                       0
    Prefetch hits:                     338
    Prefetch misses:                 1,067
    Miss rate:                        6.00%
Core #1 (0 thread(s))
Core #2 (0 thread(s))
Core #3 (0 thread(s))
LL stats:
    Hits:                              543
    Misses:                          3,379
    Compulsory misses:               4,260
    Invalidations:                       0
    Prefetch hits:                     186
    Prefetch misses:                   881
    Local miss rate:                 86.16%
    Child hits:                     67,573
    Total miss rate:                  4.73%
