Cache simulation results:
Core #0 (1 thread(s))
  L1I stats:
    Hits:                           48,269
    Misses:                          2,683
    Compulsory misses:               2,430
    Invalidations:                       0
    Miss rate:                        5.27%
  L1D stats:
    Hits:                           20,101
    Misses:                          1,339
    Compulsory misses:               1,979
    Invalidations:                       0
    Prefetch hits:                     345
    Prefetch misses:                 1,125
    Miss rate:                        6.25%
Core #1 (0 thread(s))
Core #2 (0 thread(s))
Core #3 (0 thread(s))
LL stats:
    Hits:                              558
    Misses:                          3,464
    Compulsory misses:               4,404
    Invalidations:                       0
    Prefetch hits:                     185
    Prefetch misses:                   940
    Local miss rate:                 86.13%
    Child hits:                     68,715
    Total miss rate:                  4.76%
