Cache simulation results:
Core #0 (1 thread(s))
  L1I stats:
    Hits:                           47,190
    Misses:                          2,648
    Compulsory misses:               2,394
    Invalidations:                       0
    Miss rate:                        5.31%
  L1D stats:
    Hits:                           19,885
    Misses:                          1,303
    Compulsory misses:               1,896
    Invalidations:                       0
    Prefetch hits:                     335
    Prefetch misses:                 1,099
    Miss rate:                        6.15%
Core #1 (0 thread(s))
Core #2 (0 thread(s))
Core #3 (0 thread(s))
LL stats:
    Hits:                              565
    Misses:                          3,386
    Compulsory misses:               4,285
    Invalidations:                       0
    Prefetch hits:                     200
    Prefetch misses:                   899
    Local miss rate:                 85.70%
    Child hits:                     67,410
    Total miss rate:                  4.74%
