Cache simulation results:
Core #0 (1 thread(s))
  L1I stats:
    Hits:                           94,432
    Misses:                          5,251
    Compulsory misses:               2,396
    Invalidations:                       0
    Miss rate:                        5.27%
  L1D stats:
    Hits:                           39,862
    Misses:                          2,484
    Compulsory misses:               2,276
    Invalidations:                       0
    Prefetch hits:                     652
    Prefetch misses:                 2,094
    Miss rate:                        5.87%
Core #1 (0 thread(s))
Core #2 (0 thread(s))
Core #3 (0 thread(s))
LL stats:
    Hits:                            4,194
    Misses:                          3,541
    Compulsory misses:               4,667
    Invalidations:                       0
    Prefetch hits:                     968
    Prefetch misses:                 1,126
    Local miss rate:                 45.78%
    Child hits:                    134,946
    Total miss rate:                  2.48%
