Cache simulation results:
Core #0 (1 thread(s))
  L1I stats:
    Hits:                           96,078
    Misses:                          5,308
    Compulsory misses:               2,447
    Invalidations:                       0
    Miss rate:                        5.24%
  L1D stats:
    Hits:                           40,436
    Misses:                          2,533
    Compulsory misses:               2,385
    Invalidations:                       0
    Prefetch hits:                     660
    Prefetch misses:                 2,134
    Miss rate:                        5.89%
Core #1 (0 thread(s))
Core #2 (0 thread(s))
Core #3 (0 thread(s))
LL stats:
    Hits:                            4,197
    Misses:                          3,644
    Compulsory misses:               4,827
    Invalidations:                       0
    Prefetch hits:                     951
    Prefetch misses:                 1,183
    Local miss rate:                 46.47%
    Child hits:                    137,174
    Total miss rate:                  2.51%
