Cache simulation results:
Core #0 (1 thread(s))
  L1I stats:
    Hits:                           48,127
    Misses:                          2,671
    Compulsory misses:               2,416
    Invalidations:                       0
    Miss rate:                        5.26%
  L1D stats:
    Hits:                           20,221
    Misses:                          1,301
    Compulsory misses:               1,908
    Invalidations:                       0
    Prefetch hits:                     334
    Prefetch misses:                 1,097
    Miss rate:                        6.04%
Core #1 (0 thread(s))
Core #2 (0 thread(s))
Core #3 (0 thread(s))
LL stats:
    Hits:                              557
    Misses:                          3,415
    Compulsory misses:               4,319
    Invalidations:                       0
    Prefetch hits:                     193
    Prefetch misses:                   904
    Local miss rate:                 85.98%
    Child hits:                     68,682
    Total miss rate:                  4.70%
