Cache simulation results:
Core #0 (1 thread(s))
  L1I stats:
    Hits:                           83,735
    Misses:                          4,613
    Compulsory misses:               2,434
    Invalidations:                       0
    Miss rate:                        5.22%
  L1D stats:
    Hits:                           36,311
    Misses:                          2,243
    Compulsory misses:               2,310
    Invalidations:                       0
    Prefetch hits:                     607
    Prefetch misses:                 1,892
    Miss rate:                        5.82%
Core #1 (0 thread(s))
Core #2 (0 thread(s))
Core #3 (0 thread(s))
LL stats:
    Hits:                            3,258
    Misses:                          3,598
    Compulsory misses:               4,739
    Invalidations:                       0
    Prefetch hits:                     751
    Prefetch misses:                 1,141
    Local miss rate:                 52.48%
    Child hits:                    120,653
    Total miss rate:                  2.82%
