Cache simulation results:
Core #0 (1 thread(s))
  L1I stats:
    Hits:                           47,226
    Misses:                          2,648
    Compulsory misses:               2,394
    Invalidations:                       0
    Miss rate:                        5.31%
  L1D stats:
    Hits:                           19,889
    Misses:                          1,297
    Compulsory misses:               1,886
    Invalidations:                       0
    Prefetch hits:                     343
    Prefetch misses:                 1,085
    Miss rate:                        6.12%
Core #1 (0 thread(s))
Core #2 (0 thread(s))
Core #3 (0 thread(s))
LL stats:
    Hits:                              562
    Misses:                          3,383
    Compulsory misses:               4,275
    Invalidations:                       0
    Prefetch hits:                     193
    Prefetch misses:                   892
    Local miss rate:                 85.75%
    Child hits:                     67,458
    Total miss rate:                  4.74%
