Cache simulation results:
Core #0 (1 thread(s))
  L1I stats:
    Hits:                           95,409
    Misses:                          5,274
    Compulsory misses:               2,421
    Invalidations:                       0
    Miss rate:                        5.24%
  L1D stats:
    Hits:                           40,294
    Misses:                          2,502
    Compulsory misses:               2,321
    Invalidations:                       0
    Prefetch hits:                     649
    Prefetch misses:                 2,115
    Miss rate:                        5.85%
Core #1 (0 thread(s))
Core #2 (0 thread(s))
Core #3 (0 thread(s))
LL stats:
    Hits:                            4,188
    Misses:                          3,588
    Compulsory misses:               4,737
    Invalidations:                       0
    Prefetch hits:                     966
    Prefetch misses:                 1,149
    Local miss rate:                 46.14%
    Child hits:                    136,352
    Total miss rate:                  2.49%
