Cache simulation results:
Core #0 (1 thread(s))
  L1I stats:
    Hits:                           47,467
    Misses:                          2,668
    Compulsory misses:               2,411
    Invalidations:                       0
    Miss rate:                        5.32%
  L1D stats:
    Hits:                           19,991
    Misses:                          1,319
    Compulsory misses:               1,923
    Invalidations:                       0
    Prefetch hits:                     336
    Prefetch misses:                 1,114
    Miss rate:                        6.19%
Core #1 (0 thread(s))
Core #2 (0 thread(s))
Core #3 (0 thread(s))
LL stats:
    Hits:                              570
    Misses:                          3,417
    Compulsory misses:               4,329
    Invalidations:                       0
    Prefetch hits:                     202
    Prefetch misses:                   912
    Local miss rate:                 85.70%
    Child hits:                     67,794
    Total miss rate:                  4.76%
