Cache simulation results:
Core #0 (1 thread(s))
  L1I stats:
    Hits:                           48,774
    Misses:                          2,686
    Compulsory misses:               2,433
    Invalidations:                       0
    Miss rate:                        5.22%
  L1D stats:
    Hits:                           20,446
    Misses:                          1,324
    Compulsory misses:               1,948
    Invalidations:                       0
    Prefetch hits:                     332
    Prefetch misses:                 1,122
    Miss rate:                        6.08%
Core #1 (0 thread(s))
Core #2 (0 thread(s))
Core #3 (0 thread(s))
LL stats:
    Hits:                              556
    Misses:                          3,454
    Compulsory misses:               4,376
    Invalidations:                       0
    Prefetch hits:                     200
    Prefetch misses:                   922
    Local miss rate:                 86.13%
    Child hits:                     69,552
    Total miss rate:                  4.70%
