Cache simulation results:
Core #0 (1 thread(s))
  L1I stats:
    Hits:                           47,211
    Misses:                          2,648
    Compulsory misses:               2,394
    Invalidations:                       0
    Miss rate:                        5.31%
  L1D stats:
    Hits:                           19,860
    Misses:                          1,315
    Compulsory misses:               1,882
    Invalidations:                       0
    Prefetch hits:                     349
    Prefetch misses:                 1,097
    Miss rate:                        6.21%
Core #1 (0 thread(s))
Core #2 (0 thread(s))
Core #3 (0 thread(s))
LL stats:
    Hits:                              586
    Misses:                          3,377
    Compulsory misses:               4,271
    Invalidations:                       0
    Prefetch hits:                     203
    Prefetch misses:                   894
    Local miss rate:                 85.21%
    Child hits:                     67,420
    Total miss rate:                  4.73%
