Cache simulation results:
Core #0 (1 thread(s))
  L1I stats:
    Hits:                           94,514
    Misses:                          5,250
    Compulsory misses:               2,396
    Invalidations:                       0
    Miss rate:                        5.26%
  L1D stats:
    Hits:                           39,912
    Misses:                          2,473
    Compulsory misses:               2,252
    Invalidations:                       0
    Prefetch hits:                     658
    Prefetch misses:                 2,077
    Miss rate:                        5.83%
Core #1 (0 thread(s))
Core #2 (0 thread(s))
Core #3 (0 thread(s))
LL stats:
    Hits:                            4,195
    Misses:                          3,528
    Compulsory misses:               4,643
    Invalidations:                       0
    Prefetch hits:                     962
    Prefetch misses:                 1,115
    Local miss rate:                 45.68%
    Child hits:                    135,084
    Total miss rate:                  2.47%
