Cache simulation results:
Core #0 (1 thread(s))
  L1I stats:
    Hits:                           47,484
    Misses:                          2,666
    Compulsory misses:               2,409
    Invalidations:                       0
    Miss rate:                        5.32%
  L1D stats:
    Hits:                           20,000
    Misses:                          1,317
    Compulsory misses:               1,916
    Invalidations:                       0
    Prefetch hits:                     338
    Prefetch misses:                 1,110
    Miss rate:                        6.18%
Core #1 (0 thread(s))
Core #2 (0 thread(s))
Core #3 (0 thread(s))
LL stats:
    Hits:                              576
    Misses:                          3,407
    Compulsory misses:               4,320
    Invalidations:                       0
    Prefetch hits:                     197
    Prefetch misses:                   913
    Local miss rate:                 85.54%
    Child hits:                     67,822
    Total miss rate:                  4.74%
