Cache simulation results:
Core #0 (1 thread(s))
  L1I stats:
    Hits:                           48,280
    Misses:                          2,688
    Compulsory misses:               2,432
    Invalidations:                       0
    Miss rate:                        5.27%
  L1D stats:
    Hits:                           20,345
    Misses:                          1,348
    Compulsory misses:               1,983
    Invalidations:                       0
    Prefetch hits:                     348
    Prefetch misses:                 1,131
    Miss rate:                        6.21%
Core #1 (0 thread(s))
Core #2 (0 thread(s))
Core #3 (0 thread(s))
LL stats:
    Hits:                              565
    Misses:                          3,471
    Compulsory misses:               4,410
    Invalidations:                       0
    Prefetch hits:                     192
    Prefetch misses:                   939
    Local miss rate:                 86.00%
    Child hits:                     68,973
    Total miss rate:                  4.75%
