Cache simulation results:
Core #0 (1 thread(s))
  L1I stats:
    Hits:                           94,590
    Misses:                          5,255
    Compulsory misses:               2,399
    Invalidations:                       0
    Miss rate:                        5.26%
  L1D stats:
    Hits:                           39,926
    Misses:                          2,482
    Compulsory misses:               2,239
    Invalidations:                       0
    Prefetch hits:                     657
    Prefetch misses:                 2,087
    Miss rate:                        5.85%
Core #1 (0 thread(s))
Core #2 (0 thread(s))
Core #3 (0 thread(s))
LL stats:
    Hits:                            4,208
    Misses:                          3,529
    Compulsory misses:               4,633
    Invalidations:                       0
    Prefetch hits:                     983
    Prefetch misses:                 1,104
    Local miss rate:                 45.61%
    Child hits:                    135,173
    Total miss rate:                  2.47%
