Cache simulation results:
Core #0 (1 thread(s))
  L1I stats:
    Hits:                           47,191
    Misses:                          2,648
    Compulsory misses:               2,394
    Invalidations:                       0
    Miss rate:                        5.31%
  L1D stats:
    Hits:                           19,888
    Misses:                          1,288
    Compulsory misses:               1,883
    Invalidations:                       0
    Prefetch hits:                     326
    Prefetch misses:                 1,093
    Miss rate:                        6.08%
Core #1 (0 thread(s))
Core #2 (0 thread(s))
Core #3 (0 thread(s))
LL stats:
    Hits:                              557
    Misses:                          3,379
    Compulsory misses:               4,272
    Invalidations:                       0
    Prefetch hits:                     200
    Prefetch misses:                   893
    Local miss rate:                 85.85%
    Child hits:                     67,405
    Total miss rate:                  4.74%
