Cache simulation results:
Core #0 (1 thread(s))
  L1I stats:
    Hits:                           47,236
    Misses:                          2,649
    Compulsory misses:               2,395
    Invalidations:                       0
    Miss rate:                        5.31%
  L1D stats:
    Hits:                           19,911
    Misses:                          1,280
    Compulsory misses:               1,882
    Invalidations:                       0
    Prefetch hits:                     325
    Prefetch misses:                 1,086
    Miss rate:                        6.04%
Core #1 (0 thread(s))
Core #2 (0 thread(s))
Core #3 (0 thread(s))
LL stats:
    Hits:                              553
    Misses:                          3,376
    Compulsory misses:               4,272
    Invalidations:                       0
    Prefetch hits:                     190
    Prefetch misses:                   896
    Local miss rate:                 85.93%
    Child hits:                     67,472
    Total miss rate:                  4.73%
