Cache simulation results:
Core #0 (1 thread(s))
  L1I stats:
    Hits:                           47,541
    Misses:                          2,664
    Compulsory misses:               2,410
    Invalidations:                       0
    Miss rate:                        5.31%
  L1D stats:
    Hits:                           20,024
    Misses:                          1,308
    Compulsory misses:               1,907
    Invalidations:                       0
    Prefetch hits:                     338
    Prefetch misses:                 1,101
    Miss rate:                        6.13%
Core #1 (0 thread(s))
Core #2 (0 thread(s))
Core #3 (0 thread(s))
LL stats:
    Hits:                              566
    Misses:                          3,406
    Compulsory misses:               4,312
    Invalidations:                       0
    Prefetch hits:                     195
    Prefetch misses:                   906
    Local miss rate:                 85.75%
    Child hits:                     67,903
    Total miss rate:                  4.74%
