Cache simulation results:
Core #0 (1 thread(s))
  L1I stats:
    Hits:                           94,705
    Misses:                          5,272
    Compulsory misses:               2,418
    Invalidations:                       0
    Miss rate:                        5.27%
  L1D stats:
    Hits:                           40,034
    Misses:                          2,511
    Compulsory misses:               2,335
    Invalidations:                       0
    Prefetch hits:                     650
    Prefetch misses:                 2,123
    Miss rate:                        5.90%
Core #1 (0 thread(s))
Core #2 (0 thread(s))
Core #3 (0 thread(s))
LL stats:
    Hits:                            4,196
    Misses:                          3,587
    Compulsory misses:               4,748
    Invalidations:                       0
    Prefetch hits:                     962
    Prefetch misses:                 1,161
    Local miss rate:                 46.09%
    Child hits:                    135,389
    Total miss rate:                  2.51%
