Cache simulation results:
Core #0 (1 thread(s))
  L1I stats:
    Hits:                           47,522
    Misses:                          2,663
    Compulsory misses:               2,408
    Invalidations:                       0
    Miss rate:                        5.31%
  L1D stats:
    Hits:                           19,970
    Misses:                          1,310
    Compulsory misses:               1,935
    Invalidations:                       0
    Prefetch hits:                     338
    Prefetch misses:                 1,103
    Miss rate:                        6.16%
Core #1 (0 thread(s))
Core #2 (0 thread(s))
Core #3 (0 thread(s))
LL stats:
    Hits:                              554
    Misses:                          3,419
    Compulsory misses:               4,338
    Invalidations:                       0
    Prefetch hits:                     184
    Prefetch misses:                   919
    Local miss rate:                 86.06%
    Child hits:                     67,830
    Total miss rate:                  4.76%
