Cache simulation results:
Core #0 (1 thread(s))
  L1I stats:
    Hits:                           47,252
    Misses:                          2,649
    Compulsory misses:               2,395
    Invalidations:                       0
    Miss rate:                        5.31%
  L1D stats:
    Hits:                           19,885
    Misses:                          1,296
    Compulsory misses:               1,872
    Invalidations:                       0
    Prefetch hits:                     340
    Prefetch misses:                 1,087
    Miss rate:                        6.12%
Core #1 (0 thread(s))
Core #2 (0 thread(s))
Core #3 (0 thread(s))
LL stats:
    Hits:                              567
    Misses:                          3,378
    Compulsory misses:               4,262
    Invalidations:                       0
    Prefetch hits:                     203
    Prefetch misses:                   884
    Local miss rate:                 85.63%
    Child hits:                     67,477
    Total miss rate:                  4.73%
