Cache simulation results:
Core #0 (1 thread(s))
  L1I stats:
    Hits:                           47,276
    Misses:                          2,650
    Compulsory misses:               2,396
    Invalidations:                       0
    Miss rate:                        5.31%
  L1D stats:
    Hits:                           19,867
    Misses:                          1,313
    Compulsory misses:               1,893
    Invalidations:                       0
    Prefetch hits:                     344
    Prefetch misses:                 1,100
    Miss rate:                        6.20%
Core #1 (0 thread(s))
Core #2 (0 thread(s))
Core #3 (0 thread(s))
LL stats:
    Hits:                              580
    Misses:                          3,383
    Compulsory misses:               4,284
    Invalidations:                       0
    Prefetch hits:                     199
    Prefetch misses:                   901
    Local miss rate:                 85.36%
    Child hits:                     67,487
    Total miss rate:                  4.73%
