Cache simulation results:
Core #0 (1 thread(s))
  L1I stats:
    Hits:                           47,830
    Misses:                          2,661
    Compulsory misses:               2,407
    Invalidations:                       0
    Miss rate:                        5.27%
  L1D stats:
    Hits:                           20,166
    Misses:                          1,303
    Compulsory misses:               1,912
    Invalidations:                       0
    Prefetch hits:                     341
    Prefetch misses:                 1,093
    Miss rate:                        6.07%
Core #1 (0 thread(s))
Core #2 (0 thread(s))
Core #3 (0 thread(s))
LL stats:
    Hits:                              553
    Misses:                          3,411
    Compulsory misses:               4,314
    Invalidations:                       0
    Prefetch hits:                     190
    Prefetch misses:                   903
    Local miss rate:                 86.05%
    Child hits:                     68,337
    Total miss rate:                  4.72%
