Cache simulation results:
Core #0 (1 thread(s))
  L1I stats:
    Hits:                           94,720
    Misses:                          5,269
    Compulsory misses:               2,415
    Invalidations:                       0
    Miss rate:                        5.27%
  L1D stats:
    Hits:                           40,013
    Misses:                          2,505
    Compulsory misses:               2,310
    Invalidations:                       0
    Prefetch hits:                     657
    Prefetch misses:                 2,110
    Miss rate:                        5.89%
Core #1 (0 thread(s))
Core #2 (0 thread(s))
Core #3 (0 thread(s))
LL stats:
    Hits:                            4,198
    Misses:                          3,576
    Compulsory misses:               4,720
    Invalidations:                       0
    Prefetch hits:                     966
    Prefetch misses:                 1,144
    Local miss rate:                 46.00%
    Child hits:                    135,390
    Total miss rate:                  2.50%
