Cache simulation results:
Core #0 (1 thread(s))
  L1I stats:
    Hits:                           96,069
    Misses:                          5,285
    Compulsory misses:               2,428
    Invalidations:                       0
    Miss rate:                        5.21%
  L1D stats:
    Hits:                           40,477
    Misses:                          2,531
    Compulsory misses:               2,365
    Invalidations:                       0
    Prefetch hits:                     644
    Prefetch misses:                 2,148
    Miss rate:                        5.88%
Core #1 (0 thread(s))
Core #2 (0 thread(s))
Core #3 (0 thread(s))
LL stats:
    Hits:                            4,205
    Misses:                          3,611
    Compulsory misses:               4,788
    Invalidations:                       0
    Prefetch hits:                     971
    Prefetch misses:                 1,177
    Local miss rate:                 46.20%
    Child hits:                    137,190
    Total miss rate:                  2.49%
