Cache simulation results:
Core #0 (1 thread(s))
  L1I stats:
    Hits:                           47,415
    Misses:                          2,656
    Compulsory misses:               2,402
    Invalidations:                       0
    Miss rate:                        5.30%
  L1D stats:
    Hits:                           19,971
    Misses:                          1,321
    Compulsory misses:               1,974
    Invalidations:                       0
    Prefetch hits:                     341
    Prefetch misses:                 1,111
    Miss rate:                        6.20%
Core #1 (0 thread(s))
Core #2 (0 thread(s))
Core #3 (0 thread(s))
LL stats:
    Hits:                              535
    Misses:                          3,442
    Compulsory misses:               4,371
    Invalidations:                       0
    Prefetch hits:                     182
    Prefetch misses:                   929
    Local miss rate:                 86.55%
    Child hits:                     67,727
    Total miss rate:                  4.80%
