Cache simulation results:
Core #0 (1 thread(s))
  L1I stats:
    Hits:                           47,258
    Misses:                          2,649
    Compulsory misses:               2,395
    Invalidations:                       0
    Miss rate:                        5.31%
  L1D stats:
    Hits:                           19,903
    Misses:                          1,284
    Compulsory misses:               1,871
    Invalidations:                       0
    Prefetch hits:                     336
    Prefetch misses:                 1,079
    Miss rate:                        6.06%
Core #1 (0 thread(s))
Core #2 (0 thread(s))
Core #3 (0 thread(s))
LL stats:
    Hits:                              556
    Misses:                          3,377
    Compulsory misses:               4,261
    Invalidations:                       0
    Prefetch hits:                     195
    Prefetch misses:                   884
    Local miss rate:                 85.86%
    Child hits:                     67,497
    Total miss rate:                  4.73%
