Cache simulation results:
Core #0 (1 thread(s))
  L1I stats:
    Hits:                           47,786
    Misses:                          2,660
    Compulsory misses:               2,406
    Invalidations:                       0
    Miss rate:                        5.27%
  L1D stats:
    Hits:                           20,158
    Misses:                          1,309
    Compulsory misses:               1,940
    Invalidations:                       0
    Prefetch hits:                     334
    Prefetch misses:                 1,106
    Miss rate:                        6.10%
Core #1 (0 thread(s))
Core #2 (0 thread(s))
Core #3 (0 thread(s))
LL stats:
    Hits:                              548
    Misses:                          3,421
    Compulsory misses:               4,341
    Invalidations:                       0
    Prefetch hits:                     186
    Prefetch misses:                   920
    Local miss rate:                 86.19%
    Child hits:                     68,278
    Total miss rate:                  4.74%
