Cache simulation results:
Core #0 (1 thread(s))
  L1I stats:
    Hits:                           94,611
    Misses:                          5,250
    Compulsory misses:               2,396
    Invalidations:                       0
    Miss rate:                        5.26%
  L1D stats:
    Hits:                           39,984
    Misses:                          2,462
    Compulsory misses:               2,242
    Invalidations:                       0
    Prefetch hits:                     659
    Prefetch misses:                 2,065
    Miss rate:                        5.80%
Core #1 (0 thread(s))
Core #2 (0 thread(s))
Core #3 (0 thread(s))
LL stats:
    Hits:                            4,186
    Misses:                          3,526
    Compulsory misses:               4,633
    Invalidations:                       0
    Prefetch hits:                     958
    Prefetch misses:                 1,107
    Local miss rate:                 45.72%
    Child hits:                    135,254
    Total miss rate:                  2.47%
