Cache simulation results:
Core #0 (1 thread(s))
  L1I stats:
    Hits:                           47,611
    Misses:                          2,657
    Compulsory misses:               2,403
    Invalidations:                       0
    Miss rate:                        5.29%
  L1D stats:
    Hits:                           20,023
    Misses:                          1,305
    Compulsory misses:               1,904
    Invalidations:                       0
    Prefetch hits:                     335
    Prefetch misses:                 1,101
    Miss rate:                        6.12%
Core #1 (0 thread(s))
Core #2 (0 thread(s))
Core #3 (0 thread(s))
LL stats:
    Hits:                              564
    Misses:                          3,398
    Compulsory misses:               4,302
    Invalidations:                       0
    Prefetch hits:                     197
    Prefetch misses:                   904
    Local miss rate:                 85.76%
    Child hits:                     67,969
    Total miss rate:                  4.72%
