Cache simulation results:
Core #0 (1 thread(s))
  L1I stats:
    Hits:                           47,258
    Misses:                          2,648
    Compulsory misses:               2,394
    Invalidations:                       0
    Miss rate:                        5.31%
  L1D stats:
    Hits:                           19,946
    Misses:                          1,265
    Compulsory misses:               1,859
    Invalidations:                       0
    Prefetch hits:                     323
    Prefetch misses:                 1,073
    Miss rate:                        5.96%
Core #1 (0 thread(s))
Core #2 (0 thread(s))
Core #3 (0 thread(s))
LL stats:
    Hits:                              548
    Misses:                          3,365
    Compulsory misses:               4,248
    Invalidations:                       0
    Prefetch hits:                     190
    Prefetch misses:                   883
    Local miss rate:                 86.00%
    Child hits:                     67,527
    Total miss rate:                  4.71%
