Cache simulation results:
Core #0 (1 thread(s))
  L1I stats:
    Hits:                           47,938
    Misses:                          2,662
    Compulsory misses:               2,409
    Invalidations:                       0
    Miss rate:                        5.26%
  L1D stats:
    Hits:                           20,189
    Misses:                          1,325
    Compulsory misses:               1,955
    Invalidations:                       0
    Prefetch hits:                     330
    Prefetch misses:                 1,127
    Miss rate:                        6.16%
Core #1 (0 thread(s))
Core #2 (0 thread(s))
Core #3 (0 thread(s))
LL stats:
    Hits:                              557
    Misses:                          3,430
    Compulsory misses:               4,359
    Invalidations:                       0
    Prefetch hits:                     198
    Prefetch misses:                   929
    Local miss rate:                 86.03%
    Child hits:                     68,457
    Total miss rate:                  4.73%
