Cache simulation results:
Core #0 (1 thread(s))
  L1I stats:
    Hits:                           95,847
    Misses:                          5,297
    Compulsory misses:               2,438
    Invalidations:                       0
    Miss rate:                        5.24%
  L1D stats:
    Hits:                           40,365
    Misses:                          2,555
    Compulsory misses:               2,388
    Invalidations:                       0
    Prefetch hits:                     653
    Prefetch misses:                 2,164
    Miss rate:                        5.95%
Core #1 (0 thread(s))
Core #2 (0 thread(s))
Core #3 (0 thread(s))
LL stats:
    Hits:                            4,219
    Misses:                          3,633
    Compulsory misses:               4,821
    Invalidations:                       0
    Prefetch hits:                     976
    Prefetch misses:                 1,188
    Local miss rate:                 46.27%
    Child hits:                    136,865
    Total miss rate:                  2.51%
