Cache simulation results:
Core #0 (1 thread(s))
  L1I stats:
    Hits:                           94,581
    Misses:                          5,251
    Compulsory misses:               2,396
    Invalidations:                       0
    Miss rate:                        5.26%
  L1D stats:
    Hits:                           39,911
    Misses:                          2,476
    Compulsory misses:               2,271
    Invalidations:                       0
    Prefetch hits:                     651
    Prefetch misses:                 2,087
    Miss rate:                        5.84%
Core #1 (0 thread(s))
Core #2 (0 thread(s))
Core #3 (0 thread(s))
LL stats:
    Hits:                            4,195
    Misses:                          3,532
    Compulsory misses:               4,662
    Invalidations:                       0
    Prefetch hits:                     957
    Prefetch misses:                 1,130
    Local miss rate:                 45.71%
    Child hits:                    135,143
    Total miss rate:                  2.47%
