Cache simulation results:
Core #0 (1 thread(s))
  L1I stats:
    Hits:                           47,857
    Misses:                          2,664
    Compulsory misses:               2,410
    Invalidations:                       0
    Miss rate:                        5.27%
  L1D stats:
    Hits:                           20,170
    Misses:                          1,320
    Compulsory misses:               1,926
    Invalidations:                       0
    Prefetch hits:                     341
    Prefetch misses:                 1,110
    Miss rate:                        6.14%
Core #1 (0 thread(s))
Core #2 (0 thread(s))
Core #3 (0 thread(s))
LL stats:
    Hits:                              565
    Misses:                          3,419
    Compulsory misses:               4,331
    Invalidations:                       0
    Prefetch hits:                     198
    Prefetch misses:                   912
    Local miss rate:                 85.82%
    Child hits:                     68,368
    Total miss rate:                  4.73%
