Cache simulation results:
Core #0 (1 thread(s))
  L1I stats:
    Hits:                           47,452
    Misses:                          2,665
    Compulsory misses:               2,411
    Invalidations:                       0
    Miss rate:                        5.32%
  L1D stats:
    Hits:                           19,999
    Misses:                          1,318
    Compulsory misses:               1,903
    Invalidations:                       0
    Prefetch hits:                     350
    Prefetch misses:                 1,099
    Miss rate:                        6.18%
Core #1 (0 thread(s))
Core #2 (0 thread(s))
Core #3 (0 thread(s))
LL stats:
    Hits:                              574
    Misses:                          3,409
    Compulsory misses:               4,309
    Invalidations:                       0
    Prefetch hits:                     199
    Prefetch misses:                   900
    Local miss rate:                 85.59%
    Child hits:                     67,801
    Total miss rate:                  4.75%
