Cache simulation results:
Core #0 (1 thread(s))
  L1I stats:
    Hits:                           48,476
    Misses:                          2,680
    Compulsory misses:               2,426
    Invalidations:                       0
    Miss rate:                        5.24%
  L1D stats:
    Hits:                           20,343
    Misses:                          1,308
    Compulsory misses:               1,930
    Invalidations:                       0
    Prefetch hits:                     325
    Prefetch misses:                 1,113
    Miss rate:                        6.04%
Core #1 (0 thread(s))
Core #2 (0 thread(s))
Core #3 (0 thread(s))
LL stats:
    Hits:                              557
    Misses:                          3,431
    Compulsory misses:               4,351
    Invalidations:                       0
    Prefetch hits:                     193
    Prefetch misses:                   920
    Local miss rate:                 86.03%
    Child hits:                     69,144
    Total miss rate:                  4.69%
