Cache simulation results:
Core #0 (1 thread(s))
  L1I stats:
    Hits:                           55,679
    Misses:                          2,720
    Compulsory misses:               2,464
    Invalidations:                       0
    Miss rate:                        4.66%
  L1D stats:
    Hits:                           21,431
    Misses:                          1,340
    Compulsory misses:               1,991
    Invalidations:                       0
    Prefetch hits:                     345
    Prefetch misses:                 1,125
    Miss rate:                        5.88%
Core #1 (0 thread(s))
Core #2 (0 thread(s))
Core #3 (0 thread(s))
LL stats:
    Hits:                              550
    Misses:                          3,510
    Compulsory misses:               4,450
    Invalidations:                       0
    Prefetch hits:                     185
    Prefetch misses:                   940
    Local miss rate:                 86.45%
    Child hits:                     77,455
    Total miss rate:                  4.31%
