Cache simulation results:
Core #0 (1 thread(s))
  L1I stats:
    Hits:                           47,223
    Misses:                          2,648
    Compulsory misses:               2,394
    Invalidations:                       0
    Miss rate:                        5.31%
  L1D stats:
    Hits:                           19,905
    Misses:                          1,288
    Compulsory misses:               1,887
    Invalidations:                       0
    Prefetch hits:                     337
    Prefetch misses:                 1,082
    Miss rate:                        6.08%
Core #1 (0 thread(s))
Core #2 (0 thread(s))
Core #3 (0 thread(s))
LL stats:
    Hits:                              553
    Misses:                          3,383
    Compulsory misses:               4,276
    Invalidations:                       0
    Prefetch hits:                     189
    Prefetch misses:                   893
    Local miss rate:                 85.95%
    Child hits:                     67,465
    Total miss rate:                  4.74%
