Cache simulation results:
Core #0 (1 thread(s))
  L1I stats:
    Hits:                           47,221
    Misses:                          2,650
    Compulsory misses:               2,396
    Invalidations:                       0
    Miss rate:                        5.31%
  L1D stats:
    Hits:                           19,875
    Misses:                          1,304
    Compulsory misses:               1,909
    Invalidations:                       0
    Prefetch hits:                     339
    Prefetch misses:                 1,096
    Miss rate:                        6.16%
Core #1 (0 thread(s))
Core #2 (0 thread(s))
Core #3 (0 thread(s))
LL stats:
    Hits:                              556
    Misses:                          3,398
    Compulsory misses:               4,300
    Invalidations:                       0
    Prefetch hits:                     194
    Prefetch misses:                   902
    Local miss rate:                 85.94%
    Child hits:                     67,435
    Total miss rate:                  4.76%
