Cache simulation results:
Core #0 (1 thread(s))
  L1I stats:
    Hits:                           48,399
    Misses:                          2,689
    Compulsory misses:               2,433
    Invalidations:                       0
    Miss rate:                        5.26%
  L1D stats:
    Hits:                           20,328
    Misses:                          1,298
    Compulsory misses:               1,912
    Invalidations:                       0
    Prefetch hits:                     333
    Prefetch misses:                 1,096
    Miss rate:                        6.00%
Core #1 (0 thread(s))
Core #2 (0 thread(s))
Core #3 (0 thread(s))
LL stats:
    Hits:                              554
    Misses:                          3,433
    Compulsory misses:               4,340
    Invalidations:                       0
    Prefetch hits:                     189
    Prefetch misses:                   907
    Local miss rate:                 86.10%
    Child hits:                     69,060
    Total miss rate:                  4.70%
