Cache simulation results:
Core #0 (1 thread(s))
  L1I stats:
    Hits:                           47,286
    Misses:                          2,651
    Compulsory misses:               2,397
    Invalidations:                       0
    Miss rate:                        5.31%
  L1D stats:
    Hits:                           19,937
    Misses:                          1,286
    Compulsory misses:               1,889
    Invalidations:                       0
    Prefetch hits:                     328
    Prefetch misses:                 1,089
    Miss rate:                        6.06%
Core #1 (0 thread(s))
Core #2 (0 thread(s))
Core #3 (0 thread(s))
LL stats:
    Hits:                              552
    Misses:                          3,385
    Compulsory misses:               4,281
    Invalidations:                       0
    Prefetch hits:                     193
    Prefetch misses:                   896
    Local miss rate:                 85.98%
    Child hits:                     67,551
    Total miss rate:                  4.74%
