Cache simulation results:
Core #0 (1 thread(s))
  L1I stats:
    Hits:                           47,244
    Misses:                          2,647
    Compulsory misses:               2,393
    Invalidations:                       0
    Miss rate:                        5.31%
  L1D stats:
    Hits:                           19,912
    Misses:                          1,290
    Compulsory misses:               1,886
    Invalidations:                       0
    Prefetch hits:                     344
    Prefetch misses:                 1,077
    Miss rate:                        6.08%
Core #1 (0 thread(s))
Core #2 (0 thread(s))
Core #3 (0 thread(s))
LL stats:
    Hits:                              555
    Misses:                          3,382
    Compulsory misses:               4,274
    Invalidations:                       0
    Prefetch hits:                     185
    Prefetch misses:                   892
    Local miss rate:                 85.90%
    Child hits:                     67,500
    Total miss rate:                  4.73%
