Cache simulation results:
Core #0 (1 thread(s))
  L1I stats:
    Hits:                           47,219
    Misses:                          2,648
    Compulsory misses:               2,394
    Invalidations:                       0
    Miss rate:                        5.31%
  L1D stats:
    Hits:                           19,899
    Misses:                          1,301
    Compulsory misses:               1,902
    Invalidations:                       0
    Prefetch hits:                     336
    Prefetch misses:                 1,096
    Miss rate:                        6.14%
Core #1 (0 thread(s))
Core #2 (0 thread(s))
Core #3 (0 thread(s))
LL stats:
    Hits:                              560
    Misses:                          3,389
    Compulsory misses:               4,291
    Invalidations:                       0
    Prefetch hits:                     194
    Prefetch misses:                   902
    Local miss rate:                 85.82%
    Child hits:                     67,454
    Total miss rate:                  4.75%
