Cache simulation results:
Core #0 (1 thread(s))
  L1I stats:
    Hits:                           47,454
    Misses:                          2,649
    Compulsory misses:               2,395
    Invalidations:                       0
    Miss rate:                        5.29%
  L1D stats:
    Hits:                           19,985
    Misses:                          1,302
    Compulsory misses:               1,903
    Invalidations:                       0
    Prefetch hits:                     341
    Prefetch misses:                 1,092
    Miss rate:                        6.12%
Core #1 (0 thread(s))
Core #2 (0 thread(s))
Core #3 (0 thread(s))
LL stats:
    Hits:                              558
    Misses:                          3,393
    Compulsory misses:               4,293
    Invalidations:                       0
    Prefetch hits:                     192
    Prefetch misses:                   900
    Local miss rate:                 85.88%
    Child hits:                     67,780
    Total miss rate:                  4.73%
