Cache simulation results:
Core #0 (1 thread(s))
  L1I stats:
    Hits:                           47,349
    Misses:                          2,660
    Compulsory misses:               2,406
    Invalidations:                       0
    Miss rate:                        5.32%
  L1D stats:
    Hits:                           19,932
    Misses:                          1,296
    Compulsory misses:               1,895
    Invalidations:                       0
    Prefetch hits:                     335
    Prefetch misses:                 1,092
    Miss rate:                        6.11%
Core #1 (0 thread(s))
Core #2 (0 thread(s))
Core #3 (0 thread(s))
LL stats:
    Hits:                              555
    Misses:                          3,401
    Compulsory misses:               4,296
    Invalidations:                       0
    Prefetch hits:                     197
    Prefetch misses:                   895
    Local miss rate:                 85.97%
    Child hits:                     67,616
    Total miss rate:                  4.75%
