Cache simulation results:
Core #0 (1 thread(s))
  L1I stats:
    Hits:                           95,064
    Misses:                          5,261
    Compulsory misses:               2,407
    Invalidations:                       0
    Miss rate:                        5.24%
  L1D stats:
    Hits:                           40,114
    Misses:                          2,514
    Compulsory misses:               2,317
    Invalidations:                       0
    Prefetch hits:                     638
    Prefetch misses:                 2,138
    Miss rate:                        5.90%
Core #1 (0 thread(s))
Core #2 (0 thread(s))
Core #3 (0 thread(s))
LL stats:
    Hits:                            4,213
    Misses:                          3,562
    Compulsory misses:               4,719
    Invalidations:                       0
    Prefetch hits:                     981
    Prefetch misses:                 1,157
    Local miss rate:                 45.81%
    Child hits:                    135,816
    Total miss rate:                  2.48%
