Cache simulation results:
Core #0 (1 thread(s))
  L1I stats:
    Hits:                           47,181
    Misses:                          2,648
    Compulsory misses:               2,394
    Invalidations:                       0
    Miss rate:                        5.31%
  L1D stats:
    Hits:                           19,860
    Misses:                          1,297
    Compulsory misses:               1,885
    Invalidations:                       0
    Prefetch hits:                     355
    Prefetch misses:                 1,073
    Miss rate:                        6.13%
Core #1 (0 thread(s))
Core #2 (0 thread(s))
Core #3 (0 thread(s))
LL stats:
    Hits:                              559
    Misses:                          3,386
    Compulsory misses:               4,274
    Invalidations:                       0
    Prefetch hits:                     185
    Prefetch misses:                   888
    Local miss rate:                 85.83%
    Child hits:                     67,396
    Total miss rate:                  4.75%
