Cache simulation results:
Core #0 (1 thread(s))
  L1I stats:
    Hits:                           47,473
    Misses:                          2,663
    Compulsory misses:               2,408
    Invalidations:                       0
    Miss rate:                        5.31%
  L1D stats:
    Hits:                           19,991
    Misses:                          1,300
    Compulsory misses:               1,902
    Invalidations:                       0
    Prefetch hits:                     336
    Prefetch misses:                 1,095
    Miss rate:                        6.11%
Core #1 (0 thread(s))
Core #2 (0 thread(s))
Core #3 (0 thread(s))
LL stats:
    Hits:                              558
    Misses:                          3,405
    Compulsory misses:               4,305
    Invalidations:                       0
    Prefetch hits:                     195
    Prefetch misses:                   900
    Local miss rate:                 85.92%
    Child hits:                     67,800
    Total miss rate:                  4.74%
