Cache simulation results:
Core #0 (1 thread(s))
  L1I stats:
    Hits:                           47,243
    Misses:                          2,647
    Compulsory misses:               2,393
    Invalidations:                       0
    Miss rate:                        5.31%
  L1D stats:
    Hits:                           19,907
    Misses:                          1,290
    Compulsory misses:               1,881
    Invalidations:                       0
    Prefetch hits:                     336
    Prefetch misses:                 1,085
    Miss rate:                        6.09%
Core #1 (0 thread(s))
Core #2 (0 thread(s))
Core #3 (0 thread(s))
LL stats:
    Hits:                              558
    Misses:                          3,379
    Compulsory misses:               4,269
    Invalidations:                       0
    Prefetch hits:                     195
    Prefetch misses:                   890
    Local miss rate:                 85.83%
    Child hits:                     67,486
    Total miss rate:                  4.73%
