Cache simulation results:
Core #0 (1 thread(s))
  L1I stats:
    Hits:                           95,814
    Misses:                          5,313
    Compulsory misses:               2,430
    Invalidations:                       0
    Miss rate:                        5.25%
  L1D stats:
    Hits:                           40,392
    Misses:                          2,565
    Compulsory misses:               2,388
    Invalidations:                       0
    Prefetch hits:                     654
    Prefetch misses:                 2,173
    Miss rate:                        5.97%
Core #1 (0 thread(s))
Core #2 (0 thread(s))
Core #3 (0 thread(s))
LL stats:
    Hits:                            4,244
    Misses:                          3,634
    Compulsory misses:               4,813
    Invalidations:                       0
    Prefetch hits:                     994
    Prefetch misses:                 1,179
    Local miss rate:                 46.13%
    Child hits:                    136,860
    Total miss rate:                  2.51%
