Cache simulation results:
Core #0 (1 thread(s))
  L1I stats:
    Hits:                           47,547
    Misses:                          2,652
    Compulsory misses:               2,398
    Invalidations:                       0
    Miss rate:                        5.28%
  L1D stats:
    Hits:                           20,023
    Misses:                          1,295
    Compulsory misses:               1,899
    Invalidations:                       0
    Prefetch hits:                     336
    Prefetch misses:                 1,090
    Miss rate:                        6.07%
Core #1 (0 thread(s))
Core #2 (0 thread(s))
Core #3 (0 thread(s))
LL stats:
    Hits:                              548
    Misses:                          3,399
    Compulsory misses:               4,292
    Invalidations:                       0
    Prefetch hits:                     197
    Prefetch misses:                   893
    Local miss rate:                 86.12%
    Child hits:                     67,906
    Total miss rate:                  4.73%
