Cache simulation results:
Core #0 (1 thread(s))
  L1I stats:
    Hits:                          102,943
    Misses:                          5,314
    Compulsory misses:               2,461
    Invalidations:                       0
    Miss rate:                        4.91%
  L1D stats:
    Hits:                           41,474
    Misses:                          2,539
    Compulsory misses:               2,298
    Invalidations:                       0
    Prefetch hits:                     671
    Prefetch misses:                 2,130
    Miss rate:                        5.77%
Core #1 (0 thread(s))
Core #2 (0 thread(s))
Core #3 (0 thread(s))
LL stats:
    Hits:                            4,233
    Misses:                          3,620
    Compulsory misses:               4,754
    Invalidations:                       0
    Prefetch hits:                     996
    Prefetch misses:                 1,134
    Local miss rate:                 46.10%
    Child hits:                    145,088
    Total miss rate:                  2.37%
