Cache simulation results:
Core #0 (1 thread(s))
  L1I stats:
    Hits:                           47,555
    Misses:                          2,668
    Compulsory misses:               2,412
    Invalidations:                       0
    Miss rate:                        5.31%
  L1D stats:
    Hits:                           20,016
    Misses:                          1,323
    Compulsory misses:               1,915
    Invalidations:                       0
    Prefetch hits:                     353
    Prefetch misses:                 1,101
    Miss rate:                        6.20%
Core #1 (0 thread(s))
Core #2 (0 thread(s))
Core #3 (0 thread(s))
LL stats:
    Hits:                              575
    Misses:                          3,416
    Compulsory misses:               4,322
    Invalidations:                       0
    Prefetch hits:                     195
    Prefetch misses:                   906
    Local miss rate:                 85.59%
    Child hits:                     67,924
    Total miss rate:                  4.75%
