Cache simulation results:
Core #0 (1 thread(s))
  L1I stats:
    Hits:                           47,245
    Misses:                          2,648
    Compulsory misses:               2,394
    Invalidations:                       0
    Miss rate:                        5.31%
  L1D stats:
    Hits:                           19,852
    Misses:                          1,327
    Compulsory misses:               1,985
    Invalidations:                       0
    Prefetch hits:                     327
    Prefetch misses:                 1,131
    Miss rate:                        6.27%
Core #1 (0 thread(s))
Core #2 (0 thread(s))
Core #3 (0 thread(s))
LL stats:
    Hits:                              540
    Misses:                          3,435
    Compulsory misses:               4,374
    Invalidations:                       0
    Prefetch hits:                     192
    Prefetch misses:                   939
    Local miss rate:                 86.42%
    Child hits:                     67,424
    Total miss rate:                  4.81%
