Cache simulation results:
Core #0 (1 thread(s))
  L1I stats:
    Hits:                           47,448
    Misses:                          2,669
    Compulsory misses:               2,413
    Invalidations:                       0
    Miss rate:                        5.33%
  L1D stats:
    Hits:                           19,985
    Misses:                          1,323
    Compulsory misses:               1,912
    Invalidations:                       0
    Prefetch hits:                     347
    Prefetch misses:                 1,107
    Miss rate:                        6.21%
Core #1 (0 thread(s))
Core #2 (0 thread(s))
Core #3 (0 thread(s))
LL stats:
    Hits:                              576
    Misses:                          3,416
    Compulsory misses:               4,320
    Invalidations:                       0
    Prefetch hits:                     203
    Prefetch misses:                   904
    Local miss rate:                 85.57%
    Child hits:                     67,780
    Total miss rate:                  4.76%
