Cache simulation results:
Core #0 (1 thread(s))
  L1I stats:
    Hits:                        3,418,554
    Misses:                          1,795
    Compulsory misses:                 644
    Invalidations:                       0
    Miss rate:                        0.05%
  L1D stats:
    Hits:                        1,273,988
    Misses:                         16,543
    Compulsory misses:               1,568
    Invalidations:                       0
    Prefetch hits:                   5,063
    Prefetch misses:                11,516
    Miss rate:                        1.28%
Core #1 (0 thread(s))
Core #2 (0 thread(s))
Core #3 (0 thread(s))
LL stats:
    Hits:                           16,876
    Misses:                          1,462
    Compulsory misses:               2,212
    Invalidations:                       0
    Prefetch hits:                  10,766
    Prefetch misses:                   750
    Local miss rate:                  7.97%
    Child hits:                  4,697,605
    Total miss rate:                  0.03%
