Cache simulation results:
Core #0 (1 thread(s))
  L1I stats:
    Hits:                           47,299
    Misses:                          2,642
    Compulsory misses:               2,388
    Invalidations:                       0
    Miss rate:                        5.29%
  L1D stats:
    Hits:                           19,927
    Misses:                          1,300
    Compulsory misses:               1,918
    Invalidations:                       0
    Prefetch hits:                     334
    Prefetch misses:                 1,097
    Miss rate:                        6.12%
Core #1 (0 thread(s))
Core #2 (0 thread(s))
Core #3 (0 thread(s))
LL stats:
    Hits:                              548
    Misses:                          3,394
    Compulsory misses:               4,301
    Invalidations:                       0
    Prefetch hits:                     190
    Prefetch misses:                   907
    Local miss rate:                 86.10%
    Child hits:                     67,560
    Total miss rate:                  4.75%
