Cache simulation results:
Core #0 (1 thread(s))
  L1I stats:
    Hits:                           47,745
    Misses:                          2,674
    Compulsory misses:               2,420
    Invalidations:                       0
    Miss rate:                        5.30%
  L1D stats:
    Hits:                           20,084
    Misses:                          1,297
    Compulsory misses:               1,893
    Invalidations:                       0
    Prefetch hits:                     342
    Prefetch misses:                 1,085
    Miss rate:                        6.07%
Core #1 (0 thread(s))
Core #2 (0 thread(s))
Core #3 (0 thread(s))
LL stats:
    Hits:                              559
    Misses:                          3,412
    Compulsory misses:               4,308
    Invalidations:                       0
    Prefetch hits:                     189
    Prefetch misses:                   896
    Local miss rate:                 85.92%
    Child hits:                     68,171
    Total miss rate:                  4.73%
