Cache simulation results:
Core #0 (1 thread(s))
  L1I stats:
    Hits:                          241,972
    Misses:                          5,281
    Compulsory misses:               2,435
    Invalidations:                       0
    Miss rate:                        2.14%
  L1D stats:
    Hits:                           62,907
    Misses:                          2,561
    Compulsory misses:               2,408
    Invalidations:                       0
    Prefetch hits:                     643
    Prefetch misses:                 2,180
    Miss rate:                        3.91%
Core #1 (0 thread(s))
Core #2 (0 thread(s))
Core #3 (0 thread(s))
LL stats:
    Hits:                            4,200
    Misses:                          3,642
    Compulsory misses:               4,838
    Invalidations:                       0
    Prefetch hits:                     984
    Prefetch misses:                 1,196
    Local miss rate:                 46.44%
    Child hits:                    305,522
    Total miss rate:                  1.16%
