Cache simulation results:
Core #0 (1 thread(s))
  L1I stats:
    Hits:                           47,538
    Misses:                          2,658
    Compulsory misses:               2,404
    Invalidations:                       0
    Miss rate:                        5.30%
  L1D stats:
    Hits:                           20,008
    Misses:                          1,307
    Compulsory misses:               1,902
    Invalidations:                       0
    Prefetch hits:                     335
    Prefetch misses:                 1,103
    Miss rate:                        6.13%
Core #1 (0 thread(s))
Core #2 (0 thread(s))
Core #3 (0 thread(s))
LL stats:
    Hits:                              561
    Misses:                          3,404
    Compulsory misses:               4,301
    Invalidations:                       0
    Prefetch hits:                     206
    Prefetch misses:                   897
    Local miss rate:                 85.85%
    Child hits:                     67,881
    Total miss rate:                  4.74%
