Cache simulation results:
Core #0 (1 thread(s))
  L1I stats:
    Hits:                           47,419
    Misses:                          2,656
    Compulsory misses:               2,402
    Invalidations:                       0
    Miss rate:                        5.30%
  L1D stats:
    Hits:                           19,956
    Misses:                          1,287
    Compulsory misses:               1,869
    Invalidations:                       0
    Prefetch hits:                     348
    Prefetch misses:                 1,071
    Miss rate:                        6.06%
Core #1 (0 thread(s))
Core #2 (0 thread(s))
Core #3 (0 thread(s))
LL stats:
    Hits:                              554
    Misses:                          3,389
    Compulsory misses:               4,266
    Invalidations:                       0
    Prefetch hits:                     194
    Prefetch misses:                   877
    Local miss rate:                 85.95%
    Child hits:                     67,723
    Total miss rate:                  4.73%
