Cache simulation results:
Core #0 (1 thread(s))
  L1I stats:
    Hits:                           47,261
    Misses:                          2,641
    Compulsory misses:               2,387
    Invalidations:                       0
    Miss rate:                        5.29%
  L1D stats:
    Hits:                           19,915
    Misses:                          1,298
    Compulsory misses:               1,886
    Invalidations:                       0
    Prefetch hits:                     338
    Prefetch misses:                 1,091
    Miss rate:                        6.12%
Core #1 (0 thread(s))
Core #2 (0 thread(s))
Core #3 (0 thread(s))
LL stats:
    Hits:                              563
    Misses:                          3,376
    Compulsory misses:               4,268
    Invalidations:                       0
    Prefetch hits:                     199
    Prefetch misses:                   892
    Local miss rate:                 85.71%
    Child hits:                     67,514
    Total miss rate:                  4.72%
