Cache simulation results:
Core #0 (1 thread(s))
  L1I stats:
    Hits:                           94,754
    Misses:                          5,260
    Compulsory misses:               2,404
    Invalidations:                       0
    Miss rate:                        5.26%
  L1D stats:
    Hits:                           39,962
    Misses:                          2,521
    Compulsory misses:               2,325
    Invalidations:                       0
    Prefetch hits:                     669
    Prefetch misses:                 2,114
    Miss rate:                        5.93%
Core #1 (0 thread(s))
Core #2 (0 thread(s))
Core #3 (0 thread(s))
LL stats:
    Hits:                            4,207
    Misses:                          3,574
    Compulsory misses:               4,724
    Invalidations:                       0
    Prefetch hits:                     964
    Prefetch misses:                 1,150
    Local miss rate:                 45.93%
    Child hits:                    135,385
    Total miss rate:                  2.50%
