Cache simulation results:
Core #0 (1 thread(s))
  L1I stats:
    Hits:                           62,815
    Misses:                          2,814
    Compulsory misses:               2,448
    Invalidations:                       0
    Miss rate:                        4.29%
  L1D stats:
    Hits:                           22,359
    Misses:                          1,378
    Compulsory misses:               1,982
    Invalidations:                       0
    Prefetch hits:                     355
    Prefetch misses:                 1,154
    Miss rate:                        5.81%
Core #1 (0 thread(s))
Core #2 (0 thread(s))
Core #3 (0 thread(s))
LL stats:
    Hits:                              703
    Misses:                          3,489
    Compulsory misses:               4,425
    Invalidations:                       0
    Prefetch hits:                     218
    Prefetch misses:                   936
    Local miss rate:                 83.23%
    Child hits:                     85,529
    Total miss rate:                  3.89%
