Cache simulation results:
Core #0 (1 thread(s))
  L1I stats:
    Hits:                           47,099
    Misses:                          2,640
    Compulsory misses:               2,386
    Invalidations:                       0
    Miss rate:                        5.31%
  L1D stats:
    Hits:                           19,851
    Misses:                          1,301
    Compulsory misses:               1,895
    Invalidations:                       0
    Prefetch hits:                     330
    Prefetch misses:                 1,102
    Miss rate:                        6.15%
Core #1 (0 thread(s))
Core #2 (0 thread(s))
Core #3 (0 thread(s))
LL stats:
    Hits:                              564
    Misses:                          3,377
    Compulsory misses:               4,276
    Invalidations:                       0
    Prefetch hits:                     203
    Prefetch misses:                   899
    Local miss rate:                 85.69%
    Child hits:                     67,280
    Total miss rate:                  4.74%
