Cache simulation results:
Core #0 (1 thread(s))
  L1I stats:
    Hits:                           95,181
    Misses:                          5,242
    Compulsory misses:               2,400
    Invalidations:                       0
    Miss rate:                        5.22%
  L1D stats:
    Hits:                           40,220
    Misses:                          2,508
    Compulsory misses:               2,330
    Invalidations:                       0
    Prefetch hits:                     642
    Prefetch misses:                 2,128
    Miss rate:                        5.87%
Core #1 (0 thread(s))
Core #2 (0 thread(s))
Core #3 (0 thread(s))
LL stats:
    Hits:                            4,181
    Misses:                          3,569
    Compulsory misses:               4,725
    Invalidations:                       0
    Prefetch hits:                     972
    Prefetch misses:                 1,156
    Local miss rate:                 46.05%
    Child hits:                    136,043
    Total miss rate:                  2.48%
