Cache simulation results:
Core #0 (1 thread(s))
  L1I stats:
    Hits:                           94,706
    Misses:                          5,242
    Compulsory misses:               2,396
    Invalidations:                       0
    Miss rate:                        5.24%
  L1D stats:
    Hits:                           39,978
    Misses:                          2,511
    Compulsory misses:               2,331
    Invalidations:                       0
    Prefetch hits:                     665
    Prefetch misses:                 2,108
    Miss rate:                        5.91%
Core #1 (0 thread(s))
Core #2 (0 thread(s))
Core #3 (0 thread(s))
LL stats:
    Hits:                            4,186
    Misses:                          3,567
    Compulsory misses:               4,722
    Invalidations:                       0
    Prefetch hits:                     953
    Prefetch misses:                 1,155
    Local miss rate:                 46.01%
    Child hits:                    135,349
    Total miss rate:                  2.49%
