Cache simulation results:
Core #0 (1 thread(s))
  L1I stats:
    Hits:                           94,586
    Misses:                          5,236
    Compulsory misses:               2,388
    Invalidations:                       0
    Miss rate:                        5.25%
  L1D stats:
    Hits:                           39,962
    Misses:                          2,471
    Compulsory misses:               2,300
    Invalidations:                       0
    Prefetch hits:                     650
    Prefetch misses:                 2,083
    Miss rate:                        5.82%
Core #1 (0 thread(s))
Core #2 (0 thread(s))
Core #3 (0 thread(s))
LL stats:
    Hits:                            4,158
    Misses:                          3,549
    Compulsory misses:               4,683
    Invalidations:                       0
    Prefetch hits:                     949
    Prefetch misses:                 1,134
    Local miss rate:                 46.05%
    Child hits:                    135,198
    Total miss rate:                  2.48%
