Cache simulation results:
Core #0 (1 thread(s))
  L1I stats:
    Hits:                           60,554
    Misses:                          2,739
    Compulsory misses:               2,441
    Invalidations:                       0
    Miss rate:                        4.33%
  L1D stats:
    Hits:                           21,930
    Misses:                          1,341
    Compulsory misses:               1,934
    Invalidations:                       0
    Prefetch hits:                     346
    Prefetch misses:                 1,126
    Miss rate:                        5.76%
Core #1 (0 thread(s))
Core #2 (0 thread(s))
Core #3 (0 thread(s))
LL stats:
    Hits:                              624
    Misses:                          3,456
    Compulsory misses:               4,370
    Invalidations:                       0
    Prefetch hits:                     212
    Prefetch misses:                   914
    Local miss rate:                 84.71%
    Child hits:                     82,830
    Total miss rate:                  3.98%
