Cache simulation results:
Core #0 (1 thread(s))
  L1I stats:
    Hits:                           94,725
    Misses:                          5,241
    Compulsory misses:               2,395
    Invalidations:                       0
    Miss rate:                        5.24%
  L1D stats:
    Hits:                           40,011
    Misses:                          2,503
    Compulsory misses:               2,297
    Invalidations:                       0
    Prefetch hits:                     680
    Prefetch misses:                 2,085
    Miss rate:                        5.89%
Core #1 (0 thread(s))
Core #2 (0 thread(s))
Core #3 (0 thread(s))
LL stats:
    Hits:                            4,188
    Misses:                          3,556
    Compulsory misses:               4,687
    Invalidations:                       0
    Prefetch hits:                     954
    Prefetch misses:                 1,131
    Local miss rate:                 45.92%
    Child hits:                    135,416
    Total miss rate:                  2.48%
