Cache simulation results:
Core #0 (1 thread(s))
  L1I stats:
    Hits:                           47,295
    Misses:                          2,649
    Compulsory misses:               2,395
    Invalidations:                       0
    Miss rate:                        5.30%
  L1D stats:
    Hits:                           19,923
    Misses:                          1,288
    Compulsory misses:               1,871
    Invalidations:                       0
    Prefetch hits:                     333
    Prefetch misses:                 1,086
    Miss rate:                        6.07%
Core #1 (0 thread(s))
Core #2 (0 thread(s))
Core #3 (0 thread(s))
LL stats:
    Hits:                              565
    Misses:                          3,372
    Compulsory misses:               4,261
    Invalidations:                       0
    Prefetch hits:                     197
    Prefetch misses:                   889
    Local miss rate:                 85.65%
    Child hits:                     67,551
    Total miss rate:                  4.72%
