Cache simulation results:
Core #0 (1 thread(s))
  L1I stats:
    Hits:                           47,234
    Misses:                          2,641
    Compulsory misses:               2,387
    Invalidations:                       0
    Miss rate:                        5.30%
  L1D stats:
    Hits:                           19,912
    Misses:                          1,292
    Compulsory misses:               1,890
    Invalidations:                       0
    Prefetch hits:                     334
    Prefetch misses:                 1,089
    Miss rate:                        6.09%
Core #1 (0 thread(s))
Core #2 (0 thread(s))
Core #3 (0 thread(s))
LL stats:
    Hits:                              556
    Misses:                          3,377
    Compulsory misses:               4,272
    Invalidations:                       0
    Prefetch hits:                     194
    Prefetch misses:                   895
    Local miss rate:                 85.86%
    Child hits:                     67,480
    Total miss rate:                  4.73%
