Cache simulation results:
Core #0 (1 thread(s))
  L1I stats:
    Hits:                           47,251
    Misses:                          2,641
    Compulsory misses:               2,387
    Invalidations:                       0
    Miss rate:                        5.29%
  L1D stats:
    Hits:                           19,917
    Misses:                          1,292
    Compulsory misses:               1,878
    Invalidations:                       0
    Prefetch hits:                     334
    Prefetch misses:                 1,089
    Miss rate:                        6.09%
Core #1 (0 thread(s))
Core #2 (0 thread(s))
Core #3 (0 thread(s))
LL stats:
    Hits:                              560
    Misses:                          3,373
    Compulsory misses:               4,260
    Invalidations:                       0
    Prefetch hits:                     202
    Prefetch misses:                   887
    Local miss rate:                 85.76%
    Child hits:                     67,502
    Total miss rate:                  4.72%
