Cache simulation results:
Core #0 (1 thread(s))
  L1I stats:
    Hits:                           47,138
    Misses:                          2,641
    Compulsory misses:               2,387
    Invalidations:                       0
    Miss rate:                        5.31%
  L1D stats:
    Hits:                           19,885
    Misses:                          1,286
    Compulsory misses:               1,882
    Invalidations:                       0
    Prefetch hits:                     335
    Prefetch misses:                 1,082
    Miss rate:                        6.07%
Core #1 (0 thread(s))
Core #2 (0 thread(s))
Core #3 (0 thread(s))
LL stats:
    Hits:                              554
    Misses:                          3,373
    Compulsory misses:               4,264
    Invalidations:                       0
    Prefetch hits:                     191
    Prefetch misses:                   891
    Local miss rate:                 85.89%
    Child hits:                     67,358
    Total miss rate:                  4.73%
