Cache simulation results:
Core #0 (1 thread(s))
  L1I stats:
    Hits:                           94,225
    Misses:                          5,233
    Compulsory misses:               2,387
    Invalidations:                       0
    Miss rate:                        5.26%
  L1D stats:
    Hits:                           39,847
    Misses:                          2,481
    Compulsory misses:               2,251
    Invalidations:                       0
    Prefetch hits:                     676
    Prefetch misses:                 2,067
    Miss rate:                        5.86%
Core #1 (0 thread(s))
Core #2 (0 thread(s))
Core #3 (0 thread(s))
LL stats:
    Hits:                            4,193
    Misses:                          3,521
    Compulsory misses:               4,633
    Invalidations:                       0
    Prefetch hits:                     955
    Prefetch misses:                 1,112
    Local miss rate:                 45.64%
    Child hits:                    134,748
    Total miss rate:                  2.47%
