Cache simulation results:
Core #0 (1 thread(s))
  L1I stats:
    Hits:                           47,322
    Misses:                          2,651
    Compulsory misses:               2,397
    Invalidations:                       0
    Miss rate:                        5.30%
  L1D stats:
    Hits:                           19,900
    Misses:                          1,293
    Compulsory misses:               1,872
    Invalidations:                       0
    Prefetch hits:                     337
    Prefetch misses:                 1,087
    Miss rate:                        6.10%
Core #1 (0 thread(s))
Core #2 (0 thread(s))
Core #3 (0 thread(s))
LL stats:
    Hits:                              567
    Misses:                          3,377
    Compulsory misses:               4,264
    Invalidations:                       0
    Prefetch hits:                     200
    Prefetch misses:                   887
    Local miss rate:                 85.62%
    Child hits:                     67,559
    Total miss rate:                  4.72%
