Cache simulation results:
Core #0 (1 thread(s))
  L1I stats:
    Hits:                           47,340
    Misses:                          2,662
    Compulsory misses:               2,405
    Invalidations:                       0
    Miss rate:                        5.32%
  L1D stats:
    Hits:                           19,940
    Misses:                          1,278
    Compulsory misses:               1,857
    Invalidations:                       0
    Prefetch hits:                     339
    Prefetch misses:                 1,070
    Miss rate:                        6.02%
Core #1 (0 thread(s))
Core #2 (0 thread(s))
Core #3 (0 thread(s))
LL stats:
    Hits:                              561
    Misses:                          3,379
    Compulsory misses:               4,257
    Invalidations:                       0
    Prefetch hits:                     192
    Prefetch misses:                   878
    Local miss rate:                 85.76%
    Child hits:                     67,619
    Total miss rate:                  4.72%
