Cache simulation results:
Core #0 (1 thread(s))
  L1I stats:
    Hits:                           47,240
    Misses:                          2,641
    Compulsory misses:               2,387
    Invalidations:                       0
    Miss rate:                        5.29%
  L1D stats:
    Hits:                           19,913
    Misses:                          1,295
    Compulsory misses:               1,885
    Invalidations:                       0
    Prefetch hits:                     341
    Prefetch misses:                 1,085
    Miss rate:                        6.11%
Core #1 (0 thread(s))
Core #2 (0 thread(s))
Core #3 (0 thread(s))
LL stats:
    Hits:                              562
    Misses:                          3,374
    Compulsory misses:               4,267
    Invalidations:                       0
    Prefetch hits:                     192
    Prefetch misses:                   893
    Local miss rate:                 85.72%
    Child hits:                     67,494
    Total miss rate:                  4.72%
