Cache simulation results:
Core #0 (1 thread(s))
  L1I stats:
    Hits:                           47,312
    Misses:                          2,644
    Compulsory misses:               2,390
    Invalidations:                       0
    Miss rate:                        5.29%
  L1D stats:
    Hits:                           19,961
    Misses:                          1,274
    Compulsory misses:               1,866
    Invalidations:                       0
    Prefetch hits:                     337
    Prefetch misses:                 1,068
    Miss rate:                        6.00%
Core #1 (0 thread(s))
Core #2 (0 thread(s))
Core #3 (0 thread(s))
LL stats:
    Hits:                              549
    Misses:                          3,369
    Compulsory misses:               4,251
    Invalidations:                       0
    Prefetch hits:                     186
    Prefetch misses:                   882
    Local miss rate:                 85.99%
    Child hits:                     67,610
    Total miss rate:                  4.71%
