Cache simulation results:
Core #0 (1 thread(s))
  L1I stats:
    Hits:                           47,227
    Misses:                          2,650
    Compulsory misses:               2,396
    Invalidations:                       0
    Miss rate:                        5.31%
  L1D stats:
    Hits:                           19,923
    Misses:                          1,284
    Compulsory misses:               1,878
    Invalidations:                       0
    Prefetch hits:                     334
    Prefetch misses:                 1,081
    Miss rate:                        6.05%
Core #1 (0 thread(s))
Core #2 (0 thread(s))
Core #3 (0 thread(s))
LL stats:
    Hits:                              554
    Misses:                          3,380
    Compulsory misses:               4,269
    Invalidations:                       0
    Prefetch hits:                     192
    Prefetch misses:                   889
    Local miss rate:                 85.92%
    Child hits:                     67,484
    Total miss rate:                  4.73%
