Cache simulation results:
Core #0 (1 thread(s))
  L1I stats:
    Hits:                           47,184
    Misses:                          2,649
    Compulsory misses:               2,395
    Invalidations:                       0
    Miss rate:                        5.32%
  L1D stats:
    Hits:                           19,865
    Misses:                          1,284
    Compulsory misses:               1,868
    Invalidations:                       0
    Prefetch hits:                     338
    Prefetch misses:                 1,077
    Miss rate:                        6.07%
Core #1 (0 thread(s))
Core #2 (0 thread(s))
Core #3 (0 thread(s))
LL stats:
    Hits:                              553
    Misses:                          3,380
    Compulsory misses:               4,258
    Invalidations:                       0
    Prefetch hits:                     199
    Prefetch misses:                   878
    Local miss rate:                 85.94%
    Child hits:                     67,387
    Total miss rate:                  4.74%
