Cache simulation results:
Core #0 (1 thread(s))
  L1I stats:
    Hits:                           47,586
    Misses:                          2,656
    Compulsory misses:               2,402
    Invalidations:                       0
    Miss rate:                        5.29%
  L1D stats:
    Hits:                           20,028
    Misses:                          1,285
    Compulsory misses:               1,887
    Invalidations:                       0
    Prefetch hits:                     333
    Prefetch misses:                 1,083
    Miss rate:                        6.03%
Core #1 (0 thread(s))
Core #2 (0 thread(s))
Core #3 (0 thread(s))
LL stats:
    Hits:                              547
    Misses:                          3,394
    Compulsory misses:               4,284
    Invalidations:                       0
    Prefetch hits:                     193
    Prefetch misses:                   890
    Local miss rate:                 86.12%
    Child hits:                     67,947
    Total miss rate:                  4.72%
