Cache simulation results:
Core #0 (1 thread(s))
  L1I stats:
    Hits:                           47,852
    Misses:                          2,650
    Compulsory misses:               2,396
    Invalidations:                       0
    Miss rate:                        5.25%
  L1D stats:
    Hits:                           20,201
    Misses:                          1,319
    Compulsory misses:               1,911
    Invalidations:                       0
    Prefetch hits:                     346
    Prefetch misses:                 1,104
    Miss rate:                        6.13%
Core #1 (0 thread(s))
Core #2 (0 thread(s))
Core #3 (0 thread(s))
LL stats:
    Hits:                              576
    Misses:                          3,393
    Compulsory misses:               4,302
    Invalidations:                       0
    Prefetch hits:                     195
    Prefetch misses:                   909
    Local miss rate:                 85.49%
    Child hits:                     68,399
    Total miss rate:                  4.69%
