Cache simulation results:
Core #0 (1 thread(s))
  L1I stats:
    Hits:                           47,527
    Misses:                          2,655
    Compulsory misses:               2,403
    Invalidations:                       0
    Miss rate:                        5.29%
  L1D stats:
    Hits:                           20,012
    Misses:                          1,301
    Compulsory misses:               1,901
    Invalidations:                       0
    Prefetch hits:                     341
    Prefetch misses:                 1,091
    Miss rate:                        6.10%
Core #1 (0 thread(s))
Core #2 (0 thread(s))
Core #3 (0 thread(s))
LL stats:
    Hits:                              553
    Misses:                          3,403
    Compulsory misses:               4,299
    Invalidations:                       0
    Prefetch hits:                     195
    Prefetch misses:                   896
    Local miss rate:                 86.02%
    Child hits:                     67,880
    Total miss rate:                  4.74%
