Cache simulation results:
Core #0 (1 thread(s))
  L1I stats:
    Hits:                           95,361
    Misses:                          5,277
    Compulsory misses:               2,419
    Invalidations:                       0
    Miss rate:                        5.24%
  L1D stats:
    Hits:                           40,229
    Misses:                          2,493
    Compulsory misses:               2,310
    Invalidations:                       0
    Prefetch hits:                     629
    Prefetch misses:                 2,125
    Miss rate:                        5.84%
Core #1 (0 thread(s))
Core #2 (0 thread(s))
Core #3 (0 thread(s))
LL stats:
    Hits:                            4,193
    Misses:                          3,577
    Compulsory misses:               4,724
    Invalidations:                       0
    Prefetch hits:                     978
    Prefetch misses:                 1,147
    Local miss rate:                 46.04%
    Child hits:                    136,219
    Total miss rate:                  2.48%
