Cache simulation results:
Core #0 (1 thread(s))
  L1I stats:
    Hits:                           94,709
    Misses:                          5,244
    Compulsory misses:               2,399
    Invalidations:                       0
    Miss rate:                        5.25%
  L1D stats:
    Hits:                           40,035
    Misses:                          2,486
    Compulsory misses:               2,313
    Invalidations:                       0
    Prefetch hits:                     630
    Prefetch misses:                 2,118
    Miss rate:                        5.85%
Core #1 (0 thread(s))
Core #2 (0 thread(s))
Core #3 (0 thread(s))
LL stats:
    Hits:                            4,173
    Misses:                          3,557
    Compulsory misses:               4,707
    Invalidations:                       0
    Prefetch hits:                     968
    Prefetch misses:                 1,150
    Local miss rate:                 46.02%
    Child hits:                    135,374
    Total miss rate:                  2.49%
