Cache simulation results:
Core #0 (1 thread(s))
  L1I stats:
    Hits:                           47,828
    Misses:                          2,655
    Compulsory misses:               2,401
    Invalidations:                       0
    Miss rate:                        5.26%
  L1D stats:
    Hits:                           20,189
    Misses:                          1,293
    Compulsory misses:               1,908
    Invalidations:                       0
    Prefetch hits:                     340
    Prefetch misses:                 1,084
    Miss rate:                        6.02%
Core #1 (0 thread(s))
Core #2 (0 thread(s))
Core #3 (0 thread(s))
LL stats:
    Hits:                              543
    Misses:                          3,405
    Compulsory misses:               4,304
    Invalidations:                       0
    Prefetch hits:                     185
    Prefetch misses:                   899
    Local miss rate:                 86.25%
    Child hits:                     68,357
    Total miss rate:                  4.71%
