Cache simulation results:
Core #0 (1 thread(s))
  L1I stats:
    Hits:                           47,781
    Misses:                          2,668
    Compulsory misses:               2,412
    Invalidations:                       0
    Miss rate:                        5.29%
  L1D stats:
    Hits:                           20,133
    Misses:                          1,318
    Compulsory misses:               1,910
    Invalidations:                       0
    Prefetch hits:                     333
    Prefetch misses:                 1,116
    Miss rate:                        6.14%
Core #1 (0 thread(s))
Core #2 (0 thread(s))
Core #3 (0 thread(s))
LL stats:
    Hits:                              576
    Misses:                          3,410
    Compulsory misses:               4,317
    Invalidations:                       0
    Prefetch hits:                     209
    Prefetch misses:                   907
    Local miss rate:                 85.55%
    Child hits:                     68,247
    Total miss rate:                  4.72%
