Cache simulation results:
Core #0 (1 thread(s))
  L1I stats:
    Hits:                           95,062
    Misses:                          5,275
    Compulsory misses:               2,418
    Invalidations:                       0
    Miss rate:                        5.26%
  L1D stats:
    Hits:                           40,077
    Misses:                          2,508
    Compulsory misses:               2,308
    Invalidations:                       0
    Prefetch hits:                     666
    Prefetch misses:                 2,103
    Miss rate:                        5.89%
Core #1 (0 thread(s))
Core #2 (0 thread(s))
Core #3 (0 thread(s))
LL stats:
    Hits:                            4,206
    Misses:                          3,577
    Compulsory misses:               4,721
    Invalidations:                       0
    Prefetch hits:                     959
    Prefetch misses:                 1,144
    Local miss rate:                 45.96%
    Child hits:                    135,805
    Total miss rate:                  2.49%
