Cache simulation results:
Core #0 (1 thread(s))
  L1I stats:
    Hits:                           95,147
    Misses:                          5,267
    Compulsory misses:               2,419
    Invalidations:                       0
    Miss rate:                        5.25%
  L1D stats:
    Hits:                           40,130
    Misses:                          2,526
    Compulsory misses:               2,326
    Invalidations:                       0
    Prefetch hits:                     642
    Prefetch misses:                 2,145
    Miss rate:                        5.92%
Core #1 (0 thread(s))
Core #2 (0 thread(s))
Core #3 (0 thread(s))
LL stats:
    Hits:                            4,206
    Misses:                          3,587
    Compulsory misses:               4,740
    Invalidations:                       0
    Prefetch hits:                     992
    Prefetch misses:                 1,153
    Local miss rate:                 46.03%
    Child hits:                    135,919
    Total miss rate:                  2.50%
