Cache simulation results:
Core #0 (1 thread(s))
  L1I stats:
    Hits:                           48,115
    Misses:                          2,679
    Compulsory misses:               2,422
    Invalidations:                       0
    Miss rate:                        5.27%
  L1D stats:
    Hits:                           20,252
    Misses:                          1,357
    Compulsory misses:               1,961
    Invalidations:                       0
    Prefetch hits:                     340
    Prefetch misses:                 1,148
    Miss rate:                        6.28%
Core #1 (0 thread(s))
Core #2 (0 thread(s))
Core #3 (0 thread(s))
LL stats:
    Hits:                              591
    Misses:                          3,445
    Compulsory misses:               4,378
    Invalidations:                       0
    Prefetch hits:                     215
    Prefetch misses:                   933
    Local miss rate:                 85.36%
    Child hits:                     68,707
    Total miss rate:                  4.74%
