Cache simulation results:
Core #0 (1 thread(s))
  L1I stats:
    Hits:                          262,780
    Misses:                          5,292
    Compulsory misses:               2,435
    Invalidations:                       0
    Miss rate:                        1.97%
  L1D stats:
    Hits:                           61,893
    Misses:                          2,527
    Compulsory misses:               2,345
    Invalidations:                       0
    Prefetch hits:                     662
    Prefetch misses:                 2,128
    Miss rate:                        3.92%
Core #1 (0 thread(s))
Core #2 (0 thread(s))
Core #3 (0 thread(s))
LL stats:
    Hits:                            4,203
    Misses:                          3,616
    Compulsory misses:               4,775
    Invalidations:                       0
    Prefetch hits:                     969
    Prefetch misses:                 1,159
    Local miss rate:                 46.25%
    Child hits:                    325,335
    Total miss rate:                  1.09%
