Cache simulation results:
Core #0 (1 thread(s))
  L1I stats:
    Hits:                           95,077
    Misses:                          5,280
    Compulsory misses:               2,422
    Invalidations:                       0
    Miss rate:                        5.26%
  L1D stats:
    Hits:                           40,110
    Misses:                          2,503
    Compulsory misses:               2,298
    Invalidations:                       0
    Prefetch hits:                     648
    Prefetch misses:                 2,116
    Miss rate:                        5.87%
Core #1 (0 thread(s))
Core #2 (0 thread(s))
Core #3 (0 thread(s))
LL stats:
    Hits:                            4,201
    Misses:                          3,582
    Compulsory misses:               4,715
    Invalidations:                       0
    Prefetch hits:                     983
    Prefetch misses:                 1,133
    Local miss rate:                 46.02%
    Child hits:                    135,835
    Total miss rate:                  2.49%
