Cache simulation results:
Core #0 (1 thread(s))
  L1I stats:
    Hits:                           47,139
    Misses:                          2,650
    Compulsory misses:               2,396
    Invalidations:                       0
    Miss rate:                        5.32%
  L1D stats:
    Hits:                           19,862
    Misses:                          1,318
    Compulsory misses:               1,897
    Invalidations:                       0
    Prefetch hits:                     341
    Prefetch misses:                 1,108
    Miss rate:                        6.22%
Core #1 (0 thread(s))
Core #2 (0 thread(s))
Core #3 (0 thread(s))
LL stats:
    Hits:                              575
    Misses:                          3,393
    Compulsory misses:               4,288
    Invalidations:                       0
    Prefetch hits:                     213
    Prefetch misses:                   895
    Local miss rate:                 85.51%
    Child hits:                     67,342
    Total miss rate:                  4.76%
