Cache simulation results:
Core #0 (1 thread(s))
  L1I stats:
    Hits:                           47,236
    Misses:                          2,650
    Compulsory misses:               2,396
    Invalidations:                       0
    Miss rate:                        5.31%
  L1D stats:
    Hits:                           19,919
    Misses:                          1,283
    Compulsory misses:               1,865
    Invalidations:                       0
    Prefetch hits:                     332
    Prefetch misses:                 1,082
    Miss rate:                        6.05%
Core #1 (0 thread(s))
Core #2 (0 thread(s))
Core #3 (0 thread(s))
LL stats:
    Hits:                              562
    Misses:                          3,371
    Compulsory misses:               4,256
    Invalidations:                       0
    Prefetch hits:                     197
    Prefetch misses:                   885
    Local miss rate:                 85.71%
    Child hits:                     67,487
    Total miss rate:                  4.72%
