Cache simulation results:
Core #0 (1 thread(s))
  L1I stats:
    Hits:                           47,354
    Misses:                          2,655
    Compulsory misses:               2,402
    Invalidations:                       0
    Miss rate:                        5.31%
  L1D stats:
    Hits:                           19,945
    Misses:                          1,295
    Compulsory misses:               1,878
    Invalidations:                       0
    Prefetch hits:                     345
    Prefetch misses:                 1,082
    Miss rate:                        6.10%
Core #1 (0 thread(s))
Core #2 (0 thread(s))
Core #3 (0 thread(s))
LL stats:
    Hits:                              564
    Misses:                          3,386
    Compulsory misses:               4,275
    Invalidations:                       0
    Prefetch hits:                     193
    Prefetch misses:                   889
    Local miss rate:                 85.72%
    Child hits:                     67,644
    Total miss rate:                  4.73%
