Cache simulation results:
Core #0 (1 thread(s))
  L1I stats:
    Hits:                           48,653
    Misses:                          2,683
    Compulsory misses:               2,427
    Invalidations:                       0
    Miss rate:                        5.23%
  L1D stats:
    Hits:                           20,407
    Misses:                          1,302
    Compulsory misses:               1,893
    Invalidations:                       0
    Prefetch hits:                     335
    Prefetch misses:                 1,097
    Miss rate:                        6.00%
Core #1 (0 thread(s))
Core #2 (0 thread(s))
Core #3 (0 thread(s))
LL stats:
    Hits:                              564
    Misses:                          3,421
    Compulsory misses:               4,315
    Invalidations:                       0
    Prefetch hits:                     203
    Prefetch misses:                   894
    Local miss rate:                 85.85%
    Child hits:                     69,395
    Total miss rate:                  4.66%
