Cache simulation results:
Core #0 (1 thread(s))
  L1I stats:
    Hits:                           95,618
    Misses:                          5,326
    Compulsory misses:               2,440
    Invalidations:                       0
    Miss rate:                        5.28%
  L1D stats:
    Hits:                           40,310
    Misses:                          2,542
    Compulsory misses:               2,342
    Invalidations:                       0
    Prefetch hits:                     651
    Prefetch misses:                 2,153
    Miss rate:                        5.93%
Core #1 (0 thread(s))
Core #2 (0 thread(s))
Core #3 (0 thread(s))
LL stats:
    Hits:                            4,251
    Misses:                          3,617
    Compulsory misses:               4,777
    Invalidations:                       0
    Prefetch hits:                     993
    Prefetch misses:                 1,160
    Local miss rate:                 45.97%
    Child hits:                    136,579
    Total miss rate:                  2.50%
