Cache simulation results:
Core #0 (1 thread(s))
  L1I stats:
    Hits:                           47,283
    Misses:                          2,649
    Compulsory misses:               2,395
    Invalidations:                       0
    Miss rate:                        5.31%
  L1D stats:
    Hits:                           19,916
    Misses:                          1,272
    Compulsory misses:               1,871
    Invalidations:                       0
    Prefetch hits:                     337
    Prefetch misses:                 1,066
    Miss rate:                        6.00%
Core #1 (0 thread(s))
Core #2 (0 thread(s))
Core #3 (0 thread(s))
LL stats:
    Hits:                              543
    Misses:                          3,378
    Compulsory misses:               4,261
    Invalidations:                       0
    Prefetch hits:                     183
    Prefetch misses:                   883
    Local miss rate:                 86.15%
    Child hits:                     67,536
    Total miss rate:                  4.73%
