Cache simulation results:
Core #0 (1 thread(s))
  L1I stats:
    Hits:                           47,313
    Misses:                          2,650
    Compulsory misses:               2,396
    Invalidations:                       0
    Miss rate:                        5.30%
  L1D stats:
    Hits:                           19,923
    Misses:                          1,282
    Compulsory misses:               1,864
    Invalidations:                       0
    Prefetch hits:                     332
    Prefetch misses:                 1,081
    Miss rate:                        6.05%
Core #1 (0 thread(s))
Core #2 (0 thread(s))
Core #3 (0 thread(s))
LL stats:
    Hits:                              561
    Misses:                          3,371
    Compulsory misses:               4,255
    Invalidations:                       0
    Prefetch hits:                     197
    Prefetch misses:                   884
    Local miss rate:                 85.73%
    Child hits:                     67,568
    Total miss rate:                  4.71%
