Cache simulation results:
Core #0 (1 thread(s))
  L1I stats:
    Hits:                           94,367
    Misses:                          5,253
    Compulsory misses:               2,398
    Invalidations:                       0
    Miss rate:                        5.27%
  L1D stats:
    Hits:                           39,874
    Misses:                          2,471
    Compulsory misses:               2,274
    Invalidations:                       0
    Prefetch hits:                     655
    Prefetch misses:                 2,078
    Miss rate:                        5.84%
Core #1 (0 thread(s))
Core #2 (0 thread(s))
Core #3 (0 thread(s))
LL stats:
    Hits:                            4,178
    Misses:                          3,546
    Compulsory misses:               4,667
    Invalidations:                       0
    Prefetch hits:                     957
    Prefetch misses:                 1,121
    Local miss rate:                 45.91%
    Child hits:                    134,896
    Total miss rate:                  2.49%
