Cache simulation results:
Core #0 (1 thread(s))
  L1I stats:
    Hits:                           96,489
    Misses:                          5,336
    Compulsory misses:               2,472
    Invalidations:                       0
    Miss rate:                        5.24%
  L1D stats:
    Hits:                           40,425
    Misses:                          2,558
    Compulsory misses:               2,391
    Invalidations:                       0
    Prefetch hits:                     652
    Prefetch misses:                 2,169
    Miss rate:                        5.95%
Core #1 (0 thread(s))
Core #2 (0 thread(s))
Core #3 (0 thread(s))
LL stats:
    Hits:                            4,220
    Misses:                          3,674
    Compulsory misses:               4,858
    Invalidations:                       0
    Prefetch hits:                     985
    Prefetch misses:                 1,184
    Local miss rate:                 46.54%
    Child hits:                    137,566
    Total miss rate:                  2.53%
