Cache simulation results:
Core #0 (1 thread(s))
  L1I stats:
    Hits:                           94,628
    Misses:                          5,250
    Compulsory misses:               2,395
    Invalidations:                       0
    Miss rate:                        5.26%
  L1D stats:
    Hits:                           39,905
    Misses:                          2,489
    Compulsory misses:               2,282
    Invalidations:                       0
    Prefetch hits:                     649
    Prefetch misses:                 2,102
    Miss rate:                        5.87%
Core #1 (0 thread(s))
Core #2 (0 thread(s))
Core #3 (0 thread(s))
LL stats:
    Hits:                            4,198
    Misses:                          3,541
    Compulsory misses:               4,672
    Invalidations:                       0
    Prefetch hits:                     971
    Prefetch misses:                 1,131
    Local miss rate:                 45.76%
    Child hits:                    135,182
    Total miss rate:                  2.48%
