Cache simulation results:
Core #0 (1 thread(s))
  L1I stats:
    Hits:                           95,325
    Misses:                          5,260
    Compulsory misses:               2,409
    Invalidations:                       0
    Miss rate:                        5.23%
  L1D stats:
    Hits:                           40,210
    Misses:                          2,511
    Compulsory misses:               2,348
    Invalidations:                       0
    Prefetch hits:                     657
    Prefetch misses:                 2,116
    Miss rate:                        5.88%
Core #1 (0 thread(s))
Core #2 (0 thread(s))
Core #3 (0 thread(s))
LL stats:
    Hits:                            4,181
    Misses:                          3,590
    Compulsory misses:               4,752
    Invalidations:                       0
    Prefetch hits:                     954
    Prefetch misses:                 1,162
    Local miss rate:                 46.20%
    Child hits:                    136,192
    Total miss rate:                  2.49%
