Cache simulation results:
Core #0 (1 thread(s))
  L1I stats:
    Hits:                           94,428
    Misses:                          5,251
    Compulsory misses:               2,396
    Invalidations:                       0
    Miss rate:                        5.27%
  L1D stats:
    Hits:                           39,891
    Misses:                          2,497
    Compulsory misses:               2,284
    Invalidations:                       0
    Prefetch hits:                     665
    Prefetch misses:                 2,094
    Miss rate:                        5.89%
Core #1 (0 thread(s))
Core #2 (0 thread(s))
Core #3 (0 thread(s))
LL stats:
    Hits:                            4,199
    Misses:                          3,549
    Compulsory misses:               4,675
    Invalidations:                       0
    Prefetch hits:                     968
    Prefetch misses:                 1,126
    Local miss rate:                 45.81%
    Child hits:                    134,984
    Total miss rate:                  2.49%
