Cache simulation results:
Core #0 (1 thread(s))
  L1I stats:
    Hits:                           58,785
    Misses:                          2,663
    Compulsory misses:               2,407
    Invalidations:                       0
    Miss rate:                        4.33%
  L1D stats:
    Hits:                           21,297
    Misses:                          1,310
    Compulsory misses:               1,898
    Invalidations:                       0
    Prefetch hits:                     335
    Prefetch misses:                 1,106
    Miss rate:                        5.79%
Core #1 (0 thread(s))
Core #2 (0 thread(s))
Core #3 (0 thread(s))
LL stats:
    Hits:                              572
    Misses:                          3,401
    Compulsory misses:               4,300
    Invalidations:                       0
    Prefetch hits:                     207
    Prefetch misses:                   899
    Local miss rate:                 85.60%
    Child hits:                     80,417
    Total miss rate:                  4.03%
