Cache simulation results:
Core #0 (1 thread(s))
  L1I stats:
    Hits:                           47,214
    Misses:                          2,649
    Compulsory misses:               2,395
    Invalidations:                       0
    Miss rate:                        5.31%
  L1D stats:
    Hits:                           19,895
    Misses:                          1,295
    Compulsory misses:               1,884
    Invalidations:                       0
    Prefetch hits:                     338
    Prefetch misses:                 1,088
    Miss rate:                        6.11%
Core #1 (0 thread(s))
Core #2 (0 thread(s))
Core #3 (0 thread(s))
LL stats:
    Hits:                              560
    Misses:                          3,384
    Compulsory misses:               4,274
    Invalidations:                       0
    Prefetch hits:                     198
    Prefetch misses:                   890
    Local miss rate:                 85.80%
    Child hits:                     67,447
    Total miss rate:                  4.74%
