Cache simulation results:
Core #0 (1 thread(s))
  L1I stats:
    Hits:                           47,241
    Misses:                          2,649
    Compulsory misses:               2,395
    Invalidations:                       0
    Miss rate:                        5.31%
  L1D stats:
    Hits:                           19,897
    Misses:                          1,293
    Compulsory misses:               1,867
    Invalidations:                       0
    Prefetch hits:                     339
    Prefetch misses:                 1,085
    Miss rate:                        6.10%
Core #1 (0 thread(s))
Core #2 (0 thread(s))
Core #3 (0 thread(s))
LL stats:
    Hits:                              571
    Misses:                          3,371
    Compulsory misses:               4,257
    Invalidations:                       0
    Prefetch hits:                     199
    Prefetch misses:                   886
    Local miss rate:                 85.51%
    Child hits:                     67,477
    Total miss rate:                  4.72%
