Cache simulation results:
Core #0 (1 thread(s))
  L1I stats:
    Hits:                           48,088
    Misses:                          2,675
    Compulsory misses:               2,419
    Invalidations:                       0
    Miss rate:                        5.27%
  L1D stats:
    Hits:                           20,272
    Misses:                          1,333
    Compulsory misses:               1,954
    Invalidations:                       0
    Prefetch hits:                     334
    Prefetch misses:                 1,130
    Miss rate:                        6.17%
Core #1 (0 thread(s))
Core #2 (0 thread(s))
Core #3 (0 thread(s))
LL stats:
    Hits:                              569
    Misses:                          3,439
    Compulsory misses:               4,368
    Invalidations:                       0
    Prefetch hits:                     201
    Prefetch misses:                   929
    Local miss rate:                 85.80%
    Child hits:                     68,694
    Total miss rate:                  4.73%
