Cache simulation results:
Core #0 (1 thread(s))
  L1I stats:
    Hits:                           48,267
    Misses:                          2,685
    Compulsory misses:               2,430
    Invalidations:                       0
    Miss rate:                        5.27%
  L1D stats:
    Hits:                           20,260
    Misses:                          1,320
    Compulsory misses:               1,920
    Invalidations:                       0
    Prefetch hits:                     344
    Prefetch misses:                 1,106
    Miss rate:                        6.12%
Core #1 (0 thread(s))
Core #2 (0 thread(s))
Core #3 (0 thread(s))
LL stats:
    Hits:                              566
    Misses:                          3,439
    Compulsory misses:               4,345
    Invalidations:                       0
    Prefetch hits:                     200
    Prefetch misses:                   906
    Local miss rate:                 85.87%
    Child hits:                     68,871
    Total miss rate:                  4.72%
