Cache simulation results:
Core #0 (1 thread(s))
  L1I stats:
    Hits:                           47,212
    Misses:                          2,648
    Compulsory misses:               2,394
    Invalidations:                       0
    Miss rate:                        5.31%
  L1D stats:
    Hits:                           19,865
    Misses:                          1,297
    Compulsory misses:               1,880
    Invalidations:                       0
    Prefetch hits:                     331
    Prefetch misses:                 1,097
    Miss rate:                        6.13%
Core #1 (0 thread(s))
Core #2 (0 thread(s))
Core #3 (0 thread(s))
LL stats:
    Hits:                              566
    Misses:                          3,379
    Compulsory misses:               4,269
    Invalidations:                       0
    Prefetch hits:                     207
    Prefetch misses:                   890
    Local miss rate:                 85.65%
    Child hits:                     67,408
    Total miss rate:                  4.74%
