Cache simulation results:
Core #0 (1 thread(s))
  L1I stats:
    Hits:                           47,244
    Misses:                          2,650
    Compulsory misses:               2,396
    Invalidations:                       0
    Miss rate:                        5.31%
  L1D stats:
    Hits:                           19,913
    Misses:                          1,280
    Compulsory misses:               1,878
    Invalidations:                       0
    Prefetch hits:                     326
    Prefetch misses:                 1,085
    Miss rate:                        6.04%
Core #1 (0 thread(s))
Core #2 (0 thread(s))
Core #3 (0 thread(s))
LL stats:
    Hits:                              552
    Misses:                          3,378
    Compulsory misses:               4,269
    Invalidations:                       0
    Prefetch hits:                     194
    Prefetch misses:                   891
    Local miss rate:                 85.95%
    Child hits:                     67,483
    Total miss rate:                  4.73%
