Cache simulation results:
Core #0 (1 thread(s))
  L1I stats:
    Hits:                           47,193
    Misses:                          2,639
    Compulsory misses:               2,385
    Invalidations:                       0
    Miss rate:                        5.30%
  L1D stats:
    Hits:                           19,897
    Misses:                          1,292
    Compulsory misses:               1,873
    Invalidations:                       0
    Prefetch hits:                     339
    Prefetch misses:                 1,084
    Miss rate:                        6.10%
Core #1 (0 thread(s))
Core #2 (0 thread(s))
Core #3 (0 thread(s))
LL stats:
    Hits:                              568
    Misses:                          3,363
    Compulsory misses:               4,253
    Invalidations:                       0
    Prefetch hits:                     194
    Prefetch misses:                   890
    Local miss rate:                 85.55%
    Child hits:                     67,429
    Total miss rate:                  4.71%
