Cache simulation results:
Core #0 (1 thread(s))
  L1I stats:
    Hits:                           47,324
    Misses:                          2,651
    Compulsory misses:               2,397
    Invalidations:                       0
    Miss rate:                        5.30%
  L1D stats:
    Hits:                           19,912
    Misses:                          1,290
    Compulsory misses:               1,871
    Invalidations:                       0
    Prefetch hits:                     334
    Prefetch misses:                 1,087
    Miss rate:                        6.08%
Core #1 (0 thread(s))
Core #2 (0 thread(s))
Core #3 (0 thread(s))
LL stats:
    Hits:                              560
    Misses:                          3,381
    Compulsory misses:               4,263
    Invalidations:                       0
    Prefetch hits:                     205
    Prefetch misses:                   882
    Local miss rate:                 85.79%
    Child hits:                     67,570
    Total miss rate:                  4.73%
