Cache simulation results:
Core #0 (1 thread(s))
  L1I stats:
    Hits:                           47,277
    Misses:                          2,650
    Compulsory misses:               2,396
    Invalidations:                       0
    Miss rate:                        5.31%
  L1D stats:
    Hits:                           19,888
    Misses:                          1,308
    Compulsory misses:               1,916
    Invalidations:                       0
    Prefetch hits:                     337
    Prefetch misses:                 1,102
    Miss rate:                        6.17%
Core #1 (0 thread(s))
Core #2 (0 thread(s))
Core #3 (0 thread(s))
LL stats:
    Hits:                              560
    Misses:                          3,398
    Compulsory misses:               4,307
    Invalidations:                       0
    Prefetch hits:                     193
    Prefetch misses:                   909
    Local miss rate:                 85.85%
    Child hits:                     67,502
    Total miss rate:                  4.76%
