Cache simulation results:
Core #0 (1 thread(s))
  L1I stats:
    Hits:                           47,260
    Misses:                          2,650
    Compulsory misses:               2,396
    Invalidations:                       0
    Miss rate:                        5.31%
  L1D stats:
    Hits:                           19,897
    Misses:                          1,285
    Compulsory misses:               1,871
    Invalidations:                       0
    Prefetch hits:                     337
    Prefetch misses:                 1,079
    Miss rate:                        6.07%
Core #1 (0 thread(s))
Core #2 (0 thread(s))
Core #3 (0 thread(s))
LL stats:
    Hits:                              556
    Misses:                          3,379
    Compulsory misses:               4,262
    Invalidations:                       0
    Prefetch hits:                     196
    Prefetch misses:                   883
    Local miss rate:                 85.87%
    Child hits:                     67,494
    Total miss rate:                  4.73%
