Cache simulation results:
Core #0 (1 thread(s))
  L1I stats:
    Hits:                           94,633
    Misses:                          5,257
    Compulsory misses:               2,401
    Invalidations:                       0
    Miss rate:                        5.26%
  L1D stats:
    Hits:                           39,935
    Misses:                          2,496
    Compulsory misses:               2,271
    Invalidations:                       0
    Prefetch hits:                     655
    Prefetch misses:                 2,104
    Miss rate:                        5.88%
Core #1 (0 thread(s))
Core #2 (0 thread(s))
Core #3 (0 thread(s))
LL stats:
    Hits:                            4,218
    Misses:                          3,535
    Compulsory misses:               4,667
    Invalidations:                       0
    Prefetch hits:                     972
    Prefetch misses:                 1,132
    Local miss rate:                 45.60%
    Child hits:                    135,223
    Total miss rate:                  2.47%
