Cache simulation results:
Core #0 (1 thread(s))
  L1I stats:
    Hits:                           47,675
    Misses:                          2,674
    Compulsory misses:               2,412
    Invalidations:                       0
    Miss rate:                        5.31%
  L1D stats:
    Hits:                           20,066
    Misses:                          1,294
    Compulsory misses:               1,880
    Invalidations:                       0
    Prefetch hits:                     333
    Prefetch misses:                 1,093
    Miss rate:                        6.06%
Core #1 (0 thread(s))
Core #2 (0 thread(s))
Core #3 (0 thread(s))
LL stats:
    Hits:                              576
    Misses:                          3,392
    Compulsory misses:               4,287
    Invalidations:                       0
    Prefetch hits:                     198
    Prefetch misses:                   895
    Local miss rate:                 85.48%
    Child hits:                     68,074
    Total miss rate:                  4.71%
