Cache simulation results:
Core #0 (1 thread(s))
  L1I stats:
    Hits:                           94,578
    Misses:                          5,252
    Compulsory misses:               2,396
    Invalidations:                       0
    Miss rate:                        5.26%
  L1D stats:
    Hits:                           39,897
    Misses:                          2,476
    Compulsory misses:               2,298
    Invalidations:                       0
    Prefetch hits:                     650
    Prefetch misses:                 2,088
    Miss rate:                        5.84%
Core #1 (0 thread(s))
Core #2 (0 thread(s))
Core #3 (0 thread(s))
LL stats:
    Hits:                            4,175
    Misses:                          3,553
    Compulsory misses:               4,689
    Invalidations:                       0
    Prefetch hits:                     952
    Prefetch misses:                 1,136
    Local miss rate:                 45.98%
    Child hits:                    135,125
    Total miss rate:                  2.49%
