Cache simulation results:
Core #0 (1 thread(s))
  L1I stats:
    Hits:                           47,284
    Misses:                          2,651
    Compulsory misses:               2,397
    Invalidations:                       0
    Miss rate:                        5.31%
  L1D stats:
    Hits:                           19,932
    Misses:                          1,283
    Compulsory misses:               1,881
    Invalidations:                       0
    Prefetch hits:                     343
    Prefetch misses:                 1,071
    Miss rate:                        6.05%
Core #1 (0 thread(s))
Core #2 (0 thread(s))
Core #3 (0 thread(s))
LL stats:
    Hits:                              549
    Misses:                          3,385
    Compulsory misses:               4,273
    Invalidations:                       0
    Prefetch hits:                     183
    Prefetch misses:                   888
    Local miss rate:                 86.04%
    Child hits:                     67,559
    Total miss rate:                  4.73%
