Cache simulation results:
Core #0 (1 thread(s))
  L1I stats:
    Hits:                           47,229
    Misses:                          2,648
    Compulsory misses:               2,394
    Invalidations:                       0
    Miss rate:                        5.31%
  L1D stats:
    Hits:                           19,907
    Misses:                          1,284
    Compulsory misses:               1,879
    Invalidations:                       0
    Prefetch hits:                     327
    Prefetch misses:                 1,088
    Miss rate:                        6.06%
Core #1 (0 thread(s))
Core #2 (0 thread(s))
Core #3 (0 thread(s))
LL stats:
    Hits:                              555
    Misses:                          3,377
    Compulsory misses:               4,268
    Invalidations:                       0
    Prefetch hits:                     197
    Prefetch misses:                   891
    Local miss rate:                 85.89%
    Child hits:                     67,463
    Total miss rate:                  4.73%
