Cache simulation results:
Core #0 (1 thread(s))
  L1I stats:
    Hits:                           94,511
    Misses:                          5,248
    Compulsory misses:               2,394
    Invalidations:                       0
    Miss rate:                        5.26%
  L1D stats:
    Hits:                           39,874
    Misses:                          2,497
    Compulsory misses:               2,271
    Invalidations:                       0
    Prefetch hits:                     648
    Prefetch misses:                 2,111
    Miss rate:                        5.89%
Core #1 (0 thread(s))
Core #2 (0 thread(s))
Core #3 (0 thread(s))
LL stats:
    Hits:                            4,211
    Misses:                          3,534
    Compulsory misses:               4,660
    Invalidations:                       0
    Prefetch hits:                     985
    Prefetch misses:                 1,126
    Local miss rate:                 45.63%
    Child hits:                    135,033
    Total miss rate:                  2.48%
