Cache simulation results:
Core #0 (1 thread(s))
  L1I stats:
    Hits:                           47,261
    Misses:                          2,650
    Compulsory misses:               2,396
    Invalidations:                       0
    Miss rate:                        5.31%
  L1D stats:
    Hits:                           19,901
    Misses:                          1,285
    Compulsory misses:               1,870
    Invalidations:                       0
    Prefetch hits:                     331
    Prefetch misses:                 1,085
    Miss rate:                        6.07%
Core #1 (0 thread(s))
Core #2 (0 thread(s))
Core #3 (0 thread(s))
LL stats:
    Hits:                              561
    Misses:                          3,374
    Compulsory misses:               4,261
    Invalidations:                       0
    Prefetch hits:                     198
    Prefetch misses:                   887
    Local miss rate:                 85.74%
    Child hits:                     67,493
    Total miss rate:                  4.72%
