Cache simulation results:
Core #0 (1 thread(s))
  L1I stats:
    Hits:                           94,470
    Misses:                          5,247
    Compulsory misses:               2,394
    Invalidations:                       0
    Miss rate:                        5.26%
  L1D stats:
    Hits:                           39,916
    Misses:                          2,484
    Compulsory misses:               2,263
    Invalidations:                       0
    Prefetch hits:                     657
    Prefetch misses:                 2,089
    Miss rate:                        5.86%
Core #1 (0 thread(s))
Core #2 (0 thread(s))
Core #3 (0 thread(s))
LL stats:
    Hits:                            4,202
    Misses:                          3,529
    Compulsory misses:               4,652
    Invalidations:                       0
    Prefetch hits:                     966
    Prefetch misses:                 1,123
    Local miss rate:                 45.65%
    Child hits:                    135,043
    Total miss rate:                  2.47%
