Cache simulation results:
Core #0 (1 thread(s))
  L1I stats:
    Hits:                           48,385
    Misses:                          2,681
    Compulsory misses:               2,426
    Invalidations:                       0
    Miss rate:                        5.25%
  L1D stats:
    Hits:                           20,297
    Misses:                          1,334
    Compulsory misses:               1,915
    Invalidations:                       0
    Prefetch hits:                     349
    Prefetch misses:                 1,115
    Miss rate:                        6.17%
Core #1 (0 thread(s))
Core #2 (0 thread(s))
Core #3 (0 thread(s))
LL stats:
    Hits:                              586
    Misses:                          3,429
    Compulsory misses:               4,336
    Invalidations:                       0
    Prefetch hits:                     208
    Prefetch misses:                   907
    Local miss rate:                 85.40%
    Child hits:                     69,031
    Total miss rate:                  4.69%
