Cache simulation results:
Core #0 (1 thread(s))
  L1I stats:
    Hits:                           47,245
    Misses:                          2,650
    Compulsory misses:               2,396
    Invalidations:                       0
    Miss rate:                        5.31%
  L1D stats:
    Hits:                           19,916
    Misses:                          1,296
    Compulsory misses:               1,892
    Invalidations:                       0
    Prefetch hits:                     335
    Prefetch misses:                 1,092
    Miss rate:                        6.11%
Core #1 (0 thread(s))
Core #2 (0 thread(s))
Core #3 (0 thread(s))
LL stats:
    Hits:                              561
    Misses:                          3,385
    Compulsory misses:               4,283
    Invalidations:                       0
    Prefetch hits:                     194
    Prefetch misses:                   898
    Local miss rate:                 85.78%
    Child hits:                     67,496
    Total miss rate:                  4.74%
