Cache simulation results:
Core #0 (1 thread(s))
  L1I stats:
    Hits:                           95,813
    Misses:                          5,317
    Compulsory misses:               2,433
    Invalidations:                       0
    Miss rate:                        5.26%
  L1D stats:
    Hits:                           40,414
    Misses:                          2,524
    Compulsory misses:               2,334
    Invalidations:                       0
    Prefetch hits:                     655
    Prefetch misses:                 2,131
    Miss rate:                        5.88%
Core #1 (0 thread(s))
Core #2 (0 thread(s))
Core #3 (0 thread(s))
LL stats:
    Hits:                            4,233
    Misses:                          3,608
    Compulsory misses:               4,762
    Invalidations:                       0
    Prefetch hits:                     977
    Prefetch misses:                 1,154
    Local miss rate:                 46.01%
    Child hits:                    136,882
    Total miss rate:                  2.49%
