Cache simulation results:
Core #0 (1 thread(s))
  L1I stats:
    Hits:                           94,207
    Misses:                          5,252
    Compulsory misses:               2,396
    Invalidations:                       0
    Miss rate:                        5.28%
  L1D stats:
    Hits:                           39,823
    Misses:                          2,481
    Compulsory misses:               2,262
    Invalidations:                       0
    Prefetch hits:                     626
    Prefetch misses:                 2,117
    Miss rate:                        5.86%
Core #1 (0 thread(s))
Core #2 (0 thread(s))
Core #3 (0 thread(s))
LL stats:
    Hits:                            4,211
    Misses:                          3,522
    Compulsory misses:               4,653
    Invalidations:                       0
    Prefetch hits:                     986
    Prefetch misses:                 1,131
    Local miss rate:                 45.55%
    Child hits:                    134,656
    Total miss rate:                  2.47%
