Cache simulation results:
Core #0 (1 thread(s))
  L1I stats:
    Hits:                           96,156
    Misses:                          5,270
    Compulsory misses:               2,421
    Invalidations:                       0
    Miss rate:                        5.20%
  L1D stats:
    Hits:                           40,541
    Misses:                          2,520
    Compulsory misses:               2,325
    Invalidations:                       0
    Prefetch hits:                     646
    Prefetch misses:                 2,135
    Miss rate:                        5.85%
Core #1 (0 thread(s))
Core #2 (0 thread(s))
Core #3 (0 thread(s))
LL stats:
    Hits:                            4,208
    Misses:                          3,582
    Compulsory misses:               4,741
    Invalidations:                       0
    Prefetch hits:                     976
    Prefetch misses:                 1,159
    Local miss rate:                 45.98%
    Child hits:                    137,343
    Total miss rate:                  2.47%
