Cache simulation results:
Core #0 (1 thread(s))
  L1I stats:
    Hits:                           47,314
    Misses:                          2,651
    Compulsory misses:               2,397
    Invalidations:                       0
    Miss rate:                        5.31%
  L1D stats:
    Hits:                           19,923
    Misses:                          1,288
    Compulsory misses:               1,884
    Invalidations:                       0
    Prefetch hits:                     343
    Prefetch misses:                 1,076
    Miss rate:                        6.07%
Core #1 (0 thread(s))
Core #2 (0 thread(s))
Core #3 (0 thread(s))
LL stats:
    Hits:                              551
    Misses:                          3,388
    Compulsory misses:               4,276
    Invalidations:                       0
    Prefetch hits:                     188
    Prefetch misses:                   888
    Local miss rate:                 86.01%
    Child hits:                     67,580
    Total miss rate:                  4.74%
