Cache simulation results:
Core #0 (1 thread(s))
  L1I stats:
    Hits:                           94,196
    Misses:                          5,252
    Compulsory misses:               2,397
    Invalidations:                       0
    Miss rate:                        5.28%
  L1D stats:
    Hits:                           39,789
    Misses:                          2,506
    Compulsory misses:               2,305
    Invalidations:                       0
    Prefetch hits:                     664
    Prefetch misses:                 2,104
    Miss rate:                        5.93%
Core #1 (0 thread(s))
Core #2 (0 thread(s))
Core #3 (0 thread(s))
LL stats:
    Hits:                            4,201
    Misses:                          3,557
    Compulsory misses:               4,697
    Invalidations:                       0
    Prefetch hits:                     964
    Prefetch misses:                 1,140
    Local miss rate:                 45.85%
    Child hits:                    134,649
    Total miss rate:                  2.50%
