Cache simulation results:
Core #0 (1 thread(s))
  L1I stats:
    Hits:                           47,312
    Misses:                          2,651
    Compulsory misses:               2,397
    Invalidations:                       0
    Miss rate:                        5.31%
  L1D stats:
    Hits:                           19,904
    Misses:                          1,303
    Compulsory misses:               1,876
    Invalidations:                       0
    Prefetch hits:                     340
    Prefetch misses:                 1,094
    Miss rate:                        6.14%
Core #1 (0 thread(s))
Core #2 (0 thread(s))
Core #3 (0 thread(s))
LL stats:
    Hits:                              574
    Misses:                          3,380
    Compulsory misses:               4,268
    Invalidations:                       0
    Prefetch hits:                     206
    Prefetch misses:                   888
    Local miss rate:                 85.48%
    Child hits:                     67,556
    Total miss rate:                  4.73%
