Cache simulation results:
Core #0 (1 thread(s))
  L1I stats:
    Hits:                           94,485
    Misses:                          5,252
    Compulsory misses:               2,397
    Invalidations:                       0
    Miss rate:                        5.27%
  L1D stats:
    Hits:                           39,854
    Misses:                          2,483
    Compulsory misses:               2,282
    Invalidations:                       0
    Prefetch hits:                     649
    Prefetch misses:                 2,096
    Miss rate:                        5.86%
Core #1 (0 thread(s))
Core #2 (0 thread(s))
Core #3 (0 thread(s))
LL stats:
    Hits:                            4,191
    Misses:                          3,544
    Compulsory misses:               4,674
    Invalidations:                       0
    Prefetch hits:                     966
    Prefetch misses:                 1,130
    Local miss rate:                 45.82%
    Child hits:                    134,988
    Total miss rate:                  2.48%
