Cache simulation results:
Core #0 (1 thread(s))
  L1I stats:
    Hits:                           96,042
    Misses:                          5,283
    Compulsory misses:               2,428
    Invalidations:                       0
    Miss rate:                        5.21%
  L1D stats:
    Hits:                           40,550
    Misses:                          2,519
    Compulsory misses:               2,359
    Invalidations:                       0
    Prefetch hits:                     641
    Prefetch misses:                 2,139
    Miss rate:                        5.85%
Core #1 (0 thread(s))
Core #2 (0 thread(s))
Core #3 (0 thread(s))
LL stats:
    Hits:                            4,187
    Misses:                          3,615
    Compulsory misses:               4,782
    Invalidations:                       0
    Prefetch hits:                     972
    Prefetch misses:                 1,167
    Local miss rate:                 46.33%
    Child hits:                    137,233
    Total miss rate:                  2.49%
