Cache simulation results:
Core #0 (1 thread(s))
  L1I stats:
    Hits:                           94,604
    Misses:                          5,240
    Compulsory misses:               2,394
    Invalidations:                       0
    Miss rate:                        5.25%
  L1D stats:
    Hits:                           39,983
    Misses:                          2,482
    Compulsory misses:               2,271
    Invalidations:                       0
    Prefetch hits:                     634
    Prefetch misses:                 2,110
    Miss rate:                        5.84%
Core #1 (0 thread(s))
Core #2 (0 thread(s))
Core #3 (0 thread(s))
LL stats:
    Hits:                            4,192
    Misses:                          3,530
    Compulsory misses:               4,660
    Invalidations:                       0
    Prefetch hits:                     980
    Prefetch misses:                 1,130
    Local miss rate:                 45.71%
    Child hits:                    135,221
    Total miss rate:                  2.47%
