Cache simulation results:
Core #0 (1 thread(s))
  L1I stats:
    Hits:                           47,322
    Misses:                          2,650
    Compulsory misses:               2,396
    Invalidations:                       0
    Miss rate:                        5.30%
  L1D stats:
    Hits:                           19,927
    Misses:                          1,292
    Compulsory misses:               1,886
    Invalidations:                       0
    Prefetch hits:                     334
    Prefetch misses:                 1,089
    Miss rate:                        6.09%
Core #1 (0 thread(s))
Core #2 (0 thread(s))
Core #3 (0 thread(s))
LL stats:
    Hits:                              557
    Misses:                          3,385
    Compulsory misses:               4,277
    Invalidations:                       0
    Prefetch hits:                     197
    Prefetch misses:                   892
    Local miss rate:                 85.87%
    Child hits:                     67,583
    Total miss rate:                  4.73%
