Cache simulation results:
Core #0 (1 thread(s))
  L1I stats:
    Hits:                           47,275
    Misses:                          2,645
    Compulsory misses:               2,391
    Invalidations:                       0
    Miss rate:                        5.30%
  L1D stats:
    Hits:                           19,905
    Misses:                          1,299
    Compulsory misses:               1,880
    Invalidations:                       0
    Prefetch hits:                     335
    Prefetch misses:                 1,095
    Miss rate:                        6.13%
Core #1 (0 thread(s))
Core #2 (0 thread(s))
Core #3 (0 thread(s))
LL stats:
    Hits:                              570
    Misses:                          3,374
    Compulsory misses:               4,266
    Invalidations:                       0
    Prefetch hits:                     203
    Prefetch misses:                   892
    Local miss rate:                 85.55%
    Child hits:                     67,515
    Total miss rate:                  4.72%
