Cache simulation results:
Core #0 (1 thread(s))
  L1I stats:
    Hits:                           55,010
    Misses:                          2,732
    Compulsory misses:               2,444
    Invalidations:                       0
    Miss rate:                        4.73%
  L1D stats:
    Hits:                           21,236
    Misses:                          1,371
    Compulsory misses:               1,965
    Invalidations:                       0
    Prefetch hits:                     341
    Prefetch misses:                 1,161
    Miss rate:                        6.06%
Core #1 (0 thread(s))
Core #2 (0 thread(s))
Core #3 (0 thread(s))
LL stats:
    Hits:                              634
    Misses:                          3,469
    Compulsory misses:               4,404
    Invalidations:                       0
    Prefetch hits:                     226
    Prefetch misses:                   935
    Local miss rate:                 84.55%
    Child hits:                     76,587
    Total miss rate:                  4.30%
