Cache simulation results:
Core #0 (1 thread(s))
  L1I stats:
    Hits:                           94,879
    Misses:                          5,276
    Compulsory misses:               2,421
    Invalidations:                       0
    Miss rate:                        5.27%
  L1D stats:
    Hits:                           40,075
    Misses:                          2,502
    Compulsory misses:               2,321
    Invalidations:                       0
    Prefetch hits:                     649
    Prefetch misses:                 2,116
    Miss rate:                        5.88%
Core #1 (0 thread(s))
Core #2 (0 thread(s))
Core #3 (0 thread(s))
LL stats:
    Hits:                            4,190
    Misses:                          3,588
    Compulsory misses:               4,737
    Invalidations:                       0
    Prefetch hits:                     967
    Prefetch misses:                 1,149
    Local miss rate:                 46.13%
    Child hits:                    135,603
    Total miss rate:                  2.50%
