Cache simulation results:
Core #0 (1 thread(s))
  L1I stats:
    Hits:                           94,383
    Misses:                          5,233
    Compulsory misses:               2,387
    Invalidations:                       0
    Miss rate:                        5.25%
  L1D stats:
    Hits:                           39,890
    Misses:                          2,473
    Compulsory misses:               2,295
    Invalidations:                       0
    Prefetch hits:                     642
    Prefetch misses:                 2,093
    Miss rate:                        5.84%
Core #1 (0 thread(s))
Core #2 (0 thread(s))
Core #3 (0 thread(s))
LL stats:
    Hits:                            4,166
    Misses:                          3,540
    Compulsory misses:               4,677
    Invalidations:                       0
    Prefetch hits:                     956
    Prefetch misses:                 1,137
    Local miss rate:                 45.94%
    Child hits:                    134,915
    Total miss rate:                  2.48%
