Cache simulation results:
Core #0 (1 thread(s))
  L1I stats:
    Hits:                           94,538
    Misses:                          5,234
    Compulsory misses:               2,387
    Invalidations:                       0
    Miss rate:                        5.25%
  L1D stats:
    Hits:                           39,905
    Misses:                          2,483
    Compulsory misses:               2,295
    Invalidations:                       0
    Prefetch hits:                     648
    Prefetch misses:                 2,097
    Miss rate:                        5.86%
Core #1 (0 thread(s))
Core #2 (0 thread(s))
Core #3 (0 thread(s))
LL stats:
    Hits:                            4,180
    Misses:                          3,537
    Compulsory misses:               4,677
    Invalidations:                       0
    Prefetch hits:                     957
    Prefetch misses:                 1,140
    Local miss rate:                 45.83%
    Child hits:                    135,091
    Total miss rate:                  2.48%
