Cache simulation results:
Core #0 (1 thread(s))
  L1I stats:
    Hits:                           96,591
    Misses:                          5,302
    Compulsory misses:               2,428
    Invalidations:                       0
    Miss rate:                        5.20%
  L1D stats:
    Hits:                           40,694
    Misses:                          2,518
    Compulsory misses:               2,339
    Invalidations:                       0
    Prefetch hits:                     656
    Prefetch misses:                 2,122
    Miss rate:                        5.83%
Core #1 (0 thread(s))
Core #2 (0 thread(s))
Core #3 (0 thread(s))
LL stats:
    Hits:                            4,209
    Misses:                          3,611
    Compulsory misses:               4,762
    Invalidations:                       0
    Prefetch hits:                     971
    Prefetch misses:                 1,151
    Local miss rate:                 46.18%
    Child hits:                    137,941
    Total miss rate:                  2.48%
