Cache simulation results:
Core #0 (1 thread(s))
  L1I stats:
    Hits:                           47,232
    Misses:                          2,650
    Compulsory misses:               2,396
    Invalidations:                       0
    Miss rate:                        5.31%
  L1D stats:
    Hits:                           19,893
    Misses:                          1,301
    Compulsory misses:               1,883
    Invalidations:                       0
    Prefetch hits:                     332
    Prefetch misses:                 1,100
    Miss rate:                        6.14%
Core #1 (0 thread(s))
Core #2 (0 thread(s))
Core #3 (0 thread(s))
LL stats:
    Hits:                              573
    Misses:                          3,378
    Compulsory misses:               4,274
    Invalidations:                       0
    Prefetch hits:                     204
    Prefetch misses:                   896
    Local miss rate:                 85.50%
    Child hits:                     67,457
    Total miss rate:                  4.73%
