Cache simulation results:
Core #0 (1 thread(s))
  L1I stats:
    Hits:                           94,697
    Misses:                          5,271
    Compulsory misses:               2,419
    Invalidations:                       0
    Miss rate:                        5.27%
  L1D stats:
    Hits:                           39,989
    Misses:                          2,540
    Compulsory misses:               2,366
    Invalidations:                       0
    Prefetch hits:                     647
    Prefetch misses:                 2,156
    Miss rate:                        5.97%
Core #1 (0 thread(s))
Core #2 (0 thread(s))
Core #3 (0 thread(s))
LL stats:
    Hits:                            4,206
    Misses:                          3,605
    Compulsory misses:               4,780
    Invalidations:                       0
    Prefetch hits:                     981
    Prefetch misses:                 1,175
    Local miss rate:                 46.15%
    Child hits:                    135,333
    Total miss rate:                  2.52%
