Cache simulation results:
Core #0 (1 thread(s))
  L1I stats:
    Hits:                           95,636
    Misses:                          5,286
    Compulsory misses:               2,431
    Invalidations:                       0
    Miss rate:                        5.24%
  L1D stats:
    Hits:                           40,379
    Misses:                          2,562
    Compulsory misses:               2,379
    Invalidations:                       0
    Prefetch hits:                     660
    Prefetch misses:                 2,164
    Miss rate:                        5.97%
Core #1 (0 thread(s))
Core #2 (0 thread(s))
Core #3 (0 thread(s))
LL stats:
    Hits:                            4,221
    Misses:                          3,627
    Compulsory misses:               4,805
    Invalidations:                       0
    Prefetch hits:                     986
    Prefetch misses:                 1,178
    Local miss rate:                 46.22%
    Child hits:                    136,675
    Total miss rate:                  2.51%
