Cache simulation results:
Core #0 (1 thread(s))
  L1I stats:
    Hits:                           47,162
    Misses:                          2,648
    Compulsory misses:               2,394
    Invalidations:                       0
    Miss rate:                        5.32%
  L1D stats:
    Hits:                           19,889
    Misses:                          1,293
    Compulsory misses:               1,891
    Invalidations:                       0
    Prefetch hits:                     343
    Prefetch misses:                 1,081
    Miss rate:                        6.10%
Core #1 (0 thread(s))
Core #2 (0 thread(s))
Core #3 (0 thread(s))
LL stats:
    Hits:                              555
    Misses:                          3,386
    Compulsory misses:               4,280
    Invalidations:                       0
    Prefetch hits:                     187
    Prefetch misses:                   894
    Local miss rate:                 85.92%
    Child hits:                     67,394
    Total miss rate:                  4.75%
