Cache simulation results:
Core #0 (1 thread(s))
  L1I stats:
    Hits:                           95,584
    Misses:                          5,271
    Compulsory misses:               2,416
    Invalidations:                       0
    Miss rate:                        5.23%
  L1D stats:
    Hits:                           40,267
    Misses:                          2,525
    Compulsory misses:               2,362
    Invalidations:                       0
    Prefetch hits:                     655
    Prefetch misses:                 2,131
    Miss rate:                        5.90%
Core #1 (0 thread(s))
Core #2 (0 thread(s))
Core #3 (0 thread(s))
LL stats:
    Hits:                            4,193
    Misses:                          3,603
    Compulsory misses:               4,773
    Invalidations:                       0
    Prefetch hits:                     961
    Prefetch misses:                 1,170
    Local miss rate:                 46.22%
    Child hits:                    136,506
    Total miss rate:                  2.50%
