Cache simulation results:
Core #0 (1 thread(s))
  L1I stats:
    Hits:                           47,225
    Misses:                          2,650
    Compulsory misses:               2,396
    Invalidations:                       0
    Miss rate:                        5.31%
  L1D stats:
    Hits:                           19,908
    Misses:                          1,283
    Compulsory misses:               1,869
    Invalidations:                       0
    Prefetch hits:                     339
    Prefetch misses:                 1,075
    Miss rate:                        6.05%
Core #1 (0 thread(s))
Core #2 (0 thread(s))
Core #3 (0 thread(s))
LL stats:
    Hits:                              556
    Misses:                          3,377
    Compulsory misses:               4,260
    Invalidations:                       0
    Prefetch hits:                     192
    Prefetch misses:                   883
    Local miss rate:                 85.86%
    Child hits:                     67,472
    Total miss rate:                  4.73%
