Cache simulation results:
Core #0 (1 thread(s))
  L1I stats:
    Hits:                           47,310
    Misses:                          2,647
    Compulsory misses:               2,393
    Invalidations:                       0
    Miss rate:                        5.30%
  L1D stats:
    Hits:                           19,930
    Misses:                          1,305
    Compulsory misses:               1,897
    Invalidations:                       0
    Prefetch hits:                     347
    Prefetch misses:                 1,089
    Miss rate:                        6.15%
Core #1 (0 thread(s))
Core #2 (0 thread(s))
Core #3 (0 thread(s))
LL stats:
    Hits:                              561
    Misses:                          3,391
    Compulsory misses:               4,285
    Invalidations:                       0
    Prefetch hits:                     195
    Prefetch misses:                   894
    Local miss rate:                 85.80%
    Child hits:                     67,587
    Total miss rate:                  4.74%
