Cache simulation results:
Core #0 (1 thread(s))
  L1I stats:
    Hits:                           94,907
    Misses:                          5,265
    Compulsory misses:               2,410
    Invalidations:                       0
    Miss rate:                        5.26%
  L1D stats:
    Hits:                           39,979
    Misses:                          2,520
    Compulsory misses:               2,324
    Invalidations:                       0
    Prefetch hits:                     668
    Prefetch misses:                 2,115
    Miss rate:                        5.93%
Core #1 (0 thread(s))
Core #2 (0 thread(s))
Core #3 (0 thread(s))
LL stats:
    Hits:                            4,210
    Misses:                          3,575
    Compulsory misses:               4,729
    Invalidations:                       0
    Prefetch hits:                     961
    Prefetch misses:                 1,154
    Local miss rate:                 45.92%
    Child hits:                    135,554
    Total miss rate:                  2.49%
