Cache simulation results:
Core #0 (1 thread(s))
  L1I stats:
    Hits:                           47,442
    Misses:                          2,658
    Compulsory misses:               2,404
    Invalidations:                       0
    Miss rate:                        5.31%
  L1D stats:
    Hits:                           19,963
    Misses:                          1,300
    Compulsory misses:               1,891
    Invalidations:                       0
    Prefetch hits:                     344
    Prefetch misses:                 1,087
    Miss rate:                        6.11%
Core #1 (0 thread(s))
Core #2 (0 thread(s))
Core #3 (0 thread(s))
LL stats:
    Hits:                              562
    Misses:                          3,396
    Compulsory misses:               4,290
    Invalidations:                       0
    Prefetch hits:                     193
    Prefetch misses:                   894
    Local miss rate:                 85.80%
    Child hits:                     67,749
    Total miss rate:                  4.74%
