Cache simulation results:
Core #0 (1 thread(s))
  L1I stats:
    Hits:                           58,908
    Misses:                          2,663
    Compulsory misses:               2,408
    Invalidations:                       0
    Miss rate:                        4.33%
  L1D stats:
    Hits:                           21,310
    Misses:                          1,295
    Compulsory misses:               1,881
    Invalidations:                       0
    Prefetch hits:                     340
    Prefetch misses:                 1,086
    Miss rate:                        5.73%
Core #1 (0 thread(s))
Core #2 (0 thread(s))
Core #3 (0 thread(s))
LL stats:
    Hits:                              567
    Misses:                          3,391
    Compulsory misses:               4,284
    Invalidations:                       0
    Prefetch hits:                     193
    Prefetch misses:                   893
    Local miss rate:                 85.67%
    Child hits:                     80,558
    Total miss rate:                  4.01%
