Cache simulation results:
Core #0 (1 thread(s))
  L1I stats:
    Hits:                           47,415
    Misses:                          2,671
    Compulsory misses:               2,415
    Invalidations:                       0
    Miss rate:                        5.33%
  L1D stats:
    Hits:                           19,973
    Misses:                          1,317
    Compulsory misses:               1,909
    Invalidations:                       0
    Prefetch hits:                     342
    Prefetch misses:                 1,106
    Miss rate:                        6.19%
Core #1 (0 thread(s))
Core #2 (0 thread(s))
Core #3 (0 thread(s))
LL stats:
    Hits:                              574
    Misses:                          3,414
    Compulsory misses:               4,319
    Invalidations:                       0
    Prefetch hits:                     201
    Prefetch misses:                   905
    Local miss rate:                 85.61%
    Child hits:                     67,730
    Total miss rate:                  4.76%
