Cache simulation results:
Core #0 (1 thread(s))
  L1I stats:
    Hits:                           47,318
    Misses:                          2,651
    Compulsory misses:               2,397
    Invalidations:                       0
    Miss rate:                        5.31%
  L1D stats:
    Hits:                           19,909
    Misses:                          1,293
    Compulsory misses:               1,891
    Invalidations:                       0
    Prefetch hits:                     334
    Prefetch misses:                 1,090
    Miss rate:                        6.10%
Core #1 (0 thread(s))
Core #2 (0 thread(s))
Core #3 (0 thread(s))
LL stats:
    Hits:                              555
    Misses:                          3,389
    Compulsory misses:               4,283
    Invalidations:                       0
    Prefetch hits:                     196
    Prefetch misses:                   894
    Local miss rate:                 85.93%
    Child hits:                     67,561
    Total miss rate:                  4.74%
