Cache simulation results:
Core #0 (1 thread(s))
  L1I stats:
    Hits:                           47,248
    Misses:                          2,650
    Compulsory misses:               2,396
    Invalidations:                       0
    Miss rate:                        5.31%
  L1D stats:
    Hits:                           19,903
    Misses:                          1,293
    Compulsory misses:               1,883
    Invalidations:                       0
    Prefetch hits:                     330
    Prefetch misses:                 1,094
    Miss rate:                        6.10%
Core #1 (0 thread(s))
Core #2 (0 thread(s))
Core #3 (0 thread(s))
LL stats:
    Hits:                              560
    Misses:                          3,383
    Compulsory misses:               4,274
    Invalidations:                       0
    Prefetch hits:                     203
    Prefetch misses:                   891
    Local miss rate:                 85.80%
    Child hits:                     67,481
    Total miss rate:                  4.74%
