Cache simulation results:
Core #0 (1 thread(s))
  L1I stats:
    Hits:                           47,473
    Misses:                          2,649
    Compulsory misses:               2,395
    Invalidations:                       0
    Miss rate:                        5.29%
  L1D stats:
    Hits:                           20,000
    Misses:                          1,302
    Compulsory misses:               1,900
    Invalidations:                       0
    Prefetch hits:                     343
    Prefetch misses:                 1,090
    Miss rate:                        6.11%
Core #1 (0 thread(s))
Core #2 (0 thread(s))
Core #3 (0 thread(s))
LL stats:
    Hits:                              561
    Misses:                          3,390
    Compulsory misses:               4,290
    Invalidations:                       0
    Prefetch hits:                     190
    Prefetch misses:                   900
    Local miss rate:                 85.80%
    Child hits:                     67,816
    Total miss rate:                  4.72%
