Cache simulation results:
Core #0 (1 thread(s))
  L1I stats:
    Hits:                           47,304
    Misses:                          2,658
    Compulsory misses:               2,404
    Invalidations:                       0
    Miss rate:                        5.32%
  L1D stats:
    Hits:                           19,943
    Misses:                          1,291
    Compulsory misses:               1,883
    Invalidations:                       0
    Prefetch hits:                     340
    Prefetch misses:                 1,082
    Miss rate:                        6.08%
Core #1 (0 thread(s))
Core #2 (0 thread(s))
Core #3 (0 thread(s))
LL stats:
    Hits:                              552
    Misses:                          3,397
    Compulsory misses:               4,282
    Invalidations:                       0
    Prefetch hits:                     197
    Prefetch misses:                   885
    Local miss rate:                 86.02%
    Child hits:                     67,587
    Total miss rate:                  4.75%
