Cache simulation results:
Core #0 (1 thread(s))
  L1I stats:
    Hits:                           48,168
    Misses:                          2,671
    Compulsory misses:               2,417
    Invalidations:                       0
    Miss rate:                        5.25%
  L1D stats:
    Hits:                           20,228
    Misses:                          1,300
    Compulsory misses:               1,895
    Invalidations:                       0
    Prefetch hits:                     348
    Prefetch misses:                 1,082
    Miss rate:                        6.04%
Core #1 (0 thread(s))
Core #2 (0 thread(s))
Core #3 (0 thread(s))
LL stats:
    Hits:                              560
    Misses:                          3,411
    Compulsory misses:               4,307
    Invalidations:                       0
    Prefetch hits:                     186
    Prefetch misses:                   896
    Local miss rate:                 85.90%
    Child hits:                     68,744
    Total miss rate:                  4.69%
