Cache simulation results:
Core #0 (1 thread(s))
  L1I stats:
    Hits:                           47,474
    Misses:                          2,658
    Compulsory misses:               2,404
    Invalidations:                       0
    Miss rate:                        5.30%
  L1D stats:
    Hits:                           19,984
    Misses:                          1,303
    Compulsory misses:               1,899
    Invalidations:                       0
    Prefetch hits:                     341
    Prefetch misses:                 1,093
    Miss rate:                        6.12%
Core #1 (0 thread(s))
Core #2 (0 thread(s))
Core #3 (0 thread(s))
LL stats:
    Hits:                              559
    Misses:                          3,402
    Compulsory misses:               4,298
    Invalidations:                       0
    Prefetch hits:                     197
    Prefetch misses:                   896
    Local miss rate:                 85.89%
    Child hits:                     67,799
    Total miss rate:                  4.74%
