Cache simulation results:
Core #0 (1 thread(s))
  L1I stats:
    Hits:                           94,888
    Misses:                          5,272
    Compulsory misses:               2,411
    Invalidations:                       0
    Miss rate:                        5.26%
  L1D stats:
    Hits:                           40,043
    Misses:                          2,495
    Compulsory misses:               2,330
    Invalidations:                       0
    Prefetch hits:                     654
    Prefetch misses:                 2,103
    Miss rate:                        5.87%
Core #1 (0 thread(s))
Core #2 (0 thread(s))
Core #3 (0 thread(s))
LL stats:
    Hits:                            4,185
    Misses:                          3,582
    Compulsory misses:               4,736
    Invalidations:                       0
    Prefetch hits:                     949
    Prefetch misses:                 1,154
    Local miss rate:                 46.12%
    Child hits:                    135,585
    Total miss rate:                  2.50%
