Cache simulation results:
Core #0 (1 thread(s))
  L1I stats:
    Hits:                           47,342
    Misses:                          2,648
    Compulsory misses:               2,394
    Invalidations:                       0
    Miss rate:                        5.30%
  L1D stats:
    Hits:                           19,920
    Misses:                          1,302
    Compulsory misses:               1,900
    Invalidations:                       0
    Prefetch hits:                     349
    Prefetch misses:                 1,084
    Miss rate:                        6.14%
Core #1 (0 thread(s))
Core #2 (0 thread(s))
Core #3 (0 thread(s))
LL stats:
    Hits:                              558
    Misses:                          3,392
    Compulsory misses:               4,289
    Invalidations:                       0
    Prefetch hits:                     187
    Prefetch misses:                   897
    Local miss rate:                 85.87%
    Child hits:                     67,611
    Total miss rate:                  4.74%
