Cache simulation results:
Core #0 (1 thread(s))
  L1I stats:
    Hits:                           47,259
    Misses:                          2,650
    Compulsory misses:               2,396
    Invalidations:                       0
    Miss rate:                        5.31%
  L1D stats:
    Hits:                           19,928
    Misses:                          1,286
    Compulsory misses:               1,899
    Invalidations:                       0
    Prefetch hits:                     331
    Prefetch misses:                 1,086
    Miss rate:                        6.06%
Core #1 (0 thread(s))
Core #2 (0 thread(s))
Core #3 (0 thread(s))
LL stats:
    Hits:                              542
    Misses:                          3,394
    Compulsory misses:               4,290
    Invalidations:                       0
    Prefetch hits:                     190
    Prefetch misses:                   896
    Local miss rate:                 86.23%
    Child hits:                     67,518
    Total miss rate:                  4.75%
