Cache simulation results:
Core #0 (1 thread(s))
  L1I stats:
    Hits:                           60,528
    Misses:                          2,738
    Compulsory misses:               2,440
    Invalidations:                       0
    Miss rate:                        4.33%
  L1D stats:
    Hits:                           21,945
    Misses:                          1,333
    Compulsory misses:               1,944
    Invalidations:                       0
    Prefetch hits:                     346
    Prefetch misses:                 1,118
    Miss rate:                        5.73%
Core #1 (0 thread(s))
Core #2 (0 thread(s))
Core #3 (0 thread(s))
LL stats:
    Hits:                              611
    Misses:                          3,460
    Compulsory misses:               4,379
    Invalidations:                       0
    Prefetch hits:                     199
    Prefetch misses:                   919
    Local miss rate:                 84.99%
    Child hits:                     82,819
    Total miss rate:                  3.98%
