Cache simulation results:
Core #0 (1 thread(s))
  L1I stats:
    Hits:                           47,324
    Misses:                          2,651
    Compulsory misses:               2,397
    Invalidations:                       0
    Miss rate:                        5.30%
  L1D stats:
    Hits:                           19,905
    Misses:                          1,296
    Compulsory misses:               1,863
    Invalidations:                       0
    Prefetch hits:                     348
    Prefetch misses:                 1,079
    Miss rate:                        6.11%
Core #1 (0 thread(s))
Core #2 (0 thread(s))
Core #3 (0 thread(s))
LL stats:
    Hits:                              573
    Misses:                          3,374
    Compulsory misses:               4,255
    Invalidations:                       0
    Prefetch hits:                     198
    Prefetch misses:                   881
    Local miss rate:                 85.48%
    Child hits:                     67,577
    Total miss rate:                  4.72%
