Cache simulation results:
Core #0 (1 thread(s))
  L1I stats:
    Hits:                           55,199
    Misses:                          2,714
    Compulsory misses:               2,452
    Invalidations:                       0
    Miss rate:                        4.69%
  L1D stats:
    Hits:                           22,217
    Misses:                          1,446
    Compulsory misses:               2,141
    Invalidations:                       0
    Prefetch hits:                     338
    Prefetch misses:                 1,238
    Miss rate:                        6.11%
Core #1 (0 thread(s))
Core #2 (0 thread(s))
Core #3 (0 thread(s))
LL stats:
    Hits:                              596
    Misses:                          3,564
    Compulsory misses:               4,588
    Invalidations:                       0
    Prefetch hits:                     214
    Prefetch misses:                 1,024
    Local miss rate:                 85.67%
    Child hits:                     77,754
    Total miss rate:                  4.35%
