Cache simulation results:
Core #0 (1 thread(s))
  L1I stats:
    Hits:                           47,265
    Misses:                          2,650
    Compulsory misses:               2,396
    Invalidations:                       0
    Miss rate:                        5.31%
  L1D stats:
    Hits:                           19,886
    Misses:                          1,315
    Compulsory misses:               1,931
    Invalidations:                       0
    Prefetch hits:                     339
    Prefetch misses:                 1,107
    Miss rate:                        6.20%
Core #1 (0 thread(s))
Core #2 (0 thread(s))
Core #3 (0 thread(s))
LL stats:
    Hits:                              557
    Misses:                          3,408
    Compulsory misses:               4,322
    Invalidations:                       0
    Prefetch hits:                     193
    Prefetch misses:                   914
    Local miss rate:                 85.95%
    Child hits:                     67,490
    Total miss rate:                  4.77%
