Cache simulation results:
Core #0 (1 thread(s))
  L1I stats:
    Hits:                           94,809
    Misses:                          5,246
    Compulsory misses:               2,401
    Invalidations:                       0
    Miss rate:                        5.24%
  L1D stats:
    Hits:                           40,092
    Misses:                          2,514
    Compulsory misses:               2,322
    Invalidations:                       0
    Prefetch hits:                     652
    Prefetch misses:                 2,124
    Miss rate:                        5.90%
Core #1 (0 thread(s))
Core #2 (0 thread(s))
Core #3 (0 thread(s))
LL stats:
    Hits:                            4,193
    Misses:                          3,567
    Compulsory misses:               4,718
    Invalidations:                       0
    Prefetch hits:                     973
    Prefetch misses:                 1,151
    Local miss rate:                 45.97%
    Child hits:                    135,553
    Total miss rate:                  2.49%
