Cache simulation results:
Core #0 (1 thread(s))
  L1I stats:
    Hits:                           47,956
    Misses:                          2,675
    Compulsory misses:               2,421
    Invalidations:                       0
    Miss rate:                        5.28%
  L1D stats:
    Hits:                           20,240
    Misses:                          1,314
    Compulsory misses:               1,925
    Invalidations:                       0
    Prefetch hits:                     335
    Prefetch misses:                 1,110
    Miss rate:                        6.10%
Core #1 (0 thread(s))
Core #2 (0 thread(s))
Core #3 (0 thread(s))
LL stats:
    Hits:                              560
    Misses:                          3,429
    Compulsory misses:               4,341
    Invalidations:                       0
    Prefetch hits:                     198
    Prefetch misses:                   912
    Local miss rate:                 85.96%
    Child hits:                     68,531
    Total miss rate:                  4.73%
