Cache simulation results:
Core #0 (1 thread(s))
  L1I stats:
    Hits:                           47,168
    Misses:                          2,641
    Compulsory misses:               2,387
    Invalidations:                       0
    Miss rate:                        5.30%
  L1D stats:
    Hits:                           19,902
    Misses:                          1,303
    Compulsory misses:               1,932
    Invalidations:                       0
    Prefetch hits:                     339
    Prefetch misses:                 1,095
    Miss rate:                        6.14%
Core #1 (0 thread(s))
Core #2 (0 thread(s))
Core #3 (0 thread(s))
LL stats:
    Hits:                              541
    Misses:                          3,403
    Compulsory misses:               4,314
    Invalidations:                       0
    Prefetch hits:                     184
    Prefetch misses:                   911
    Local miss rate:                 86.28%
    Child hits:                     67,409
    Total miss rate:                  4.77%
