Cache simulation results:
Core #0 (1 thread(s))
  L1I stats:
    Hits:                           47,474
    Misses:                          2,666
    Compulsory misses:               2,409
    Invalidations:                       0
    Miss rate:                        5.32%
  L1D stats:
    Hits:                           19,978
    Misses:                          1,325
    Compulsory misses:               1,922
    Invalidations:                       0
    Prefetch hits:                     345
    Prefetch misses:                 1,111
    Miss rate:                        6.22%
Core #1 (0 thread(s))
Core #2 (0 thread(s))
Core #3 (0 thread(s))
LL stats:
    Hits:                              575
    Misses:                          3,416
    Compulsory misses:               4,326
    Invalidations:                       0
    Prefetch hits:                     201
    Prefetch misses:                   910
    Local miss rate:                 85.59%
    Child hits:                     67,797
    Total miss rate:                  4.76%
