Cache simulation results:
Core #0 (1 thread(s))
  L1I stats:
    Hits:                           47,061
    Misses:                          2,651
    Compulsory misses:               2,401
    Invalidations:                       0
    Miss rate:                        5.33%
  L1D stats:
    Hits:                           19,827
    Misses:                          1,306
    Compulsory misses:               1,909
    Invalidations:                       0
    Prefetch hits:                     336
    Prefetch misses:                 1,101
    Miss rate:                        6.18%
Core #1 (0 thread(s))
Core #2 (0 thread(s))
Core #3 (0 thread(s))
LL stats:
    Hits:                              555
    Misses:                          3,402
    Compulsory misses:               4,305
    Invalidations:                       0
    Prefetch hits:                     198
    Prefetch misses:                   903
    Local miss rate:                 85.97%
    Child hits:                     67,224
    Total miss rate:                  4.78%
