Cache simulation results:
Core #0 (1 thread(s))
  L1I stats:
    Hits:                           47,273
    Misses:                          2,650
    Compulsory misses:               2,396
    Invalidations:                       0
    Miss rate:                        5.31%
  L1D stats:
    Hits:                           19,866
    Misses:                          1,308
    Compulsory misses:               1,923
    Invalidations:                       0
    Prefetch hits:                     350
    Prefetch misses:                 1,089
    Miss rate:                        6.18%
Core #1 (0 thread(s))
Core #2 (0 thread(s))
Core #3 (0 thread(s))
LL stats:
    Hits:                              552
    Misses:                          3,406
    Compulsory misses:               4,314
    Invalidations:                       0
    Prefetch hits:                     181
    Prefetch misses:                   908
    Local miss rate:                 86.05%
    Child hits:                     67,489
    Total miss rate:                  4.77%
