Cache simulation results:
Core #0 (1 thread(s))
  L1I stats:
    Hits:                           47,235
    Misses:                          2,650
    Compulsory misses:               2,396
    Invalidations:                       0
    Miss rate:                        5.31%
  L1D stats:
    Hits:                           19,903
    Misses:                          1,289
    Compulsory misses:               1,891
    Invalidations:                       0
    Prefetch hits:                     338
    Prefetch misses:                 1,082
    Miss rate:                        6.08%
Core #1 (0 thread(s))
Core #2 (0 thread(s))
Core #3 (0 thread(s))
LL stats:
    Hits:                              550
    Misses:                          3,389
    Compulsory misses:               4,282
    Invalidations:                       0
    Prefetch hits:                     189
    Prefetch misses:                   893
    Local miss rate:                 86.04%
    Child hits:                     67,476
    Total miss rate:                  4.75%
