Cache simulation results:
Core #0 (1 thread(s))
  L1I stats:
    Hits:                           48,096
    Misses:                          2,677
    Compulsory misses:               2,421
    Invalidations:                       0
    Miss rate:                        5.27%
  L1D stats:
    Hits:                           20,280
    Misses:                          1,327
    Compulsory misses:               1,926
    Invalidations:                       0
    Prefetch hits:                     343
    Prefetch misses:                 1,115
    Miss rate:                        6.14%
Core #1 (0 thread(s))
Core #2 (0 thread(s))
Core #3 (0 thread(s))
LL stats:
    Hits:                              576
    Misses:                          3,428
    Compulsory misses:               4,342
    Invalidations:                       0
    Prefetch hits:                     201
    Prefetch misses:                   914
    Local miss rate:                 85.61%
    Child hits:                     68,719
    Total miss rate:                  4.71%
