Cache simulation results:
Core #0 (1 thread(s))
  L1I stats:
    Hits:                           94,585
    Misses:                          5,253
    Compulsory misses:               2,399
    Invalidations:                       0
    Miss rate:                        5.26%
  L1D stats:
    Hits:                           39,899
    Misses:                          2,522
    Compulsory misses:               2,375
    Invalidations:                       0
    Prefetch hits:                     637
    Prefetch misses:                 2,148
    Miss rate:                        5.95%
Core #1 (0 thread(s))
Core #2 (0 thread(s))
Core #3 (0 thread(s))
LL stats:
    Hits:                            4,184
    Misses:                          3,591
    Compulsory misses:               4,769
    Invalidations:                       0
    Prefetch hits:                     970
    Prefetch misses:                 1,178
    Local miss rate:                 46.19%
    Child hits:                    135,121
    Total miss rate:                  2.51%
