Cache simulation results:
Core #0 (1 thread(s))
  L1I stats:
    Hits:                           47,472
    Misses:                          2,666
    Compulsory misses:               2,409
    Invalidations:                       0
    Miss rate:                        5.32%
  L1D stats:
    Hits:                           19,988
    Misses:                          1,311
    Compulsory misses:               1,924
    Invalidations:                       0
    Prefetch hits:                     347
    Prefetch misses:                 1,095
    Miss rate:                        6.16%
Core #1 (0 thread(s))
Core #2 (0 thread(s))
Core #3 (0 thread(s))
LL stats:
    Hits:                              559
    Misses:                          3,418
    Compulsory misses:               4,328
    Invalidations:                       0
    Prefetch hits:                     185
    Prefetch misses:                   910
    Local miss rate:                 85.94%
    Child hits:                     67,807
    Total miss rate:                  4.76%
