Cache simulation results:
Core #0 (1 thread(s))
  L1I stats:
    Hits:                           47,228
    Misses:                          2,648
    Compulsory misses:               2,394
    Invalidations:                       0
    Miss rate:                        5.31%
  L1D stats:
    Hits:                           19,896
    Misses:                          1,295
    Compulsory misses:               1,882
    Invalidations:                       0
    Prefetch hits:                     328
    Prefetch misses:                 1,098
    Miss rate:                        6.11%
Core #1 (0 thread(s))
Core #2 (0 thread(s))
Core #3 (0 thread(s))
LL stats:
    Hits:                              570
    Misses:                          3,373
    Compulsory misses:               4,271
    Invalidations:                       0
    Prefetch hits:                     200
    Prefetch misses:                   898
    Local miss rate:                 85.54%
    Child hits:                     67,452
    Total miss rate:                  4.72%
