Cache simulation results:
Core #0 (1 thread(s))
  L1I stats:
    Hits:                           95,641
    Misses:                          5,286
    Compulsory misses:               2,431
    Invalidations:                       0
    Miss rate:                        5.24%
  L1D stats:
    Hits:                           40,456
    Misses:                          2,497
    Compulsory misses:               2,347
    Invalidations:                       0
    Prefetch hits:                     638
    Prefetch misses:                 2,122
    Miss rate:                        5.81%
Core #1 (0 thread(s))
Core #2 (0 thread(s))
Core #3 (0 thread(s))
LL stats:
    Hits:                            4,176
    Misses:                          3,607
    Compulsory misses:               4,773
    Invalidations:                       0
    Prefetch hits:                     956
    Prefetch misses:                 1,166
    Local miss rate:                 46.34%
    Child hits:                    136,735
    Total miss rate:                  2.50%
