Cache simulation results:
Core #0 (1 thread(s))
  L1I stats:
    Hits:                           47,238
    Misses:                          2,649
    Compulsory misses:               2,395
    Invalidations:                       0
    Miss rate:                        5.31%
  L1D stats:
    Hits:                           19,891
    Misses:                          1,292
    Compulsory misses:               1,879
    Invalidations:                       0
    Prefetch hits:                     326
    Prefetch misses:                 1,097
    Miss rate:                        6.10%
Core #1 (0 thread(s))
Core #2 (0 thread(s))
Core #3 (0 thread(s))
LL stats:
    Hits:                              566
    Misses:                          3,375
    Compulsory misses:               4,269
    Invalidations:                       0
    Prefetch hits:                     203
    Prefetch misses:                   894
    Local miss rate:                 85.64%
    Child hits:                     67,455
    Total miss rate:                  4.73%
