Cache simulation results:
Core #0 (1 thread(s))
  L1I stats:
    Hits:                           94,574
    Misses:                          5,250
    Compulsory misses:               2,395
    Invalidations:                       0
    Miss rate:                        5.26%
  L1D stats:
    Hits:                           39,934
    Misses:                          2,480
    Compulsory misses:               2,292
    Invalidations:                       0
    Prefetch hits:                     651
    Prefetch misses:                 2,091
    Miss rate:                        5.85%
Core #1 (0 thread(s))
Core #2 (0 thread(s))
Core #3 (0 thread(s))
LL stats:
    Hits:                            4,181
    Misses:                          3,549
    Compulsory misses:               4,682
    Invalidations:                       0
    Prefetch hits:                     958
    Prefetch misses:                 1,133
    Local miss rate:                 45.91%
    Child hits:                    135,159
    Total miss rate:                  2.48%
