Cache simulation results:
Core #0 (1 thread(s))
  L1I stats:
    Hits:                           94,755
    Misses:                          5,266
    Compulsory misses:               2,411
    Invalidations:                       0
    Miss rate:                        5.26%
  L1D stats:
    Hits:                           40,022
    Misses:                          2,490
    Compulsory misses:               2,326
    Invalidations:                       0
    Prefetch hits:                     643
    Prefetch misses:                 2,109
    Miss rate:                        5.86%
Core #1 (0 thread(s))
Core #2 (0 thread(s))
Core #3 (0 thread(s))
LL stats:
    Hits:                            4,177
    Misses:                          3,579
    Compulsory misses:               4,732
    Invalidations:                       0
    Prefetch hits:                     956
    Prefetch misses:                 1,153
    Local miss rate:                 46.14%
    Child hits:                    135,420
    Total miss rate:                  2.50%
