Cache simulation results:
Core #0 (1 thread(s))
  L1I stats:
    Hits:                           94,741
    Misses:                          5,263
    Compulsory misses:               2,410
    Invalidations:                       0
    Miss rate:                        5.26%
  L1D stats:
    Hits:                           40,007
    Misses:                          2,491
    Compulsory misses:               2,321
    Invalidations:                       0
    Prefetch hits:                     630
    Prefetch misses:                 2,123
    Miss rate:                        5.86%
Core #1 (0 thread(s))
Core #2 (0 thread(s))
Core #3 (0 thread(s))
LL stats:
    Hits:                            4,180
    Misses:                          3,574
    Compulsory misses:               4,726
    Invalidations:                       0
    Prefetch hits:                     971
    Prefetch misses:                 1,152
    Local miss rate:                 46.09%
    Child hits:                    135,378
    Total miss rate:                  2.50%
