Cache simulation results:
Core #0 (1 thread(s))
  L1I stats:
    Hits:                           94,559
    Misses:                          5,249
    Compulsory misses:               2,396
    Invalidations:                       0
    Miss rate:                        5.26%
  L1D stats:
    Hits:                           39,880
    Misses:                          2,510
    Compulsory misses:               2,326
    Invalidations:                       0
    Prefetch hits:                     660
    Prefetch misses:                 2,112
    Miss rate:                        5.92%
Core #1 (0 thread(s))
Core #2 (0 thread(s))
Core #3 (0 thread(s))
LL stats:
    Hits:                            4,195
    Misses:                          3,564
    Compulsory misses:               4,717
    Invalidations:                       0
    Prefetch hits:                     959
    Prefetch misses:                 1,153
    Local miss rate:                 45.93%
    Child hits:                    135,099
    Total miss rate:                  2.49%
