Cache simulation results:
Core #0 (1 thread(s))
  L1I stats:
    Hits:                           47,156
    Misses:                          2,647
    Compulsory misses:               2,393
    Invalidations:                       0
    Miss rate:                        5.31%
  L1D stats:
    Hits:                           19,896
    Misses:                          1,283
    Compulsory misses:               1,888
    Invalidations:                       0
    Prefetch hits:                     337
    Prefetch misses:                 1,077
    Miss rate:                        6.06%
Core #1 (0 thread(s))
Core #2 (0 thread(s))
Core #3 (0 thread(s))
LL stats:
    Hits:                              552
    Misses:                          3,378
    Compulsory misses:               4,276
    Invalidations:                       0
    Prefetch hits:                     179
    Prefetch misses:                   898
    Local miss rate:                 85.95%
    Child hits:                     67,389
    Total miss rate:                  4.74%
