Cache simulation results:
Core #0 (1 thread(s))
  L1I stats:
    Hits:                           47,663
    Misses:                          2,673
    Compulsory misses:               2,410
    Invalidations:                       0
    Miss rate:                        5.31%
  L1D stats:
    Hits:                           20,073
    Misses:                          1,293
    Compulsory misses:               1,891
    Invalidations:                       0
    Prefetch hits:                     344
    Prefetch misses:                 1,080
    Miss rate:                        6.05%
Core #1 (0 thread(s))
Core #2 (0 thread(s))
Core #3 (0 thread(s))
LL stats:
    Hits:                              562
    Misses:                          3,404
    Compulsory misses:               4,296
    Invalidations:                       0
    Prefetch hits:                     188
    Prefetch misses:                   892
    Local miss rate:                 85.83%
    Child hits:                     68,080
    Total miss rate:                  4.72%
