Cache simulation results:
Core #0 (1 thread(s))
  L1I stats:
    Hits:                           97,586
    Misses:                          5,397
    Compulsory misses:               2,524
    Invalidations:                       0
    Miss rate:                        5.24%
  L1D stats:
    Hits:                           41,192
    Misses:                          2,605
    Compulsory misses:               2,468
    Invalidations:                       0
    Prefetch hits:                     662
    Prefetch misses:                 2,211
    Miss rate:                        5.95%
Core #1 (0 thread(s))
Core #2 (0 thread(s))
Core #3 (0 thread(s))
LL stats:
    Hits:                            4,245
    Misses:                          3,757
    Compulsory misses:               4,987
    Invalidations:                       0
    Prefetch hits:                     981
    Prefetch misses:                 1,230
    Local miss rate:                 46.95%
    Child hits:                    139,440
    Total miss rate:                  2.55%
