Cache simulation results:
Core #0 (1 thread(s))
  L1I stats:
    Hits:                        1,470,614
    Misses:                         95,466
    Compulsory misses:               1,002
    Invalidations:                       0
    Miss rate:                        6.10%
  L1D stats:
    Hits:                          613,561
    Misses:                         42,399
    Compulsory misses:               9,360
    Invalidations:                       0
    Prefetch hits:                   8,244
    Prefetch misses:                36,042
    Miss rate:                        6.46%
Core #1 (0 thread(s))
Core #2 (0 thread(s))
Core #3 (0 thread(s))
LL stats:
    Hits:                          132,757
    Misses:                          5,108
    Compulsory misses:              10,362
    Invalidations:                       0
    Prefetch hits:                  30,788
    Prefetch misses:                 5,254
    Local miss rate:                  3.71%
    Child hits:                  2,092,419
    Total miss rate:                  0.23%
