Cache simulation results:
Core #0 (1 thread(s))
  L1I stats:
    Hits:                           95,062
    Misses:                          5,281
    Compulsory misses:               2,427
    Invalidations:                       0
    Miss rate:                        5.26%
  L1D stats:
    Hits:                           40,236
    Misses:                          2,508
    Compulsory misses:               2,303
    Invalidations:                       0
    Prefetch hits:                     647
    Prefetch misses:                 2,123
    Miss rate:                        5.87%
Core #1 (0 thread(s))
Core #2 (0 thread(s))
Core #3 (0 thread(s))
LL stats:
    Hits:                            4,208
    Misses:                          3,581
    Compulsory misses:               4,725
    Invalidations:                       0
    Prefetch hits:                     979
    Prefetch misses:                 1,144
    Local miss rate:                 45.98%
    Child hits:                    135,945
    Total miss rate:                  2.49%
