Cache simulation results:
Core #0 (1 thread(s))
  L1I stats:
    Hits:                           47,337
    Misses:                          2,649
    Compulsory misses:               2,395
    Invalidations:                       0
    Miss rate:                        5.30%
  L1D stats:
    Hits:                           19,928
    Misses:                          1,279
    Compulsory misses:               1,858
    Invalidations:                       0
    Prefetch hits:                     340
    Prefetch misses:                 1,070
    Miss rate:                        6.03%
Core #1 (0 thread(s))
Core #2 (0 thread(s))
Core #3 (0 thread(s))
LL stats:
    Hits:                              560
    Misses:                          3,368
    Compulsory misses:               4,248
    Invalidations:                       0
    Prefetch hits:                     190
    Prefetch misses:                   880
    Local miss rate:                 85.74%
    Child hits:                     67,605
    Total miss rate:                  4.71%
