Cache simulation results:
Core #0 (1 thread(s))
  L1I stats:
    Hits:                           47,580
    Misses:                          2,659
    Compulsory misses:               2,405
    Invalidations:                       0
    Miss rate:                        5.29%
  L1D stats:
    Hits:                           20,012
    Misses:                          1,304
    Compulsory misses:               1,896
    Invalidations:                       0
    Prefetch hits:                     337
    Prefetch misses:                 1,098
    Miss rate:                        6.12%
Core #1 (0 thread(s))
Core #2 (0 thread(s))
Core #3 (0 thread(s))
LL stats:
    Hits:                              563
    Misses:                          3,400
    Compulsory misses:               4,296
    Invalidations:                       0
    Prefetch hits:                     202
    Prefetch misses:                   896
    Local miss rate:                 85.79%
    Child hits:                     67,929
    Total miss rate:                  4.73%
