Cache simulation results:
Core #0 (1 thread(s))
  L1I stats:
    Hits:                           47,873
    Misses:                          2,660
    Compulsory misses:               2,406
    Invalidations:                       0
    Miss rate:                        5.26%
  L1D stats:
    Hits:                           20,180
    Misses:                          1,305
    Compulsory misses:               1,916
    Invalidations:                       0
    Prefetch hits:                     330
    Prefetch misses:                 1,106
    Miss rate:                        6.07%
Core #1 (0 thread(s))
Core #2 (0 thread(s))
Core #3 (0 thread(s))
LL stats:
    Hits:                              555
    Misses:                          3,410
    Compulsory misses:               4,317
    Invalidations:                       0
    Prefetch hits:                     199
    Prefetch misses:                   907
    Local miss rate:                 86.00%
    Child hits:                     68,383
    Total miss rate:                  4.71%
