Cache simulation results:
Core #0 (1 thread(s))
  L1I stats:
    Hits:                           95,864
    Misses:                          5,302
    Compulsory misses:               2,437
    Invalidations:                       0
    Miss rate:                        5.24%
  L1D stats:
    Hits:                           40,491
    Misses:                          2,506
    Compulsory misses:               2,370
    Invalidations:                       0
    Prefetch hits:                     650
    Prefetch misses:                 2,118
    Miss rate:                        5.83%
Core #1 (0 thread(s))
Core #2 (0 thread(s))
Core #3 (0 thread(s))
LL stats:
    Hits:                            4,173
    Misses:                          3,635
    Compulsory misses:               4,802
    Invalidations:                       0
    Prefetch hits:                     951
    Prefetch misses:                 1,167
    Local miss rate:                 46.55%
    Child hits:                    137,005
    Total miss rate:                  2.51%
