Cache simulation results:
Core #0 (1 thread(s))
  L1I stats:
    Hits:                           47,415
    Misses:                          2,665
    Compulsory misses:               2,409
    Invalidations:                       0
    Miss rate:                        5.32%
  L1D stats:
    Hits:                           20,003
    Misses:                          1,311
    Compulsory misses:               1,918
    Invalidations:                       0
    Prefetch hits:                     338
    Prefetch misses:                 1,104
    Miss rate:                        6.15%
Core #1 (0 thread(s))
Core #2 (0 thread(s))
Core #3 (0 thread(s))
LL stats:
    Hits:                              562
    Misses:                          3,414
    Compulsory misses:               4,322
    Invalidations:                       0
    Prefetch hits:                     196
    Prefetch misses:                   908
    Local miss rate:                 85.87%
    Child hits:                     67,756
    Total miss rate:                  4.76%
