Cache simulation results:
Core #0 (1 thread(s))
  L1I stats:
    Hits:                           47,467
    Misses:                          2,666
    Compulsory misses:               2,409
    Invalidations:                       0
    Miss rate:                        5.32%
  L1D stats:
    Hits:                           19,999
    Misses:                          1,324
    Compulsory misses:               1,919
    Invalidations:                       0
    Prefetch hits:                     342
    Prefetch misses:                 1,113
    Miss rate:                        6.21%
Core #1 (0 thread(s))
Core #2 (0 thread(s))
Core #3 (0 thread(s))
LL stats:
    Hits:                              578
    Misses:                          3,412
    Compulsory misses:               4,323
    Invalidations:                       0
    Prefetch hits:                     202
    Prefetch misses:                   911
    Local miss rate:                 85.51%
    Child hits:                     67,808
    Total miss rate:                  4.75%
