Cache simulation results:
Core #0 (1 thread(s))
  L1I stats:
    Hits:                           94,398
    Misses:                          5,248
    Compulsory misses:               2,395
    Invalidations:                       0
    Miss rate:                        5.27%
  L1D stats:
    Hits:                           39,881
    Misses:                          2,482
    Compulsory misses:               2,302
    Invalidations:                       0
    Prefetch hits:                     647
    Prefetch misses:                 2,097
    Miss rate:                        5.86%
Core #1 (0 thread(s))
Core #2 (0 thread(s))
Core #3 (0 thread(s))
LL stats:
    Hits:                            4,174
    Misses:                          3,556
    Compulsory misses:               4,692
    Invalidations:                       0
    Prefetch hits:                     961
    Prefetch misses:                 1,136
    Local miss rate:                 46.00%
    Child hits:                    134,926
    Total miss rate:                  2.49%
