Cache simulation results:
Core #0 (1 thread(s))
  L1I stats:
    Hits:                           52,781
    Misses:                          2,655
    Compulsory misses:               2,400
    Invalidations:                       0
    Miss rate:                        4.79%
  L1D stats:
    Hits:                           20,584
    Misses:                          1,306
    Compulsory misses:               1,894
    Invalidations:                       0
    Prefetch hits:                     337
    Prefetch misses:                 1,100
    Miss rate:                        5.97%
Core #1 (0 thread(s))
Core #2 (0 thread(s))
Core #3 (0 thread(s))
LL stats:
    Hits:                              570
    Misses:                          3,391
    Compulsory misses:               4,289
    Invalidations:                       0
    Prefetch hits:                     202
    Prefetch misses:                   898
    Local miss rate:                 85.61%
    Child hits:                     73,702
    Total miss rate:                  4.37%
