Cache simulation results:
Core #0 (1 thread(s))
  L1I stats:
    Hits:                           95,058
    Misses:                          5,261
    Compulsory misses:               2,408
    Invalidations:                       0
    Miss rate:                        5.24%
  L1D stats:
    Hits:                           40,086
    Misses:                          2,539
    Compulsory misses:               2,369
    Invalidations:                       0
    Prefetch hits:                     651
    Prefetch misses:                 2,150
    Miss rate:                        5.96%
Core #1 (0 thread(s))
Core #2 (0 thread(s))
Core #3 (0 thread(s))
LL stats:
    Hits:                            4,203
    Misses:                          3,597
    Compulsory misses:               4,772
    Invalidations:                       0
    Prefetch hits:                     975
    Prefetch misses:                 1,175
    Local miss rate:                 46.12%
    Child hits:                    135,795
    Total miss rate:                  2.50%
