Cache simulation results:
Core #0 (1 thread(s))
  L1I stats:
    Hits:                           47,482
    Misses:                          2,675
    Compulsory misses:               2,421
    Invalidations:                       0
    Miss rate:                        5.33%
  L1D stats:
    Hits:                           20,008
    Misses:                          1,302
    Compulsory misses:               1,896
    Invalidations:                       0
    Prefetch hits:                     341
    Prefetch misses:                 1,092
    Miss rate:                        6.11%
Core #1 (0 thread(s))
Core #2 (0 thread(s))
Core #3 (0 thread(s))
LL stats:
    Hits:                              561
    Misses:                          3,416
    Compulsory misses:               4,312
    Invalidations:                       0
    Prefetch hits:                     196
    Prefetch misses:                   896
    Local miss rate:                 85.89%
    Child hits:                     67,831
    Total miss rate:                  4.76%
