Cache simulation results:
Core #0 (1 thread(s))
  L1I stats:
    Hits:                           48,099
    Misses:                          2,731
    Compulsory misses:               2,447
    Invalidations:                       0
    Miss rate:                        5.37%
  L1D stats:
    Hits:                           20,265
    Misses:                          1,364
    Compulsory misses:               1,964
    Invalidations:                       0
    Prefetch hits:                     358
    Prefetch misses:                 1,137
    Miss rate:                        6.31%
Core #1 (0 thread(s))
Core #2 (0 thread(s))
Core #3 (0 thread(s))
LL stats:
    Hits:                              615
    Misses:                          3,480
    Compulsory misses:               4,406
    Invalidations:                       0
    Prefetch hits:                     211
    Prefetch misses:                   926
    Local miss rate:                 84.98%
    Child hits:                     68,722
    Total miss rate:                  4.78%
