Cache simulation results:
Core #0 (1 thread(s))
  L1I stats:
    Hits:                           48,168
    Misses:                          2,672
    Compulsory misses:               2,417
    Invalidations:                       0
    Miss rate:                        5.26%
  L1D stats:
    Hits:                           20,223
    Misses:                          1,315
    Compulsory misses:               1,915
    Invalidations:                       0
    Prefetch hits:                     332
    Prefetch misses:                 1,113
    Miss rate:                        6.11%
Core #1 (0 thread(s))
Core #2 (0 thread(s))
Core #3 (0 thread(s))
LL stats:
    Hits:                              571
    Misses:                          3,416
    Compulsory misses:               4,327
    Invalidations:                       0
    Prefetch hits:                     202
    Prefetch misses:                   911
    Local miss rate:                 85.68%
    Child hits:                     68,723
    Total miss rate:                  4.70%
