Cache simulation results:
Core #0 (1 thread(s))
  L1I stats:
    Hits:                           94,840
    Misses:                          5,270
    Compulsory misses:               2,416
    Invalidations:                       0
    Miss rate:                        5.26%
  L1D stats:
    Hits:                           40,046
    Misses:                          2,499
    Compulsory misses:               2,343
    Invalidations:                       0
    Prefetch hits:                     650
    Prefetch misses:                 2,111
    Miss rate:                        5.87%
Core #1 (0 thread(s))
Core #2 (0 thread(s))
Core #3 (0 thread(s))
LL stats:
    Hits:                            4,174
    Misses:                          3,595
    Compulsory misses:               4,754
    Invalidations:                       0
    Prefetch hits:                     952
    Prefetch misses:                 1,159
    Local miss rate:                 46.27%
    Child hits:                    135,536
    Total miss rate:                  2.51%
