Cache simulation results:
Core #0 (1 thread(s))
  L1I stats:
    Hits:                           60,165
    Misses:                          2,671
    Compulsory misses:               2,416
    Invalidations:                       0
    Miss rate:                        4.25%
  L1D stats:
    Hits:                           24,627
    Misses:                          1,443
    Compulsory misses:               2,142
    Invalidations:                       0
    Prefetch hits:                     335
    Prefetch misses:                 1,238
    Miss rate:                        5.54%
Core #1 (0 thread(s))
Core #2 (0 thread(s))
Core #3 (0 thread(s))
LL stats:
    Hits:                              583
    Misses:                          3,531
    Compulsory misses:               4,553
    Invalidations:                       0
    Prefetch hits:                     216
    Prefetch misses:                 1,022
    Local miss rate:                 85.83%
    Child hits:                     85,127
    Total miss rate:                  3.96%
