Cache simulation results:
Core #0 (1 thread(s))
  L1I stats:
    Hits:                           48,205
    Misses:                          2,670
    Compulsory misses:               2,416
    Invalidations:                       0
    Miss rate:                        5.25%
  L1D stats:
    Hits:                           20,223
    Misses:                          1,326
    Compulsory misses:               1,956
    Invalidations:                       0
    Prefetch hits:                     326
    Prefetch misses:                 1,130
    Miss rate:                        6.15%
Core #1 (0 thread(s))
Core #2 (0 thread(s))
Core #3 (0 thread(s))
LL stats:
    Hits:                              560
    Misses:                          3,436
    Compulsory misses:               4,367
    Invalidations:                       0
    Prefetch hits:                     199
    Prefetch misses:                   931
    Local miss rate:                 85.99%
    Child hits:                     68,754
    Total miss rate:                  4.72%
