Cache simulation results:
Core #0 (1 thread(s))
  L1I stats:
    Hits:                           48,111
    Misses:                          2,670
    Compulsory misses:               2,415
    Invalidations:                       0
    Miss rate:                        5.26%
  L1D stats:
    Hits:                           20,209
    Misses:                          1,316
    Compulsory misses:               1,914
    Invalidations:                       0
    Prefetch hits:                     342
    Prefetch misses:                 1,104
    Miss rate:                        6.11%
Core #1 (0 thread(s))
Core #2 (0 thread(s))
Core #3 (0 thread(s))
LL stats:
    Hits:                              569
    Misses:                          3,417
    Compulsory misses:               4,324
    Invalidations:                       0
    Prefetch hits:                     197
    Prefetch misses:                   907
    Local miss rate:                 85.73%
    Child hits:                     68,662
    Total miss rate:                  4.70%
