Cache simulation results:
Core #0 (1 thread(s))
  L1I stats:
    Hits:                           94,377
    Misses:                          5,255
    Compulsory misses:               2,398
    Invalidations:                       0
    Miss rate:                        5.27%
  L1D stats:
    Hits:                           39,916
    Misses:                          2,471
    Compulsory misses:               2,229
    Invalidations:                       0
    Prefetch hits:                     628
    Prefetch misses:                 2,105
    Miss rate:                        5.83%
Core #1 (0 thread(s))
Core #2 (0 thread(s))
Core #3 (0 thread(s))
LL stats:
    Hits:                            4,219
    Misses:                          3,507
    Compulsory misses:               4,622
    Invalidations:                       0
    Prefetch hits:                     990
    Prefetch misses:                 1,115
    Local miss rate:                 45.39%
    Child hits:                    134,921
    Total miss rate:                  2.46%
