Cache simulation results:
Core #0 (1 thread(s))
  L1I stats:
    Hits:                           47,210
    Misses:                          2,648
    Compulsory misses:               2,394
    Invalidations:                       0
    Miss rate:                        5.31%
  L1D stats:
    Hits:                           19,894
    Misses:                          1,285
    Compulsory misses:               1,876
    Invalidations:                       0
    Prefetch hits:                     334
    Prefetch misses:                 1,082
    Miss rate:                        6.07%
Core #1 (0 thread(s))
Core #2 (0 thread(s))
Core #3 (0 thread(s))
LL stats:
    Hits:                              555
    Misses:                          3,378
    Compulsory misses:               4,265
    Invalidations:                       0
    Prefetch hits:                     195
    Prefetch misses:                   887
    Local miss rate:                 85.89%
    Child hits:                     67,438
    Total miss rate:                  4.73%
