Cache simulation results:
Core #0 (1 thread(s))
  L1I stats:
    Hits:                           47,149
    Misses:                          2,650
    Compulsory misses:               2,396
    Invalidations:                       0
    Miss rate:                        5.32%
  L1D stats:
    Hits:                           19,887
    Misses:                          1,287
    Compulsory misses:               1,874
    Invalidations:                       0
    Prefetch hits:                     344
    Prefetch misses:                 1,074
    Miss rate:                        6.08%
Core #1 (0 thread(s))
Core #2 (0 thread(s))
Core #3 (0 thread(s))
LL stats:
    Hits:                              558
    Misses:                          3,379
    Compulsory misses:               4,265
    Invalidations:                       0
    Prefetch hits:                     188
    Prefetch misses:                   886
    Local miss rate:                 85.83%
    Child hits:                     67,380
    Total miss rate:                  4.74%
