Cache simulation results:
Core #0 (1 thread(s))
  L1I stats:
    Hits:                           28,640
    Misses:                          1,891
    Compulsory misses:                 929
    Invalidations:                       0
    Miss rate:                        6.19%
  L1D stats:
    Hits:                           11,841
    Misses:                            889
    Compulsory misses:                 978
    Invalidations:                       0
    Prefetch hits:                     163
    Prefetch misses:                   762
    Miss rate:                        6.98%
Core #1 (0 thread(s))
Core #2 (0 thread(s))
Core #3 (0 thread(s))
LL stats:
    Hits:                            1,345
    Misses:                          1,435
    Compulsory misses:               1,907
    Invalidations:                       0
    Prefetch hits:                     290
    Prefetch misses:                   472
    Local miss rate:                 51.62%
    Child hits:                     40,644
    Total miss rate:                  3.30%
