Cache simulation results:
Core #0 (1 thread(s))
  L1I stats:
    Hits:                          237,326
    Misses:                          5,251
    Compulsory misses:               2,402
    Invalidations:                       0
    Miss rate:                        2.16%
  L1D stats:
    Hits:                           61,017
    Misses:                          2,486
    Compulsory misses:               2,305
    Invalidations:                       0
    Prefetch hits:                     645
    Prefetch misses:                 2,103
    Miss rate:                        3.91%
Core #1 (0 thread(s))
Core #2 (0 thread(s))
Core #3 (0 thread(s))
LL stats:
    Hits:                            4,178
    Misses:                          3,559
    Compulsory misses:               4,702
    Invalidations:                       0
    Prefetch hits:                     960
    Prefetch misses:                 1,143
    Local miss rate:                 46.00%
    Child hits:                    298,988
    Total miss rate:                  1.16%
