Cache simulation results:
Core #0 (1 thread(s))
  L1I stats:
    Hits:                           94,733
    Misses:                          5,256
    Compulsory misses:               2,403
    Invalidations:                       0
    Miss rate:                        5.26%
  L1D stats:
    Hits:                           39,948
    Misses:                          2,498
    Compulsory misses:               2,266
    Invalidations:                       0
    Prefetch hits:                     662
    Prefetch misses:                 2,098
    Miss rate:                        5.89%
Core #1 (0 thread(s))
Core #2 (0 thread(s))
Core #3 (0 thread(s))
LL stats:
    Hits:                            4,204
    Misses:                          3,550
    Compulsory misses:               4,664
    Invalidations:                       0
    Prefetch hits:                     984
    Prefetch misses:                 1,114
    Local miss rate:                 45.78%
    Child hits:                    135,343
    Total miss rate:                  2.48%
