Cache simulation results:
Core #0 (1 thread(s))
  L1I stats:
    Hits:                          109,476
    Misses:                          5,321
    Compulsory misses:               2,442
    Invalidations:                       0
    Miss rate:                        4.64%
  L1D stats:
    Hits:                           43,428
    Misses:                          2,558
    Compulsory misses:               2,347
    Invalidations:                       0
    Prefetch hits:                     657
    Prefetch misses:                 2,162
    Miss rate:                        5.56%
Core #1 (0 thread(s))
Core #2 (0 thread(s))
Core #3 (0 thread(s))
LL stats:
    Hits:                            4,262
    Misses:                          3,617
    Compulsory misses:               4,784
    Invalidations:                       0
    Prefetch hits:                     995
    Prefetch misses:                 1,167
    Local miss rate:                 45.91%
    Child hits:                    153,561
    Total miss rate:                  2.24%
