Cache simulation results:
Core #0 (1 thread(s))
  L1I stats:
    Hits:                           97,587
    Misses:                          5,306
    Compulsory misses:               2,439
    Invalidations:                       0
    Miss rate:                        5.16%
  L1D stats:
    Hits:                           40,572
    Misses:                          2,520
    Compulsory misses:               2,318
    Invalidations:                       0
    Prefetch hits:                     658
    Prefetch misses:                 2,123
    Miss rate:                        5.85%
Core #1 (0 thread(s))
Core #2 (0 thread(s))
Core #3 (0 thread(s))
LL stats:
    Hits:                            4,219
    Misses:                          3,607
    Compulsory misses:               4,752
    Invalidations:                       0
    Prefetch hits:                     978
    Prefetch misses:                 1,145
    Local miss rate:                 46.09%
    Child hits:                    138,817
    Total miss rate:                  2.46%
