Cache simulation results:
Core #0 (1 thread(s))
  L1I stats:
    Hits:                           94,979
    Misses:                          5,273
    Compulsory misses:               2,420
    Invalidations:                       0
    Miss rate:                        5.26%
  L1D stats:
    Hits:                           40,086
    Misses:                          2,532
    Compulsory misses:               2,326
    Invalidations:                       0
    Prefetch hits:                     667
    Prefetch misses:                 2,127
    Miss rate:                        5.94%
Core #1 (0 thread(s))
Core #2 (0 thread(s))
Core #3 (0 thread(s))
LL stats:
    Hits:                            4,211
    Misses:                          3,594
    Compulsory misses:               4,741
    Invalidations:                       0
    Prefetch hits:                     980
    Prefetch misses:                 1,147
    Local miss rate:                 46.05%
    Child hits:                    135,732
    Total miss rate:                  2.50%
