Cache simulation results:
Core #0 (1 thread(s))
  L1I stats:
    Hits:                           47,258
    Misses:                          2,649
    Compulsory misses:               2,395
    Invalidations:                       0
    Miss rate:                        5.31%
  L1D stats:
    Hits:                           19,903
    Misses:                          1,284
    Compulsory misses:               1,889
    Invalidations:                       0
    Prefetch hits:                     331
    Prefetch misses:                 1,084
    Miss rate:                        6.06%
Core #1 (0 thread(s))
Core #2 (0 thread(s))
Core #3 (0 thread(s))
LL stats:
    Hits:                              549
    Misses:                          3,384
    Compulsory misses:               4,279
    Invalidations:                       0
    Prefetch hits:                     189
    Prefetch misses:                   895
    Local miss rate:                 86.04%
    Child hits:                     67,492
    Total miss rate:                  4.74%
