Cache simulation results:
Core #0 (1 thread(s))
  L1I stats:
    Hits:                           94,584
    Misses:                          5,248
    Compulsory misses:               2,395
    Invalidations:                       0
    Miss rate:                        5.26%
  L1D stats:
    Hits:                           39,904
    Misses:                          2,487
    Compulsory misses:               2,292
    Invalidations:                       0
    Prefetch hits:                     647
    Prefetch misses:                 2,102
    Miss rate:                        5.87%
Core #1 (0 thread(s))
Core #2 (0 thread(s))
Core #3 (0 thread(s))
LL stats:
    Hits:                            4,191
    Misses:                          3,544
    Compulsory misses:               4,682
    Invalidations:                       0
    Prefetch hits:                     964
    Prefetch misses:                 1,138
    Local miss rate:                 45.82%
    Child hits:                    135,135
    Total miss rate:                  2.48%
