Cache simulation results:
Core #0 (1 thread(s))
  L1I stats:
    Hits:                           94,736
    Misses:                          5,274
    Compulsory misses:               2,417
    Invalidations:                       0
    Miss rate:                        5.27%
  L1D stats:
    Hits:                           40,015
    Misses:                          2,506
    Compulsory misses:               2,359
    Invalidations:                       0
    Prefetch hits:                     644
    Prefetch misses:                 2,124
    Miss rate:                        5.89%
Core #1 (0 thread(s))
Core #2 (0 thread(s))
Core #3 (0 thread(s))
LL stats:
    Hits:                            4,187
    Misses:                          3,593
    Compulsory misses:               4,771
    Invalidations:                       0
    Prefetch hits:                     946
    Prefetch misses:                 1,178
    Local miss rate:                 46.18%
    Child hits:                    135,395
    Total miss rate:                  2.51%
