Cache simulation results:
Core #0 (1 thread(s))
  L1I stats:
    Hits:                           47,213
    Misses:                          2,649
    Compulsory misses:               2,395
    Invalidations:                       0
    Miss rate:                        5.31%
  L1D stats:
    Hits:                           19,893
    Misses:                          1,299
    Compulsory misses:               1,879
    Invalidations:                       0
    Prefetch hits:                     335
    Prefetch misses:                 1,095
    Miss rate:                        6.13%
Core #1 (0 thread(s))
Core #2 (0 thread(s))
Core #3 (0 thread(s))
LL stats:
    Hits:                              574
    Misses:                          3,374
    Compulsory misses:               4,269
    Invalidations:                       0
    Prefetch hits:                     200
    Prefetch misses:                   895
    Local miss rate:                 85.46%
    Child hits:                     67,441
    Total miss rate:                  4.73%
