Cache simulation results:
Core #0 (1 thread(s))
  L1I stats:
    Hits:                           47,173
    Misses:                          2,650
    Compulsory misses:               2,396
    Invalidations:                       0
    Miss rate:                        5.32%
  L1D stats:
    Hits:                           19,873
    Misses:                          1,300
    Compulsory misses:               1,878
    Invalidations:                       0
    Prefetch hits:                     340
    Prefetch misses:                 1,091
    Miss rate:                        6.14%
Core #1 (0 thread(s))
Core #2 (0 thread(s))
Core #3 (0 thread(s))
LL stats:
    Hits:                              568
    Misses:                          3,382
    Compulsory misses:               4,269
    Invalidations:                       0
    Prefetch hits:                     204
    Prefetch misses:                   887
    Local miss rate:                 85.62%
    Child hits:                     67,386
    Total miss rate:                  4.74%
