Cache simulation results:
Core #0 (1 thread(s))
  L1I stats:
    Hits:                           47,233
    Misses:                          2,650
    Compulsory misses:               2,396
    Invalidations:                       0
    Miss rate:                        5.31%
  L1D stats:
    Hits:                           19,878
    Misses:                          1,317
    Compulsory misses:               1,947
    Invalidations:                       0
    Prefetch hits:                     327
    Prefetch misses:                 1,121
    Miss rate:                        6.21%
Core #1 (0 thread(s))
Core #2 (0 thread(s))
Core #3 (0 thread(s))
LL stats:
    Hits:                              557
    Misses:                          3,410
    Compulsory misses:               4,338
    Invalidations:                       0
    Prefetch hits:                     193
    Prefetch misses:                   928
    Local miss rate:                 85.96%
    Child hits:                     67,438
    Total miss rate:                  4.78%
