Cache simulation results:
Core #0 (1 thread(s))
  L1I stats:
    Hits:                           95,518
    Misses:                          5,275
    Compulsory misses:               2,419
    Invalidations:                       0
    Miss rate:                        5.23%
  L1D stats:
    Hits:                           40,276
    Misses:                          2,541
    Compulsory misses:               2,351
    Invalidations:                       0
    Prefetch hits:                     646
    Prefetch misses:                 2,158
    Miss rate:                        5.93%
Core #1 (0 thread(s))
Core #2 (0 thread(s))
Core #3 (0 thread(s))
LL stats:
    Hits:                            4,216
    Misses:                          3,600
    Compulsory misses:               4,765
    Invalidations:                       0
    Prefetch hits:                     993
    Prefetch misses:                 1,165
    Local miss rate:                 46.06%
    Child hits:                    136,440
    Total miss rate:                  2.50%
