Cache simulation results:
Core #0 (1 thread(s))
  L1I stats:
    Hits:                           14,301
    Misses:                            969
    Compulsory misses:                 927
    Invalidations:                       0
    Miss rate:                        6.35%
  L1D stats:
    Hits:                            5,878
    Misses:                            494
    Compulsory misses:                 865
    Invalidations:                       0
    Prefetch hits:                      85
    Prefetch misses:                   427
    Miss rate:                        7.75%
Core #1 (0 thread(s))
Core #2 (0 thread(s))
Core #3 (0 thread(s))
LL stats:
    Hits:                               78
    Misses:                          1,385
    Compulsory misses:               1,792
    Invalidations:                       0
    Prefetch hits:                      20
    Prefetch misses:                   407
    Local miss rate:                 94.67%
    Child hits:                     20,264
    Total miss rate:                  6.37%
