Cache simulation results:
Core #0 (1 thread(s))
  L1I stats:
    Hits:                           47,888
    Misses:                          2,659
    Compulsory misses:               2,405
    Invalidations:                       0
    Miss rate:                        5.26%
  L1D stats:
    Hits:                           20,175
    Misses:                          1,320
    Compulsory misses:               1,931
    Invalidations:                       0
    Prefetch hits:                     343
    Prefetch misses:                 1,108
    Miss rate:                        6.14%
Core #1 (0 thread(s))
Core #2 (0 thread(s))
Core #3 (0 thread(s))
LL stats:
    Hits:                              565
    Misses:                          3,414
    Compulsory misses:               4,331
    Invalidations:                       0
    Prefetch hits:                     191
    Prefetch misses:                   917
    Local miss rate:                 85.80%
    Child hits:                     68,406
    Total miss rate:                  4.72%
