Cache simulation results:
Core #0 (1 thread(s))
  L1I stats:
    Hits:                          101,315
    Misses:                          5,292
    Compulsory misses:               2,434
    Invalidations:                       0
    Miss rate:                        4.96%
  L1D stats:
    Hits:                           42,360
    Misses:                          2,632
    Compulsory misses:               2,478
    Invalidations:                       0
    Prefetch hits:                     671
    Prefetch misses:                 2,222
    Miss rate:                        5.85%
Core #1 (0 thread(s))
Core #2 (0 thread(s))
Core #3 (0 thread(s))
LL stats:
    Hits:                            4,243
    Misses:                          3,681
    Compulsory misses:               4,907
    Invalidations:                       0
    Prefetch hits:                     996
    Prefetch misses:                 1,226
    Local miss rate:                 46.45%
    Child hits:                    144,346
    Total miss rate:                  2.42%
