Cache simulation results:
Core #0 (1 thread(s))
  L1I stats:
    Hits:                          100,436
    Misses:                          5,333
    Compulsory misses:               2,437
    Invalidations:                       0
    Miss rate:                        5.04%
  L1D stats:
    Hits:                           40,764
    Misses:                          2,558
    Compulsory misses:               2,329
    Invalidations:                       0
    Prefetch hits:                     674
    Prefetch misses:                 2,146
    Miss rate:                        5.90%
Core #1 (0 thread(s))
Core #2 (0 thread(s))
Core #3 (0 thread(s))
LL stats:
    Hits:                            4,285
    Misses:                          3,606
    Compulsory misses:               4,761
    Invalidations:                       0
    Prefetch hits:                     991
    Prefetch misses:                 1,155
    Local miss rate:                 45.70%
    Child hits:                    141,874
    Total miss rate:                  2.41%
