Cache simulation results:
Core #0 (1 thread(s))
  L1I stats:
    Hits:                          143,206
    Misses:                          7,886
    Compulsory misses:               2,417
    Invalidations:                       0
    Miss rate:                        5.22%
  L1D stats:
    Hits:                           60,345
    Misses:                          3,739
    Compulsory misses:               2,728
    Invalidations:                       0
    Prefetch hits:                     954
    Prefetch misses:                 3,176
    Miss rate:                        5.83%
Core #1 (0 thread(s))
Core #2 (0 thread(s))
Core #3 (0 thread(s))
LL stats:
    Hits:                            7,882
    Misses:                          3,743
    Compulsory misses:               5,140
    Invalidations:                       0
    Prefetch hits:                   1,779
    Prefetch misses:                 1,397
    Local miss rate:                 32.20%
    Child hits:                    204,505
    Total miss rate:                  1.73%
