Cache simulation results:
Core #0 (1 thread(s))
  L1I stats:
    Hits:                           47,426
    Misses:                          2,658
    Compulsory misses:               2,404
    Invalidations:                       0
    Miss rate:                        5.31%
  L1D stats:
    Hits:                           19,979
    Misses:                          1,308
    Compulsory misses:               1,926
    Invalidations:                       0
    Prefetch hits:                     329
    Prefetch misses:                 1,110
    Miss rate:                        6.14%
Core #1 (0 thread(s))
Core #2 (0 thread(s))
Core #3 (0 thread(s))
LL stats:
    Hits:                              554
    Misses:                          3,412
    Compulsory misses:               4,325
    Invalidations:                       0
    Prefetch hits:                     197
    Prefetch misses:                   913
    Local miss rate:                 86.03%
    Child hits:                     67,734
    Total miss rate:                  4.76%
