Cache simulation results:
Core #0 (1 thread(s))
  L1I stats:
    Hits:                           47,493
    Misses:                          2,663
    Compulsory misses:               2,409
    Invalidations:                       0
    Miss rate:                        5.31%
  L1D stats:
    Hits:                           19,989
    Misses:                          1,333
    Compulsory misses:               1,911
    Invalidations:                       0
    Prefetch hits:                     343
    Prefetch misses:                 1,121
    Miss rate:                        6.25%
Core #1 (0 thread(s))
Core #2 (0 thread(s))
Core #3 (0 thread(s))
LL stats:
    Hits:                              587
    Misses:                          3,409
    Compulsory misses:               4,315
    Invalidations:                       0
    Prefetch hits:                     215
    Prefetch misses:                   906
    Local miss rate:                 85.31%
    Child hits:                     67,825
    Total miss rate:                  4.75%
