Cache simulation results:
Core #0 (1 thread(s))
  L1I stats:
    Hits:                           47,324
    Misses:                          2,642
    Compulsory misses:               2,388
    Invalidations:                       0
    Miss rate:                        5.29%
  L1D stats:
    Hits:                           19,924
    Misses:                          1,289
    Compulsory misses:               1,876
    Invalidations:                       0
    Prefetch hits:                     341
    Prefetch misses:                 1,079
    Miss rate:                        6.08%
Core #1 (0 thread(s))
Core #2 (0 thread(s))
Core #3 (0 thread(s))
LL stats:
    Hits:                              557
    Misses:                          3,374
    Compulsory misses:               4,259
    Invalidations:                       0
    Prefetch hits:                     194
    Prefetch misses:                   885
    Local miss rate:                 85.83%
    Child hits:                     67,589
    Total miss rate:                  4.72%
