Cache simulation results:
Core #0 (1 thread(s))
  L1I stats:
    Hits:                           47,596
    Misses:                          2,671
    Compulsory misses:               2,417
    Invalidations:                       0
    Miss rate:                        5.31%
  L1D stats:
    Hits:                           20,040
    Misses:                          1,291
    Compulsory misses:               1,902
    Invalidations:                       0
    Prefetch hits:                     335
    Prefetch misses:                 1,087
    Miss rate:                        6.05%
Core #1 (0 thread(s))
Core #2 (0 thread(s))
Core #3 (0 thread(s))
LL stats:
    Hits:                              547
    Misses:                          3,415
    Compulsory misses:               4,314
    Invalidations:                       0
    Prefetch hits:                     188
    Prefetch misses:                   899
    Local miss rate:                 86.19%
    Child hits:                     67,971
    Total miss rate:                  4.75%
