Cache simulation results:
Core #0 (1 thread(s))
  L1I stats:
    Hits:                           28,596
    Misses:                          1,885
    Compulsory misses:                 926
    Invalidations:                       0
    Miss rate:                        6.18%
  L1D stats:
    Hits:                           11,846
    Misses:                            886
    Compulsory misses:                 987
    Invalidations:                       0
    Prefetch hits:                     161
    Prefetch misses:                   761
    Miss rate:                        6.96%
Core #1 (0 thread(s))
Core #2 (0 thread(s))
Core #3 (0 thread(s))
LL stats:
    Hits:                            1,333
    Misses:                          1,438
    Compulsory misses:               1,913
    Invalidations:                       0
    Prefetch hits:                     286
    Prefetch misses:                   475
    Local miss rate:                 51.89%
    Child hits:                     40,603
    Total miss rate:                  3.32%
