Cache simulation results:
Core #0 (1 thread(s))
  L1I stats:
    Hits:                           47,215
    Misses:                          2,649
    Compulsory misses:               2,395
    Invalidations:                       0
    Miss rate:                        5.31%
  L1D stats:
    Hits:                           19,886
    Misses:                          1,291
    Compulsory misses:               1,856
    Invalidations:                       0
    Prefetch hits:                     345
    Prefetch misses:                 1,077
    Miss rate:                        6.10%
Core #1 (0 thread(s))
Core #2 (0 thread(s))
Core #3 (0 thread(s))
LL stats:
    Hits:                              570
    Misses:                          3,370
    Compulsory misses:               4,246
    Invalidations:                       0
    Prefetch hits:                     201
    Prefetch misses:                   876
    Local miss rate:                 85.53%
    Child hits:                     67,446
    Total miss rate:                  4.72%
