Cache simulation results:
Core #0 (1 thread(s))
  L1I stats:
    Hits:                           47,492
    Misses:                          2,670
    Compulsory misses:               2,416
    Invalidations:                       0
    Miss rate:                        5.32%
  L1D stats:
    Hits:                           19,988
    Misses:                          1,331
    Compulsory misses:               1,928
    Invalidations:                       0
    Prefetch hits:                     348
    Prefetch misses:                 1,114
    Miss rate:                        6.24%
Core #1 (0 thread(s))
Core #2 (0 thread(s))
Core #3 (0 thread(s))
LL stats:
    Hits:                              576
    Misses:                          3,425
    Compulsory misses:               4,339
    Invalidations:                       0
    Prefetch hits:                     200
    Prefetch misses:                   914
    Local miss rate:                 85.60%
    Child hits:                     67,828
    Total miss rate:                  4.77%
