Cache simulation results:
Core #0 (1 thread(s))
  L1I stats:
    Hits:                        1,508,048
    Misses:                         96,481
    Compulsory misses:               1,194
    Invalidations:                       0
    Miss rate:                        6.01%
  L1D stats:
    Hits:                          623,073
    Misses:                         42,367
    Compulsory misses:               9,638
    Invalidations:                       0
    Prefetch hits:                   8,910
    Prefetch misses:                35,367
    Miss rate:                        6.37%
Core #1 (0 thread(s))
Core #2 (0 thread(s))
Core #3 (0 thread(s))
LL stats:
    Hits:                          133,424
    Misses:                          5,424
    Compulsory misses:              10,832
    Invalidations:                       0
    Prefetch hits:                  29,959
    Prefetch misses:                 5,408
    Local miss rate:                  3.91%
    Child hits:                  2,140,031
    Total miss rate:                  0.24%
