Cache simulation results:
Core #0 (1 thread(s))
  L1I stats:
    Hits:                           47,203
    Misses:                          2,648
    Compulsory misses:               2,394
    Invalidations:                       0
    Miss rate:                        5.31%
  L1D stats:
    Hits:                           19,894
    Misses:                          1,293
    Compulsory misses:               1,884
    Invalidations:                       0
    Prefetch hits:                     328
    Prefetch misses:                 1,096
    Miss rate:                        6.10%
Core #1 (0 thread(s))
Core #2 (0 thread(s))
Core #3 (0 thread(s))
LL stats:
    Hits:                              562
    Misses:                          3,379
    Compulsory misses:               4,273
    Invalidations:                       0
    Prefetch hits:                     202
    Prefetch misses:                   894
    Local miss rate:                 85.74%
    Child hits:                     67,425
    Total miss rate:                  4.73%
