Cache simulation results:
Core #0 (1 thread(s))
  L1I stats:
    Hits:                           47,245
    Misses:                          2,647
    Compulsory misses:               2,393
    Invalidations:                       0
    Miss rate:                        5.31%
  L1D stats:
    Hits:                           19,909
    Misses:                          1,287
    Compulsory misses:               1,867
    Invalidations:                       0
    Prefetch hits:                     332
    Prefetch misses:                 1,086
    Miss rate:                        6.07%
Core #1 (0 thread(s))
Core #2 (0 thread(s))
Core #3 (0 thread(s))
LL stats:
    Hits:                              563
    Misses:                          3,371
    Compulsory misses:               4,255
    Invalidations:                       0
    Prefetch hits:                     202
    Prefetch misses:                   884
    Local miss rate:                 85.69%
    Child hits:                     67,486
    Total miss rate:                  4.72%
