Cache simulation results:
Core #0 (1 thread(s))
  L1I stats:
    Hits:                           95,205
    Misses:                          5,313
    Compulsory misses:               2,431
    Invalidations:                       0
    Miss rate:                        5.29%
  L1D stats:
    Hits:                           40,144
    Misses:                          2,554
    Compulsory misses:               2,335
    Invalidations:                       0
    Prefetch hits:                     674
    Prefetch misses:                 2,142
    Miss rate:                        5.98%
Core #1 (0 thread(s))
Core #2 (0 thread(s))
Core #3 (0 thread(s))
LL stats:
    Hits:                            4,262
    Misses:                          3,605
    Compulsory misses:               4,761
    Invalidations:                       0
    Prefetch hits:                     986
    Prefetch misses:                 1,156
    Local miss rate:                 45.82%
    Child hits:                    136,023
    Total miss rate:                  2.51%
