Cache simulation results:
Core #0 (1 thread(s))
  L1I stats:
    Hits:                           47,508
    Misses:                          2,666
    Compulsory misses:               2,409
    Invalidations:                       0
    Miss rate:                        5.31%
  L1D stats:
    Hits:                           20,030
    Misses:                          1,308
    Compulsory misses:               1,929
    Invalidations:                       0
    Prefetch hits:                     342
    Prefetch misses:                 1,097
    Miss rate:                        6.13%
Core #1 (0 thread(s))
Core #2 (0 thread(s))
Core #3 (0 thread(s))
LL stats:
    Hits:                              555
    Misses:                          3,419
    Compulsory misses:               4,333
    Invalidations:                       0
    Prefetch hits:                     183
    Prefetch misses:                   914
    Local miss rate:                 86.03%
    Child hits:                     67,880
    Total miss rate:                  4.76%
