Cache simulation results:
Core #0 (1 thread(s))
  L1I stats:
    Hits:                           95,555
    Misses:                          5,275
    Compulsory misses:               2,425
    Invalidations:                       0
    Miss rate:                        5.23%
  L1D stats:
    Hits:                           40,280
    Misses:                          2,519
    Compulsory misses:               2,323
    Invalidations:                       0
    Prefetch hits:                     654
    Prefetch misses:                 2,126
    Miss rate:                        5.89%
Core #1 (0 thread(s))
Core #2 (0 thread(s))
Core #3 (0 thread(s))
LL stats:
    Hits:                            4,198
    Misses:                          3,596
    Compulsory misses:               4,743
    Invalidations:                       0
    Prefetch hits:                     979
    Prefetch misses:                 1,147
    Local miss rate:                 46.14%
    Child hits:                    136,489
    Total miss rate:                  2.49%
