Cache simulation results:
Core #0 (1 thread(s))
  L1I stats:
    Hits:                           47,476
    Misses:                          2,655
    Compulsory misses:               2,403
    Invalidations:                       0
    Miss rate:                        5.30%
  L1D stats:
    Hits:                           19,990
    Misses:                          1,304
    Compulsory misses:               1,904
    Invalidations:                       0
    Prefetch hits:                     348
    Prefetch misses:                 1,087
    Miss rate:                        6.12%
Core #1 (0 thread(s))
Core #2 (0 thread(s))
Core #3 (0 thread(s))
LL stats:
    Hits:                              556
    Misses:                          3,403
    Compulsory misses:               4,302
    Invalidations:                       0
    Prefetch hits:                     188
    Prefetch misses:                   899
    Local miss rate:                 85.96%
    Child hits:                     67,814
    Total miss rate:                  4.74%
