Cache simulation results:
Core #0 (1 thread(s))
  L1I stats:
    Hits:                           94,793
    Misses:                          5,273
    Compulsory misses:               2,416
    Invalidations:                       0
    Miss rate:                        5.27%
  L1D stats:
    Hits:                           40,018
    Misses:                          2,510
    Compulsory misses:               2,318
    Invalidations:                       0
    Prefetch hits:                     656
    Prefetch misses:                 2,116
    Miss rate:                        5.90%
Core #1 (0 thread(s))
Core #2 (0 thread(s))
Core #3 (0 thread(s))
LL stats:
    Hits:                            4,198
    Misses:                          3,585
    Compulsory misses:               4,729
    Invalidations:                       0
    Prefetch hits:                     972
    Prefetch misses:                 1,144
    Local miss rate:                 46.06%
    Child hits:                    135,467
    Total miss rate:                  2.50%
