Cache simulation results:
Core #0 (1 thread(s))
  L1I stats:
    Hits:                           47,222
    Misses:                          2,641
    Compulsory misses:               2,387
    Invalidations:                       0
    Miss rate:                        5.30%
  L1D stats:
    Hits:                           19,897
    Misses:                          1,289
    Compulsory misses:               1,887
    Invalidations:                       0
    Prefetch hits:                     334
    Prefetch misses:                 1,086
    Miss rate:                        6.08%
Core #1 (0 thread(s))
Core #2 (0 thread(s))
Core #3 (0 thread(s))
LL stats:
    Hits:                              555
    Misses:                          3,375
    Compulsory misses:               4,269
    Invalidations:                       0
    Prefetch hits:                     192
    Prefetch misses:                   894
    Local miss rate:                 85.88%
    Child hits:                     67,453
    Total miss rate:                  4.73%
