Cache simulation results:
Core #0 (1 thread(s))
  L1I stats:
    Hits:                           28,676
    Misses:                          1,893
    Compulsory misses:                 930
    Invalidations:                       0
    Miss rate:                        6.19%
  L1D stats:
    Hits:                           11,809
    Misses:                            912
    Compulsory misses:                 986
    Invalidations:                       0
    Prefetch hits:                     159
    Prefetch misses:                   789
    Miss rate:                        7.17%
Core #1 (0 thread(s))
Core #2 (0 thread(s))
Core #3 (0 thread(s))
LL stats:
    Hits:                            1,365
    Misses:                          1,440
    Compulsory misses:               1,916
    Invalidations:                       0
    Prefetch hits:                     313
    Prefetch misses:                   476
    Local miss rate:                 51.34%
    Child hits:                     40,644
    Total miss rate:                  3.31%
