Cache simulation results:
Core #0 (1 thread(s))
  L1I stats:
    Hits:                           47,216
    Misses:                          2,647
    Compulsory misses:               2,393
    Invalidations:                       0
    Miss rate:                        5.31%
  L1D stats:
    Hits:                           19,915
    Misses:                          1,292
    Compulsory misses:               1,886
    Invalidations:                       0
    Prefetch hits:                     342
    Prefetch misses:                 1,081
    Miss rate:                        6.09%
Core #1 (0 thread(s))
Core #2 (0 thread(s))
Core #3 (0 thread(s))
LL stats:
    Hits:                              559
    Misses:                          3,380
    Compulsory misses:               4,274
    Invalidations:                       0
    Prefetch hits:                     187
    Prefetch misses:                   894
    Local miss rate:                 85.81%
    Child hits:                     67,473
    Total miss rate:                  4.73%
