Cache simulation results:
Core #0 (1 thread(s))
  L1I stats:
    Hits:                           47,624
    Misses:                          2,655
    Compulsory misses:               2,401
    Invalidations:                       0
    Miss rate:                        5.28%
  L1D stats:
    Hits:                           20,047
    Misses:                          1,305
    Compulsory misses:               1,901
    Invalidations:                       0
    Prefetch hits:                     344
    Prefetch misses:                 1,092
    Miss rate:                        6.11%
Core #1 (0 thread(s))
Core #2 (0 thread(s))
Core #3 (0 thread(s))
LL stats:
    Hits:                              560
    Misses:                          3,400
    Compulsory misses:               4,297
    Invalidations:                       0
    Prefetch hits:                     195
    Prefetch misses:                   897
    Local miss rate:                 85.86%
    Child hits:                     68,015
    Total miss rate:                  4.72%
