Cache simulation results:
Core #0 (1 thread(s))
  L1I stats:
    Hits:                           94,469
    Misses:                          5,246
    Compulsory misses:               2,394
    Invalidations:                       0
    Miss rate:                        5.26%
  L1D stats:
    Hits:                           39,952
    Misses:                          2,468
    Compulsory misses:               2,278
    Invalidations:                       0
    Prefetch hits:                     642
    Prefetch misses:                 2,088
    Miss rate:                        5.82%
Core #1 (0 thread(s))
Core #2 (0 thread(s))
Core #3 (0 thread(s))
LL stats:
    Hits:                            4,175
    Misses:                          3,539
    Compulsory misses:               4,667
    Invalidations:                       0
    Prefetch hits:                     960
    Prefetch misses:                 1,128
    Local miss rate:                 45.88%
    Child hits:                    135,063
    Total miss rate:                  2.48%
