Cache simulation results:
Core #0 (1 thread(s))
  L1I stats:
    Hits:                           95,391
    Misses:                          5,264
    Compulsory misses:               2,402
    Invalidations:                       0
    Miss rate:                        5.23%
  L1D stats:
    Hits:                           40,010
    Misses:                          2,496
    Compulsory misses:               2,306
    Invalidations:                       0
    Prefetch hits:                     668
    Prefetch misses:                 2,090
    Miss rate:                        5.87%
Core #1 (0 thread(s))
Core #2 (0 thread(s))
Core #3 (0 thread(s))
LL stats:
    Hits:                            4,193
    Misses:                          3,567
    Compulsory misses:               4,703
    Invalidations:                       0
    Prefetch hits:                     954
    Prefetch misses:                 1,136
    Local miss rate:                 45.97%
    Child hits:                    136,069
    Total miss rate:                  2.48%
