Cache simulation results:
Core #0 (1 thread(s))
  L1I stats:
    Hits:                           47,307
    Misses:                          2,652
    Compulsory misses:               2,398
    Invalidations:                       0
    Miss rate:                        5.31%
  L1D stats:
    Hits:                           19,937
    Misses:                          1,290
    Compulsory misses:               1,893
    Invalidations:                       0
    Prefetch hits:                     336
    Prefetch misses:                 1,085
    Miss rate:                        6.08%
Core #1 (0 thread(s))
Core #2 (0 thread(s))
Core #3 (0 thread(s))
LL stats:
    Hits:                              548
    Misses:                          3,394
    Compulsory misses:               4,286
    Invalidations:                       0
    Prefetch hits:                     193
    Prefetch misses:                   892
    Local miss rate:                 86.10%
    Child hits:                     67,580
    Total miss rate:                  4.75%
