Cache simulation results:
Core #0 (1 thread(s))
  L1I stats:
    Hits:                           47,197
    Misses:                          2,648
    Compulsory misses:               2,394
    Invalidations:                       0
    Miss rate:                        5.31%
  L1D stats:
    Hits:                           19,897
    Misses:                          1,292
    Compulsory misses:               1,883
    Invalidations:                       0
    Prefetch hits:                     334
    Prefetch misses:                 1,089
    Miss rate:                        6.10%
Core #1 (0 thread(s))
Core #2 (0 thread(s))
Core #3 (0 thread(s))
LL stats:
    Hits:                              559
    Misses:                          3,381
    Compulsory misses:               4,272
    Invalidations:                       0
    Prefetch hits:                     198
    Prefetch misses:                   891
    Local miss rate:                 85.81%
    Child hits:                     67,428
    Total miss rate:                  4.74%
