Cache simulation results:
Core #0 (1 thread(s))
  L1I stats:
    Hits:                           95,698
    Misses:                          5,355
    Compulsory misses:               2,439
    Invalidations:                       0
    Miss rate:                        5.30%
  L1D stats:
    Hits:                           40,403
    Misses:                          2,571
    Compulsory misses:               2,331
    Invalidations:                       0
    Prefetch hits:                     674
    Prefetch misses:                 2,159
    Miss rate:                        5.98%
Core #1 (0 thread(s))
Core #2 (0 thread(s))
Core #3 (0 thread(s))
LL stats:
    Hits:                            4,315
    Misses:                          3,611
    Compulsory misses:               4,765
    Invalidations:                       0
    Prefetch hits:                   1,005
    Prefetch misses:                 1,154
    Local miss rate:                 45.56%
    Child hits:                    136,775
    Total miss rate:                  2.50%
