Cache simulation results:
Core #0 (1 thread(s))
  L1I stats:
    Hits:                           47,247
    Misses:                          2,650
    Compulsory misses:               2,396
    Invalidations:                       0
    Miss rate:                        5.31%
  L1D stats:
    Hits:                           19,885
    Misses:                          1,292
    Compulsory misses:               1,885
    Invalidations:                       0
    Prefetch hits:                     333
    Prefetch misses:                 1,090
    Miss rate:                        6.10%
Core #1 (0 thread(s))
Core #2 (0 thread(s))
Core #3 (0 thread(s))
LL stats:
    Hits:                              559
    Misses:                          3,383
    Compulsory misses:               4,276
    Invalidations:                       0
    Prefetch hits:                     197
    Prefetch misses:                   893
    Local miss rate:                 85.82%
    Child hits:                     67,465
    Total miss rate:                  4.74%
