Cache simulation results:
Core #0 (1 thread(s))
  L1I stats:
    Hits:                           28,520
    Misses:                          1,885
    Compulsory misses:                 926
    Invalidations:                       0
    Miss rate:                        6.20%
  L1D stats:
    Hits:                           11,809
    Misses:                            897
    Compulsory misses:                 988
    Invalidations:                       0
    Prefetch hits:                     168
    Prefetch misses:                   765
    Miss rate:                        7.06%
Core #1 (0 thread(s))
Core #2 (0 thread(s))
Core #3 (0 thread(s))
LL stats:
    Hits:                            1,344
    Misses:                          1,438
    Compulsory misses:               1,914
    Invalidations:                       0
    Prefetch hits:                     289
    Prefetch misses:                   476
    Local miss rate:                 51.69%
    Child hits:                     40,497
    Total miss rate:                  3.32%
