Cache simulation results:
Core #0 (1 thread(s))
  L1I stats:
    Hits:                           47,197
    Misses:                          2,649
    Compulsory misses:               2,395
    Invalidations:                       0
    Miss rate:                        5.31%
  L1D stats:
    Hits:                           19,913
    Misses:                          1,276
    Compulsory misses:               1,872
    Invalidations:                       0
    Prefetch hits:                     328
    Prefetch misses:                 1,079
    Miss rate:                        6.02%
Core #1 (0 thread(s))
Core #2 (0 thread(s))
Core #3 (0 thread(s))
LL stats:
    Hits:                              548
    Misses:                          3,377
    Compulsory misses:               4,262
    Invalidations:                       0
    Prefetch hits:                     194
    Prefetch misses:                   885
    Local miss rate:                 86.04%
    Child hits:                     67,438
    Total miss rate:                  4.73%
