Cache simulation results:
Core #0 (1 thread(s))
  L1I stats:
    Hits:                           95,468
    Misses:                          5,287
    Compulsory misses:               2,429
    Invalidations:                       0
    Miss rate:                        5.25%
  L1D stats:
    Hits:                           40,264
    Misses:                          2,512
    Compulsory misses:               2,275
    Invalidations:                       0
    Prefetch hits:                     648
    Prefetch misses:                 2,125
    Miss rate:                        5.87%
Core #1 (0 thread(s))
Core #2 (0 thread(s))
Core #3 (0 thread(s))
LL stats:
    Hits:                            4,227
    Misses:                          3,572
    Compulsory misses:               4,699
    Invalidations:                       0
    Prefetch hits:                     998
    Prefetch misses:                 1,127
    Local miss rate:                 45.80%
    Child hits:                    136,380
    Total miss rate:                  2.48%
