Cache simulation results:
Core #0 (1 thread(s))
  L1I stats:
    Hits:                           47,466
    Misses:                          2,656
    Compulsory misses:               2,402
    Invalidations:                       0
    Miss rate:                        5.30%
  L1D stats:
    Hits:                           19,996
    Misses:                          1,311
    Compulsory misses:               1,903
    Invalidations:                       0
    Prefetch hits:                     345
    Prefetch misses:                 1,097
    Miss rate:                        6.15%
Core #1 (0 thread(s))
Core #2 (0 thread(s))
Core #3 (0 thread(s))
LL stats:
    Hits:                              567
    Misses:                          3,400
    Compulsory misses:               4,300
    Invalidations:                       0
    Prefetch hits:                     197
    Prefetch misses:                   900
    Local miss rate:                 85.71%
    Child hits:                     67,807
    Total miss rate:                  4.74%
