Cache simulation results:
Core #0 (1 thread(s))
  L1I stats:
    Hits:                           95,118
    Misses:                          5,258
    Compulsory misses:               2,404
    Invalidations:                       0
    Miss rate:                        5.24%
  L1D stats:
    Hits:                           40,114
    Misses:                          2,533
    Compulsory misses:               2,318
    Invalidations:                       0
    Prefetch hits:                     657
    Prefetch misses:                 2,138
    Miss rate:                        5.94%
Core #1 (0 thread(s))
Core #2 (0 thread(s))
Core #3 (0 thread(s))
LL stats:
    Hits:                            4,221
    Misses:                          3,570
    Compulsory misses:               4,717
    Invalidations:                       0
    Prefetch hits:                     991
    Prefetch misses:                 1,147
    Local miss rate:                 45.82%
    Child hits:                    135,889
    Total miss rate:                  2.48%
