Cache simulation results:
Core #0 (1 thread(s))
  L1I stats:
    Hits:                           47,860
    Misses:                          2,683
    Compulsory misses:               2,428
    Invalidations:                       0
    Miss rate:                        5.31%
  L1D stats:
    Hits:                           20,111
    Misses:                          1,334
    Compulsory misses:               1,943
    Invalidations:                       0
    Prefetch hits:                     356
    Prefetch misses:                 1,110
    Miss rate:                        6.22%
Core #1 (0 thread(s))
Core #2 (0 thread(s))
Core #3 (0 thread(s))
LL stats:
    Hits:                              568
    Misses:                          3,449
    Compulsory misses:               4,366
    Invalidations:                       0
    Prefetch hits:                     193
    Prefetch misses:                   917
    Local miss rate:                 85.86%
    Child hits:                     68,327
    Total miss rate:                  4.77%
