Cache simulation results:
Core #0 (1 thread(s))
  L1I stats:
    Hits:                           47,236
    Misses:                          2,648
    Compulsory misses:               2,394
    Invalidations:                       0
    Miss rate:                        5.31%
  L1D stats:
    Hits:                           19,914
    Misses:                          1,290
    Compulsory misses:               1,860
    Invalidations:                       0
    Prefetch hits:                     340
    Prefetch misses:                 1,081
    Miss rate:                        6.08%
Core #1 (0 thread(s))
Core #2 (0 thread(s))
Core #3 (0 thread(s))
LL stats:
    Hits:                              570
    Misses:                          3,368
    Compulsory misses:               4,249
    Invalidations:                       0
    Prefetch hits:                     200
    Prefetch misses:                   881
    Local miss rate:                 85.53%
    Child hits:                     67,490
    Total miss rate:                  4.72%
