Cache simulation results:
Core #0 (1 thread(s))
  L1I stats:
    Hits:                           47,405
    Misses:                          2,655
    Compulsory misses:               2,403
    Invalidations:                       0
    Miss rate:                        5.30%
  L1D stats:
    Hits:                           19,952
    Misses:                          1,324
    Compulsory misses:               1,918
    Invalidations:                       0
    Prefetch hits:                     344
    Prefetch misses:                 1,111
    Miss rate:                        6.22%
Core #1 (0 thread(s))
Core #2 (0 thread(s))
Core #3 (0 thread(s))
LL stats:
    Hits:                              571
    Misses:                          3,408
    Compulsory misses:               4,316
    Invalidations:                       0
    Prefetch hits:                     203
    Prefetch misses:                   908
    Local miss rate:                 85.65%
    Child hits:                     67,701
    Total miss rate:                  4.75%
