Cache simulation results:
Core #0 (1 thread(s))
  L1I stats:
    Hits:                           94,976
    Misses:                          5,261
    Compulsory misses:               2,409
    Invalidations:                       0
    Miss rate:                        5.25%
  L1D stats:
    Hits:                           40,092
    Misses:                          2,538
    Compulsory misses:               2,334
    Invalidations:                       0
    Prefetch hits:                     649
    Prefetch misses:                 2,151
    Miss rate:                        5.95%
Core #1 (0 thread(s))
Core #2 (0 thread(s))
Core #3 (0 thread(s))
LL stats:
    Hits:                            4,221
    Misses:                          3,578
    Compulsory misses:               4,738
    Invalidations:                       0
    Prefetch hits:                     991
    Prefetch misses:                 1,160
    Local miss rate:                 45.88%
    Child hits:                    135,717
    Total miss rate:                  2.49%
