Cache simulation results:
Core #0 (1 thread(s))
  L1I stats:
    Hits:                              683
    Misses:                             58
    Compulsory misses:                  58
    Invalidations:                       0
    Miss rate:                        7.83%
  L1D stats:
    Hits:                              256
    Misses:                             19
    Compulsory misses:                  33
    Invalidations:                       0
    Prefetch hits:                       5
    Prefetch misses:                    14
    Miss rate:                        6.91%
Core #1 (0 thread(s))
Core #2 (0 thread(s))
Core #3 (0 thread(s))
LL stats:
    Hits:                                0
    Misses:                             77
    Compulsory misses:                  91
    Invalidations:                       0
    Prefetch hits:                       0
    Prefetch misses:                    14
    Local miss rate:                100.00%
    Child hits:                        944
    Total miss rate:                  7.54%
