Cache simulation results:
Core #0 (1 thread(s))
  L1I stats:
    Hits:                           94,505
    Misses:                          5,252
    Compulsory misses:               2,396
    Invalidations:                       0
    Miss rate:                        5.26%
  L1D stats:
    Hits:                           39,896
    Misses:                          2,486
    Compulsory misses:               2,296
    Invalidations:                       0
    Prefetch hits:                     642
    Prefetch misses:                 2,106
    Miss rate:                        5.87%
Core #1 (0 thread(s))
Core #2 (0 thread(s))
Core #3 (0 thread(s))
LL stats:
    Hits:                            4,190
    Misses:                          3,548
    Compulsory misses:               4,687
    Invalidations:                       0
    Prefetch hits:                     967
    Prefetch misses:                 1,139
    Local miss rate:                 45.85%
    Child hits:                    135,043
    Total miss rate:                  2.48%
