Cache simulation results:
Core #0 (1 thread(s))
  L1I stats:
    Hits:                           47,248
    Misses:                          2,648
    Compulsory misses:               2,394
    Invalidations:                       0
    Miss rate:                        5.31%
  L1D stats:
    Hits:                           19,880
    Misses:                          1,295
    Compulsory misses:               1,883
    Invalidations:                       0
    Prefetch hits:                     353
    Prefetch misses:                 1,073
    Miss rate:                        6.12%
Core #1 (0 thread(s))
Core #2 (0 thread(s))
Core #3 (0 thread(s))
LL stats:
    Hits:                              562
    Misses:                          3,381
    Compulsory misses:               4,272
    Invalidations:                       0
    Prefetch hits:                     182
    Prefetch misses:                   891
    Local miss rate:                 85.75%
    Child hits:                     67,481
    Total miss rate:                  4.73%
