Cache simulation results:
Core #0 (1 thread(s))
  L1I stats:
    Hits:                           28,848
    Misses:                          1,903
    Compulsory misses:                 942
    Invalidations:                       0
    Miss rate:                        6.19%
  L1D stats:
    Hits:                           11,940
    Misses:                            917
    Compulsory misses:               1,015
    Invalidations:                       0
    Prefetch hits:                     163
    Prefetch misses:                   790
    Miss rate:                        7.13%
Core #1 (0 thread(s))
Core #2 (0 thread(s))
Core #3 (0 thread(s))
LL stats:
    Hits:                            1,350
    Misses:                          1,470
    Compulsory misses:               1,957
    Invalidations:                       0
    Prefetch hits:                     303
    Prefetch misses:                   487
    Local miss rate:                 52.13%
    Child hits:                     40,951
    Total miss rate:                  3.36%
