Cache simulation results:
Core #0 (1 thread(s))
  L1I stats:
    Hits:                           47,275
    Misses:                          2,648
    Compulsory misses:               2,394
    Invalidations:                       0
    Miss rate:                        5.30%
  L1D stats:
    Hits:                           19,901
    Misses:                          1,289
    Compulsory misses:               1,861
    Invalidations:                       0
    Prefetch hits:                     342
    Prefetch misses:                 1,078
    Miss rate:                        6.08%
Core #1 (0 thread(s))
Core #2 (0 thread(s))
Core #3 (0 thread(s))
LL stats:
    Hits:                              565
    Misses:                          3,372
    Compulsory misses:               4,250
    Invalidations:                       0
    Prefetch hits:                     200
    Prefetch misses:                   878
    Local miss rate:                 85.65%
    Child hits:                     67,518
    Total miss rate:                  4.72%
