Cache simulation results:
Core #0 (1 thread(s))
  L1I stats:
    Hits:                           47,490
    Misses:                          2,658
    Compulsory misses:               2,404
    Invalidations:                       0
    Miss rate:                        5.30%
  L1D stats:
    Hits:                           19,982
    Misses:                          1,303
    Compulsory misses:               1,917
    Invalidations:                       0
    Prefetch hits:                     336
    Prefetch misses:                 1,098
    Miss rate:                        6.12%
Core #1 (0 thread(s))
Core #2 (0 thread(s))
Core #3 (0 thread(s))
LL stats:
    Hits:                              549
    Misses:                          3,412
    Compulsory misses:               4,316
    Invalidations:                       0
    Prefetch hits:                     194
    Prefetch misses:                   904
    Local miss rate:                 86.14%
    Child hits:                     67,808
    Total miss rate:                  4.75%
