Cache simulation results:
Core #0 (1 thread(s))
  L1I stats:
    Hits:                           48,160
    Misses:                          2,665
    Compulsory misses:               2,409
    Invalidations:                       0
    Miss rate:                        5.24%
  L1D stats:
    Hits:                           20,221
    Misses:                          1,311
    Compulsory misses:               1,914
    Invalidations:                       0
    Prefetch hits:                     341
    Prefetch misses:                 1,100
    Miss rate:                        6.09%
Core #1 (0 thread(s))
Core #2 (0 thread(s))
Core #3 (0 thread(s))
LL stats:
    Hits:                              566
    Misses:                          3,410
    Compulsory misses:               4,318
    Invalidations:                       0
    Prefetch hits:                     192
    Prefetch misses:                   908
    Local miss rate:                 85.76%
    Child hits:                     68,722
    Total miss rate:                  4.69%
