Cache simulation results:
Core #0 (1 thread(s))
  L1I stats:
    Hits:                           47,234
    Misses:                          2,641
    Compulsory misses:               2,387
    Invalidations:                       0
    Miss rate:                        5.30%
  L1D stats:
    Hits:                           19,908
    Misses:                          1,283
    Compulsory misses:               1,891
    Invalidations:                       0
    Prefetch hits:                     330
    Prefetch misses:                 1,084
    Miss rate:                        6.05%
Core #1 (0 thread(s))
Core #2 (0 thread(s))
Core #3 (0 thread(s))
LL stats:
    Hits:                              549
    Misses:                          3,375
    Compulsory misses:               4,273
    Invalidations:                       0
    Prefetch hits:                     186
    Prefetch misses:                   898
    Local miss rate:                 86.01%
    Child hits:                     67,472
    Total miss rate:                  4.73%
