Cache simulation results:
Core #0 (1 thread(s))
  L1I stats:
    Hits:                           94,727
    Misses:                          5,254
    Compulsory misses:               2,398
    Invalidations:                       0
    Miss rate:                        5.25%
  L1D stats:
    Hits:                           39,911
    Misses:                          2,511
    Compulsory misses:               2,307
    Invalidations:                       0
    Prefetch hits:                     666
    Prefetch misses:                 2,107
    Miss rate:                        5.92%
Core #1 (0 thread(s))
Core #2 (0 thread(s))
Core #3 (0 thread(s))
LL stats:
    Hits:                            4,206
    Misses:                          3,559
    Compulsory misses:               4,700
    Invalidations:                       0
    Prefetch hits:                     966
    Prefetch misses:                 1,141
    Local miss rate:                 45.83%
    Child hits:                    135,304
    Total miss rate:                  2.49%
