Cache simulation results:
Core #0 (1 thread(s))
  L1I stats:
    Hits:                           94,950
    Misses:                          5,269
    Compulsory misses:               2,411
    Invalidations:                       0
    Miss rate:                        5.26%
  L1D stats:
    Hits:                           40,118
    Misses:                          2,510
    Compulsory misses:               2,284
    Invalidations:                       0
    Prefetch hits:                     666
    Prefetch misses:                 2,106
    Miss rate:                        5.89%
Core #1 (0 thread(s))
Core #2 (0 thread(s))
Core #3 (0 thread(s))
LL stats:
    Hits:                            4,218
    Misses:                          3,561
    Compulsory misses:               4,690
    Invalidations:                       0
    Prefetch hits:                     977
    Prefetch misses:                 1,129
    Local miss rate:                 45.78%
    Child hits:                    135,734
    Total miss rate:                  2.48%
