Cache simulation results:
Core #0 (1 thread(s))
  L1I stats:
    Hits:                              232
    Misses:                             23
    Compulsory misses:                  23
    Invalidations:                       0
    Miss rate:                        9.02%
  L1D stats:
    Hits:                               89
    Misses:                             31
    Compulsory misses:                  58
    Invalidations:                       0
    Prefetch hits:                       4
    Prefetch misses:                    27
    Miss rate:                       25.83%
Core #1 (0 thread(s))
Core #2 (0 thread(s))
Core #3 (0 thread(s))
LL stats:
    Hits:                                0
    Misses:                             54
    Compulsory misses:                  81
    Invalidations:                       0
    Prefetch hits:                       0
    Prefetch misses:                    27
    Local miss rate:                100.00%
    Child hits:                        325
    Total miss rate:                 14.25%
