Cache simulation results:
Core #0 (1 thread(s))
  L1I stats:
    Hits:                           48,527
    Misses:                          2,680
    Compulsory misses:               2,426
    Invalidations:                       0
    Miss rate:                        5.23%
  L1D stats:
    Hits:                           20,343
    Misses:                          1,323
    Compulsory misses:               1,975
    Invalidations:                       0
    Prefetch hits:                     340
    Prefetch misses:                 1,113
    Miss rate:                        6.11%
Core #1 (0 thread(s))
Core #2 (0 thread(s))
Core #3 (0 thread(s))
LL stats:
    Hits:                              542
    Misses:                          3,461
    Compulsory misses:               4,396
    Invalidations:                       0
    Prefetch hits:                     178
    Prefetch misses:                   935
    Local miss rate:                 86.46%
    Child hits:                     69,210
    Total miss rate:                  4.73%
