Cache simulation results:
Core #0 (1 thread(s))
  L1I stats:
    Hits:                           47,230
    Misses:                          2,650
    Compulsory misses:               2,396
    Invalidations:                       0
    Miss rate:                        5.31%
  L1D stats:
    Hits:                           19,882
    Misses:                          1,291
    Compulsory misses:               1,876
    Invalidations:                       0
    Prefetch hits:                     339
    Prefetch misses:                 1,083
    Miss rate:                        6.10%
Core #1 (0 thread(s))
Core #2 (0 thread(s))
Core #3 (0 thread(s))
LL stats:
    Hits:                              558
    Misses:                          3,383
    Compulsory misses:               4,267
    Invalidations:                       0
    Prefetch hits:                     199
    Prefetch misses:                   884
    Local miss rate:                 85.84%
    Child hits:                     67,451
    Total miss rate:                  4.74%
