Cache simulation results:
Core #0 (1 thread(s))
  L1I stats:
    Hits:                          101,587
    Misses:                          5,306
    Compulsory misses:               2,441
    Invalidations:                       0
    Miss rate:                        4.96%
  L1D stats:
    Hits:                           41,065
    Misses:                          2,533
    Compulsory misses:               2,319
    Invalidations:                       0
    Prefetch hits:                     659
    Prefetch misses:                 2,135
    Miss rate:                        5.81%
Core #1 (0 thread(s))
Core #2 (0 thread(s))
Core #3 (0 thread(s))
LL stats:
    Hits:                            4,226
    Misses:                          3,613
    Compulsory misses:               4,755
    Invalidations:                       0
    Prefetch hits:                     993
    Prefetch misses:                 1,142
    Local miss rate:                 46.09%
    Child hits:                    143,311
    Total miss rate:                  2.39%
