Cache simulation results:
Core #0 (1 thread(s))
  L1I stats:
    Hits:                           62,058
    Misses:                          2,728
    Compulsory misses:               2,446
    Invalidations:                       0
    Miss rate:                        4.21%
  L1D stats:
    Hits:                           21,957
    Misses:                          1,348
    Compulsory misses:               1,962
    Invalidations:                       0
    Prefetch hits:                     339
    Prefetch misses:                 1,140
    Miss rate:                        5.78%
Core #1 (0 thread(s))
Core #2 (0 thread(s))
Core #3 (0 thread(s))
LL stats:
    Hits:                              600
    Misses:                          3,476
    Compulsory misses:               4,403
    Invalidations:                       0
    Prefetch hits:                     213
    Prefetch misses:                   927
    Local miss rate:                 85.28%
    Child hits:                     84,354
    Total miss rate:                  3.93%
