Cache simulation results:
Core #0 (1 thread(s))
  L1I stats:
    Hits:                           47,292
    Misses:                          2,649
    Compulsory misses:               2,395
    Invalidations:                       0
    Miss rate:                        5.30%
  L1D stats:
    Hits:                           19,903
    Misses:                          1,307
    Compulsory misses:               1,909
    Invalidations:                       0
    Prefetch hits:                     345
    Prefetch misses:                 1,093
    Miss rate:                        6.16%
Core #1 (0 thread(s))
Core #2 (0 thread(s))
Core #3 (0 thread(s))
LL stats:
    Hits:                              561
    Misses:                          3,395
    Compulsory misses:               4,299
    Invalidations:                       0
    Prefetch hits:                     189
    Prefetch misses:                   904
    Local miss rate:                 85.82%
    Child hits:                     67,540
    Total miss rate:                  4.75%
