Cache simulation results:
Core #0 (1 thread(s))
  L1I stats:
    Hits:                           47,528
    Misses:                          2,657
    Compulsory misses:               2,403
    Invalidations:                       0
    Miss rate:                        5.29%
  L1D stats:
    Hits:                           20,001
    Misses:                          1,311
    Compulsory misses:               1,892
    Invalidations:                       0
    Prefetch hits:                     343
    Prefetch misses:                 1,099
    Miss rate:                        6.15%
Core #1 (0 thread(s))
Core #2 (0 thread(s))
Core #3 (0 thread(s))
LL stats:
    Hits:                              571
    Misses:                          3,397
    Compulsory misses:               4,290
    Invalidations:                       0
    Prefetch hits:                     206
    Prefetch misses:                   893
    Local miss rate:                 85.61%
    Child hits:                     67,872
    Total miss rate:                  4.73%
