Cache simulation results:
Core #0 (1 thread(s))
  L1I stats:
    Hits:                           48,408
    Misses:                          2,670
    Compulsory misses:               2,416
    Invalidations:                       0
    Miss rate:                        5.23%
  L1D stats:
    Hits:                           20,299
    Misses:                          1,317
    Compulsory misses:               1,910
    Invalidations:                       0
    Prefetch hits:                     342
    Prefetch misses:                 1,105
    Miss rate:                        6.09%
Core #1 (0 thread(s))
Core #2 (0 thread(s))
Core #3 (0 thread(s))
LL stats:
    Hits:                              571
    Misses:                          3,416
    Compulsory misses:               4,321
    Invalidations:                       0
    Prefetch hits:                     200
    Prefetch misses:                   905
    Local miss rate:                 85.68%
    Child hits:                     69,049
    Total miss rate:                  4.68%
