Cache simulation results:
Core #0 (1 thread(s))
  L1I stats:
    Hits:                           95,973
    Misses:                          5,295
    Compulsory misses:               2,439
    Invalidations:                       0
    Miss rate:                        5.23%
  L1D stats:
    Hits:                           40,378
    Misses:                          2,515
    Compulsory misses:               2,304
    Invalidations:                       0
    Prefetch hits:                     639
    Prefetch misses:                 2,137
    Miss rate:                        5.86%
Core #1 (0 thread(s))
Core #2 (0 thread(s))
Core #3 (0 thread(s))
LL stats:
    Hits:                            4,218
    Misses:                          3,592
    Compulsory misses:               4,738
    Invalidations:                       0
    Prefetch hits:                     991
    Prefetch misses:                 1,146
    Local miss rate:                 45.99%
    Child hits:                    136,990
    Total miss rate:                  2.48%
