Cache simulation results:
Core #0 (1 thread(s))
  L1I stats:
    Hits:                           95,034
    Misses:                          5,262
    Compulsory misses:               2,407
    Invalidations:                       0
    Miss rate:                        5.25%
  L1D stats:
    Hits:                           40,124
    Misses:                          2,524
    Compulsory misses:               2,338
    Invalidations:                       0
    Prefetch hits:                     649
    Prefetch misses:                 2,137
    Miss rate:                        5.92%
Core #1 (0 thread(s))
Core #2 (0 thread(s))
Core #3 (0 thread(s))
LL stats:
    Hits:                            4,208
    Misses:                          3,578
    Compulsory misses:               4,740
    Invalidations:                       0
    Prefetch hits:                     975
    Prefetch misses:                 1,162
    Local miss rate:                 45.95%
    Child hits:                    135,807
    Total miss rate:                  2.49%
