Cache simulation results:
Core #0 (1 thread(s))
  L1I stats:
    Hits:                           95,099
    Misses:                          5,246
    Compulsory misses:               2,399
    Invalidations:                       0
    Miss rate:                        5.23%
  L1D stats:
    Hits:                           40,119
    Misses:                          2,525
    Compulsory misses:               2,356
    Invalidations:                       0
    Prefetch hits:                     639
    Prefetch misses:                 2,148
    Miss rate:                        5.92%
Core #1 (0 thread(s))
Core #2 (0 thread(s))
Core #3 (0 thread(s))
LL stats:
    Hits:                            4,188
    Misses:                          3,583
    Compulsory misses:               4,750
    Invalidations:                       0
    Prefetch hits:                     981
    Prefetch misses:                 1,167
    Local miss rate:                 46.11%
    Child hits:                    135,857
    Total miss rate:                  2.49%
