Cache simulation results:
Core #0 (1 thread(s))
  L1I stats:
    Hits:                           94,417
    Misses:                          5,252
    Compulsory misses:               2,396
    Invalidations:                       0
    Miss rate:                        5.27%
  L1D stats:
    Hits:                           39,860
    Misses:                          2,484
    Compulsory misses:               2,296
    Invalidations:                       0
    Prefetch hits:                     647
    Prefetch misses:                 2,099
    Miss rate:                        5.87%
Core #1 (0 thread(s))
Core #2 (0 thread(s))
Core #3 (0 thread(s))
LL stats:
    Hits:                            4,189
    Misses:                          3,547
    Compulsory misses:               4,687
    Invalidations:                       0
    Prefetch hits:                     959
    Prefetch misses:                 1,140
    Local miss rate:                 45.85%
    Child hits:                    134,924
    Total miss rate:                  2.49%
