Cache simulation results:
Core #0 (1 thread(s))
  L1I stats:
    Hits:                           95,087
    Misses:                          5,264
    Compulsory misses:               2,407
    Invalidations:                       0
    Miss rate:                        5.25%
  L1D stats:
    Hits:                           40,156
    Misses:                          2,498
    Compulsory misses:               2,334
    Invalidations:                       0
    Prefetch hits:                     653
    Prefetch misses:                 2,107
    Miss rate:                        5.86%
Core #1 (0 thread(s))
Core #2 (0 thread(s))
Core #3 (0 thread(s))
LL stats:
    Hits:                            4,184
    Misses:                          3,578
    Compulsory misses:               4,736
    Invalidations:                       0
    Prefetch hits:                     949
    Prefetch misses:                 1,158
    Local miss rate:                 46.10%
    Child hits:                    135,896
    Total miss rate:                  2.49%
