Cache simulation results:
Core #0 (1 thread(s))
  L1I stats:
    Hits:                           29,275
    Misses:                            868
    Compulsory misses:                 827
    Invalidations:                       0
    Miss rate:                        2.88%
  L1D stats:
    Hits:                            8,913
    Misses:                            305
    Compulsory misses:                 558
    Invalidations:                       0
    Prefetch hits:                      65
    Prefetch misses:                   286
    Miss rate:                        3.31%
Core #1 (0 thread(s))
Core #2 (0 thread(s))
Core #3 (0 thread(s))
LL stats:
    Hits:                               61
    Misses:                          1,112
    Compulsory misses:               1,385
    Invalidations:                       0
    Prefetch hits:                      13
    Prefetch misses:                   273
    Local miss rate:                 94.80%
    Child hits:                     38,253
    Total miss rate:                  2.82%
