Cache simulation results:
Core #0 (1 thread(s))
  L1I stats:
    Hits:                           47,237
    Misses:                          2,641
    Compulsory misses:               2,387
    Invalidations:                       0
    Miss rate:                        5.29%
  L1D stats:
    Hits:                           19,898
    Misses:                          1,283
    Compulsory misses:               1,890
    Invalidations:                       0
    Prefetch hits:                     334
    Prefetch misses:                 1,080
    Miss rate:                        6.06%
Core #1 (0 thread(s))
Core #2 (0 thread(s))
Core #3 (0 thread(s))
LL stats:
    Hits:                              545
    Misses:                          3,379
    Compulsory misses:               4,272
    Invalidations:                       0
    Prefetch hits:                     187
    Prefetch misses:                   893
    Local miss rate:                 86.11%
    Child hits:                     67,469
    Total miss rate:                  4.73%
