Cache simulation results:
Core #0 (1 thread(s))
  L1I stats:
    Hits:                           94,391
    Misses:                          5,248
    Compulsory misses:               2,395
    Invalidations:                       0
    Miss rate:                        5.27%
  L1D stats:
    Hits:                           39,873
    Misses:                          2,460
    Compulsory misses:               2,268
    Invalidations:                       0
    Prefetch hits:                     627
    Prefetch misses:                 2,095
    Miss rate:                        5.81%
Core #1 (0 thread(s))
Core #2 (0 thread(s))
Core #3 (0 thread(s))
LL stats:
    Hits:                            4,182
    Misses:                          3,526
    Compulsory misses:               4,658
    Invalidations:                       0
    Prefetch hits:                     963
    Prefetch misses:                 1,132
    Local miss rate:                 45.74%
    Child hits:                    134,891
    Total miss rate:                  2.47%
