Cache simulation results:
Core #0 (1 thread(s))
  L1I stats:
    Hits:                           95,131
    Misses:                          5,265
    Compulsory misses:               2,412
    Invalidations:                       0
    Miss rate:                        5.24%
  L1D stats:
    Hits:                           40,161
    Misses:                          2,516
    Compulsory misses:               2,303
    Invalidations:                       0
    Prefetch hits:                     651
    Prefetch misses:                 2,128
    Miss rate:                        5.90%
Core #1 (0 thread(s))
Core #2 (0 thread(s))
Core #3 (0 thread(s))
LL stats:
    Hits:                            4,216
    Misses:                          3,565
    Compulsory misses:               4,710
    Invalidations:                       0
    Prefetch hits:                     983
    Prefetch misses:                 1,145
    Local miss rate:                 45.82%
    Child hits:                    135,943
    Total miss rate:                  2.48%
