Cache simulation results:
Core #0 (1 thread(s))
  L1I stats:
    Hits:                           47,234
    Misses:                          2,641
    Compulsory misses:               2,387
    Invalidations:                       0
    Miss rate:                        5.30%
  L1D stats:
    Hits:                           19,871
    Misses:                          1,310
    Compulsory misses:               1,898
    Invalidations:                       0
    Prefetch hits:                     338
    Prefetch misses:                 1,103
    Miss rate:                        6.18%
Core #1 (0 thread(s))
Core #2 (0 thread(s))
Core #3 (0 thread(s))
LL stats:
    Hits:                              567
    Misses:                          3,384
    Compulsory misses:               4,280
    Invalidations:                       0
    Prefetch hits:                     207
    Prefetch misses:                   896
    Local miss rate:                 85.65%
    Child hits:                     67,443
    Total miss rate:                  4.74%
