Cache simulation results:
Core #0 (1 thread(s))
  L1I stats:
    Hits:                           95,388
    Misses:                          5,285
    Compulsory misses:               2,434
    Invalidations:                       0
    Miss rate:                        5.25%
  L1D stats:
    Hits:                           40,052
    Misses:                          2,512
    Compulsory misses:               2,348
    Invalidations:                       0
    Prefetch hits:                     651
    Prefetch misses:                 2,123
    Miss rate:                        5.90%
Core #1 (0 thread(s))
Core #2 (0 thread(s))
Core #3 (0 thread(s))
LL stats:
    Hits:                            4,183
    Misses:                          3,614
    Compulsory misses:               4,777
    Invalidations:                       0
    Prefetch hits:                     960
    Prefetch misses:                 1,163
    Local miss rate:                 46.35%
    Child hits:                    136,091
    Total miss rate:                  2.51%
