Cache simulation results:
Core #0 (1 thread(s))
  L1I stats:
    Hits:                           47,352
    Misses:                          2,652
    Compulsory misses:               2,398
    Invalidations:                       0
    Miss rate:                        5.30%
  L1D stats:
    Hits:                           19,908
    Misses:                          1,295
    Compulsory misses:               1,865
    Invalidations:                       0
    Prefetch hits:                     341
    Prefetch misses:                 1,085
    Miss rate:                        6.11%
Core #1 (0 thread(s))
Core #2 (0 thread(s))
Core #3 (0 thread(s))
LL stats:
    Hits:                              571
    Misses:                          3,376
    Compulsory misses:               4,258
    Invalidations:                       0
    Prefetch hits:                     203
    Prefetch misses:                   882
    Local miss rate:                 85.53%
    Child hits:                     67,601
    Total miss rate:                  4.72%
