Cache simulation results:
Core #0 (1 thread(s))
  L1I stats:
    Hits:                           94,381
    Misses:                          5,249
    Compulsory misses:               2,397
    Invalidations:                       0
    Miss rate:                        5.27%
  L1D stats:
    Hits:                           39,828
    Misses:                          2,506
    Compulsory misses:               2,307
    Invalidations:                       0
    Prefetch hits:                     652
    Prefetch misses:                 2,116
    Miss rate:                        5.92%
Core #1 (0 thread(s))
Core #2 (0 thread(s))
Core #3 (0 thread(s))
LL stats:
    Hits:                            4,204
    Misses:                          3,551
    Compulsory misses:               4,699
    Invalidations:                       0
    Prefetch hits:                     968
    Prefetch misses:                 1,148
    Local miss rate:                 45.79%
    Child hits:                    134,861
    Total miss rate:                  2.49%
