Cache simulation results:
Core #0 (1 thread(s))
  L1I stats:
    Hits:                          102,086
    Misses:                          5,277
    Compulsory misses:               2,432
    Invalidations:                       0
    Miss rate:                        4.92%
  L1D stats:
    Hits:                           41,103
    Misses:                          2,520
    Compulsory misses:               2,332
    Invalidations:                       0
    Prefetch hits:                     651
    Prefetch misses:                 2,130
    Miss rate:                        5.78%
Core #1 (0 thread(s))
Core #2 (0 thread(s))
Core #3 (0 thread(s))
LL stats:
    Hits:                            4,196
    Misses:                          3,601
    Compulsory misses:               4,759
    Invalidations:                       0
    Prefetch hits:                     972
    Prefetch misses:                 1,158
    Local miss rate:                 46.18%
    Child hits:                    143,840
    Total miss rate:                  2.37%
