Cache simulation results:
Core #0 (1 thread(s))
  L1I stats:
    Hits:                           94,585
    Misses:                          5,271
    Compulsory misses:               2,415
    Invalidations:                       0
    Miss rate:                        5.28%
  L1D stats:
    Hits:                           39,931
    Misses:                          2,517
    Compulsory misses:               2,308
    Invalidations:                       0
    Prefetch hits:                     646
    Prefetch misses:                 2,133
    Miss rate:                        5.93%
Core #1 (0 thread(s))
Core #2 (0 thread(s))
Core #3 (0 thread(s))
LL stats:
    Hits:                            4,215
    Misses:                          3,573
    Compulsory misses:               4,718
    Invalidations:                       0
    Prefetch hits:                     988
    Prefetch misses:                 1,145
    Local miss rate:                 45.88%
    Child hits:                    135,162
    Total miss rate:                  2.50%
