Cache simulation results:
Core #0 (1 thread(s))
  L1I stats:
    Hits:                          161,926
    Misses:                          2,668
    Compulsory misses:               2,412
    Invalidations:                       0
    Miss rate:                        1.62%
  L1D stats:
    Hits:                           36,362
    Misses:                          1,328
    Compulsory misses:               1,964
    Invalidations:                       0
    Prefetch hits:                     338
    Prefetch misses:                 1,121
    Miss rate:                        3.52%
Core #1 (0 thread(s))
Core #2 (0 thread(s))
Core #3 (0 thread(s))
LL stats:
    Hits:                              556
    Misses:                          3,440
    Compulsory misses:               4,371
    Invalidations:                       0
    Prefetch hits:                     190
    Prefetch misses:                   931
    Local miss rate:                 86.09%
    Child hits:                    198,626
    Total miss rate:                  1.70%
