Cache simulation results:
Core #0 (1 thread(s))
  L1I stats:
    Hits:                           48,127
    Misses:                          2,673
    Compulsory misses:               2,418
    Invalidations:                       0
    Miss rate:                        5.26%
  L1D stats:
    Hits:                           20,234
    Misses:                          1,308
    Compulsory misses:               1,919
    Invalidations:                       0
    Prefetch hits:                     342
    Prefetch misses:                 1,096
    Miss rate:                        6.07%
Core #1 (0 thread(s))
Core #2 (0 thread(s))
Core #3 (0 thread(s))
LL stats:
    Hits:                              553
    Misses:                          3,428
    Compulsory misses:               4,332
    Invalidations:                       0
    Prefetch hits:                     192
    Prefetch misses:                   904
    Local miss rate:                 86.11%
    Child hits:                     68,703
    Total miss rate:                  4.72%
