Cache simulation results:
Core #0 (1 thread(s))
  L1I stats:
    Hits:                           36,376
    Misses:                          2,025
    Compulsory misses:               1,811
    Invalidations:                       0
    Miss rate:                        5.27%
  L1D stats:
    Hits:                           16,282
    Misses:                          1,035
    Compulsory misses:               1,522
    Invalidations:                       0
    Prefetch hits:                     289
    Prefetch misses:                   871
    Miss rate:                        5.98%
Core #1 (0 thread(s))
Core #2 (0 thread(s))
Core #3 (0 thread(s))
LL stats:
    Hits:                              452
    Misses:                          2,608
    Compulsory misses:               3,333
    Invalidations:                       0
    Prefetch hits:                     146
    Prefetch misses:                   725
    Local miss rate:                 85.23%
    Child hits:                     52,947
    Total miss rate:                  4.66%
