Cache simulation results:
Core #0 (1 thread(s))
  L1I stats:
    Hits:                           47,181
    Misses:                          2,650
    Compulsory misses:               2,396
    Invalidations:                       0
    Miss rate:                        5.32%
  L1D stats:
    Hits:                           19,852
    Misses:                          1,305
    Compulsory misses:               1,877
    Invalidations:                       0
    Prefetch hits:                     342
    Prefetch misses:                 1,094
    Miss rate:                        6.17%
Core #1 (0 thread(s))
Core #2 (0 thread(s))
Core #3 (0 thread(s))
LL stats:
    Hits:                              577
    Misses:                          3,378
    Compulsory misses:               4,268
    Invalidations:                       0
    Prefetch hits:                     204
    Prefetch misses:                   890
    Local miss rate:                 85.41%
    Child hits:                     67,375
    Total miss rate:                  4.74%
