Cache simulation results:
Core #0 (1 thread(s))
  L1I stats:
    Hits:                           95,316
    Misses:                          5,277
    Compulsory misses:               2,421
    Invalidations:                       0
    Miss rate:                        5.25%
  L1D stats:
    Hits:                           40,271
    Misses:                          2,514
    Compulsory misses:               2,383
    Invalidations:                       0
    Prefetch hits:                     628
    Prefetch misses:                 2,148
    Miss rate:                        5.88%
Core #1 (0 thread(s))
Core #2 (0 thread(s))
Core #3 (0 thread(s))
LL stats:
    Hits:                            4,173
    Misses:                          3,618
    Compulsory misses:               4,799
    Invalidations:                       0
    Prefetch hits:                     967
    Prefetch misses:                 1,181
    Local miss rate:                 46.44%
    Child hits:                    136,215
    Total miss rate:                  2.51%
