Cache simulation results:
Core #0 (1 thread(s))
  L1I stats:
    Hits:                           47,234
    Misses:                          2,650
    Compulsory misses:               2,396
    Invalidations:                       0
    Miss rate:                        5.31%
  L1D stats:
    Hits:                           19,879
    Misses:                          1,287
    Compulsory misses:               1,889
    Invalidations:                       0
    Prefetch hits:                     335
    Prefetch misses:                 1,083
    Miss rate:                        6.08%
Core #1 (0 thread(s))
Core #2 (0 thread(s))
Core #3 (0 thread(s))
LL stats:
    Hits:                              552
    Misses:                          3,385
    Compulsory misses:               4,280
    Invalidations:                       0
    Prefetch hits:                     188
    Prefetch misses:                   895
    Local miss rate:                 85.98%
    Child hits:                     67,448
    Total miss rate:                  4.74%
