Cache simulation results:
Core #0 (1 thread(s))
  L1I stats:
    Hits:                           28,718
    Misses:                          1,887
    Compulsory misses:                 927
    Invalidations:                       0
    Miss rate:                        6.17%
  L1D stats:
    Hits:                           11,828
    Misses:                            913
    Compulsory misses:                 983
    Invalidations:                       0
    Prefetch hits:                     169
    Prefetch misses:                   780
    Miss rate:                        7.17%
Core #1 (0 thread(s))
Core #2 (0 thread(s))
Core #3 (0 thread(s))
LL stats:
    Hits:                            1,362
    Misses:                          1,438
    Compulsory misses:               1,910
    Invalidations:                       0
    Prefetch hits:                     308
    Prefetch misses:                   472
    Local miss rate:                 51.36%
    Child hits:                     40,715
    Total miss rate:                  3.30%
