Cache simulation results:
Core #0 (1 thread(s))
  L1I stats:
    Hits:                           48,082
    Misses:                          2,664
    Compulsory misses:               2,412
    Invalidations:                       0
    Miss rate:                        5.25%
  L1D stats:
    Hits:                           20,281
    Misses:                          1,306
    Compulsory misses:               1,917
    Invalidations:                       0
    Prefetch hits:                     342
    Prefetch misses:                 1,095
    Miss rate:                        6.05%
Core #1 (0 thread(s))
Core #2 (0 thread(s))
Core #3 (0 thread(s))
LL stats:
    Hits:                              552
    Misses:                          3,418
    Compulsory misses:               4,324
    Invalidations:                       0
    Prefetch hits:                     189
    Prefetch misses:                   906
    Local miss rate:                 86.10%
    Child hits:                     68,705
    Total miss rate:                  4.70%
