Cache simulation results:
Core #0 (1 thread(s))
  L1I stats:
    Hits:                           47,704
    Misses:                          2,672
    Compulsory misses:               2,418
    Invalidations:                       0
    Miss rate:                        5.30%
  L1D stats:
    Hits:                           20,113
    Misses:                          1,317
    Compulsory misses:               1,924
    Invalidations:                       0
    Prefetch hits:                     333
    Prefetch misses:                 1,115
    Miss rate:                        6.15%
Core #1 (0 thread(s))
Core #2 (0 thread(s))
Core #3 (0 thread(s))
LL stats:
    Hits:                              565
    Misses:                          3,424
    Compulsory misses:               4,337
    Invalidations:                       0
    Prefetch hits:                     202
    Prefetch misses:                   913
    Local miss rate:                 85.84%
    Child hits:                     68,150
    Total miss rate:                  4.75%
