Cache simulation results:
Core #0 (1 thread(s))
  L1I stats:
    Hits:                           47,336
    Misses:                          2,657
    Compulsory misses:               2,403
    Invalidations:                       0
    Miss rate:                        5.31%
  L1D stats:
    Hits:                           19,960
    Misses:                          1,280
    Compulsory misses:               1,870
    Invalidations:                       0
    Prefetch hits:                     335
    Prefetch misses:                 1,076
    Miss rate:                        6.03%
Core #1 (0 thread(s))
Core #2 (0 thread(s))
Core #3 (0 thread(s))
LL stats:
    Hits:                              551
    Misses:                          3,386
    Compulsory misses:               4,268
    Invalidations:                       0
    Prefetch hits:                     194
    Prefetch misses:                   882
    Local miss rate:                 86.00%
    Child hits:                     67,631
    Total miss rate:                  4.73%
