Cache simulation results:
Core #0 (1 thread(s))
  L1I stats:
    Hits:                           94,700
    Misses:                          5,266
    Compulsory misses:               2,413
    Invalidations:                       0
    Miss rate:                        5.27%
  L1D stats:
    Hits:                           39,996
    Misses:                          2,493
    Compulsory misses:               2,304
    Invalidations:                       0
    Prefetch hits:                     653
    Prefetch misses:                 2,102
    Miss rate:                        5.87%
Core #1 (0 thread(s))
Core #2 (0 thread(s))
Core #3 (0 thread(s))
LL stats:
    Hits:                            4,186
    Misses:                          3,573
    Compulsory misses:               4,712
    Invalidations:                       0
    Prefetch hits:                     963
    Prefetch misses:                 1,139
    Local miss rate:                 46.05%
    Child hits:                    135,349
    Total miss rate:                  2.50%
