Cache simulation results:
Core #0 (1 thread(s))
  L1I stats:
    Hits:                           47,269
    Misses:                          2,648
    Compulsory misses:               2,394
    Invalidations:                       0
    Miss rate:                        5.30%
  L1D stats:
    Hits:                           19,947
    Misses:                          1,270
    Compulsory misses:               1,869
    Invalidations:                       0
    Prefetch hits:                     327
    Prefetch misses:                 1,074
    Miss rate:                        5.99%
Core #1 (0 thread(s))
Core #2 (0 thread(s))
Core #3 (0 thread(s))
LL stats:
    Hits:                              549
    Misses:                          3,369
    Compulsory misses:               4,258
    Invalidations:                       0
    Prefetch hits:                     185
    Prefetch misses:                   889
    Local miss rate:                 85.99%
    Child hits:                     67,543
    Total miss rate:                  4.71%
