Cache simulation results:
Core #0 (1 thread(s))
  L1I stats:
    Hits:                           47,618
    Misses:                          2,656
    Compulsory misses:               2,402
    Invalidations:                       0
    Miss rate:                        5.28%
  L1D stats:
    Hits:                           20,049
    Misses:                          1,303
    Compulsory misses:               1,908
    Invalidations:                       0
    Prefetch hits:                     335
    Prefetch misses:                 1,099
    Miss rate:                        6.10%
Core #1 (0 thread(s))
Core #2 (0 thread(s))
Core #3 (0 thread(s))
LL stats:
    Hits:                              559
    Misses:                          3,400
    Compulsory misses:               4,305
    Invalidations:                       0
    Prefetch hits:                     194
    Prefetch misses:                   905
    Local miss rate:                 85.88%
    Child hits:                     68,002
    Total miss rate:                  4.72%
