Cache simulation results:
Core #0 (1 thread(s))
  L1I stats:
    Hits:                           94,785
    Misses:                          5,268
    Compulsory misses:               2,414
    Invalidations:                       0
    Miss rate:                        5.27%
  L1D stats:
    Hits:                           40,012
    Misses:                          2,492
    Compulsory misses:               2,305
    Invalidations:                       0
    Prefetch hits:                     674
    Prefetch misses:                 2,080
    Miss rate:                        5.86%
Core #1 (0 thread(s))
Core #2 (0 thread(s))
Core #3 (0 thread(s))
LL stats:
    Hits:                            4,181
    Misses:                          3,579
    Compulsory misses:               4,714
    Invalidations:                       0
    Prefetch hits:                     945
    Prefetch misses:                 1,135
    Local miss rate:                 46.12%
    Child hits:                    135,471
    Total miss rate:                  2.50%
