Cache simulation results:
Core #0 (1 thread(s))
  L1I stats:
    Hits:                           47,209
    Misses:                          2,648
    Compulsory misses:               2,394
    Invalidations:                       0
    Miss rate:                        5.31%
  L1D stats:
    Hits:                           19,886
    Misses:                          1,301
    Compulsory misses:               1,890
    Invalidations:                       0
    Prefetch hits:                     335
    Prefetch misses:                 1,097
    Miss rate:                        6.14%
Core #1 (0 thread(s))
Core #2 (0 thread(s))
Core #3 (0 thread(s))
LL stats:
    Hits:                              561
    Misses:                          3,388
    Compulsory misses:               4,279
    Invalidations:                       0
    Prefetch hits:                     206
    Prefetch misses:                   891
    Local miss rate:                 85.79%
    Child hits:                     67,430
    Total miss rate:                  4.75%
