Cache simulation results:
Core #0 (1 thread(s))
  L1I stats:
    Hits:                           94,519
    Misses:                          5,248
    Compulsory misses:               2,394
    Invalidations:                       0
    Miss rate:                        5.26%
  L1D stats:
    Hits:                           39,906
    Misses:                          2,475
    Compulsory misses:               2,256
    Invalidations:                       0
    Prefetch hits:                     654
    Prefetch misses:                 2,083
    Miss rate:                        5.84%
Core #1 (0 thread(s))
Core #2 (0 thread(s))
Core #3 (0 thread(s))
LL stats:
    Hits:                            4,195
    Misses:                          3,528
    Compulsory misses:               4,645
    Invalidations:                       0
    Prefetch hits:                     966
    Prefetch misses:                 1,117
    Local miss rate:                 45.68%
    Child hits:                    135,079
    Total miss rate:                  2.47%
