Cache simulation results:
Core #0 (1 thread(s))
  L1I stats:
    Hits:                           94,580
    Misses:                          5,247
    Compulsory misses:               2,395
    Invalidations:                       0
    Miss rate:                        5.26%
  L1D stats:
    Hits:                           39,927
    Misses:                          2,476
    Compulsory misses:               2,285
    Invalidations:                       0
    Prefetch hits:                     639
    Prefetch misses:                 2,099
    Miss rate:                        5.84%
Core #1 (0 thread(s))
Core #2 (0 thread(s))
Core #3 (0 thread(s))
LL stats:
    Hits:                            4,186
    Misses:                          3,537
    Compulsory misses:               4,675
    Invalidations:                       0
    Prefetch hits:                     961
    Prefetch misses:                 1,138
    Local miss rate:                 45.80%
    Child hits:                    135,146
    Total miss rate:                  2.48%
