Cache simulation results:
Core #0 (1 thread(s))
  L1I stats:
    Hits:                           47,972
    Misses:                          2,662
    Compulsory misses:               2,409
    Invalidations:                       0
    Miss rate:                        5.26%
  L1D stats:
    Hits:                           20,184
    Misses:                          1,323
    Compulsory misses:               1,945
    Invalidations:                       0
    Prefetch hits:                     340
    Prefetch misses:                 1,118
    Miss rate:                        6.15%
Core #1 (0 thread(s))
Core #2 (0 thread(s))
Core #3 (0 thread(s))
LL stats:
    Hits:                              555
    Misses:                          3,430
    Compulsory misses:               4,349
    Invalidations:                       0
    Prefetch hits:                     199
    Prefetch misses:                   919
    Local miss rate:                 86.07%
    Child hits:                     68,496
    Total miss rate:                  4.73%
