Cache simulation results:
Core #0 (1 thread(s))
  L1I stats:
    Hits:                           47,481
    Misses:                          2,658
    Compulsory misses:               2,404
    Invalidations:                       0
    Miss rate:                        5.30%
  L1D stats:
    Hits:                           20,017
    Misses:                          1,304
    Compulsory misses:               1,906
    Invalidations:                       0
    Prefetch hits:                     337
    Prefetch misses:                 1,098
    Miss rate:                        6.12%
Core #1 (0 thread(s))
Core #2 (0 thread(s))
Core #3 (0 thread(s))
LL stats:
    Hits:                              557
    Misses:                          3,405
    Compulsory misses:               4,305
    Invalidations:                       0
    Prefetch hits:                     198
    Prefetch misses:                   900
    Local miss rate:                 85.94%
    Child hits:                     67,835
    Total miss rate:                  4.74%
