Cache simulation results:
Core #0 (1 thread(s))
  L1I stats:
    Hits:                           47,288
    Misses:                          2,648
    Compulsory misses:               2,394
    Invalidations:                       0
    Miss rate:                        5.30%
  L1D stats:
    Hits:                           19,919
    Misses:                          1,296
    Compulsory misses:               1,880
    Invalidations:                       0
    Prefetch hits:                     337
    Prefetch misses:                 1,090
    Miss rate:                        6.11%
Core #1 (0 thread(s))
Core #2 (0 thread(s))
Core #3 (0 thread(s))
LL stats:
    Hits:                              568
    Misses:                          3,376
    Compulsory misses:               4,269
    Invalidations:                       0
    Prefetch hits:                     197
    Prefetch misses:                   893
    Local miss rate:                 85.60%
    Child hits:                     67,544
    Total miss rate:                  4.72%
