Cache simulation results:
Core #0 (1 thread(s))
  L1I stats:
    Hits:                           47,296
    Misses:                          2,648
    Compulsory misses:               2,394
    Invalidations:                       0
    Miss rate:                        5.30%
  L1D stats:
    Hits:                           19,930
    Misses:                          1,305
    Compulsory misses:               1,887
    Invalidations:                       0
    Prefetch hits:                     340
    Prefetch misses:                 1,096
    Miss rate:                        6.15%
Core #1 (0 thread(s))
Core #2 (0 thread(s))
Core #3 (0 thread(s))
LL stats:
    Hits:                              572
    Misses:                          3,381
    Compulsory misses:               4,276
    Invalidations:                       0
    Prefetch hits:                     201
    Prefetch misses:                   895
    Local miss rate:                 85.53%
    Child hits:                     67,566
    Total miss rate:                  4.73%
