Cache simulation results:
Core #0 (1 thread(s))
  L1I stats:
    Hits:                           47,352
    Misses:                          2,654
    Compulsory misses:               2,400
    Invalidations:                       0
    Miss rate:                        5.31%
  L1D stats:
    Hits:                           19,945
    Misses:                          1,280
    Compulsory misses:               1,885
    Invalidations:                       0
    Prefetch hits:                     336
    Prefetch misses:                 1,075
    Miss rate:                        6.03%
Core #1 (0 thread(s))
Core #2 (0 thread(s))
Core #3 (0 thread(s))
LL stats:
    Hits:                              546
    Misses:                          3,388
    Compulsory misses:               4,280
    Invalidations:                       0
    Prefetch hits:                     183
    Prefetch misses:                   892
    Local miss rate:                 86.12%
    Child hits:                     67,633
    Total miss rate:                  4.73%
