Cache simulation results:
Core #0 (1 thread(s))
  L1I stats:
    Hits:                           47,272
    Misses:                          2,639
    Compulsory misses:               2,385
    Invalidations:                       0
    Miss rate:                        5.29%
  L1D stats:
    Hits:                           19,931
    Misses:                          1,282
    Compulsory misses:               1,873
    Invalidations:                       0
    Prefetch hits:                     337
    Prefetch misses:                 1,076
    Miss rate:                        6.04%
Core #1 (0 thread(s))
Core #2 (0 thread(s))
Core #3 (0 thread(s))
LL stats:
    Hits:                              553
    Misses:                          3,368
    Compulsory misses:               4,253
    Invalidations:                       0
    Prefetch hits:                     191
    Prefetch misses:                   885
    Local miss rate:                 85.90%
    Child hits:                     67,540
    Total miss rate:                  4.71%
