Cache simulation results:
Core #0 (1 thread(s))
  L1I stats:
    Hits:                           47,181
    Misses:                          2,650
    Compulsory misses:               2,396
    Invalidations:                       0
    Miss rate:                        5.32%
  L1D stats:
    Hits:                           19,832
    Misses:                          1,317
    Compulsory misses:               1,915
    Invalidations:                       0
    Prefetch hits:                     352
    Prefetch misses:                 1,096
    Miss rate:                        6.23%
Core #1 (0 thread(s))
Core #2 (0 thread(s))
Core #3 (0 thread(s))
LL stats:
    Hits:                              566
    Misses:                          3,401
    Compulsory misses:               4,306
    Invalidations:                       0
    Prefetch hits:                     191
    Prefetch misses:                   905
    Local miss rate:                 85.73%
    Child hits:                     67,365
    Total miss rate:                  4.77%
