Cache simulation results:
Core #0 (1 thread(s))
  L1I stats:
    Hits:                           47,339
    Misses:                          2,653
    Compulsory misses:               2,399
    Invalidations:                       0
    Miss rate:                        5.31%
  L1D stats:
    Hits:                           19,939
    Misses:                          1,306
    Compulsory misses:               1,903
    Invalidations:                       0
    Prefetch hits:                     339
    Prefetch misses:                 1,099
    Miss rate:                        6.15%
Core #1 (0 thread(s))
Core #2 (0 thread(s))
Core #3 (0 thread(s))
LL stats:
    Hits:                              567
    Misses:                          3,392
    Compulsory misses:               4,297
    Invalidations:                       0
    Prefetch hits:                     194
    Prefetch misses:                   905
    Local miss rate:                 85.68%
    Child hits:                     67,617
    Total miss rate:                  4.74%
