Cache simulation results:
Core #0 (1 thread(s))
  L1I stats:
    Hits:                           47,221
    Misses:                          2,650
    Compulsory misses:               2,396
    Invalidations:                       0
    Miss rate:                        5.31%
  L1D stats:
    Hits:                           19,877
    Misses:                          1,291
    Compulsory misses:               1,886
    Invalidations:                       0
    Prefetch hits:                     334
    Prefetch misses:                 1,088
    Miss rate:                        6.10%
Core #1 (0 thread(s))
Core #2 (0 thread(s))
Core #3 (0 thread(s))
LL stats:
    Hits:                              555
    Misses:                          3,386
    Compulsory misses:               4,277
    Invalidations:                       0
    Prefetch hits:                     197
    Prefetch misses:                   891
    Local miss rate:                 85.92%
    Child hits:                     67,432
    Total miss rate:                  4.74%
