Cache simulation results:
Core #0 (1 thread(s))
  L1I stats:
    Hits:                           95,190
    Misses:                          5,292
    Compulsory misses:               2,435
    Invalidations:                       0
    Miss rate:                        5.27%
  L1D stats:
    Hits:                           40,123
    Misses:                          2,532
    Compulsory misses:               2,360
    Invalidations:                       0
    Prefetch hits:                     652
    Prefetch misses:                 2,141
    Miss rate:                        5.94%
Core #1 (0 thread(s))
Core #2 (0 thread(s))
Core #3 (0 thread(s))
LL stats:
    Hits:                            4,206
    Misses:                          3,618
    Compulsory misses:               4,790
    Invalidations:                       0
    Prefetch hits:                     969
    Prefetch misses:                 1,172
    Local miss rate:                 46.24%
    Child hits:                    135,965
    Total miss rate:                  2.52%
