Cache simulation results:
Core #0 (1 thread(s))
  L1I stats:
    Hits:                           47,330
    Misses:                          2,650
    Compulsory misses:               2,396
    Invalidations:                       0
    Miss rate:                        5.30%
  L1D stats:
    Hits:                           19,929
    Misses:                          1,284
    Compulsory misses:               1,867
    Invalidations:                       0
    Prefetch hits:                     342
    Prefetch misses:                 1,073
    Miss rate:                        6.05%
Core #1 (0 thread(s))
Core #2 (0 thread(s))
Core #3 (0 thread(s))
LL stats:
    Hits:                              560
    Misses:                          3,374
    Compulsory misses:               4,258
    Invalidations:                       0
    Prefetch hits:                     189
    Prefetch misses:                   884
    Local miss rate:                 85.77%
    Child hits:                     67,601
    Total miss rate:                  4.72%
