Cache simulation results:
Core #0 (1 thread(s))
  L1I stats:
    Hits:                           96,446
    Misses:                          5,282
    Compulsory misses:               2,435
    Invalidations:                       0
    Miss rate:                        5.19%
  L1D stats:
    Hits:                           40,650
    Misses:                          2,546
    Compulsory misses:               2,355
    Invalidations:                       0
    Prefetch hits:                     667
    Prefetch misses:                 2,140
    Miss rate:                        5.89%
Core #1 (0 thread(s))
Core #2 (0 thread(s))
Core #3 (0 thread(s))
LL stats:
    Hits:                            4,207
    Misses:                          3,621
    Compulsory misses:               4,785
    Invalidations:                       0
    Prefetch hits:                     976
    Prefetch misses:                 1,164
    Local miss rate:                 46.26%
    Child hits:                    137,763
    Total miss rate:                  2.49%
