Cache simulation results:
Core #0 (1 thread(s))
  L1I stats:
    Hits:                           47,413
    Misses:                          2,655
    Compulsory misses:               2,403
    Invalidations:                       0
    Miss rate:                        5.30%
  L1D stats:
    Hits:                           19,952
    Misses:                          1,331
    Compulsory misses:               1,931
    Invalidations:                       0
    Prefetch hits:                     344
    Prefetch misses:                 1,118
    Miss rate:                        6.25%
Core #1 (0 thread(s))
Core #2 (0 thread(s))
Core #3 (0 thread(s))
LL stats:
    Hits:                              573
    Misses:                          3,413
    Compulsory misses:               4,329
    Invalidations:                       0
    Prefetch hits:                     202
    Prefetch misses:                   916
    Local miss rate:                 85.62%
    Child hits:                     67,709
    Total miss rate:                  4.76%
