Cache simulation results:
Core #0 (1 thread(s))
  L1I stats:
    Hits:                           95,668
    Misses:                          5,274
    Compulsory misses:               2,424
    Invalidations:                       0
    Miss rate:                        5.22%
  L1D stats:
    Hits:                           40,326
    Misses:                          2,523
    Compulsory misses:               2,340
    Invalidations:                       0
    Prefetch hits:                     652
    Prefetch misses:                 2,132
    Miss rate:                        5.89%
Core #1 (0 thread(s))
Core #2 (0 thread(s))
Core #3 (0 thread(s))
LL stats:
    Hits:                            4,196
    Misses:                          3,601
    Compulsory misses:               4,759
    Invalidations:                       0
    Prefetch hits:                     974
    Prefetch misses:                 1,158
    Local miss rate:                 46.18%
    Child hits:                    136,646
    Total miss rate:                  2.49%
