Cache simulation results:
Core #0 (1 thread(s))
  L1I stats:
    Hits:                           94,685
    Misses:                          5,269
    Compulsory misses:               2,413
    Invalidations:                       0
    Miss rate:                        5.27%
  L1D stats:
    Hits:                           40,000
    Misses:                          2,501
    Compulsory misses:               2,299
    Invalidations:                       0
    Prefetch hits:                     641
    Prefetch misses:                 2,122
    Miss rate:                        5.88%
Core #1 (0 thread(s))
Core #2 (0 thread(s))
Core #3 (0 thread(s))
LL stats:
    Hits:                            4,206
    Misses:                          3,564
    Compulsory misses:               4,707
    Invalidations:                       0
    Prefetch hits:                     979
    Prefetch misses:                 1,143
    Local miss rate:                 45.87%
    Child hits:                    135,326
    Total miss rate:                  2.49%
