Cache simulation results:
Core #0 (1 thread(s))
  L1I stats:
    Hits:                           94,998
    Misses:                          5,264
    Compulsory misses:               2,407
    Invalidations:                       0
    Miss rate:                        5.25%
  L1D stats:
    Hits:                           40,090
    Misses:                          2,540
    Compulsory misses:               2,388
    Invalidations:                       0
    Prefetch hits:                     660
    Prefetch misses:                 2,142
    Miss rate:                        5.96%
Core #1 (0 thread(s))
Core #2 (0 thread(s))
Core #3 (0 thread(s))
LL stats:
    Hits:                            4,192
    Misses:                          3,612
    Compulsory misses:               4,790
    Invalidations:                       0
    Prefetch hits:                     964
    Prefetch misses:                 1,178
    Local miss rate:                 46.28%
    Child hits:                    135,748
    Total miss rate:                  2.52%
