Cache simulation results:
Core #0 (1 thread(s))
  L1I stats:
    Hits:                           47,527
    Misses:                          2,666
    Compulsory misses:               2,409
    Invalidations:                       0
    Miss rate:                        5.31%
  L1D stats:
    Hits:                           20,024
    Misses:                          1,309
    Compulsory misses:               1,934
    Invalidations:                       0
    Prefetch hits:                     338
    Prefetch misses:                 1,102
    Miss rate:                        6.14%
Core #1 (0 thread(s))
Core #2 (0 thread(s))
Core #3 (0 thread(s))
LL stats:
    Hits:                              552
    Misses:                          3,423
    Compulsory misses:               4,338
    Invalidations:                       0
    Prefetch hits:                     187
    Prefetch misses:                   915
    Local miss rate:                 86.11%
    Child hits:                     67,889
    Total miss rate:                  4.76%
