Cache simulation results:
Core #0 (1 thread(s))
  L1I stats:
    Hits:                           47,208
    Misses:                          2,650
    Compulsory misses:               2,396
    Invalidations:                       0
    Miss rate:                        5.32%
  L1D stats:
    Hits:                           19,895
    Misses:                          1,283
    Compulsory misses:               1,876
    Invalidations:                       0
    Prefetch hits:                     322
    Prefetch misses:                 1,092
    Miss rate:                        6.06%
Core #1 (0 thread(s))
Core #2 (0 thread(s))
Core #3 (0 thread(s))
LL stats:
    Hits:                              556
    Misses:                          3,377
    Compulsory misses:               4,267
    Invalidations:                       0
    Prefetch hits:                     202
    Prefetch misses:                   890
    Local miss rate:                 85.86%
    Child hits:                     67,425
    Total miss rate:                  4.73%
