Cache simulation results:
Core #0 (1 thread(s))
  L1I stats:
    Hits:                           47,447
    Misses:                          2,663
    Compulsory misses:               2,409
    Invalidations:                       0
    Miss rate:                        5.31%
  L1D stats:
    Hits:                           19,992
    Misses:                          1,308
    Compulsory misses:               1,910
    Invalidations:                       0
    Prefetch hits:                     345
    Prefetch misses:                 1,094
    Miss rate:                        6.14%
Core #1 (0 thread(s))
Core #2 (0 thread(s))
Core #3 (0 thread(s))
LL stats:
    Hits:                              563
    Misses:                          3,408
    Compulsory misses:               4,314
    Invalidations:                       0
    Prefetch hits:                     188
    Prefetch misses:                   906
    Local miss rate:                 85.82%
    Child hits:                     67,784
    Total miss rate:                  4.75%
