Cache simulation results:
Core #0 (1 thread(s))
  L1I stats:
    Hits:                           47,209
    Misses:                          2,648
    Compulsory misses:               2,394
    Invalidations:                       0
    Miss rate:                        5.31%
  L1D stats:
    Hits:                           19,913
    Misses:                          1,286
    Compulsory misses:               1,870
    Invalidations:                       0
    Prefetch hits:                     336
    Prefetch misses:                 1,081
    Miss rate:                        6.07%
Core #1 (0 thread(s))
Core #2 (0 thread(s))
Core #3 (0 thread(s))
LL stats:
    Hits:                              562
    Misses:                          3,372
    Compulsory misses:               4,259
    Invalidations:                       0
    Prefetch hits:                     194
    Prefetch misses:                   887
    Local miss rate:                 85.71%
    Child hits:                     67,458
    Total miss rate:                  4.72%
