Cache simulation results:
Core #0 (1 thread(s))
  L1I stats:
    Hits:                           94,460
    Misses:                          5,246
    Compulsory misses:               2,394
    Invalidations:                       0
    Miss rate:                        5.26%
  L1D stats:
    Hits:                           39,878
    Misses:                          2,488
    Compulsory misses:               2,275
    Invalidations:                       0
    Prefetch hits:                     646
    Prefetch misses:                 2,104
    Miss rate:                        5.87%
Core #1 (0 thread(s))
Core #2 (0 thread(s))
Core #3 (0 thread(s))
LL stats:
    Hits:                            4,195
    Misses:                          3,539
    Compulsory misses:               4,664
    Invalidations:                       0
    Prefetch hits:                     979
    Prefetch misses:                 1,125
    Local miss rate:                 45.76%
    Child hits:                    134,984
    Total miss rate:                  2.48%
