Cache simulation results:
Core #0 (1 thread(s))
  L1I stats:
    Hits:                           94,501
    Misses:                          5,245
    Compulsory misses:               2,393
    Invalidations:                       0
    Miss rate:                        5.26%
  L1D stats:
    Hits:                           39,924
    Misses:                          2,468
    Compulsory misses:               2,278
    Invalidations:                       0
    Prefetch hits:                     646
    Prefetch misses:                 2,084
    Miss rate:                        5.82%
Core #1 (0 thread(s))
Core #2 (0 thread(s))
Core #3 (0 thread(s))
LL stats:
    Hits:                            4,175
    Misses:                          3,538
    Compulsory misses:               4,666
    Invalidations:                       0
    Prefetch hits:                     956
    Prefetch misses:                 1,128
    Local miss rate:                 45.87%
    Child hits:                    135,071
    Total miss rate:                  2.48%
