Cache simulation results:
Core #0 (1 thread(s))
  L1I stats:
    Hits:                           47,124
    Misses:                          2,654
    Compulsory misses:               2,401
    Invalidations:                       0
    Miss rate:                        5.33%
  L1D stats:
    Hits:                           19,825
    Misses:                          1,314
    Compulsory misses:               1,968
    Invalidations:                       0
    Prefetch hits:                     332
    Prefetch misses:                 1,113
    Miss rate:                        6.22%
Core #1 (0 thread(s))
Core #2 (0 thread(s))
Core #3 (0 thread(s))
LL stats:
    Hits:                              538
    Misses:                          3,430
    Compulsory misses:               4,364
    Invalidations:                       0
    Prefetch hits:                     179
    Prefetch misses:                   934
    Local miss rate:                 86.44%
    Child hits:                     67,281
    Total miss rate:                  4.81%
