Cache simulation results:
Core #0 (1 thread(s))
  L1I stats:
    Hits:                           94,837
    Misses:                          5,253
    Compulsory misses:               2,404
    Invalidations:                       0
    Miss rate:                        5.25%
  L1D stats:
    Hits:                           40,006
    Misses:                          2,498
    Compulsory misses:               2,304
    Invalidations:                       0
    Prefetch hits:                     640
    Prefetch misses:                 2,120
    Miss rate:                        5.88%
Core #1 (0 thread(s))
Core #2 (0 thread(s))
Core #3 (0 thread(s))
LL stats:
    Hits:                            4,192
    Misses:                          3,559
    Compulsory misses:               4,703
    Invalidations:                       0
    Prefetch hits:                     976
    Prefetch misses:                 1,144
    Local miss rate:                 45.92%
    Child hits:                    135,483
    Total miss rate:                  2.48%
