Cache simulation results:
Core #0 (1 thread(s))
  L1I stats:
    Hits:                           95,298
    Misses:                          5,270
    Compulsory misses:               2,414
    Invalidations:                       0
    Miss rate:                        5.24%
  L1D stats:
    Hits:                           40,206
    Misses:                          2,538
    Compulsory misses:               2,366
    Invalidations:                       0
    Prefetch hits:                     662
    Prefetch misses:                 2,138
    Miss rate:                        5.94%
Core #1 (0 thread(s))
Core #2 (0 thread(s))
Core #3 (0 thread(s))
LL stats:
    Hits:                            4,206
    Misses:                          3,602
    Compulsory misses:               4,775
    Invalidations:                       0
    Prefetch hits:                     965
    Prefetch misses:                 1,173
    Local miss rate:                 46.13%
    Child hits:                    136,166
    Total miss rate:                  2.50%
