Cache simulation results:
Core #0 (1 thread(s))
  L1I stats:
    Hits:                           47,544
    Misses:                          2,652
    Compulsory misses:               2,400
    Invalidations:                       0
    Miss rate:                        5.28%
  L1D stats:
    Hits:                           20,035
    Misses:                          1,291
    Compulsory misses:               1,896
    Invalidations:                       0
    Prefetch hits:                     339
    Prefetch misses:                 1,083
    Miss rate:                        6.05%
Core #1 (0 thread(s))
Core #2 (0 thread(s))
Core #3 (0 thread(s))
LL stats:
    Hits:                              546
    Misses:                          3,397
    Compulsory misses:               4,291
    Invalidations:                       0
    Prefetch hits:                     189
    Prefetch misses:                   894
    Local miss rate:                 86.15%
    Child hits:                     67,918
    Total miss rate:                  4.73%
