Cache simulation results:
Core #0 (1 thread(s))
  L1I stats:
    Hits:                           47,850
    Misses:                          2,660
    Compulsory misses:               2,406
    Invalidations:                       0
    Miss rate:                        5.27%
  L1D stats:
    Hits:                           20,177
    Misses:                          1,315
    Compulsory misses:               1,911
    Invalidations:                       0
    Prefetch hits:                     335
    Prefetch misses:                 1,111
    Miss rate:                        6.12%
Core #1 (0 thread(s))
Core #2 (0 thread(s))
Core #3 (0 thread(s))
LL stats:
    Hits:                              573
    Misses:                          3,402
    Compulsory misses:               4,312
    Invalidations:                       0
    Prefetch hits:                     201
    Prefetch misses:                   910
    Local miss rate:                 85.58%
    Child hits:                     68,362
    Total miss rate:                  4.70%
