Cache simulation results:
Core #0 (1 thread(s))
  L1I stats:
    Hits:                          162,532
    Misses:                          5,301
    Compulsory misses:               2,445
    Invalidations:                       0
    Miss rate:                        3.16%
  L1D stats:
    Hits:                           49,941
    Misses:                          2,534
    Compulsory misses:               2,402
    Invalidations:                       0
    Prefetch hits:                     647
    Prefetch misses:                 2,148
    Miss rate:                        4.83%
Core #1 (0 thread(s))
Core #2 (0 thread(s))
Core #3 (0 thread(s))
LL stats:
    Hits:                            4,177
    Misses:                          3,658
    Compulsory misses:               4,842
    Invalidations:                       0
    Prefetch hits:                     964
    Prefetch misses:                 1,184
    Local miss rate:                 46.69%
    Child hits:                    213,120
    Total miss rate:                  1.66%
