Cache simulation results:
Core #0 (1 thread(s))
  L1I stats:
    Hits:                           47,288
    Misses:                          2,650
    Compulsory misses:               2,396
    Invalidations:                       0
    Miss rate:                        5.31%
  L1D stats:
    Hits:                           19,932
    Misses:                          1,279
    Compulsory misses:               1,872
    Invalidations:                       0
    Prefetch hits:                     331
    Prefetch misses:                 1,079
    Miss rate:                        6.03%
Core #1 (0 thread(s))
Core #2 (0 thread(s))
Core #3 (0 thread(s))
LL stats:
    Hits:                              554
    Misses:                          3,375
    Compulsory misses:               4,263
    Invalidations:                       0
    Prefetch hits:                     191
    Prefetch misses:                   888
    Local miss rate:                 85.90%
    Child hits:                     67,551
    Total miss rate:                  4.72%
