Cache simulation results:
Core #0 (1 thread(s))
  L1I stats:
    Hits:                           47,624
    Misses:                          2,671
    Compulsory misses:               2,417
    Invalidations:                       0
    Miss rate:                        5.31%
  L1D stats:
    Hits:                           20,050
    Misses:                          1,346
    Compulsory misses:               1,951
    Invalidations:                       0
    Prefetch hits:                     370
    Prefetch misses:                 1,107
    Miss rate:                        6.29%
Core #1 (0 thread(s))
Core #2 (0 thread(s))
Core #3 (0 thread(s))
LL stats:
    Hits:                              567
    Misses:                          3,450
    Compulsory misses:               4,363
    Invalidations:                       0
    Prefetch hits:                     194
    Prefetch misses:                   913
    Local miss rate:                 85.88%
    Child hits:                     68,044
    Total miss rate:                  4.79%
