Cache simulation results:
Core #0 (1 thread(s))
  L1I stats:
    Hits:                           48,233
    Misses:                          2,675
    Compulsory misses:               2,419
    Invalidations:                       0
    Miss rate:                        5.25%
  L1D stats:
    Hits:                           20,243
    Misses:                          1,319
    Compulsory misses:               1,903
    Invalidations:                       0
    Prefetch hits:                     339
    Prefetch misses:                 1,110
    Miss rate:                        6.12%
Core #1 (0 thread(s))
Core #2 (0 thread(s))
Core #3 (0 thread(s))
LL stats:
    Hits:                              579
    Misses:                          3,415
    Compulsory misses:               4,317
    Invalidations:                       0
    Prefetch hits:                     208
    Prefetch misses:                   902
    Local miss rate:                 85.50%
    Child hits:                     68,815
    Total miss rate:                  4.69%
