Cache simulation results:
Core #0 (1 thread(s))
  L1I stats:
    Hits:                           95,230
    Misses:                          5,338
    Compulsory misses:               2,457
    Invalidations:                       0
    Miss rate:                        5.31%
  L1D stats:
    Hits:                           40,229
    Misses:                          2,547
    Compulsory misses:               2,359
    Invalidations:                       0
    Prefetch hits:                     659
    Prefetch misses:                 2,151
    Miss rate:                        5.95%
Core #1 (0 thread(s))
Core #2 (0 thread(s))
Core #3 (0 thread(s))
LL stats:
    Hits:                            4,244
    Misses:                          3,641
    Compulsory misses:               4,811
    Invalidations:                       0
    Prefetch hits:                     981
    Prefetch misses:                 1,170
    Local miss rate:                 46.18%
    Child hits:                    136,118
    Total miss rate:                  2.53%
