Cache simulation results:
Core #0 (1 thread(s))
  L1I stats:
    Hits:                           97,181
    Misses:                          5,320
    Compulsory misses:               2,441
    Invalidations:                       0
    Miss rate:                        5.19%
  L1D stats:
    Hits:                           40,917
    Misses:                          2,548
    Compulsory misses:               2,377
    Invalidations:                       0
    Prefetch hits:                     649
    Prefetch misses:                 2,159
    Miss rate:                        5.86%
Core #1 (0 thread(s))
Core #2 (0 thread(s))
Core #3 (0 thread(s))
LL stats:
    Hits:                            4,232
    Misses:                          3,636
    Compulsory misses:               4,813
    Invalidations:                       0
    Prefetch hits:                     982
    Prefetch misses:                 1,177
    Local miss rate:                 46.21%
    Child hits:                    138,747
    Total miss rate:                  2.48%
