Cache simulation results:
Core #0 (1 thread(s))
  L1I stats:
    Hits:                           47,137
    Misses:                          2,647
    Compulsory misses:               2,393
    Invalidations:                       0
    Miss rate:                        5.32%
  L1D stats:
    Hits:                           19,873
    Misses:                          1,292
    Compulsory misses:               1,883
    Invalidations:                       0
    Prefetch hits:                     334
    Prefetch misses:                 1,089
    Miss rate:                        6.10%
Core #1 (0 thread(s))
Core #2 (0 thread(s))
Core #3 (0 thread(s))
LL stats:
    Hits:                              558
    Misses:                          3,381
    Compulsory misses:               4,271
    Invalidations:                       0
    Prefetch hits:                     199
    Prefetch misses:                   890
    Local miss rate:                 85.83%
    Child hits:                     67,344
    Total miss rate:                  4.74%
