Cache simulation results:
Core #0 (1 thread(s))
  L1I stats:
    Hits:                           47,281
    Misses:                          2,647
    Compulsory misses:               2,393
    Invalidations:                       0
    Miss rate:                        5.30%
  L1D stats:
    Hits:                           19,916
    Misses:                          1,294
    Compulsory misses:               1,895
    Invalidations:                       0
    Prefetch hits:                     328
    Prefetch misses:                 1,097
    Miss rate:                        6.10%
Core #1 (0 thread(s))
Core #2 (0 thread(s))
Core #3 (0 thread(s))
LL stats:
    Hits:                              559
    Misses:                          3,382
    Compulsory misses:               4,283
    Invalidations:                       0
    Prefetch hits:                     196
    Prefetch misses:                   901
    Local miss rate:                 85.82%
    Child hits:                     67,525
    Total miss rate:                  4.73%
