Cache simulation results:
Core #0 (1 thread(s))
  L1I stats:
    Hits:                          123,919
    Misses:                          5,387
    Compulsory misses:               2,490
    Invalidations:                       0
    Miss rate:                        4.17%
  L1D stats:
    Hits:                           48,580
    Misses:                          2,728
    Compulsory misses:               2,660
    Invalidations:                       0
    Prefetch hits:                     682
    Prefetch misses:                 2,307
    Miss rate:                        5.32%
Core #1 (0 thread(s))
Core #2 (0 thread(s))
Core #3 (0 thread(s))
LL stats:
    Hits:                            4,284
    Misses:                          3,831
    Compulsory misses:               5,145
    Invalidations:                       0
    Prefetch hits:                     993
    Prefetch misses:                 1,314
    Local miss rate:                 47.21%
    Child hits:                    173,181
    Total miss rate:                  2.11%
