Cache simulation results:
Core #0 (1 thread(s))
  L1I stats:
    Hits:                           94,491
    Misses:                          5,252
    Compulsory misses:               2,397
    Invalidations:                       0
    Miss rate:                        5.27%
  L1D stats:
    Hits:                           39,852
    Misses:                          2,500
    Compulsory misses:               2,318
    Invalidations:                       0
    Prefetch hits:                     632
    Prefetch misses:                 2,130
    Miss rate:                        5.90%
Core #1 (0 thread(s))
Core #2 (0 thread(s))
Core #3 (0 thread(s))
LL stats:
    Hits:                            4,195
    Misses:                          3,557
    Compulsory misses:               4,710
    Invalidations:                       0
    Prefetch hits:                     977
    Prefetch misses:                 1,153
    Local miss rate:                 45.88%
    Child hits:                    134,975
    Total miss rate:                  2.49%
