Cache simulation results:
Core #0 (1 thread(s))
  L1I stats:
    Hits:                          102,489
    Misses:                          5,292
    Compulsory misses:               2,436
    Invalidations:                       0
    Miss rate:                        4.91%
  L1D stats:
    Hits:                           41,279
    Misses:                          2,518
    Compulsory misses:               2,310
    Invalidations:                       0
    Prefetch hits:                     665
    Prefetch misses:                 2,115
    Miss rate:                        5.75%
Core #1 (0 thread(s))
Core #2 (0 thread(s))
Core #3 (0 thread(s))
LL stats:
    Hits:                            4,213
    Misses:                          3,597
    Compulsory misses:               4,741
    Invalidations:                       0
    Prefetch hits:                     971
    Prefetch misses:                 1,144
    Local miss rate:                 46.06%
    Child hits:                    144,433
    Total miss rate:                  2.36%
