Cache simulation results:
Core #0 (1 thread(s))
  L1I stats:
    Hits:                           96,653
    Misses:                          5,306
    Compulsory misses:               2,448
    Invalidations:                       0
    Miss rate:                        5.20%
  L1D stats:
    Hits:                           40,669
    Misses:                          2,559
    Compulsory misses:               2,387
    Invalidations:                       0
    Prefetch hits:                     668
    Prefetch misses:                 2,152
    Miss rate:                        5.92%
Core #1 (0 thread(s))
Core #2 (0 thread(s))
Core #3 (0 thread(s))
LL stats:
    Hits:                            4,214
    Misses:                          3,651
    Compulsory misses:               4,830
    Invalidations:                       0
    Prefetch hits:                     973
    Prefetch misses:                 1,179
    Local miss rate:                 46.42%
    Child hits:                    137,990
    Total miss rate:                  2.50%
