Cache simulation results:
Core #0 (1 thread(s))
  L1I stats:
    Hits:                           47,254
    Misses:                          2,647
    Compulsory misses:               2,393
    Invalidations:                       0
    Miss rate:                        5.30%
  L1D stats:
    Hits:                           19,902
    Misses:                          1,289
    Compulsory misses:               1,880
    Invalidations:                       0
    Prefetch hits:                     324
    Prefetch misses:                 1,096
    Miss rate:                        6.08%
Core #1 (0 thread(s))
Core #2 (0 thread(s))
Core #3 (0 thread(s))
LL stats:
    Hits:                              564
    Misses:                          3,372
    Compulsory misses:               4,268
    Invalidations:                       0
    Prefetch hits:                     200
    Prefetch misses:                   896
    Local miss rate:                 85.67%
    Child hits:                     67,480
    Total miss rate:                  4.72%
