Cache simulation results:
Core #0 (1 thread(s))
  L1I stats:
    Hits:                           94,718
    Misses:                          5,264
    Compulsory misses:               2,409
    Invalidations:                       0
    Miss rate:                        5.26%
  L1D stats:
    Hits:                           39,974
    Misses:                          2,541
    Compulsory misses:               2,344
    Invalidations:                       0
    Prefetch hits:                     659
    Prefetch misses:                 2,144
    Miss rate:                        5.98%
Core #1 (0 thread(s))
Core #2 (0 thread(s))
Core #3 (0 thread(s))
LL stats:
    Hits:                            4,213
    Misses:                          3,592
    Compulsory misses:               4,748
    Invalidations:                       0
    Prefetch hits:                     988
    Prefetch misses:                 1,156
    Local miss rate:                 46.02%
    Child hits:                    135,351
    Total miss rate:                  2.51%
