Cache simulation results:
Core #0 (1 thread(s))
  L1I stats:
    Hits:                           95,121
    Misses:                          5,266
    Compulsory misses:               2,412
    Invalidations:                       0
    Miss rate:                        5.25%
  L1D stats:
    Hits:                           40,175
    Misses:                          2,533
    Compulsory misses:               2,362
    Invalidations:                       0
    Prefetch hits:                     663
    Prefetch misses:                 2,132
    Miss rate:                        5.93%
Core #1 (0 thread(s))
Core #2 (0 thread(s))
Core #3 (0 thread(s))
LL stats:
    Hits:                            4,196
    Misses:                          3,603
    Compulsory misses:               4,769
    Invalidations:                       0
    Prefetch hits:                     966
    Prefetch misses:                 1,166
    Local miss rate:                 46.20%
    Child hits:                    135,959
    Total miss rate:                  2.51%
