Cache simulation results:
Core #0 (1 thread(s))
  L1I stats:
    Hits:                           94,503
    Misses:                          5,251
    Compulsory misses:               2,396
    Invalidations:                       0
    Miss rate:                        5.26%
  L1D stats:
    Hits:                           39,901
    Misses:                          2,501
    Compulsory misses:               2,281
    Invalidations:                       0
    Prefetch hits:                     648
    Prefetch misses:                 2,115
    Miss rate:                        5.90%
Core #1 (0 thread(s))
Core #2 (0 thread(s))
Core #3 (0 thread(s))
LL stats:
    Hits:                            4,212
    Misses:                          3,540
    Compulsory misses:               4,672
    Invalidations:                       0
    Prefetch hits:                     983
    Prefetch misses:                 1,132
    Local miss rate:                 45.67%
    Child hits:                    135,052
    Total miss rate:                  2.48%
