Cache simulation results:
Core #0 (1 thread(s))
  L1I stats:
    Hits:                           47,196
    Misses:                          2,649
    Compulsory misses:               2,395
    Invalidations:                       0
    Miss rate:                        5.31%
  L1D stats:
    Hits:                           19,895
    Misses:                          1,285
    Compulsory misses:               1,881
    Invalidations:                       0
    Prefetch hits:                     335
    Prefetch misses:                 1,081
    Miss rate:                        6.07%
Core #1 (0 thread(s))
Core #2 (0 thread(s))
Core #3 (0 thread(s))
LL stats:
    Hits:                              553
    Misses:                          3,381
    Compulsory misses:               4,271
    Invalidations:                       0
    Prefetch hits:                     191
    Prefetch misses:                   890
    Local miss rate:                 85.94%
    Child hits:                     67,426
    Total miss rate:                  4.74%
