Cache simulation results:
Core #0 (1 thread(s))
  L1I stats:
    Hits:                           94,484
    Misses:                          5,252
    Compulsory misses:               2,397
    Invalidations:                       0
    Miss rate:                        5.27%
  L1D stats:
    Hits:                           39,854
    Misses:                          2,493
    Compulsory misses:               2,281
    Invalidations:                       0
    Prefetch hits:                     652
    Prefetch misses:                 2,103
    Miss rate:                        5.89%
Core #1 (0 thread(s))
Core #2 (0 thread(s))
Core #3 (0 thread(s))
LL stats:
    Hits:                            4,201
    Misses:                          3,544
    Compulsory misses:               4,673
    Invalidations:                       0
    Prefetch hits:                     974
    Prefetch misses:                 1,129
    Local miss rate:                 45.76%
    Child hits:                    134,990
    Total miss rate:                  2.48%
