Cache simulation results:
Core #0 (1 thread(s))
  L1I stats:
    Hits:                           95,193
    Misses:                          5,269
    Compulsory misses:               2,414
    Invalidations:                       0
    Miss rate:                        5.24%
  L1D stats:
    Hits:                           40,184
    Misses:                          2,518
    Compulsory misses:               2,321
    Invalidations:                       0
    Prefetch hits:                     661
    Prefetch misses:                 2,119
    Miss rate:                        5.90%
Core #1 (0 thread(s))
Core #2 (0 thread(s))
Core #3 (0 thread(s))
LL stats:
    Hits:                            4,202
    Misses:                          3,585
    Compulsory misses:               4,730
    Invalidations:                       0
    Prefetch hits:                     974
    Prefetch misses:                 1,145
    Local miss rate:                 46.04%
    Child hits:                    136,038
    Total miss rate:                  2.49%
