Cache simulation results:
Core #0 (1 thread(s))
  L1I stats:
    Hits:                           50,537
    Misses:                          2,677
    Compulsory misses:               2,417
    Invalidations:                       0
    Miss rate:                        5.03%
  L1D stats:
    Hits:                           20,348
    Misses:                          1,323
    Compulsory misses:               1,914
    Invalidations:                       0
    Prefetch hits:                     336
    Prefetch misses:                 1,118
    Miss rate:                        6.10%
Core #1 (0 thread(s))
Core #2 (0 thread(s))
Core #3 (0 thread(s))
LL stats:
    Hits:                              584
    Misses:                          3,416
    Compulsory misses:               4,326
    Invalidations:                       0
    Prefetch hits:                     208
    Prefetch misses:                   910
    Local miss rate:                 85.40%
    Child hits:                     71,221
    Total miss rate:                  4.54%
