Cache simulation results:
Core #0 (1 thread(s))
  L1I stats:
    Hits:                           47,115
    Misses:                          2,648
    Compulsory misses:               2,394
    Invalidations:                       0
    Miss rate:                        5.32%
  L1D stats:
    Hits:                           19,841
    Misses:                          1,294
    Compulsory misses:               1,889
    Invalidations:                       0
    Prefetch hits:                     339
    Prefetch misses:                 1,086
    Miss rate:                        6.12%
Core #1 (0 thread(s))
Core #2 (0 thread(s))
Core #3 (0 thread(s))
LL stats:
    Hits:                              559
    Misses:                          3,383
    Compulsory misses:               4,278
    Invalidations:                       0
    Prefetch hits:                     191
    Prefetch misses:                   895
    Local miss rate:                 85.82%
    Child hits:                     67,295
    Total miss rate:                  4.75%
