Cache simulation results:
Core #0 (1 thread(s))
  L1I stats:
    Hits:                           28,520
    Misses:                          1,885
    Compulsory misses:                 926
    Invalidations:                       0
    Miss rate:                        6.20%
  L1D stats:
    Hits:                           11,809
    Misses:                            902
    Compulsory misses:                 975
    Invalidations:                       0
    Prefetch hits:                     169
    Prefetch misses:                   769
    Miss rate:                        7.10%
Core #1 (0 thread(s))
Core #2 (0 thread(s))
Core #3 (0 thread(s))
LL stats:
    Hits:                            1,355
    Misses:                          1,432
    Compulsory misses:               1,901
    Invalidations:                       0
    Prefetch hits:                     300
    Prefetch misses:                   469
    Local miss rate:                 51.38%
    Child hits:                     40,498
    Total miss rate:                  3.31%
