Cache simulation results:
Core #0 (1 thread(s))
  L1I stats:
    Hits:                           67,099
    Misses:                          2,796
    Compulsory misses:               2,497
    Invalidations:                       0
    Miss rate:                        4.00%
  L1D stats:
    Hits:                           23,391
    Misses:                          1,362
    Compulsory misses:               1,981
    Invalidations:                       0
    Prefetch hits:                     345
    Prefetch misses:                 1,147
    Miss rate:                        5.50%
Core #1 (0 thread(s))
Core #2 (0 thread(s))
Core #3 (0 thread(s))
LL stats:
    Hits:                              626
    Misses:                          3,532
    Compulsory misses:               4,473
    Invalidations:                       0
    Prefetch hits:                     206
    Prefetch misses:                   941
    Local miss rate:                 84.94%
    Child hits:                     90,835
    Total miss rate:                  3.72%
