Cache simulation results:
Core #0 (1 thread(s))
  L1I stats:
    Hits:                           47,235
    Misses:                          2,650
    Compulsory misses:               2,396
    Invalidations:                       0
    Miss rate:                        5.31%
  L1D stats:
    Hits:                           19,895
    Misses:                          1,309
    Compulsory misses:               1,891
    Invalidations:                       0
    Prefetch hits:                     344
    Prefetch misses:                 1,096
    Miss rate:                        6.17%
Core #1 (0 thread(s))
Core #2 (0 thread(s))
Core #3 (0 thread(s))
LL stats:
    Hits:                              571
    Misses:                          3,388
    Compulsory misses:               4,282
    Invalidations:                       0
    Prefetch hits:                     202
    Prefetch misses:                   894
    Local miss rate:                 85.58%
    Child hits:                     67,474
    Total miss rate:                  4.74%
