Cache simulation results:
Core #0 (1 thread(s))
  L1I stats:
    Hits:                           47,792
    Misses:                          2,666
    Compulsory misses:               2,412
    Invalidations:                       0
    Miss rate:                        5.28%
  L1D stats:
    Hits:                           20,157
    Misses:                          1,315
    Compulsory misses:               1,940
    Invalidations:                       0
    Prefetch hits:                     329
    Prefetch misses:                 1,117
    Miss rate:                        6.12%
Core #1 (0 thread(s))
Core #2 (0 thread(s))
Core #3 (0 thread(s))
LL stats:
    Hits:                              556
    Misses:                          3,425
    Compulsory misses:               4,347
    Invalidations:                       0
    Prefetch hits:                     195
    Prefetch misses:                   922
    Local miss rate:                 86.03%
    Child hits:                     68,278
    Total miss rate:                  4.74%
