Cache simulation results:
Core #0 (1 thread(s))
  L1I stats:
    Hits:                           94,824
    Misses:                          5,252
    Compulsory misses:               2,404
    Invalidations:                       0
    Miss rate:                        5.25%
  L1D stats:
    Hits:                           40,004
    Misses:                          2,526
    Compulsory misses:               2,308
    Invalidations:                       0
    Prefetch hits:                     657
    Prefetch misses:                 2,131
    Miss rate:                        5.94%
Core #1 (0 thread(s))
Core #2 (0 thread(s))
Core #3 (0 thread(s))
LL stats:
    Hits:                            4,210
    Misses:                          3,568
    Compulsory misses:               4,707
    Invalidations:                       0
    Prefetch hits:                     992
    Prefetch misses:                 1,139
    Local miss rate:                 45.87%
    Child hits:                    135,485
    Total miss rate:                  2.49%
