Cache simulation results:
Core #0 (1 thread(s))
  L1I stats:
    Hits:                           47,346
    Misses:                          2,663
    Compulsory misses:               2,406
    Invalidations:                       0
    Miss rate:                        5.33%
  L1D stats:
    Hits:                           19,978
    Misses:                          1,276
    Compulsory misses:               1,877
    Invalidations:                       0
    Prefetch hits:                     330
    Prefetch misses:                 1,077
    Miss rate:                        6.00%
Core #1 (0 thread(s))
Core #2 (0 thread(s))
Core #3 (0 thread(s))
LL stats:
    Hits:                              550
    Misses:                          3,389
    Compulsory misses:               4,278
    Invalidations:                       0
    Prefetch hits:                     188
    Prefetch misses:                   889
    Local miss rate:                 86.04%
    Child hits:                     67,654
    Total miss rate:                  4.73%
