Cache simulation results:
Core #0 (1 thread(s))
  L1I stats:
    Hits:                           94,586
    Misses:                          5,254
    Compulsory misses:               2,398
    Invalidations:                       0
    Miss rate:                        5.26%
  L1D stats:
    Hits:                           39,915
    Misses:                          2,495
    Compulsory misses:               2,286
    Invalidations:                       0
    Prefetch hits:                     655
    Prefetch misses:                 2,102
    Miss rate:                        5.88%
Core #1 (0 thread(s))
Core #2 (0 thread(s))
Core #3 (0 thread(s))
LL stats:
    Hits:                            4,207
    Misses:                          3,542
    Compulsory misses:               4,679
    Invalidations:                       0
    Prefetch hits:                     965
    Prefetch misses:                 1,137
    Local miss rate:                 45.71%
    Child hits:                    135,156
    Total miss rate:                  2.48%
