Cache simulation results:
Core #0 (1 thread(s))
  L1I stats:
    Hits:                           47,351
    Misses:                          2,669
    Compulsory misses:               2,413
    Invalidations:                       0
    Miss rate:                        5.34%
  L1D stats:
    Hits:                           19,982
    Misses:                          1,293
    Compulsory misses:               1,904
    Invalidations:                       0
    Prefetch hits:                     320
    Prefetch misses:                 1,104
    Miss rate:                        6.08%
Core #1 (0 thread(s))
Core #2 (0 thread(s))
Core #3 (0 thread(s))
LL stats:
    Hits:                              554
    Misses:                          3,408
    Compulsory misses:               4,312
    Invalidations:                       0
    Prefetch hits:                     200
    Prefetch misses:                   904
    Local miss rate:                 86.02%
    Child hits:                     67,653
    Total miss rate:                  4.76%
