Cache simulation results:
Core #0 (1 thread(s))
  L1I stats:
    Hits:                           47,999
    Misses:                          2,667
    Compulsory misses:               2,413
    Invalidations:                       0
    Miss rate:                        5.26%
  L1D stats:
    Hits:                           20,202
    Misses:                          1,342
    Compulsory misses:               1,948
    Invalidations:                       0
    Prefetch hits:                     343
    Prefetch misses:                 1,130
    Miss rate:                        6.23%
Core #1 (0 thread(s))
Core #2 (0 thread(s))
Core #3 (0 thread(s))
LL stats:
    Hits:                              573
    Misses:                          3,436
    Compulsory misses:               4,356
    Invalidations:                       0
    Prefetch hits:                     210
    Prefetch misses:                   920
    Local miss rate:                 85.71%
    Child hits:                     68,544
    Total miss rate:                  4.74%
