Cache simulation results:
Core #0 (1 thread(s))
  L1I stats:
    Hits:                           47,191
    Misses:                          2,650
    Compulsory misses:               2,396
    Invalidations:                       0
    Miss rate:                        5.32%
  L1D stats:
    Hits:                           19,868
    Misses:                          1,300
    Compulsory misses:               1,873
    Invalidations:                       0
    Prefetch hits:                     352
    Prefetch misses:                 1,079
    Miss rate:                        6.14%
Core #1 (0 thread(s))
Core #2 (0 thread(s))
Core #3 (0 thread(s))
LL stats:
    Hits:                              571
    Misses:                          3,379
    Compulsory misses:               4,264
    Invalidations:                       0
    Prefetch hits:                     194
    Prefetch misses:                   885
    Local miss rate:                 85.54%
    Child hits:                     67,411
    Total miss rate:                  4.74%
