Cache simulation results:
Core #0 (1 thread(s))
  L1I stats:
    Hits:                           95,344
    Misses:                          5,273
    Compulsory misses:               2,414
    Invalidations:                       0
    Miss rate:                        5.24%
  L1D stats:
    Hits:                           40,257
    Misses:                          2,502
    Compulsory misses:               2,327
    Invalidations:                       0
    Prefetch hits:                     653
    Prefetch misses:                 2,112
    Miss rate:                        5.85%
Core #1 (0 thread(s))
Core #2 (0 thread(s))
Core #3 (0 thread(s))
LL stats:
    Hits:                            4,191
    Misses:                          3,584
    Compulsory misses:               4,736
    Invalidations:                       0
    Prefetch hits:                     960
    Prefetch misses:                 1,152
    Local miss rate:                 46.10%
    Child hits:                    136,254
    Total miss rate:                  2.49%
