Cache simulation results:
Core #0 (1 thread(s))
  L1I stats:
    Hits:                           95,459
    Misses:                          5,288
    Compulsory misses:               2,433
    Invalidations:                       0
    Miss rate:                        5.25%
  L1D stats:
    Hits:                           40,341
    Misses:                          2,544
    Compulsory misses:               2,363
    Invalidations:                       0
    Prefetch hits:                     661
    Prefetch misses:                 2,146
    Miss rate:                        5.93%
Core #1 (0 thread(s))
Core #2 (0 thread(s))
Core #3 (0 thread(s))
LL stats:
    Hits:                            4,208
    Misses:                          3,624
    Compulsory misses:               4,791
    Invalidations:                       0
    Prefetch hits:                     979
    Prefetch misses:                 1,167
    Local miss rate:                 46.27%
    Child hits:                    136,461
    Total miss rate:                  2.51%
