Cache simulation results:
Core #0 (1 thread(s))
  L1I stats:
    Hits:                           47,862
    Misses:                          2,658
    Compulsory misses:               2,404
    Invalidations:                       0
    Miss rate:                        5.26%
  L1D stats:
    Hits:                           20,157
    Misses:                          1,324
    Compulsory misses:               1,925
    Invalidations:                       0
    Prefetch hits:                     332
    Prefetch misses:                 1,123
    Miss rate:                        6.16%
Core #1 (0 thread(s))
Core #2 (0 thread(s))
Core #3 (0 thread(s))
LL stats:
    Hits:                              574
    Misses:                          3,408
    Compulsory misses:               4,324
    Invalidations:                       0
    Prefetch hits:                     207
    Prefetch misses:                   916
    Local miss rate:                 85.59%
    Child hits:                     68,351
    Total miss rate:                  4.71%
