Cache simulation results:
Core #0 (1 thread(s))
  L1I stats:
    Hits:                           47,356
    Misses:                          2,669
    Compulsory misses:               2,413
    Invalidations:                       0
    Miss rate:                        5.34%
  L1D stats:
    Hits:                           19,971
    Misses:                          1,319
    Compulsory misses:               1,926
    Invalidations:                       0
    Prefetch hits:                     336
    Prefetch misses:                 1,114
    Miss rate:                        6.20%
Core #1 (0 thread(s))
Core #2 (0 thread(s))
Core #3 (0 thread(s))
LL stats:
    Hits:                              563
    Misses:                          3,425
    Compulsory misses:               4,334
    Invalidations:                       0
    Prefetch hits:                     205
    Prefetch misses:                   909
    Local miss rate:                 85.88%
    Child hits:                     67,663
    Total miss rate:                  4.78%
