Cache simulation results:
Core #0 (1 thread(s))
  L1I stats:
    Hits:                           47,244
    Misses:                          2,650
    Compulsory misses:               2,396
    Invalidations:                       0
    Miss rate:                        5.31%
  L1D stats:
    Hits:                           19,900
    Misses:                          1,305
    Compulsory misses:               1,873
    Invalidations:                       0
    Prefetch hits:                     343
    Prefetch misses:                 1,093
    Miss rate:                        6.15%
Core #1 (0 thread(s))
Core #2 (0 thread(s))
Core #3 (0 thread(s))
LL stats:
    Hits:                              575
    Misses:                          3,380
    Compulsory misses:               4,264
    Invalidations:                       0
    Prefetch hits:                     209
    Prefetch misses:                   884
    Local miss rate:                 85.46%
    Child hits:                     67,487
    Total miss rate:                  4.73%
