Cache simulation results:
Core #0 (1 thread(s))
  L1I stats:
    Hits:                           47,176
    Misses:                          2,648
    Compulsory misses:               2,394
    Invalidations:                       0
    Miss rate:                        5.31%
  L1D stats:
    Hits:                           19,874
    Misses:                          1,306
    Compulsory misses:               1,883
    Invalidations:                       0
    Prefetch hits:                     340
    Prefetch misses:                 1,097
    Miss rate:                        6.17%
Core #1 (0 thread(s))
Core #2 (0 thread(s))
Core #3 (0 thread(s))
LL stats:
    Hits:                              575
    Misses:                          3,379
    Compulsory misses:               4,272
    Invalidations:                       0
    Prefetch hits:                     204
    Prefetch misses:                   893
    Local miss rate:                 85.46%
    Child hits:                     67,390
    Total miss rate:                  4.74%
