Cache simulation results:
Core #0 (1 thread(s))
  L1I stats:
    Hits:                           95,070
    Misses:                          5,271
    Compulsory misses:               2,415
    Invalidations:                       0
    Miss rate:                        5.25%
  L1D stats:
    Hits:                           40,178
    Misses:                          2,512
    Compulsory misses:               2,365
    Invalidations:                       0
    Prefetch hits:                     644
    Prefetch misses:                 2,130
    Miss rate:                        5.88%
Core #1 (0 thread(s))
Core #2 (0 thread(s))
Core #3 (0 thread(s))
LL stats:
    Hits:                            4,182
    Misses:                          3,601
    Compulsory misses:               4,775
    Invalidations:                       0
    Prefetch hits:                     956
    Prefetch misses:                 1,174
    Local miss rate:                 46.27%
    Child hits:                    135,892
    Total miss rate:                  2.51%
