Cache simulation results:
Core #0 (1 thread(s))
  L1I stats:
    Hits:                           94,722
    Misses:                          5,254
    Compulsory misses:               2,405
    Invalidations:                       0
    Miss rate:                        5.26%
  L1D stats:
    Hits:                           39,999
    Misses:                          2,496
    Compulsory misses:               2,297
    Invalidations:                       0
    Prefetch hits:                     654
    Prefetch misses:                 2,104
    Miss rate:                        5.87%
Core #1 (0 thread(s))
Core #2 (0 thread(s))
Core #3 (0 thread(s))
LL stats:
    Hits:                            4,187
    Misses:                          3,563
    Compulsory misses:               4,697
    Invalidations:                       0
    Prefetch hits:                     970
    Prefetch misses:                 1,134
    Local miss rate:                 45.97%
    Child hits:                    135,375
    Total miss rate:                  2.49%
