Cache simulation results:
Core #0 (1 thread(s))
  L1I stats:
    Hits:                           47,189
    Misses:                          2,648
    Compulsory misses:               2,394
    Invalidations:                       0
    Miss rate:                        5.31%
  L1D stats:
    Hits:                           19,911
    Misses:                          1,286
    Compulsory misses:               1,876
    Invalidations:                       0
    Prefetch hits:                     333
    Prefetch misses:                 1,084
    Miss rate:                        6.07%
Core #1 (0 thread(s))
Core #2 (0 thread(s))
Core #3 (0 thread(s))
LL stats:
    Hits:                              558
    Misses:                          3,376
    Compulsory misses:               4,265
    Invalidations:                       0
    Prefetch hits:                     195
    Prefetch misses:                   889
    Local miss rate:                 85.82%
    Child hits:                     67,433
    Total miss rate:                  4.73%
