Cache simulation results:
Core #0 (1 thread(s))
  L1I stats:
    Hits:                           95,425
    Misses:                          5,275
    Compulsory misses:               2,419
    Invalidations:                       0
    Miss rate:                        5.24%
  L1D stats:
    Hits:                           40,221
    Misses:                          2,516
    Compulsory misses:               2,351
    Invalidations:                       0
    Prefetch hits:                     634
    Prefetch misses:                 2,143
    Miss rate:                        5.89%
Core #1 (0 thread(s))
Core #2 (0 thread(s))
Core #3 (0 thread(s))
LL stats:
    Hits:                            4,200
    Misses:                          3,591
    Compulsory misses:               4,765
    Invalidations:                       0
    Prefetch hits:                     969
    Prefetch misses:                 1,174
    Local miss rate:                 46.09%
    Child hits:                    136,280
    Total miss rate:                  2.49%
