Cache simulation results:
Core #0 (1 thread(s))
  L1I stats:
    Hits:                          378,935
    Misses:                         21,279
    Compulsory misses:               1,180
    Invalidations:                       0
    Miss rate:                        5.32%
  L1D stats:
    Hits:                          151,881
    Misses:                          9,249
    Compulsory misses:               2,991
    Invalidations:                       0
    Prefetch hits:                   1,967
    Prefetch misses:                 7,876
    Miss rate:                        5.74%
Core #1 (0 thread(s))
Core #2 (0 thread(s))
Core #3 (0 thread(s))
LL stats:
    Hits:                           28,014
    Misses:                          2,514
    Compulsory misses:               4,171
    Invalidations:                       0
    Prefetch hits:                   6,219
    Prefetch misses:                 1,657
    Local miss rate:                  8.24%
    Child hits:                    532,783
    Total miss rate:                  0.45%
