Cache simulation results:
Core #0 (1 thread(s))
  L1I stats:
    Hits:                           47,783
    Misses:                          2,660
    Compulsory misses:               2,406
    Invalidations:                       0
    Miss rate:                        5.27%
  L1D stats:
    Hits:                           20,190
    Misses:                          1,301
    Compulsory misses:               1,918
    Invalidations:                       0
    Prefetch hits:                     330
    Prefetch misses:                 1,102
    Miss rate:                        6.05%
Core #1 (0 thread(s))
Core #2 (0 thread(s))
Core #3 (0 thread(s))
LL stats:
    Hits:                              554
    Misses:                          3,407
    Compulsory misses:               4,319
    Invalidations:                       0
    Prefetch hits:                     190
    Prefetch misses:                   912
    Local miss rate:                 86.01%
    Child hits:                     68,303
    Total miss rate:                  4.71%
