Cache simulation results:
Core #0 (1 thread(s))
  L1I stats:
    Hits:                           75,634
    Misses:                          2,722
    Compulsory misses:               2,438
    Invalidations:                       0
    Miss rate:                        3.47%
  L1D stats:
    Hits:                           23,482
    Misses:                          1,320
    Compulsory misses:               1,935
    Invalidations:                       0
    Prefetch hits:                     337
    Prefetch misses:                 1,114
    Miss rate:                        5.32%
Core #1 (0 thread(s))
Core #2 (0 thread(s))
Core #3 (0 thread(s))
LL stats:
    Hits:                              589
    Misses:                          3,453
    Compulsory misses:               4,368
    Invalidations:                       0
    Prefetch hits:                     199
    Prefetch misses:                   915
    Local miss rate:                 85.43%
    Child hits:                     99,453
    Total miss rate:                  3.34%
