Cache simulation results:
Core #0 (1 thread(s))
  L1I stats:
    Hits:                           47,302
    Misses:                          2,650
    Compulsory misses:               2,396
    Invalidations:                       0
    Miss rate:                        5.31%
  L1D stats:
    Hits:                           19,946
    Misses:                          1,294
    Compulsory misses:               1,874
    Invalidations:                       0
    Prefetch hits:                     335
    Prefetch misses:                 1,090
    Miss rate:                        6.09%
Core #1 (0 thread(s))
Core #2 (0 thread(s))
Core #3 (0 thread(s))
LL stats:
    Hits:                              568
    Misses:                          3,376
    Compulsory misses:               4,265
    Invalidations:                       0
    Prefetch hits:                     201
    Prefetch misses:                   889
    Local miss rate:                 85.60%
    Child hits:                     67,583
    Total miss rate:                  4.72%
