Cache simulation results:
Core #0 (1 thread(s))
  L1I stats:
    Hits:                           95,929
    Misses:                          5,290
    Compulsory misses:               2,431
    Invalidations:                       0
    Miss rate:                        5.23%
  L1D stats:
    Hits:                           40,456
    Misses:                          2,543
    Compulsory misses:               2,326
    Invalidations:                       0
    Prefetch hits:                     655
    Prefetch misses:                 2,149
    Miss rate:                        5.91%
Core #1 (0 thread(s))
Core #2 (0 thread(s))
Core #3 (0 thread(s))
LL stats:
    Hits:                            4,241
    Misses:                          3,592
    Compulsory misses:               4,752
    Invalidations:                       0
    Prefetch hits:                     989
    Prefetch misses:                 1,160
    Local miss rate:                 45.86%
    Child hits:                    137,040
    Total miss rate:                  2.48%
