Cache simulation results:
Core #0 (1 thread(s))
  L1I stats:
    Hits:                           94,431
    Misses:                          5,251
    Compulsory misses:               2,396
    Invalidations:                       0
    Miss rate:                        5.27%
  L1D stats:
    Hits:                           39,873
    Misses:                          2,471
    Compulsory misses:               2,290
    Invalidations:                       0
    Prefetch hits:                     654
    Prefetch misses:                 2,079
    Miss rate:                        5.84%
Core #1 (0 thread(s))
Core #2 (0 thread(s))
Core #3 (0 thread(s))
LL stats:
    Hits:                            4,176
    Misses:                          3,546
    Compulsory misses:               4,681
    Invalidations:                       0
    Prefetch hits:                     944
    Prefetch misses:                 1,135
    Local miss rate:                 45.92%
    Child hits:                    134,958
    Total miss rate:                  2.49%
