Cache simulation results:
Core #0 (1 thread(s))
  L1I stats:
    Hits:                           47,400
    Misses:                          2,672
    Compulsory misses:               2,415
    Invalidations:                       0
    Miss rate:                        5.34%
  L1D stats:
    Hits:                           19,984
    Misses:                          1,307
    Compulsory misses:               1,900
    Invalidations:                       0
    Prefetch hits:                     339
    Prefetch misses:                 1,099
    Miss rate:                        6.14%
Core #1 (0 thread(s))
Core #2 (0 thread(s))
Core #3 (0 thread(s))
LL stats:
    Hits:                              569
    Misses:                          3,410
    Compulsory misses:               4,310
    Invalidations:                       0
    Prefetch hits:                     199
    Prefetch misses:                   900
    Local miss rate:                 85.70%
    Child hits:                     67,723
    Total miss rate:                  4.76%
