Cache simulation results:
Core #0 (1 thread(s))
  L1I stats:
    Hits:                           70,313
    Misses:                          2,689
    Compulsory misses:               2,427
    Invalidations:                       0
    Miss rate:                        3.68%
  L1D stats:
    Hits:                           26,967
    Misses:                          1,530
    Compulsory misses:               2,273
    Invalidations:                       0
    Prefetch hits:                     335
    Prefetch misses:                 1,325
    Miss rate:                        5.37%
Core #1 (0 thread(s))
Core #2 (0 thread(s))
Core #3 (0 thread(s))
LL stats:
    Hits:                              616
    Misses:                          3,603
    Compulsory misses:               4,695
    Invalidations:                       0
    Prefetch hits:                     233
    Prefetch misses:                 1,092
    Local miss rate:                 85.40%
    Child hits:                     97,615
    Total miss rate:                  3.54%
