Cache simulation results:
Core #0 (1 thread(s))
  L1I stats:
    Hits:                           47,490
    Misses:                          2,669
    Compulsory misses:               2,415
    Invalidations:                       0
    Miss rate:                        5.32%
  L1D stats:
    Hits:                           19,992
    Misses:                          1,336
    Compulsory misses:               1,983
    Invalidations:                       0
    Prefetch hits:                     332
    Prefetch misses:                 1,135
    Miss rate:                        6.26%
Core #1 (0 thread(s))
Core #2 (0 thread(s))
Core #3 (0 thread(s))
LL stats:
    Hits:                              557
    Misses:                          3,448
    Compulsory misses:               4,393
    Invalidations:                       0
    Prefetch hits:                     190
    Prefetch misses:                   945
    Local miss rate:                 86.09%
    Child hits:                     67,814
    Total miss rate:                  4.80%
