Cache simulation results:
Core #0 (1 thread(s))
  L1I stats:
    Hits:                           47,239
    Misses:                          2,650
    Compulsory misses:               2,396
    Invalidations:                       0
    Miss rate:                        5.31%
  L1D stats:
    Hits:                           19,907
    Misses:                          1,291
    Compulsory misses:               1,879
    Invalidations:                       0
    Prefetch hits:                     332
    Prefetch misses:                 1,090
    Miss rate:                        6.09%
Core #1 (0 thread(s))
Core #2 (0 thread(s))
Core #3 (0 thread(s))
LL stats:
    Hits:                              562
    Misses:                          3,379
    Compulsory misses:               4,270
    Invalidations:                       0
    Prefetch hits:                     199
    Prefetch misses:                   891
    Local miss rate:                 85.74%
    Child hits:                     67,478
    Total miss rate:                  4.73%
