Cache simulation results:
Core #0 (1 thread(s))
  L1I stats:
    Hits:                           47,213
    Misses:                          2,650
    Compulsory misses:               2,396
    Invalidations:                       0
    Miss rate:                        5.31%
  L1D stats:
    Hits:                           19,917
    Misses:                          1,277
    Compulsory misses:               1,870
    Invalidations:                       0
    Prefetch hits:                     338
    Prefetch misses:                 1,070
    Miss rate:                        6.03%
Core #1 (0 thread(s))
Core #2 (0 thread(s))
Core #3 (0 thread(s))
LL stats:
    Hits:                              551
    Misses:                          3,376
    Compulsory misses:               4,261
    Invalidations:                       0
    Prefetch hits:                     185
    Prefetch misses:                   885
    Local miss rate:                 85.97%
    Child hits:                     67,468
    Total miss rate:                  4.73%
