Cache simulation results:
Core #0 (1 thread(s))
  L1I stats:
    Hits:                          306,032
    Misses:                          7,926
    Compulsory misses:               2,469
    Invalidations:                       0
    Miss rate:                        2.52%
  L1D stats:
    Hits:                           89,636
    Misses:                          3,773
    Compulsory misses:               2,783
    Invalidations:                       0
    Prefetch hits:                     984
    Prefetch misses:                 3,182
    Miss rate:                        4.04%
Core #1 (0 thread(s))
Core #2 (0 thread(s))
Core #3 (0 thread(s))
LL stats:
    Hits:                            7,874
    Misses:                          3,825
    Compulsory misses:               5,247
    Invalidations:                       0
    Prefetch hits:                   1,760
    Prefetch misses:                 1,422
    Local miss rate:                 32.70%
    Child hits:                    396,652
    Total miss rate:                  0.94%
