Cache simulation results:
Core #0 (1 thread(s))
  L1I stats:
    Hits:                           47,369
    Misses:                          2,661
    Compulsory misses:               2,407
    Invalidations:                       0
    Miss rate:                        5.32%
  L1D stats:
    Hits:                           19,966
    Misses:                          1,296
    Compulsory misses:               1,892
    Invalidations:                       0
    Prefetch hits:                     338
    Prefetch misses:                 1,089
    Miss rate:                        6.10%
Core #1 (0 thread(s))
Core #2 (0 thread(s))
Core #3 (0 thread(s))
LL stats:
    Hits:                              557
    Misses:                          3,400
    Compulsory misses:               4,294
    Invalidations:                       0
    Prefetch hits:                     195
    Prefetch misses:                   894
    Local miss rate:                 85.92%
    Child hits:                     67,673
    Total miss rate:                  4.75%
