Cache simulation results:
Core #0 (1 thread(s))
  L1I stats:
    Hits:                           47,387
    Misses:                          2,664
    Compulsory misses:               2,408
    Invalidations:                       0
    Miss rate:                        5.32%
  L1D stats:
    Hits:                           19,988
    Misses:                          1,322
    Compulsory misses:               1,955
    Invalidations:                       0
    Prefetch hits:                     329
    Prefetch misses:                 1,124
    Miss rate:                        6.20%
Core #1 (0 thread(s))
Core #2 (0 thread(s))
Core #3 (0 thread(s))
LL stats:
    Hits:                              559
    Misses:                          3,427
    Compulsory misses:               4,358
    Invalidations:                       0
    Prefetch hits:                     193
    Prefetch misses:                   931
    Local miss rate:                 85.98%
    Child hits:                     67,704
    Total miss rate:                  4.78%
