Cache simulation results:
Core #0 (1 thread(s))
  L1I stats:
    Hits:                           47,479
    Misses:                          2,657
    Compulsory misses:               2,403
    Invalidations:                       0
    Miss rate:                        5.30%
  L1D stats:
    Hits:                           20,002
    Misses:                          1,296
    Compulsory misses:               1,892
    Invalidations:                       0
    Prefetch hits:                     342
    Prefetch misses:                 1,085
    Miss rate:                        6.09%
Core #1 (0 thread(s))
Core #2 (0 thread(s))
Core #3 (0 thread(s))
LL stats:
    Hits:                              556
    Misses:                          3,397
    Compulsory misses:               4,290
    Invalidations:                       0
    Prefetch hits:                     192
    Prefetch misses:                   893
    Local miss rate:                 85.93%
    Child hits:                     67,823
    Total miss rate:                  4.73%
