Cache simulation results:
Core #0 (1 thread(s))
  L1I stats:
    Hits:                           47,172
    Misses:                          2,648
    Compulsory misses:               2,394
    Invalidations:                       0
    Miss rate:                        5.32%
  L1D stats:
    Hits:                           19,901
    Misses:                          1,292
    Compulsory misses:               1,893
    Invalidations:                       0
    Prefetch hits:                     334
    Prefetch misses:                 1,089
    Miss rate:                        6.10%
Core #1 (0 thread(s))
Core #2 (0 thread(s))
Core #3 (0 thread(s))
LL stats:
    Hits:                              557
    Misses:                          3,383
    Compulsory misses:               4,282
    Invalidations:                       0
    Prefetch hits:                     190
    Prefetch misses:                   899
    Local miss rate:                 85.86%
    Child hits:                     67,407
    Total miss rate:                  4.74%
