Cache simulation results:
Core #0 (1 thread(s))
  L1I stats:
    Hits:                           47,200
    Misses:                          2,648
    Compulsory misses:               2,394
    Invalidations:                       0
    Miss rate:                        5.31%
  L1D stats:
    Hits:                           19,886
    Misses:                          1,292
    Compulsory misses:               1,878
    Invalidations:                       0
    Prefetch hits:                     345
    Prefetch misses:                 1,078
    Miss rate:                        6.10%
Core #1 (0 thread(s))
Core #2 (0 thread(s))
Core #3 (0 thread(s))
LL stats:
    Hits:                              560
    Misses:                          3,380
    Compulsory misses:               4,267
    Invalidations:                       0
    Prefetch hits:                     191
    Prefetch misses:                   887
    Local miss rate:                 85.79%
    Child hits:                     67,431
    Total miss rate:                  4.74%
