Cache simulation results:
Core #0 (1 thread(s))
  L1I stats:
    Hits:                           47,310
    Misses:                          2,648
    Compulsory misses:               2,394
    Invalidations:                       0
    Miss rate:                        5.30%
  L1D stats:
    Hits:                           19,919
    Misses:                          1,300
    Compulsory misses:               1,897
    Invalidations:                       0
    Prefetch hits:                     343
    Prefetch misses:                 1,088
    Miss rate:                        6.13%
Core #1 (0 thread(s))
Core #2 (0 thread(s))
Core #3 (0 thread(s))
LL stats:
    Hits:                              561
    Misses:                          3,387
    Compulsory misses:               4,286
    Invalidations:                       0
    Prefetch hits:                     189
    Prefetch misses:                   899
    Local miss rate:                 85.79%
    Child hits:                     67,572
    Total miss rate:                  4.74%
