Cache simulation results:
Core #0 (1 thread(s))
  L1I stats:
    Hits:                           48,166
    Misses:                          2,688
    Compulsory misses:               2,423
    Invalidations:                       0
    Miss rate:                        5.29%
  L1D stats:
    Hits:                           20,259
    Misses:                          1,369
    Compulsory misses:               1,994
    Invalidations:                       0
    Prefetch hits:                     345
    Prefetch misses:                 1,155
    Miss rate:                        6.33%
Core #1 (0 thread(s))
Core #2 (0 thread(s))
Core #3 (0 thread(s))
LL stats:
    Hits:                              592
    Misses:                          3,465
    Compulsory misses:               4,412
    Invalidations:                       0
    Prefetch hits:                     208
    Prefetch misses:                   947
    Local miss rate:                 85.41%
    Child hits:                     68,770
    Total miss rate:                  4.76%
