Cache simulation results:
Core #0 (1 thread(s))
  L1I stats:
    Hits:                           48,257
    Misses:                          2,687
    Compulsory misses:               2,433
    Invalidations:                       0
    Miss rate:                        5.27%
  L1D stats:
    Hits:                           20,377
    Misses:                          1,340
    Compulsory misses:               1,950
    Invalidations:                       0
    Prefetch hits:                     336
    Prefetch misses:                 1,135
    Miss rate:                        6.17%
Core #1 (0 thread(s))
Core #2 (0 thread(s))
Core #3 (0 thread(s))
LL stats:
    Hits:                              574
    Misses:                          3,453
    Compulsory misses:               4,378
    Invalidations:                       0
    Prefetch hits:                     210
    Prefetch misses:                   925
    Local miss rate:                 85.75%
    Child hits:                     68,970
    Total miss rate:                  4.73%
