Cache simulation results:
Core #0 (1 thread(s))
  L1I stats:
    Hits:                           47,046
    Misses:                          2,642
    Compulsory misses:               2,388
    Invalidations:                       0
    Miss rate:                        5.32%
  L1D stats:
    Hits:                           19,860
    Misses:                          1,277
    Compulsory misses:               1,877
    Invalidations:                       0
    Prefetch hits:                     340
    Prefetch misses:                 1,068
    Miss rate:                        6.04%
Core #1 (0 thread(s))
Core #2 (0 thread(s))
Core #3 (0 thread(s))
LL stats:
    Hits:                              549
    Misses:                          3,370
    Compulsory misses:               4,260
    Invalidations:                       0
    Prefetch hits:                     178
    Prefetch misses:                   890
    Local miss rate:                 85.99%
    Child hits:                     67,246
    Total miss rate:                  4.74%
