Cache simulation results:
Core #0 (1 thread(s))
  L1I stats:
    Hits:                           95,102
    Misses:                          5,277
    Compulsory misses:               2,422
    Invalidations:                       0
    Miss rate:                        5.26%
  L1D stats:
    Hits:                           40,132
    Misses:                          2,531
    Compulsory misses:               2,354
    Invalidations:                       0
    Prefetch hits:                     665
    Prefetch misses:                 2,129
    Miss rate:                        5.93%
Core #1 (0 thread(s))
Core #2 (0 thread(s))
Core #3 (0 thread(s))
LL stats:
    Hits:                            4,198
    Misses:                          3,610
    Compulsory misses:               4,771
    Invalidations:                       0
    Prefetch hits:                     968
    Prefetch misses:                 1,161
    Local miss rate:                 46.23%
    Child hits:                    135,899
    Total miss rate:                  2.51%
