Cache simulation results:
Core #0 (1 thread(s))
  L1I stats:
    Hits:                           48,176
    Misses:                          2,687
    Compulsory misses:               2,431
    Invalidations:                       0
    Miss rate:                        5.28%
  L1D stats:
    Hits:                           20,325
    Misses:                          1,350
    Compulsory misses:               1,981
    Invalidations:                       0
    Prefetch hits:                     337
    Prefetch misses:                 1,144
    Miss rate:                        6.23%
Core #1 (0 thread(s))
Core #2 (0 thread(s))
Core #3 (0 thread(s))
LL stats:
    Hits:                              571
    Misses:                          3,466
    Compulsory misses:               4,407
    Invalidations:                       0
    Prefetch hits:                     203
    Prefetch misses:                   941
    Local miss rate:                 85.86%
    Child hits:                     68,838
    Total miss rate:                  4.76%
