Cache simulation results:
Core #0 (1 thread(s))
  L1I stats:
    Hits:                          142,700
    Misses:                          7,913
    Compulsory misses:               2,433
    Invalidations:                       0
    Miss rate:                        5.25%
  L1D stats:
    Hits:                           60,277
    Misses:                          3,751
    Compulsory misses:               2,790
    Invalidations:                       0
    Prefetch hits:                     972
    Prefetch misses:                 3,172
    Miss rate:                        5.86%
Core #1 (0 thread(s))
Core #2 (0 thread(s))
Core #3 (0 thread(s))
LL stats:
    Hits:                            7,876
    Misses:                          3,788
    Compulsory misses:               5,218
    Invalidations:                       0
    Prefetch hits:                   1,742
    Prefetch misses:                 1,430
    Local miss rate:                 32.48%
    Child hits:                    203,949
    Total miss rate:                  1.76%
