Cache simulation results:
Core #0 (1 thread(s))
  L1I stats:
    Hits:                           47,358
    Misses:                          2,649
    Compulsory misses:               2,395
    Invalidations:                       0
    Miss rate:                        5.30%
  L1D stats:
    Hits:                           19,962
    Misses:                          1,274
    Compulsory misses:               1,858
    Invalidations:                       0
    Prefetch hits:                     333
    Prefetch misses:                 1,072
    Miss rate:                        6.00%
Core #1 (0 thread(s))
Core #2 (0 thread(s))
Core #3 (0 thread(s))
LL stats:
    Hits:                              558
    Misses:                          3,365
    Compulsory misses:               4,248
    Invalidations:                       0
    Prefetch hits:                     189
    Prefetch misses:                   883
    Local miss rate:                 85.78%
    Child hits:                     67,653
    Total miss rate:                  4.70%
