Cache simulation results:
Core #0 (1 thread(s))
  L1I stats:
    Hits:                           95,393
    Misses:                          5,273
    Compulsory misses:               2,417
    Invalidations:                       0
    Miss rate:                        5.24%
  L1D stats:
    Hits:                           40,191
    Misses:                          2,531
    Compulsory misses:               2,317
    Invalidations:                       0
    Prefetch hits:                     652
    Prefetch misses:                 2,140
    Miss rate:                        5.92%
Core #1 (0 thread(s))
Core #2 (0 thread(s))
Core #3 (0 thread(s))
LL stats:
    Hits:                            4,227
    Misses:                          3,577
    Compulsory misses:               4,729
    Invalidations:                       0
    Prefetch hits:                     988
    Prefetch misses:                 1,152
    Local miss rate:                 45.84%
    Child hits:                    136,236
    Total miss rate:                  2.48%
