Cache simulation results:
Core #0 (1 thread(s))
  L1I stats:
    Hits:                           47,784
    Misses:                          2,658
    Compulsory misses:               2,404
    Invalidations:                       0
    Miss rate:                        5.27%
  L1D stats:
    Hits:                           20,147
    Misses:                          1,319
    Compulsory misses:               1,916
    Invalidations:                       0
    Prefetch hits:                     340
    Prefetch misses:                 1,110
    Miss rate:                        6.14%
Core #1 (0 thread(s))
Core #2 (0 thread(s))
Core #3 (0 thread(s))
LL stats:
    Hits:                              569
    Misses:                          3,408
    Compulsory misses:               4,315
    Invalidations:                       0
    Prefetch hits:                     203
    Prefetch misses:                   907
    Local miss rate:                 85.69%
    Child hits:                     68,271
    Total miss rate:                  4.72%
