Cache simulation results:
Core #0 (1 thread(s))
  L1I stats:
    Hits:                           94,468
    Misses:                          5,248
    Compulsory misses:               2,394
    Invalidations:                       0
    Miss rate:                        5.26%
  L1D stats:
    Hits:                           39,858
    Misses:                          2,490
    Compulsory misses:               2,304
    Invalidations:                       0
    Prefetch hits:                     638
    Prefetch misses:                 2,114
    Miss rate:                        5.88%
Core #1 (0 thread(s))
Core #2 (0 thread(s))
Core #3 (0 thread(s))
LL stats:
    Hits:                            4,188
    Misses:                          3,550
    Compulsory misses:               4,693
    Invalidations:                       0
    Prefetch hits:                     971
    Prefetch misses:                 1,143
    Local miss rate:                 45.88%
    Child hits:                    134,964
    Total miss rate:                  2.49%
