Cache simulation results:
Core #0 (1 thread(s))
  L1I stats:
    Hits:                           47,296
    Misses:                          2,656
    Compulsory misses:               2,402
    Invalidations:                       0
    Miss rate:                        5.32%
  L1D stats:
    Hits:                           19,905
    Misses:                          1,296
    Compulsory misses:               1,895
    Invalidations:                       0
    Prefetch hits:                     339
    Prefetch misses:                 1,088
    Miss rate:                        6.11%
Core #1 (0 thread(s))
Core #2 (0 thread(s))
Core #3 (0 thread(s))
LL stats:
    Hits:                              558
    Misses:                          3,394
    Compulsory misses:               4,292
    Invalidations:                       0
    Prefetch hits:                     190
    Prefetch misses:                   898
    Local miss rate:                 85.88%
    Child hits:                     67,540
    Total miss rate:                  4.75%
