Cache simulation results:
Core #0 (1 thread(s))
  L1I stats:
    Hits:                           47,172
    Misses:                          2,650
    Compulsory misses:               2,396
    Invalidations:                       0
    Miss rate:                        5.32%
  L1D stats:
    Hits:                           19,873
    Misses:                          1,293
    Compulsory misses:               1,878
    Invalidations:                       0
    Prefetch hits:                     337
    Prefetch misses:                 1,087
    Miss rate:                        6.11%
Core #1 (0 thread(s))
Core #2 (0 thread(s))
Core #3 (0 thread(s))
LL stats:
    Hits:                              562
    Misses:                          3,381
    Compulsory misses:               4,269
    Invalidations:                       0
    Prefetch hits:                     199
    Prefetch misses:                   888
    Local miss rate:                 85.75%
    Child hits:                     67,382
    Total miss rate:                  4.74%
