Cache simulation results:
Core #0 (1 thread(s))
  L1I stats:
    Hits:                           47,821
    Misses:                          2,658
    Compulsory misses:               2,404
    Invalidations:                       0
    Miss rate:                        5.27%
  L1D stats:
    Hits:                           20,187
    Misses:                          1,307
    Compulsory misses:               1,910
    Invalidations:                       0
    Prefetch hits:                     326
    Prefetch misses:                 1,112
    Miss rate:                        6.08%
Core #1 (0 thread(s))
Core #2 (0 thread(s))
Core #3 (0 thread(s))
LL stats:
    Hits:                              564
    Misses:                          3,401
    Compulsory misses:               4,309
    Invalidations:                       0
    Prefetch hits:                     204
    Prefetch misses:                   908
    Local miss rate:                 85.78%
    Child hits:                     68,334
    Total miss rate:                  4.70%
