Cache simulation results:
Core #0 (1 thread(s))
  L1I stats:
    Hits:                           94,501
    Misses:                          5,249
    Compulsory misses:               2,395
    Invalidations:                       0
    Miss rate:                        5.26%
  L1D stats:
    Hits:                           39,847
    Misses:                          2,509
    Compulsory misses:               2,348
    Invalidations:                       0
    Prefetch hits:                     649
    Prefetch misses:                 2,122
    Miss rate:                        5.92%
Core #1 (0 thread(s))
Core #2 (0 thread(s))
Core #3 (0 thread(s))
LL stats:
    Hits:                            4,186
    Misses:                          3,572
    Compulsory misses:               4,738
    Invalidations:                       0
    Prefetch hits:                     956
    Prefetch misses:                 1,166
    Local miss rate:                 46.04%
    Child hits:                    134,997
    Total miss rate:                  2.50%
