Cache simulation results:
Core #0 (1 thread(s))
  L1I stats:
    Hits:                           47,206
    Misses:                          2,650
    Compulsory misses:               2,396
    Invalidations:                       0
    Miss rate:                        5.32%
  L1D stats:
    Hits:                           19,890
    Misses:                          1,281
    Compulsory misses:               1,878
    Invalidations:                       0
    Prefetch hits:                     340
    Prefetch misses:                 1,072
    Miss rate:                        6.05%
Core #1 (0 thread(s))
Core #2 (0 thread(s))
Core #3 (0 thread(s))
LL stats:
    Hits:                              546
    Misses:                          3,385
    Compulsory misses:               4,269
    Invalidations:                       0
    Prefetch hits:                     188
    Prefetch misses:                   884
    Local miss rate:                 86.11%
    Child hits:                     67,436
    Total miss rate:                  4.74%
