Cache simulation results:
Core #0 (1 thread(s))
  L1I stats:
    Hits:                           47,262
    Misses:                          2,647
    Compulsory misses:               2,393
    Invalidations:                       0
    Miss rate:                        5.30%
  L1D stats:
    Hits:                           19,908
    Misses:                          1,291
    Compulsory misses:               1,894
    Invalidations:                       0
    Prefetch hits:                     341
    Prefetch misses:                 1,081
    Miss rate:                        6.09%
Core #1 (0 thread(s))
Core #2 (0 thread(s))
Core #3 (0 thread(s))
LL stats:
    Hits:                              549
    Misses:                          3,389
    Compulsory misses:               4,282
    Invalidations:                       0
    Prefetch hits:                     188
    Prefetch misses:                   893
    Local miss rate:                 86.06%
    Child hits:                     67,511
    Total miss rate:                  4.74%
