Cache simulation results:
Core #0 (1 thread(s))
  L1I stats:
    Hits:                           94,447
    Misses:                          5,248
    Compulsory misses:               2,394
    Invalidations:                       0
    Miss rate:                        5.26%
  L1D stats:
    Hits:                           39,856
    Misses:                          2,472
    Compulsory misses:               2,287
    Invalidations:                       0
    Prefetch hits:                     643
    Prefetch misses:                 2,091
    Miss rate:                        5.84%
Core #1 (0 thread(s))
Core #2 (0 thread(s))
Core #3 (0 thread(s))
LL stats:
    Hits:                            4,177
    Misses:                          3,543
    Compulsory misses:               4,676
    Invalidations:                       0
    Prefetch hits:                     958
    Prefetch misses:                 1,133
    Local miss rate:                 45.89%
    Child hits:                    134,946
    Total miss rate:                  2.48%
