Cache simulation results:
Core #0 (1 thread(s))
  L1I stats:
    Hits:                           47,253
    Misses:                          2,650
    Compulsory misses:               2,396
    Invalidations:                       0
    Miss rate:                        5.31%
  L1D stats:
    Hits:                           19,895
    Misses:                          1,289
    Compulsory misses:               1,893
    Invalidations:                       0
    Prefetch hits:                     332
    Prefetch misses:                 1,088
    Miss rate:                        6.08%
Core #1 (0 thread(s))
Core #2 (0 thread(s))
Core #3 (0 thread(s))
LL stats:
    Hits:                              554
    Misses:                          3,385
    Compulsory misses:               4,284
    Invalidations:                       0
    Prefetch hits:                     189
    Prefetch misses:                   899
    Local miss rate:                 85.94%
    Child hits:                     67,480
    Total miss rate:                  4.74%
