Cache simulation results:
Core #0 (1 thread(s))
  L1I stats:
    Hits:                           47,377
    Misses:                          2,654
    Compulsory misses:               2,400
    Invalidations:                       0
    Miss rate:                        5.30%
  L1D stats:
    Hits:                           19,954
    Misses:                          1,293
    Compulsory misses:               1,885
    Invalidations:                       0
    Prefetch hits:                     339
    Prefetch misses:                 1,086
    Miss rate:                        6.09%
Core #1 (0 thread(s))
Core #2 (0 thread(s))
Core #3 (0 thread(s))
LL stats:
    Hits:                              559
    Misses:                          3,388
    Compulsory misses:               4,280
    Invalidations:                       0
    Prefetch hits:                     194
    Prefetch misses:                   892
    Local miss rate:                 85.84%
    Child hits:                     67,670
    Total miss rate:                  4.73%
