Cache simulation results:
Core #0 (1 thread(s))
  L1I stats:
    Hits:                           48,341
    Misses:                          2,683
    Compulsory misses:               2,427
    Invalidations:                       0
    Miss rate:                        5.26%
  L1D stats:
    Hits:                           20,314
    Misses:                          1,305
    Compulsory misses:               1,914
    Invalidations:                       0
    Prefetch hits:                     340
    Prefetch misses:                 1,095
    Miss rate:                        6.04%
Core #1 (0 thread(s))
Core #2 (0 thread(s))
Core #3 (0 thread(s))
LL stats:
    Hits:                              558
    Misses:                          3,430
    Compulsory misses:               4,336
    Invalidations:                       0
    Prefetch hits:                     189
    Prefetch misses:                   906
    Local miss rate:                 86.01%
    Child hits:                     68,995
    Total miss rate:                  4.70%
