Cache simulation results:
Core #0 (1 thread(s))
  L1I stats:
    Hits:                           94,381
    Misses:                          5,246
    Compulsory misses:               2,395
    Invalidations:                       0
    Miss rate:                        5.27%
  L1D stats:
    Hits:                           39,868
    Misses:                          2,500
    Compulsory misses:               2,292
    Invalidations:                       0
    Prefetch hits:                     644
    Prefetch misses:                 2,118
    Miss rate:                        5.90%
Core #1 (0 thread(s))
Core #2 (0 thread(s))
Core #3 (0 thread(s))
LL stats:
    Hits:                            4,201
    Misses:                          3,545
    Compulsory misses:               4,682
    Invalidations:                       0
    Prefetch hits:                     981
    Prefetch misses:                 1,137
    Local miss rate:                 45.77%
    Child hits:                    134,893
    Total miss rate:                  2.49%
