Cache simulation results:
Core #0 (1 thread(s))
  L1I stats:
    Hits:                           95,567
    Misses:                          5,272
    Compulsory misses:               2,415
    Invalidations:                       0
    Miss rate:                        5.23%
  L1D stats:
    Hits:                           40,262
    Misses:                          2,555
    Compulsory misses:               2,379
    Invalidations:                       0
    Prefetch hits:                     645
    Prefetch misses:                 2,172
    Miss rate:                        5.97%
Core #1 (0 thread(s))
Core #2 (0 thread(s))
Core #3 (0 thread(s))
LL stats:
    Hits:                            4,220
    Misses:                          3,607
    Compulsory misses:               4,789
    Invalidations:                       0
    Prefetch hits:                     990
    Prefetch misses:                 1,182
    Local miss rate:                 46.08%
    Child hits:                    136,474
    Total miss rate:                  2.50%
