Cache simulation results:
Core #0 (1 thread(s))
  L1I stats:
    Hits:                           47,281
    Misses:                          2,650
    Compulsory misses:               2,396
    Invalidations:                       0
    Miss rate:                        5.31%
  L1D stats:
    Hits:                           19,926
    Misses:                          1,280
    Compulsory misses:               1,855
    Invalidations:                       0
    Prefetch hits:                     342
    Prefetch misses:                 1,069
    Miss rate:                        6.04%
Core #1 (0 thread(s))
Core #2 (0 thread(s))
Core #3 (0 thread(s))
LL stats:
    Hits:                              557
    Misses:                          3,373
    Compulsory misses:               4,246
    Invalidations:                       0
    Prefetch hits:                     196
    Prefetch misses:                   873
    Local miss rate:                 85.83%
    Child hits:                     67,549
    Total miss rate:                  4.72%
