Cache simulation results:
Core #0 (1 thread(s))
  L1I stats:
    Hits:                           96,527
    Misses:                          5,349
    Compulsory misses:               2,486
    Invalidations:                       0
    Miss rate:                        5.25%
  L1D stats:
    Hits:                           40,544
    Misses:                          2,549
    Compulsory misses:               2,382
    Invalidations:                       0
    Prefetch hits:                     669
    Prefetch misses:                 2,143
    Miss rate:                        5.92%
Core #1 (0 thread(s))
Core #2 (0 thread(s))
Core #3 (0 thread(s))
LL stats:
    Hits:                            4,209
    Misses:                          3,689
    Compulsory misses:               4,863
    Invalidations:                       0
    Prefetch hits:                     969
    Prefetch misses:                 1,174
    Local miss rate:                 46.71%
    Child hits:                    137,740
    Total miss rate:                  2.53%
