Cache simulation results:
Core #0 (1 thread(s))
  L1I stats:
    Hits:                          142,101
    Misses:                          7,864
    Compulsory misses:               2,406
    Invalidations:                       0
    Miss rate:                        5.24%
  L1D stats:
    Hits:                           59,950
    Misses:                          3,718
    Compulsory misses:               2,718
    Invalidations:                       0
    Prefetch hits:                     947
    Prefetch misses:                 3,164
    Miss rate:                        5.84%
Core #1 (0 thread(s))
Core #2 (0 thread(s))
Core #3 (0 thread(s))
LL stats:
    Hits:                            7,858
    Misses:                          3,724
    Compulsory misses:               5,119
    Invalidations:                       0
    Prefetch hits:                   1,769
    Prefetch misses:                 1,395
    Local miss rate:                 32.15%
    Child hits:                    202,998
    Total miss rate:                  1.74%
