Cache simulation results:
Core #0 (1 thread(s))
  L1I stats:
    Hits:                          216,103
    Misses:                          2,702
    Compulsory misses:               2,446
    Invalidations:                       0
    Miss rate:                        1.23%
  L1D stats:
    Hits:                           43,325
    Misses:                          1,366
    Compulsory misses:               2,036
    Invalidations:                       0
    Prefetch hits:                     333
    Prefetch misses:                 1,164
    Miss rate:                        3.06%
Core #1 (0 thread(s))
Core #2 (0 thread(s))
Core #3 (0 thread(s))
LL stats:
    Hits:                              558
    Misses:                          3,510
    Compulsory misses:               4,477
    Invalidations:                       0
    Prefetch hits:                     197
    Prefetch misses:                   967
    Local miss rate:                 86.28%
    Child hits:                    259,761
    Total miss rate:                  1.33%
