Cache simulation results:
Core #0 (1 thread(s))
  L1I stats:
    Hits:                           47,237
    Misses:                          2,648
    Compulsory misses:               2,394
    Invalidations:                       0
    Miss rate:                        5.31%
  L1D stats:
    Hits:                           19,916
    Misses:                          1,288
    Compulsory misses:               1,873
    Invalidations:                       0
    Prefetch hits:                     342
    Prefetch misses:                 1,077
    Miss rate:                        6.07%
Core #1 (0 thread(s))
Core #2 (0 thread(s))
Core #3 (0 thread(s))
LL stats:
    Hits:                              556
    Misses:                          3,380
    Compulsory misses:               4,262
    Invalidations:                       0
    Prefetch hits:                     195
    Prefetch misses:                   882
    Local miss rate:                 85.87%
    Child hits:                     67,495
    Total miss rate:                  4.73%
