Cache simulation results:
Core #0 (1 thread(s))
  L1I stats:
    Hits:                           94,551
    Misses:                          5,246
    Compulsory misses:               2,393
    Invalidations:                       0
    Miss rate:                        5.26%
  L1D stats:
    Hits:                           39,949
    Misses:                          2,479
    Compulsory misses:               2,276
    Invalidations:                       0
    Prefetch hits:                     637
    Prefetch misses:                 2,104
    Miss rate:                        5.84%
Core #1 (0 thread(s))
Core #2 (0 thread(s))
Core #3 (0 thread(s))
LL stats:
    Hits:                            4,193
    Misses:                          3,532
    Compulsory misses:               4,664
    Invalidations:                       0
    Prefetch hits:                     972
    Prefetch misses:                 1,132
    Local miss rate:                 45.72%
    Child hits:                    135,137
    Total miss rate:                  2.47%
