Cache simulation results:
Core #0 (1 thread(s))
  L1I stats:
    Hits:                           47,265
    Misses:                          2,648
    Compulsory misses:               2,394
    Invalidations:                       0
    Miss rate:                        5.31%
  L1D stats:
    Hits:                           19,921
    Misses:                          1,295
    Compulsory misses:               1,893
    Invalidations:                       0
    Prefetch hits:                     346
    Prefetch misses:                 1,080
    Miss rate:                        6.10%
Core #1 (0 thread(s))
Core #2 (0 thread(s))
Core #3 (0 thread(s))
LL stats:
    Hits:                              556
    Misses:                          3,387
    Compulsory misses:               4,282
    Invalidations:                       0
    Prefetch hits:                     185
    Prefetch misses:                   895
    Local miss rate:                 85.90%
    Child hits:                     67,532
    Total miss rate:                  4.74%
