Cache simulation results:
Core #0 (1 thread(s))
  L1I stats:
    Hits:                           47,254
    Misses:                          2,649
    Compulsory misses:               2,395
    Invalidations:                       0
    Miss rate:                        5.31%
  L1D stats:
    Hits:                           19,916
    Misses:                          1,285
    Compulsory misses:               1,878
    Invalidations:                       0
    Prefetch hits:                     332
    Prefetch misses:                 1,084
    Miss rate:                        6.06%
Core #1 (0 thread(s))
Core #2 (0 thread(s))
Core #3 (0 thread(s))
LL stats:
    Hits:                              556
    Misses:                          3,378
    Compulsory misses:               4,268
    Invalidations:                       0
    Prefetch hits:                     194
    Prefetch misses:                   890
    Local miss rate:                 85.87%
    Child hits:                     67,502
    Total miss rate:                  4.73%
