Cache simulation results:
Core #0 (1 thread(s))
  L1I stats:
    Hits:                           47,225
    Misses:                          2,649
    Compulsory misses:               2,395
    Invalidations:                       0
    Miss rate:                        5.31%
  L1D stats:
    Hits:                           19,911
    Misses:                          1,270
    Compulsory misses:               1,866
    Invalidations:                       0
    Prefetch hits:                     321
    Prefetch misses:                 1,080
    Miss rate:                        6.00%
Core #1 (0 thread(s))
Core #2 (0 thread(s))
Core #3 (0 thread(s))
LL stats:
    Hits:                              550
    Misses:                          3,369
    Compulsory misses:               4,256
    Invalidations:                       0
    Prefetch hits:                     193
    Prefetch misses:                   887
    Local miss rate:                 85.97%
    Child hits:                     67,457
    Total miss rate:                  4.72%
