Cache simulation results:
Core #0 (1 thread(s))
  L1I stats:
    Hits:                           47,367
    Misses:                          2,667
    Compulsory misses:               2,411
    Invalidations:                       0
    Miss rate:                        5.33%
  L1D stats:
    Hits:                           19,965
    Misses:                          1,312
    Compulsory misses:               1,916
    Invalidations:                       0
    Prefetch hits:                     338
    Prefetch misses:                 1,105
    Miss rate:                        6.17%
Core #1 (0 thread(s))
Core #2 (0 thread(s))
Core #3 (0 thread(s))
LL stats:
    Hits:                              565
    Misses:                          3,414
    Compulsory misses:               4,322
    Invalidations:                       0
    Prefetch hits:                     197
    Prefetch misses:                   908
    Local miss rate:                 85.80%
    Child hits:                     67,670
    Total miss rate:                  4.76%
