Cache simulation results:
Core #0 (1 thread(s))
  L1I stats:
    Hits:                           94,687
    Misses:                          5,267
    Compulsory misses:               2,411
    Invalidations:                       0
    Miss rate:                        5.27%
  L1D stats:
    Hits:                           39,976
    Misses:                          2,518
    Compulsory misses:               2,322
    Invalidations:                       0
    Prefetch hits:                     649
    Prefetch misses:                 2,131
    Miss rate:                        5.93%
Core #1 (0 thread(s))
Core #2 (0 thread(s))
Core #3 (0 thread(s))
LL stats:
    Hits:                            4,207
    Misses:                          3,578
    Compulsory misses:               4,728
    Invalidations:                       0
    Prefetch hits:                     981
    Prefetch misses:                 1,150
    Local miss rate:                 45.96%
    Child hits:                    135,312
    Total miss rate:                  2.50%
