Cache simulation results:
Core #0 (1 thread(s))
  L1I stats:
    Hits:                           47,413
    Misses:                          2,658
    Compulsory misses:               2,404
    Invalidations:                       0
    Miss rate:                        5.31%
  L1D stats:
    Hits:                           19,991
    Misses:                          1,291
    Compulsory misses:               1,889
    Invalidations:                       0
    Prefetch hits:                     345
    Prefetch misses:                 1,077
    Miss rate:                        6.07%
Core #1 (0 thread(s))
Core #2 (0 thread(s))
Core #3 (0 thread(s))
LL stats:
    Hits:                              553
    Misses:                          3,396
    Compulsory misses:               4,288
    Invalidations:                       0
    Prefetch hits:                     185
    Prefetch misses:                   892
    Local miss rate:                 86.00%
    Child hits:                     67,749
    Total miss rate:                  4.74%
