Cache simulation results:
Core #0 (1 thread(s))
  L1I stats:
    Hits:                           48,128
    Misses:                          2,672
    Compulsory misses:               2,417
    Invalidations:                       0
    Miss rate:                        5.26%
  L1D stats:
    Hits:                           20,192
    Misses:                          1,338
    Compulsory misses:               1,952
    Invalidations:                       0
    Prefetch hits:                     338
    Prefetch misses:                 1,130
    Miss rate:                        6.21%
Core #1 (0 thread(s))
Core #2 (0 thread(s))
Core #3 (0 thread(s))
LL stats:
    Hits:                              569
    Misses:                          3,441
    Compulsory misses:               4,364
    Invalidations:                       0
    Prefetch hits:                     207
    Prefetch misses:                   923
    Local miss rate:                 85.81%
    Child hits:                     68,658
    Total miss rate:                  4.74%
