Cache simulation results:
Core #0 (1 thread(s))
  L1I stats:
    Hits:                           94,554
    Misses:                          5,258
    Compulsory misses:               2,403
    Invalidations:                       0
    Miss rate:                        5.27%
  L1D stats:
    Hits:                           39,929
    Misses:                          2,470
    Compulsory misses:               2,261
    Invalidations:                       0
    Prefetch hits:                     648
    Prefetch misses:                 2,085
    Miss rate:                        5.83%
Core #1 (0 thread(s))
Core #2 (0 thread(s))
Core #3 (0 thread(s))
LL stats:
    Hits:                            4,190
    Misses:                          3,538
    Compulsory misses:               4,659
    Invalidations:                       0
    Prefetch hits:                     964
    Prefetch misses:                 1,121
    Local miss rate:                 45.78%
    Child hits:                    135,131
    Total miss rate:                  2.48%
