Cache simulation results:
Core #0 (1 thread(s))
  L1I stats:
    Hits:                           94,799
    Misses:                          5,269
    Compulsory misses:               2,413
    Invalidations:                       0
    Miss rate:                        5.27%
  L1D stats:
    Hits:                           40,014
    Misses:                          2,511
    Compulsory misses:               2,318
    Invalidations:                       0
    Prefetch hits:                     660
    Prefetch misses:                 2,113
    Miss rate:                        5.90%
Core #1 (0 thread(s))
Core #2 (0 thread(s))
Core #3 (0 thread(s))
LL stats:
    Hits:                            4,199
    Misses:                          3,581
    Compulsory misses:               4,726
    Invalidations:                       0
    Prefetch hits:                     968
    Prefetch misses:                 1,145
    Local miss rate:                 46.03%
    Child hits:                    135,473
    Total miss rate:                  2.50%
