Cache simulation results:
Core #0 (1 thread(s))
  L1I stats:
    Hits:                           48,086
    Misses:                          2,673
    Compulsory misses:               2,417
    Invalidations:                       0
    Miss rate:                        5.27%
  L1D stats:
    Hits:                           20,220
    Misses:                          1,307
    Compulsory misses:               1,908
    Invalidations:                       0
    Prefetch hits:                     341
    Prefetch misses:                 1,096
    Miss rate:                        6.07%
Core #1 (0 thread(s))
Core #2 (0 thread(s))
Core #3 (0 thread(s))
LL stats:
    Hits:                              564
    Misses:                          3,416
    Compulsory misses:               4,320
    Invalidations:                       0
    Prefetch hits:                     192
    Prefetch misses:                   904
    Local miss rate:                 85.83%
    Child hits:                     68,647
    Total miss rate:                  4.70%
