Cache simulation results:
Core #0 (1 thread(s))
  L1I stats:
    Hits:                           47,190
    Misses:                          2,650
    Compulsory misses:               2,396
    Invalidations:                       0
    Miss rate:                        5.32%
  L1D stats:
    Hits:                           19,902
    Misses:                          1,274
    Compulsory misses:               1,876
    Invalidations:                       0
    Prefetch hits:                     325
    Prefetch misses:                 1,080
    Miss rate:                        6.02%
Core #1 (0 thread(s))
Core #2 (0 thread(s))
Core #3 (0 thread(s))
LL stats:
    Hits:                              549
    Misses:                          3,375
    Compulsory misses:               4,267
    Invalidations:                       0
    Prefetch hits:                     188
    Prefetch misses:                   892
    Local miss rate:                 86.01%
    Child hits:                     67,417
    Total miss rate:                  4.73%
