Cache simulation results:
Core #0 (1 thread(s))
  L1I stats:
    Hits:                           47,273
    Misses:                          2,642
    Compulsory misses:               2,388
    Invalidations:                       0
    Miss rate:                        5.29%
  L1D stats:
    Hits:                           19,915
    Misses:                          1,307
    Compulsory misses:               1,876
    Invalidations:                       0
    Prefetch hits:                     347
    Prefetch misses:                 1,091
    Miss rate:                        6.16%
Core #1 (0 thread(s))
Core #2 (0 thread(s))
Core #3 (0 thread(s))
LL stats:
    Hits:                              581
    Misses:                          3,368
    Compulsory misses:               4,259
    Invalidations:                       0
    Prefetch hits:                     200
    Prefetch misses:                   891
    Local miss rate:                 85.29%
    Child hits:                     67,535
    Total miss rate:                  4.71%
