Cache simulation results:
Core #0 (1 thread(s))
  L1I stats:
    Hits:                           47,503
    Misses:                          2,661
    Compulsory misses:               2,407
    Invalidations:                       0
    Miss rate:                        5.30%
  L1D stats:
    Hits:                           20,037
    Misses:                          1,310
    Compulsory misses:               1,919
    Invalidations:                       0
    Prefetch hits:                     334
    Prefetch misses:                 1,107
    Miss rate:                        6.14%
Core #1 (0 thread(s))
Core #2 (0 thread(s))
Core #3 (0 thread(s))
LL stats:
    Hits:                              557
    Misses:                          3,414
    Compulsory misses:               4,321
    Invalidations:                       0
    Prefetch hits:                     200
    Prefetch misses:                   907
    Local miss rate:                 85.97%
    Child hits:                     67,874
    Total miss rate:                  4.75%
