Cache simulation results:
Core #0 (1 thread(s))
  L1I stats:
    Hits:                           47,244
    Misses:                          2,650
    Compulsory misses:               2,396
    Invalidations:                       0
    Miss rate:                        5.31%
  L1D stats:
    Hits:                           19,888
    Misses:                          1,293
    Compulsory misses:               1,881
    Invalidations:                       0
    Prefetch hits:                     337
    Prefetch misses:                 1,087
    Miss rate:                        6.10%
Core #1 (0 thread(s))
Core #2 (0 thread(s))
Core #3 (0 thread(s))
LL stats:
    Hits:                              562
    Misses:                          3,381
    Compulsory misses:               4,272
    Invalidations:                       0
    Prefetch hits:                     196
    Prefetch misses:                   891
    Local miss rate:                 85.75%
    Child hits:                     67,469
    Total miss rate:                  4.73%
