Cache simulation results:
Core #0 (1 thread(s))
  L1I stats:
    Hits:                           95,204
    Misses:                          5,285
    Compulsory misses:               2,431
    Invalidations:                       0
    Miss rate:                        5.26%
  L1D stats:
    Hits:                           40,146
    Misses:                          2,487
    Compulsory misses:               2,301
    Invalidations:                       0
    Prefetch hits:                     640
    Prefetch misses:                 2,108
    Miss rate:                        5.83%
Core #1 (0 thread(s))
Core #2 (0 thread(s))
Core #3 (0 thread(s))
LL stats:
    Hits:                            4,188
    Misses:                          3,584
    Compulsory misses:               4,727
    Invalidations:                       0
    Prefetch hits:                     965
    Prefetch misses:                 1,143
    Local miss rate:                 46.11%
    Child hits:                    135,990
    Total miss rate:                  2.49%
