Cache simulation results:
Core #0 (1 thread(s))
  L1I stats:
    Hits:                           49,295
    Misses:                          2,688
    Compulsory misses:               2,433
    Invalidations:                       0
    Miss rate:                        5.17%
  L1D stats:
    Hits:                           20,657
    Misses:                          1,339
    Compulsory misses:               1,950
    Invalidations:                       0
    Prefetch hits:                     346
    Prefetch misses:                 1,124
    Miss rate:                        6.09%
Core #1 (0 thread(s))
Core #2 (0 thread(s))
Core #3 (0 thread(s))
LL stats:
    Hits:                              574
    Misses:                          3,453
    Compulsory misses:               4,378
    Invalidations:                       0
    Prefetch hits:                     199
    Prefetch misses:                   925
    Local miss rate:                 85.75%
    Child hits:                     70,298
    Total miss rate:                  4.65%
