Cache simulation results:
Core #0 (1 thread(s))
  L1I stats:
    Hits:                           94,971
    Misses:                          5,250
    Compulsory misses:               2,406
    Invalidations:                       0
    Miss rate:                        5.24%
  L1D stats:
    Hits:                           40,124
    Misses:                          2,527
    Compulsory misses:               2,330
    Invalidations:                       0
    Prefetch hits:                     656
    Prefetch misses:                 2,133
    Miss rate:                        5.92%
Core #1 (0 thread(s))
Core #2 (0 thread(s))
Core #3 (0 thread(s))
LL stats:
    Hits:                            4,201
    Misses:                          3,576
    Compulsory misses:               4,731
    Invalidations:                       0
    Prefetch hits:                     978
    Prefetch misses:                 1,155
    Local miss rate:                 45.98%
    Child hits:                    135,751
    Total miss rate:                  2.49%
