Cache simulation results:
Core #0 (1 thread(s))
  L1I stats:
    Hits:                           95,449
    Misses:                          5,276
    Compulsory misses:               2,418
    Invalidations:                       0
    Miss rate:                        5.24%
  L1D stats:
    Hits:                           40,222
    Misses:                          2,521
    Compulsory misses:               2,329
    Invalidations:                       0
    Prefetch hits:                     651
    Prefetch misses:                 2,131
    Miss rate:                        5.90%
Core #1 (0 thread(s))
Core #2 (0 thread(s))
Core #3 (0 thread(s))
LL stats:
    Hits:                            4,209
    Misses:                          3,588
    Compulsory misses:               4,742
    Invalidations:                       0
    Prefetch hits:                     977
    Prefetch misses:                 1,154
    Local miss rate:                 46.02%
    Child hits:                    136,322
    Total miss rate:                  2.49%
