Cache simulation results:
Core #0 (1 thread(s))
  L1I stats:
    Hits:                           47,741
    Misses:                          2,674
    Compulsory misses:               2,419
    Invalidations:                       0
    Miss rate:                        5.30%
  L1D stats:
    Hits:                           20,073
    Misses:                          1,301
    Compulsory misses:               1,901
    Invalidations:                       0
    Prefetch hits:                     335
    Prefetch misses:                 1,096
    Miss rate:                        6.09%
Core #1 (0 thread(s))
Core #2 (0 thread(s))
Core #3 (0 thread(s))
LL stats:
    Hits:                              559
    Misses:                          3,416
    Compulsory misses:               4,315
    Invalidations:                       0
    Prefetch hits:                     197
    Prefetch misses:                   899
    Local miss rate:                 85.94%
    Child hits:                     68,149
    Total miss rate:                  4.74%
