Cache simulation results:
Core #0 (1 thread(s))
  L1I stats:
    Hits:                           95,379
    Misses:                          5,258
    Compulsory misses:               2,409
    Invalidations:                       0
    Miss rate:                        5.22%
  L1D stats:
    Hits:                           40,202
    Misses:                          2,509
    Compulsory misses:               2,330
    Invalidations:                       0
    Prefetch hits:                     640
    Prefetch misses:                 2,130
    Miss rate:                        5.87%
Core #1 (0 thread(s))
Core #2 (0 thread(s))
Core #3 (0 thread(s))
LL stats:
    Hits:                            4,190
    Misses:                          3,577
    Compulsory misses:               4,734
    Invalidations:                       0
    Prefetch hits:                     973
    Prefetch misses:                 1,157
    Local miss rate:                 46.05%
    Child hits:                    136,221
    Total miss rate:                  2.48%
