Cache simulation results:
Core #0 (1 thread(s))
  L1I stats:
    Hits:                          273,676
    Misses:                          5,340
    Compulsory misses:               2,445
    Invalidations:                       0
    Miss rate:                        1.91%
  L1D stats:
    Hits:                           64,212
    Misses:                          2,546
    Compulsory misses:               2,362
    Invalidations:                       0
    Prefetch hits:                     657
    Prefetch misses:                 2,151
    Miss rate:                        3.81%
Core #1 (0 thread(s))
Core #2 (0 thread(s))
Core #3 (0 thread(s))
LL stats:
    Hits:                            4,251
    Misses:                          3,635
    Compulsory misses:               4,802
    Invalidations:                       0
    Prefetch hits:                     984
    Prefetch misses:                 1,167
    Local miss rate:                 46.09%
    Child hits:                    338,545
    Total miss rate:                  1.05%
