Cache simulation results:
Core #0 (1 thread(s))
  L1I stats:
    Hits:                           47,659
    Misses:                          2,650
    Compulsory misses:               2,395
    Invalidations:                       0
    Miss rate:                        5.27%
  L1D stats:
    Hits:                           20,086
    Misses:                          1,309
    Compulsory misses:               1,902
    Invalidations:                       0
    Prefetch hits:                     340
    Prefetch misses:                 1,104
    Miss rate:                        6.12%
Core #1 (0 thread(s))
Core #2 (0 thread(s))
Core #3 (0 thread(s))
LL stats:
    Hits:                              569
    Misses:                          3,390
    Compulsory misses:               4,292
    Invalidations:                       0
    Prefetch hits:                     202
    Prefetch misses:                   902
    Local miss rate:                 85.63%
    Child hits:                     68,085
    Total miss rate:                  4.71%
