Cache simulation results:
Core #0 (1 thread(s))
  L1I stats:
    Hits:                           94,767
    Misses:                          5,267
    Compulsory misses:               2,411
    Invalidations:                       0
    Miss rate:                        5.27%
  L1D stats:
    Hits:                           40,007
    Misses:                          2,497
    Compulsory misses:               2,278
    Invalidations:                       0
    Prefetch hits:                     657
    Prefetch misses:                 2,102
    Miss rate:                        5.87%
Core #1 (0 thread(s))
Core #2 (0 thread(s))
Core #3 (0 thread(s))
LL stats:
    Hits:                            4,204
    Misses:                          3,560
    Compulsory misses:               4,684
    Invalidations:                       0
    Prefetch hits:                     978
    Prefetch misses:                 1,124
    Local miss rate:                 45.85%
    Child hits:                    135,431
    Total miss rate:                  2.49%
