Cache simulation results:
Core #0 (1 thread(s))
  L1I stats:
    Hits:                           47,126
    Misses:                          2,648
    Compulsory misses:               2,394
    Invalidations:                       0
    Miss rate:                        5.32%
  L1D stats:
    Hits:                           19,855
    Misses:                          1,308
    Compulsory misses:               1,880
    Invalidations:                       0
    Prefetch hits:                     339
    Prefetch misses:                 1,100
    Miss rate:                        6.18%
Core #1 (0 thread(s))
Core #2 (0 thread(s))
Core #3 (0 thread(s))
LL stats:
    Hits:                              581
    Misses:                          3,375
    Compulsory misses:               4,269
    Invalidations:                       0
    Prefetch hits:                     206
    Prefetch misses:                   894
    Local miss rate:                 85.31%
    Child hits:                     67,320
    Total miss rate:                  4.74%
