Cache simulation results:
Core #0 (1 thread(s))
  L1I stats:
    Hits:                           98,008
    Misses:                          5,282
    Compulsory misses:               2,418
    Invalidations:                       0
    Miss rate:                        5.11%
  L1D stats:
    Hits:                           40,414
    Misses:                          2,501
    Compulsory misses:               2,322
    Invalidations:                       0
    Prefetch hits:                     650
    Prefetch misses:                 2,113
    Miss rate:                        5.83%
Core #1 (0 thread(s))
Core #2 (0 thread(s))
Core #3 (0 thread(s))
LL stats:
    Hits:                            4,193
    Misses:                          3,590
    Compulsory misses:               4,735
    Invalidations:                       0
    Prefetch hits:                     968
    Prefetch misses:                 1,145
    Local miss rate:                 46.13%
    Child hits:                    139,072
    Total miss rate:                  2.44%
