Cache simulation results:
Core #0 (1 thread(s))
  L1I stats:
    Hits:                          118,357
    Misses:                          5,329
    Compulsory misses:               2,465
    Invalidations:                       0
    Miss rate:                        4.31%
  L1D stats:
    Hits:                           47,866
    Misses:                          2,719
    Compulsory misses:               2,692
    Invalidations:                       0
    Prefetch hits:                     655
    Prefetch misses:                 2,324
    Miss rate:                        5.38%
Core #1 (0 thread(s))
Core #2 (0 thread(s))
Core #3 (0 thread(s))
LL stats:
    Hits:                            4,233
    Misses:                          3,815
    Compulsory misses:               5,152
    Invalidations:                       0
    Prefetch hits:                     987
    Prefetch misses:                 1,337
    Local miss rate:                 47.40%
    Child hits:                    166,878
    Total miss rate:                  2.18%
