Cache simulation results:
Core #0 (1 thread(s))
  L1I stats:
    Hits:                           47,425
    Misses:                          2,658
    Compulsory misses:               2,404
    Invalidations:                       0
    Miss rate:                        5.31%
  L1D stats:
    Hits:                           19,986
    Misses:                          1,304
    Compulsory misses:               1,890
    Invalidations:                       0
    Prefetch hits:                     340
    Prefetch misses:                 1,095
    Miss rate:                        6.12%
Core #1 (0 thread(s))
Core #2 (0 thread(s))
Core #3 (0 thread(s))
LL stats:
    Hits:                              566
    Misses:                          3,396
    Compulsory misses:               4,289
    Invalidations:                       0
    Prefetch hits:                     202
    Prefetch misses:                   893
    Local miss rate:                 85.71%
    Child hits:                     67,751
    Total miss rate:                  4.74%
