Cache simulation results:
Core #0 (1 thread(s))
  L1I stats:
    Hits:                           94,725
    Misses:                          5,252
    Compulsory misses:               2,397
    Invalidations:                       0
    Miss rate:                        5.25%
  L1D stats:
    Hits:                           39,970
    Misses:                          2,466
    Compulsory misses:               2,236
    Invalidations:                       0
    Prefetch hits:                     650
    Prefetch misses:                 2,078
    Miss rate:                        5.81%
Core #1 (0 thread(s))
Core #2 (0 thread(s))
Core #3 (0 thread(s))
LL stats:
    Hits:                            4,198
    Misses:                          3,520
    Compulsory misses:               4,628
    Invalidations:                       0
    Prefetch hits:                     970
    Prefetch misses:                 1,108
    Local miss rate:                 45.61%
    Child hits:                    135,345
    Total miss rate:                  2.46%
