Cache simulation results:
Core #0 (1 thread(s))
  L1I stats:
    Hits:                          192,985
    Misses:                          2,702
    Compulsory misses:               2,446
    Invalidations:                       0
    Miss rate:                        1.38%
  L1D stats:
    Hits:                           42,276
    Misses:                          1,400
    Compulsory misses:               2,061
    Invalidations:                       0
    Prefetch hits:                     360
    Prefetch misses:                 1,171
    Miss rate:                        3.21%
Core #1 (0 thread(s))
Core #2 (0 thread(s))
Core #3 (0 thread(s))
LL stats:
    Hits:                              569
    Misses:                          3,533
    Compulsory misses:               4,502
    Invalidations:                       0
    Prefetch hits:                     202
    Prefetch misses:                   969
    Local miss rate:                 86.13%
    Child hits:                    235,621
    Total miss rate:                  1.47%
