Cache simulation results:
Core #0 (1 thread(s))
  L1I stats:
    Hits:                           96,032
    Misses:                          5,300
    Compulsory misses:               2,443
    Invalidations:                       0
    Miss rate:                        5.23%
  L1D stats:
    Hits:                           40,491
    Misses:                          2,528
    Compulsory misses:               2,374
    Invalidations:                       0
    Prefetch hits:                     653
    Prefetch misses:                 2,136
    Miss rate:                        5.88%
Core #1 (0 thread(s))
Core #2 (0 thread(s))
Core #3 (0 thread(s))
LL stats:
    Hits:                            4,191
    Misses:                          3,637
    Compulsory misses:               4,812
    Invalidations:                       0
    Prefetch hits:                     961
    Prefetch misses:                 1,175
    Local miss rate:                 46.46%
    Child hits:                    137,176
    Total miss rate:                  2.51%
