Cache simulation results:
Core #0 (1 thread(s))
  L1I stats:
    Hits:                           94,557
    Misses:                          5,251
    Compulsory misses:               2,397
    Invalidations:                       0
    Miss rate:                        5.26%
  L1D stats:
    Hits:                           39,907
    Misses:                          2,498
    Compulsory misses:               2,283
    Invalidations:                       0
    Prefetch hits:                     652
    Prefetch misses:                 2,108
    Miss rate:                        5.89%
Core #1 (0 thread(s))
Core #2 (0 thread(s))
Core #3 (0 thread(s))
LL stats:
    Hits:                            4,207
    Misses:                          3,542
    Compulsory misses:               4,675
    Invalidations:                       0
    Prefetch hits:                     975
    Prefetch misses:                 1,133
    Local miss rate:                 45.71%
    Child hits:                    135,116
    Total miss rate:                  2.48%
