Cache simulation results:
Core #0 (1 thread(s))
  L1I stats:
    Hits:                           48,502
    Misses:                          2,684
    Compulsory misses:               2,423
    Invalidations:                       0
    Miss rate:                        5.24%
  L1D stats:
    Hits:                           20,351
    Misses:                          1,316
    Compulsory misses:               1,907
    Invalidations:                       0
    Prefetch hits:                     335
    Prefetch misses:                 1,111
    Miss rate:                        6.07%
Core #1 (0 thread(s))
Core #2 (0 thread(s))
Core #3 (0 thread(s))
LL stats:
    Hits:                              579
    Misses:                          3,421
    Compulsory misses:               4,325
    Invalidations:                       0
    Prefetch hits:                     207
    Prefetch misses:                   904
    Local miss rate:                 85.53%
    Child hits:                     69,188
    Total miss rate:                  4.67%
