Cache simulation results:
Core #0 (1 thread(s))
  L1I stats:
    Hits:                           94,605
    Misses:                          5,253
    Compulsory misses:               2,400
    Invalidations:                       0
    Miss rate:                        5.26%
  L1D stats:
    Hits:                           39,973
    Misses:                          2,479
    Compulsory misses:               2,277
    Invalidations:                       0
    Prefetch hits:                     644
    Prefetch misses:                 2,098
    Miss rate:                        5.84%
Core #1 (0 thread(s))
Core #2 (0 thread(s))
Core #3 (0 thread(s))
LL stats:
    Hits:                            4,187
    Misses:                          3,545
    Compulsory misses:               4,672
    Invalidations:                       0
    Prefetch hits:                     971
    Prefetch misses:                 1,127
    Local miss rate:                 45.85%
    Child hits:                    135,222
    Total miss rate:                  2.48%
