Cache simulation results:
Core #0 (1 thread(s))
  L1I stats:
    Hits:                           94,663
    Misses:                          5,268
    Compulsory misses:               2,413
    Invalidations:                       0
    Miss rate:                        5.27%
  L1D stats:
    Hits:                           39,971
    Misses:                          2,519
    Compulsory misses:               2,314
    Invalidations:                       0
    Prefetch hits:                     672
    Prefetch misses:                 2,109
    Miss rate:                        5.93%
Core #1 (0 thread(s))
Core #2 (0 thread(s))
Core #3 (0 thread(s))
LL stats:
    Hits:                            4,205
    Misses:                          3,582
    Compulsory misses:               4,722
    Invalidations:                       0
    Prefetch hits:                     969
    Prefetch misses:                 1,140
    Local miss rate:                 46.00%
    Child hits:                    135,306
    Total miss rate:                  2.50%
