Cache simulation results:
Core #0 (1 thread(s))
  L1I stats:
    Hits:                           47,195
    Misses:                          2,648
    Compulsory misses:               2,394
    Invalidations:                       0
    Miss rate:                        5.31%
  L1D stats:
    Hits:                           19,873
    Misses:                          1,300
    Compulsory misses:               1,884
    Invalidations:                       0
    Prefetch hits:                     337
    Prefetch misses:                 1,094
    Miss rate:                        6.14%
Core #1 (0 thread(s))
Core #2 (0 thread(s))
Core #3 (0 thread(s))
LL stats:
    Hits:                              568
    Misses:                          3,380
    Compulsory misses:               4,273
    Invalidations:                       0
    Prefetch hits:                     201
    Prefetch misses:                   893
    Local miss rate:                 85.61%
    Child hits:                     67,405
    Total miss rate:                  4.74%
