Cache simulation results:
Core #0 (1 thread(s))
  L1I stats:
    Hits:                           47,233
    Misses:                          2,650
    Compulsory misses:               2,396
    Invalidations:                       0
    Miss rate:                        5.31%
  L1D stats:
    Hits:                           19,889
    Misses:                          1,292
    Compulsory misses:               1,865
    Invalidations:                       0
    Prefetch hits:                     340
    Prefetch misses:                 1,083
    Miss rate:                        6.10%
Core #1 (0 thread(s))
Core #2 (0 thread(s))
Core #3 (0 thread(s))
LL stats:
    Hits:                              569
    Misses:                          3,373
    Compulsory misses:               4,256
    Invalidations:                       0
    Prefetch hits:                     200
    Prefetch misses:                   883
    Local miss rate:                 85.57%
    Child hits:                     67,462
    Total miss rate:                  4.72%
