Cache simulation results:
Core #0 (1 thread(s))
  L1I stats:
    Hits:                           47,144
    Misses:                          2,646
    Compulsory misses:               2,392
    Invalidations:                       0
    Miss rate:                        5.31%
  L1D stats:
    Hits:                           19,901
    Misses:                          1,295
    Compulsory misses:               1,887
    Invalidations:                       0
    Prefetch hits:                     340
    Prefetch misses:                 1,086
    Miss rate:                        6.11%
Core #1 (0 thread(s))
Core #2 (0 thread(s))
Core #3 (0 thread(s))
LL stats:
    Hits:                              555
    Misses:                          3,386
    Compulsory misses:               4,274
    Invalidations:                       0
    Prefetch hits:                     198
    Prefetch misses:                   888
    Local miss rate:                 85.92%
    Child hits:                     67,385
    Total miss rate:                  4.75%
