Cache simulation results:
Core #0 (1 thread(s))
  L1I stats:
    Hits:                           94,461
    Misses:                          5,247
    Compulsory misses:               2,395
    Invalidations:                       0
    Miss rate:                        5.26%
  L1D stats:
    Hits:                           39,892
    Misses:                          2,486
    Compulsory misses:               2,273
    Invalidations:                       0
    Prefetch hits:                     639
    Prefetch misses:                 2,109
    Miss rate:                        5.87%
Core #1 (0 thread(s))
Core #2 (0 thread(s))
Core #3 (0 thread(s))
LL stats:
    Hits:                            4,196
    Misses:                          3,537
    Compulsory misses:               4,663
    Invalidations:                       0
    Prefetch hits:                     983
    Prefetch misses:                 1,126
    Local miss rate:                 45.74%
    Child hits:                    134,992
    Total miss rate:                  2.48%
