Cache simulation results:
Core #0 (1 thread(s))
  L1I stats:
    Hits:                           94,444
    Misses:                          5,252
    Compulsory misses:               2,397
    Invalidations:                       0
    Miss rate:                        5.27%
  L1D stats:
    Hits:                           39,859
    Misses:                          2,480
    Compulsory misses:               2,296
    Invalidations:                       0
    Prefetch hits:                     655
    Prefetch misses:                 2,087
    Miss rate:                        5.86%
Core #1 (0 thread(s))
Core #2 (0 thread(s))
Core #3 (0 thread(s))
LL stats:
    Hits:                            4,182
    Misses:                          3,550
    Compulsory misses:               4,688
    Invalidations:                       0
    Prefetch hits:                     949
    Prefetch misses:                 1,138
    Local miss rate:                 45.91%
    Child hits:                    134,958
    Total miss rate:                  2.49%
