Cache simulation results:
Core #0 (1 thread(s))
  L1I stats:
    Hits:                           47,196
    Misses:                          2,650
    Compulsory misses:               2,396
    Invalidations:                       0
    Miss rate:                        5.32%
  L1D stats:
    Hits:                           19,869
    Misses:                          1,301
    Compulsory misses:               1,897
    Invalidations:                       0
    Prefetch hits:                     337
    Prefetch misses:                 1,095
    Miss rate:                        6.15%
Core #1 (0 thread(s))
Core #2 (0 thread(s))
Core #3 (0 thread(s))
LL stats:
    Hits:                              561
    Misses:                          3,390
    Compulsory misses:               4,288
    Invalidations:                       0
    Prefetch hits:                     197
    Prefetch misses:                   898
    Local miss rate:                 85.80%
    Child hits:                     67,402
    Total miss rate:                  4.75%
