Cache simulation results:
Core #0 (1 thread(s))
  L1I stats:
    Hits:                           47,463
    Misses:                          2,663
    Compulsory misses:               2,409
    Invalidations:                       0
    Miss rate:                        5.31%
  L1D stats:
    Hits:                           20,008
    Misses:                          1,306
    Compulsory misses:               1,918
    Invalidations:                       0
    Prefetch hits:                     333
    Prefetch misses:                 1,104
    Miss rate:                        6.13%
Core #1 (0 thread(s))
Core #2 (0 thread(s))
Core #3 (0 thread(s))
LL stats:
    Hits:                              556
    Misses:                          3,413
    Compulsory misses:               4,322
    Invalidations:                       0
    Prefetch hits:                     195
    Prefetch misses:                   909
    Local miss rate:                 85.99%
    Child hits:                     67,804
    Total miss rate:                  4.76%
