Cache simulation results:
Core #0 (1 thread(s))
  L1I stats:
    Hits:                           47,499
    Misses:                          2,671
    Compulsory misses:               2,414
    Invalidations:                       0
    Miss rate:                        5.32%
  L1D stats:
    Hits:                           20,003
    Misses:                          1,286
    Compulsory misses:               1,881
    Invalidations:                       0
    Prefetch hits:                     333
    Prefetch misses:                 1,084
    Miss rate:                        6.04%
Core #1 (0 thread(s))
Core #2 (0 thread(s))
Core #3 (0 thread(s))
LL stats:
    Hits:                              555
    Misses:                          3,402
    Compulsory misses:               4,290
    Invalidations:                       0
    Prefetch hits:                     196
    Prefetch misses:                   888
    Local miss rate:                 85.97%
    Child hits:                     67,835
    Total miss rate:                  4.74%
