Cache simulation results:
Core #0 (1 thread(s))
  L1I stats:
    Hits:                           50,499
    Misses:                          2,709
    Compulsory misses:               2,429
    Invalidations:                       0
    Miss rate:                        5.09%
  L1D stats:
    Hits:                           20,907
    Misses:                          1,348
    Compulsory misses:               1,964
    Invalidations:                       0
    Prefetch hits:                     329
    Prefetch misses:                 1,148
    Miss rate:                        6.06%
Core #1 (0 thread(s))
Core #2 (0 thread(s))
Core #3 (0 thread(s))
LL stats:
    Hits:                              608
    Misses:                          3,449
    Compulsory misses:               4,388
    Invalidations:                       0
    Prefetch hits:                     209
    Prefetch misses:                   939
    Local miss rate:                 85.01%
    Child hits:                     71,735
    Total miss rate:                  4.55%
