Cache simulation results:
Core #0 (1 thread(s))
  L1I stats:
    Hits:                           60,631
    Misses:                          2,749
    Compulsory misses:               2,451
    Invalidations:                       0
    Miss rate:                        4.34%
  L1D stats:
    Hits:                           21,951
    Misses:                          1,333
    Compulsory misses:               1,941
    Invalidations:                       0
    Prefetch hits:                     339
    Prefetch misses:                 1,125
    Miss rate:                        5.72%
Core #1 (0 thread(s))
Core #2 (0 thread(s))
Core #3 (0 thread(s))
LL stats:
    Hits:                              613
    Misses:                          3,469
    Compulsory misses:               4,387
    Invalidations:                       0
    Prefetch hits:                     207
    Prefetch misses:                   918
    Local miss rate:                 84.98%
    Child hits:                     82,921
    Total miss rate:                  3.99%
