Cache simulation results:
Core #0 (1 thread(s))
  L1I stats:
    Hits:                           94,610
    Misses:                          5,255
    Compulsory misses:               2,402
    Invalidations:                       0
    Miss rate:                        5.26%
  L1D stats:
    Hits:                           39,927
    Misses:                          2,495
    Compulsory misses:               2,300
    Invalidations:                       0
    Prefetch hits:                     650
    Prefetch misses:                 2,108
    Miss rate:                        5.88%
Core #1 (0 thread(s))
Core #2 (0 thread(s))
Core #3 (0 thread(s))
LL stats:
    Hits:                            4,195
    Misses:                          3,555
    Compulsory misses:               4,697
    Invalidations:                       0
    Prefetch hits:                     966
    Prefetch misses:                 1,142
    Local miss rate:                 45.87%
    Child hits:                    135,187
    Total miss rate:                  2.49%
