Cache simulation results:
Core #0 (1 thread(s))
  L1I stats:
    Hits:                           47,221
    Misses:                          2,648
    Compulsory misses:               2,394
    Invalidations:                       0
    Miss rate:                        5.31%
  L1D stats:
    Hits:                           19,905
    Misses:                          1,285
    Compulsory misses:               1,889
    Invalidations:                       0
    Prefetch hits:                     324
    Prefetch misses:                 1,092
    Miss rate:                        6.06%
Core #1 (0 thread(s))
Core #2 (0 thread(s))
Core #3 (0 thread(s))
LL stats:
    Hits:                              549
    Misses:                          3,384
    Compulsory misses:               4,278
    Invalidations:                       0
    Prefetch hits:                     198
    Prefetch misses:                   894
    Local miss rate:                 86.04%
    Child hits:                     67,450
    Total miss rate:                  4.74%
