Cache simulation results:
Core #0 (1 thread(s))
  L1I stats:
    Hits:                           47,437
    Misses:                          2,663
    Compulsory misses:               2,409
    Invalidations:                       0
    Miss rate:                        5.32%
  L1D stats:
    Hits:                           20,005
    Misses:                          1,303
    Compulsory misses:               1,922
    Invalidations:                       0
    Prefetch hits:                     324
    Prefetch misses:                 1,110
    Miss rate:                        6.12%
Core #1 (0 thread(s))
Core #2 (0 thread(s))
Core #3 (0 thread(s))
LL stats:
    Hits:                              553
    Misses:                          3,413
    Compulsory misses:               4,326
    Invalidations:                       0
    Prefetch hits:                     197
    Prefetch misses:                   913
    Local miss rate:                 86.06%
    Child hits:                     67,766
    Total miss rate:                  4.76%
