Cache simulation results:
Core #0 (1 thread(s))
  L1I stats:
    Hits:                           47,286
    Misses:                          2,649
    Compulsory misses:               2,395
    Invalidations:                       0
    Miss rate:                        5.30%
  L1D stats:
    Hits:                           19,917
    Misses:                          1,287
    Compulsory misses:               1,865
    Invalidations:                       0
    Prefetch hits:                     341
    Prefetch misses:                 1,077
    Miss rate:                        6.07%
Core #1 (0 thread(s))
Core #2 (0 thread(s))
Core #3 (0 thread(s))
LL stats:
    Hits:                              559
    Misses:                          3,377
    Compulsory misses:               4,255
    Invalidations:                       0
    Prefetch hits:                     199
    Prefetch misses:                   878
    Local miss rate:                 85.80%
    Child hits:                     67,544
    Total miss rate:                  4.72%
