Cache simulation results:
Core #0 (1 thread(s))
  L1I stats:
    Hits:                           48,110
    Misses:                          2,673
    Compulsory misses:               2,418
    Invalidations:                       0
    Miss rate:                        5.26%
  L1D stats:
    Hits:                           20,219
    Misses:                          1,309
    Compulsory misses:               1,895
    Invalidations:                       0
    Prefetch hits:                     338
    Prefetch misses:                 1,101
    Miss rate:                        6.08%
Core #1 (0 thread(s))
Core #2 (0 thread(s))
Core #3 (0 thread(s))
LL stats:
    Hits:                              571
    Misses:                          3,411
    Compulsory misses:               4,308
    Invalidations:                       0
    Prefetch hits:                     204
    Prefetch misses:                   897
    Local miss rate:                 85.66%
    Child hits:                     68,667
    Total miss rate:                  4.70%
