Cache simulation results:
Core #0 (1 thread(s))
  L1I stats:
    Hits:                           47,173
    Misses:                          2,649
    Compulsory misses:               2,395
    Invalidations:                       0
    Miss rate:                        5.32%
  L1D stats:
    Hits:                           19,880
    Misses:                          1,285
    Compulsory misses:               1,872
    Invalidations:                       0
    Prefetch hits:                     333
    Prefetch misses:                 1,083
    Miss rate:                        6.07%
Core #1 (0 thread(s))
Core #2 (0 thread(s))
Core #3 (0 thread(s))
LL stats:
    Hits:                              558
    Misses:                          3,376
    Compulsory misses:               4,262
    Invalidations:                       0
    Prefetch hits:                     197
    Prefetch misses:                   886
    Local miss rate:                 85.82%
    Child hits:                     67,386
    Total miss rate:                  4.73%
