Cache simulation results:
Core #0 (1 thread(s))
  L1I stats:
    Hits:                           47,202
    Misses:                          2,650
    Compulsory misses:               2,396
    Invalidations:                       0
    Miss rate:                        5.32%
  L1D stats:
    Hits:                           19,908
    Misses:                          1,287
    Compulsory misses:               1,883
    Invalidations:                       0
    Prefetch hits:                     330
    Prefetch misses:                 1,088
    Miss rate:                        6.07%
Core #1 (0 thread(s))
Core #2 (0 thread(s))
Core #3 (0 thread(s))
LL stats:
    Hits:                              556
    Misses:                          3,381
    Compulsory misses:               4,274
    Invalidations:                       0
    Prefetch hits:                     195
    Prefetch misses:                   893
    Local miss rate:                 85.88%
    Child hits:                     67,440
    Total miss rate:                  4.74%
