Cache simulation results:
Core #0 (1 thread(s))
  L1I stats:
    Hits:                           94,401
    Misses:                          5,252
    Compulsory misses:               2,396
    Invalidations:                       0
    Miss rate:                        5.27%
  L1D stats:
    Hits:                           39,849
    Misses:                          2,504
    Compulsory misses:               2,277
    Invalidations:                       0
    Prefetch hits:                     639
    Prefetch misses:                 2,127
    Miss rate:                        5.91%
Core #1 (0 thread(s))
Core #2 (0 thread(s))
Core #3 (0 thread(s))
LL stats:
    Hits:                            4,218
    Misses:                          3,538
    Compulsory misses:               4,668
    Invalidations:                       0
    Prefetch hits:                     997
    Prefetch misses:                 1,130
    Local miss rate:                 45.62%
    Child hits:                    134,889
    Total miss rate:                  2.48%
