Cache simulation results:
Core #0 (1 thread(s))
  L1I stats:
    Hits:                           95,117
    Misses:                          5,280
    Compulsory misses:               2,427
    Invalidations:                       0
    Miss rate:                        5.26%
  L1D stats:
    Hits:                           40,166
    Misses:                          2,529
    Compulsory misses:               2,336
    Invalidations:                       0
    Prefetch hits:                     654
    Prefetch misses:                 2,137
    Miss rate:                        5.92%
Core #1 (0 thread(s))
Core #2 (0 thread(s))
Core #3 (0 thread(s))
LL stats:
    Hits:                            4,210
    Misses:                          3,599
    Compulsory misses:               4,758
    Invalidations:                       0
    Prefetch hits:                     978
    Prefetch misses:                 1,159
    Local miss rate:                 46.09%
    Child hits:                    135,937
    Total miss rate:                  2.50%
