Cache simulation results:
Core #0 (1 thread(s))
  L1I stats:
    Hits:                           47,210
    Misses:                          2,648
    Compulsory misses:               2,394
    Invalidations:                       0
    Miss rate:                        5.31%
  L1D stats:
    Hits:                           19,901
    Misses:                          1,283
    Compulsory misses:               1,872
    Invalidations:                       0
    Prefetch hits:                     338
    Prefetch misses:                 1,076
    Miss rate:                        6.06%
Core #1 (0 thread(s))
Core #2 (0 thread(s))
Core #3 (0 thread(s))
LL stats:
    Hits:                              555
    Misses:                          3,376
    Compulsory misses:               4,261
    Invalidations:                       0
    Prefetch hits:                     191
    Prefetch misses:                   885
    Local miss rate:                 85.88%
    Child hits:                     67,449
    Total miss rate:                  4.73%
