Cache simulation results:
Core #0 (1 thread(s))
  L1I stats:
    Hits:                           47,346
    Misses:                          2,656
    Compulsory misses:               2,402
    Invalidations:                       0
    Miss rate:                        5.31%
  L1D stats:
    Hits:                           19,940
    Misses:                          1,300
    Compulsory misses:               1,871
    Invalidations:                       0
    Prefetch hits:                     343
    Prefetch misses:                 1,089
    Miss rate:                        6.12%
Core #1 (0 thread(s))
Core #2 (0 thread(s))
Core #3 (0 thread(s))
LL stats:
    Hits:                              571
    Misses:                          3,385
    Compulsory misses:               4,268
    Invalidations:                       0
    Prefetch hits:                     206
    Prefetch misses:                   883
    Local miss rate:                 85.57%
    Child hits:                     67,629
    Total miss rate:                  4.73%
