Cache simulation results:
Core #0 (1 thread(s))
  L1I stats:
    Hits:                           47,292
    Misses:                          2,650
    Compulsory misses:               2,396
    Invalidations:                       0
    Miss rate:                        5.31%
  L1D stats:
    Hits:                           19,916
    Misses:                          1,283
    Compulsory misses:               1,873
    Invalidations:                       0
    Prefetch hits:                     333
    Prefetch misses:                 1,081
    Miss rate:                        6.05%
Core #1 (0 thread(s))
Core #2 (0 thread(s))
Core #3 (0 thread(s))
LL stats:
    Hits:                              554
    Misses:                          3,379
    Compulsory misses:               4,264
    Invalidations:                       0
    Prefetch hits:                     196
    Prefetch misses:                   885
    Local miss rate:                 85.91%
    Child hits:                     67,541
    Total miss rate:                  4.73%
