Cache simulation results:
Core #0 (1 thread(s))
  L1I stats:
    Hits:                           47,860
    Misses:                          2,660
    Compulsory misses:               2,406
    Invalidations:                       0
    Miss rate:                        5.27%
  L1D stats:
    Hits:                           20,156
    Misses:                          1,327
    Compulsory misses:               1,938
    Invalidations:                       0
    Prefetch hits:                     342
    Prefetch misses:                 1,116
    Miss rate:                        6.18%
Core #1 (0 thread(s))
Core #2 (0 thread(s))
Core #3 (0 thread(s))
LL stats:
    Hits:                              564
    Misses:                          3,423
    Compulsory misses:               4,339
    Invalidations:                       0
    Prefetch hits:                     200
    Prefetch misses:                   916
    Local miss rate:                 85.85%
    Child hits:                     68,358
    Total miss rate:                  4.73%
