Cache simulation results:
Core #0 (1 thread(s))
  L1I stats:
    Hits:                           48,246
    Misses:                          2,738
    Compulsory misses:               2,452
    Invalidations:                       0
    Miss rate:                        5.37%
  L1D stats:
    Hits:                           20,321
    Misses:                          1,370
    Compulsory misses:               1,988
    Invalidations:                       0
    Prefetch hits:                     337
    Prefetch misses:                 1,165
    Miss rate:                        6.32%
Core #1 (0 thread(s))
Core #2 (0 thread(s))
Core #3 (0 thread(s))
LL stats:
    Hits:                              616
    Misses:                          3,492
    Compulsory misses:               4,435
    Invalidations:                       0
    Prefetch hits:                     222
    Prefetch misses:                   943
    Local miss rate:                 85.00%
    Child hits:                     68,904
    Total miss rate:                  4.78%
