Cache simulation results:
Core #0 (1 thread(s))
  L1I stats:
    Hits:                           95,105
    Misses:                          5,260
    Compulsory misses:               2,405
    Invalidations:                       0
    Miss rate:                        5.24%
  L1D stats:
    Hits:                           40,173
    Misses:                          2,515
    Compulsory misses:               2,325
    Invalidations:                       0
    Prefetch hits:                     663
    Prefetch misses:                 2,114
    Miss rate:                        5.89%
Core #1 (0 thread(s))
Core #2 (0 thread(s))
Core #3 (0 thread(s))
LL stats:
    Hits:                            4,203
    Misses:                          3,572
    Compulsory misses:               4,725
    Invalidations:                       0
    Prefetch hits:                     961
    Prefetch misses:                 1,153
    Local miss rate:                 45.94%
    Child hits:                    135,941
    Total miss rate:                  2.49%
