Cache simulation results:
Core #0 (1 thread(s))
  L1I stats:
    Hits:                           95,315
    Misses:                          5,272
    Compulsory misses:               2,415
    Invalidations:                       0
    Miss rate:                        5.24%
  L1D stats:
    Hits:                           40,254
    Misses:                          2,522
    Compulsory misses:               2,332
    Invalidations:                       0
    Prefetch hits:                     652
    Prefetch misses:                 2,132
    Miss rate:                        5.90%
Core #1 (0 thread(s))
Core #2 (0 thread(s))
Core #3 (0 thread(s))
LL stats:
    Hits:                            4,202
    Misses:                          3,592
    Compulsory misses:               4,742
    Invalidations:                       0
    Prefetch hits:                     982
    Prefetch misses:                 1,150
    Local miss rate:                 46.09%
    Child hits:                    136,221
    Total miss rate:                  2.49%
