Cache simulation results:
Core #0 (1 thread(s))
  L1I stats:
    Hits:                           47,221
    Misses:                          2,650
    Compulsory misses:               2,396
    Invalidations:                       0
    Miss rate:                        5.31%
  L1D stats:
    Hits:                           19,901
    Misses:                          1,283
    Compulsory misses:               1,877
    Invalidations:                       0
    Prefetch hits:                     327
    Prefetch misses:                 1,087
    Miss rate:                        6.06%
Core #1 (0 thread(s))
Core #2 (0 thread(s))
Core #3 (0 thread(s))
LL stats:
    Hits:                              557
    Misses:                          3,376
    Compulsory misses:               4,268
    Invalidations:                       0
    Prefetch hits:                     195
    Prefetch misses:                   892
    Local miss rate:                 85.84%
    Child hits:                     67,449
    Total miss rate:                  4.73%
