Cache simulation results:
Core #0 (1 thread(s))
  L1I stats:
    Hits:                           47,232
    Misses:                          2,648
    Compulsory misses:               2,394
    Invalidations:                       0
    Miss rate:                        5.31%
  L1D stats:
    Hits:                           19,907
    Misses:                          1,275
    Compulsory misses:               1,873
    Invalidations:                       0
    Prefetch hits:                     336
    Prefetch misses:                 1,070
    Miss rate:                        6.02%
Core #1 (0 thread(s))
Core #2 (0 thread(s))
Core #3 (0 thread(s))
LL stats:
    Hits:                              546
    Misses:                          3,377
    Compulsory misses:               4,262
    Invalidations:                       0
    Prefetch hits:                     185
    Prefetch misses:                   885
    Local miss rate:                 86.08%
    Child hits:                     67,475
    Total miss rate:                  4.73%
