Cache simulation results:
Core #0 (1 thread(s))
  L1I stats:
    Hits:                           95,690
    Misses:                          5,304
    Compulsory misses:               2,445
    Invalidations:                       0
    Miss rate:                        5.25%
  L1D stats:
    Hits:                           40,358
    Misses:                          2,532
    Compulsory misses:               2,350
    Invalidations:                       0
    Prefetch hits:                     647
    Prefetch misses:                 2,146
    Miss rate:                        5.90%
Core #1 (0 thread(s))
Core #2 (0 thread(s))
Core #3 (0 thread(s))
LL stats:
    Hits:                            4,211
    Misses:                          3,625
    Compulsory misses:               4,790
    Invalidations:                       0
    Prefetch hits:                     981
    Prefetch misses:                 1,165
    Local miss rate:                 46.26%
    Child hits:                    136,695
    Total miss rate:                  2.51%
