Cache simulation results:
Core #0 (1 thread(s))
  L1I stats:
    Hits:                           95,184
    Misses:                          5,285
    Compulsory misses:               2,420
    Invalidations:                       0
    Miss rate:                        5.26%
  L1D stats:
    Hits:                           40,124
    Misses:                          2,539
    Compulsory misses:               2,338
    Invalidations:                       0
    Prefetch hits:                     673
    Prefetch misses:                 2,128
    Miss rate:                        5.95%
Core #1 (0 thread(s))
Core #2 (0 thread(s))
Core #3 (0 thread(s))
LL stats:
    Hits:                            4,223
    Misses:                          3,601
    Compulsory misses:               4,753
    Invalidations:                       0
    Prefetch hits:                     976
    Prefetch misses:                 1,152
    Local miss rate:                 46.03%
    Child hits:                    135,981
    Total miss rate:                  2.50%
