Cache simulation results:
Core #0 (1 thread(s))
  L1I stats:
    Hits:                           47,224
    Misses:                          2,652
    Compulsory misses:               2,398
    Invalidations:                       0
    Miss rate:                        5.32%
  L1D stats:
    Hits:                           19,872
    Misses:                          1,292
    Compulsory misses:               1,875
    Invalidations:                       0
    Prefetch hits:                     329
    Prefetch misses:                 1,094
    Miss rate:                        6.10%
Core #1 (0 thread(s))
Core #2 (0 thread(s))
Core #3 (0 thread(s))
LL stats:
    Hits:                              565
    Misses:                          3,379
    Compulsory misses:               4,268
    Invalidations:                       0
    Prefetch hits:                     205
    Prefetch misses:                   889
    Local miss rate:                 85.67%
    Child hits:                     67,425
    Total miss rate:                  4.73%
