Cache simulation results:
Core #0 (1 thread(s))
  L1I stats:
    Hits:                           94,579
    Misses:                          5,247
    Compulsory misses:               2,402
    Invalidations:                       0
    Miss rate:                        5.26%
  L1D stats:
    Hits:                           39,973
    Misses:                          2,506
    Compulsory misses:               2,294
    Invalidations:                       0
    Prefetch hits:                     662
    Prefetch misses:                 2,106
    Miss rate:                        5.90%
Core #1 (0 thread(s))
Core #2 (0 thread(s))
Core #3 (0 thread(s))
LL stats:
    Hits:                            4,197
    Misses:                          3,556
    Compulsory misses:               4,691
    Invalidations:                       0
    Prefetch hits:                     971
    Prefetch misses:                 1,135
    Local miss rate:                 45.87%
    Child hits:                    135,214
    Total miss rate:                  2.49%
