Cache simulation results:
Core #0 (1 thread(s))
  L1I stats:
    Hits:                           47,114
    Misses:                          2,640
    Compulsory misses:               2,386
    Invalidations:                       0
    Miss rate:                        5.31%
  L1D stats:
    Hits:                           19,884
    Misses:                          1,291
    Compulsory misses:               1,869
    Invalidations:                       0
    Prefetch hits:                     337
    Prefetch misses:                 1,085
    Miss rate:                        6.10%
Core #1 (0 thread(s))
Core #2 (0 thread(s))
Core #3 (0 thread(s))
LL stats:
    Hits:                              561
    Misses:                          3,370
    Compulsory misses:               4,250
    Invalidations:                       0
    Prefetch hits:                     205
    Prefetch misses:                   880
    Local miss rate:                 85.73%
    Child hits:                     67,335
    Total miss rate:                  4.73%
