Cache simulation results:
Core #0 (1 thread(s))
  L1I stats:
    Hits:                           47,226
    Misses:                          2,648
    Compulsory misses:               2,394
    Invalidations:                       0
    Miss rate:                        5.31%
  L1D stats:
    Hits:                           19,894
    Misses:                          1,286
    Compulsory misses:               1,877
    Invalidations:                       0
    Prefetch hits:                     335
    Prefetch misses:                 1,082
    Miss rate:                        6.07%
Core #1 (0 thread(s))
Core #2 (0 thread(s))
Core #3 (0 thread(s))
LL stats:
    Hits:                              553
    Misses:                          3,381
    Compulsory misses:               4,266
    Invalidations:                       0
    Prefetch hits:                     197
    Prefetch misses:                   885
    Local miss rate:                 85.94%
    Child hits:                     67,455
    Total miss rate:                  4.74%
