Cache simulation results:
Core #0 (1 thread(s))
  L1I stats:
    Hits:                           49,061
    Misses:                          2,693
    Compulsory misses:               2,416
    Invalidations:                       0
    Miss rate:                        5.20%
  L1D stats:
    Hits:                           20,629
    Misses:                          1,318
    Compulsory misses:               1,912
    Invalidations:                       0
    Prefetch hits:                     339
    Prefetch misses:                 1,110
    Miss rate:                        6.01%
Core #1 (0 thread(s))
Core #2 (0 thread(s))
Core #3 (0 thread(s))
LL stats:
    Hits:                              592
    Misses:                          3,419
    Compulsory misses:               4,323
    Invalidations:                       0
    Prefetch hits:                     206
    Prefetch misses:                   904
    Local miss rate:                 85.24%
    Child hits:                     70,029
    Total miss rate:                  4.62%
