Cache simulation results:
Core #0 (1 thread(s))
  L1I stats:
    Hits:                           47,849
    Misses:                          2,660
    Compulsory misses:               2,406
    Invalidations:                       0
    Miss rate:                        5.27%
  L1D stats:
    Hits:                           20,153
    Misses:                          1,323
    Compulsory misses:               1,913
    Invalidations:                       0
    Prefetch hits:                     339
    Prefetch misses:                 1,115
    Miss rate:                        6.16%
Core #1 (0 thread(s))
Core #2 (0 thread(s))
Core #3 (0 thread(s))
LL stats:
    Hits:                              579
    Misses:                          3,404
    Compulsory misses:               4,314
    Invalidations:                       0
    Prefetch hits:                     205
    Prefetch misses:                   910
    Local miss rate:                 85.46%
    Child hits:                     68,341
    Total miss rate:                  4.71%
