Cache simulation results:
Core #0 (1 thread(s))
  L1I stats:
    Hits:                           47,468
    Misses:                          2,668
    Compulsory misses:               2,414
    Invalidations:                       0
    Miss rate:                        5.32%
  L1D stats:
    Hits:                           20,015
    Misses:                          1,321
    Compulsory misses:               1,945
    Invalidations:                       0
    Prefetch hits:                     338
    Prefetch misses:                 1,114
    Miss rate:                        6.19%
Core #1 (0 thread(s))
Core #2 (0 thread(s))
Core #3 (0 thread(s))
LL stats:
    Hits:                              558
    Misses:                          3,431
    Compulsory misses:               4,354
    Invalidations:                       0
    Prefetch hits:                     191
    Prefetch misses:                   923
    Local miss rate:                 86.01%
    Child hits:                     67,821
    Total miss rate:                  4.78%
