Cache simulation results:
Core #0 (1 thread(s))
  L1I stats:
    Hits:                       72,690,141
    Misses:                      1,056,935
    Compulsory misses:               9,761
    Invalidations:                       0
    Miss rate:                        1.43%
  L1D stats:
    Hits:                       29,944,883
    Misses:                        823,152
    Compulsory misses:             705,706
    Invalidations:                       0
    Prefetch hits:                 139,032
    Prefetch misses:               729,691
    Miss rate:                        2.68%
Core #1 (0 thread(s))
Core #2 (0 thread(s))
Core #3 (0 thread(s))
LL stats:
    Hits:                        1,417,345
    Misses:                        462,742
    Compulsory misses:             715,467
    Invalidations:                       0
    Prefetch hits:                 320,895
    Prefetch misses:               408,796
    Local miss rate:                 24.61%
    Child hits:                102,774,056
    Total miss rate:                  0.44%
