Cache simulation results:
Core #0 (1 thread(s))
  L1I stats:
    Hits:                           47,265
    Misses:                          2,648
    Compulsory misses:               2,394
    Invalidations:                       0
    Miss rate:                        5.31%
  L1D stats:
    Hits:                           19,910
    Misses:                          1,288
    Compulsory misses:               1,869
    Invalidations:                       0
    Prefetch hits:                     330
    Prefetch misses:                 1,089
    Miss rate:                        6.08%
Core #1 (0 thread(s))
Core #2 (0 thread(s))
Core #3 (0 thread(s))
LL stats:
    Hits:                              567
    Misses:                          3,369
    Compulsory misses:               4,258
    Invalidations:                       0
    Prefetch hits:                     200
    Prefetch misses:                   889
    Local miss rate:                 85.59%
    Child hits:                     67,505
    Total miss rate:                  4.72%
