Cache simulation results:
Core #0 (1 thread(s))
  L1I stats:
    Hits:                           47,831
    Misses:                          2,658
    Compulsory misses:               2,404
    Invalidations:                       0
    Miss rate:                        5.26%
  L1D stats:
    Hits:                           20,172
    Misses:                          1,315
    Compulsory misses:               1,919
    Invalidations:                       0
    Prefetch hits:                     336
    Prefetch misses:                 1,110
    Miss rate:                        6.12%
Core #1 (0 thread(s))
Core #2 (0 thread(s))
Core #3 (0 thread(s))
LL stats:
    Hits:                              563
    Misses:                          3,410
    Compulsory misses:               4,318
    Invalidations:                       0
    Prefetch hits:                     202
    Prefetch misses:                   908
    Local miss rate:                 85.83%
    Child hits:                     68,339
    Total miss rate:                  4.72%
