Cache simulation results:
Core #0 (1 thread(s))
  L1I stats:
    Hits:                           48,499
    Misses:                          2,703
    Compulsory misses:               2,444
    Invalidations:                       0
    Miss rate:                        5.28%
  L1D stats:
    Hits:                           20,375
    Misses:                          1,339
    Compulsory misses:               1,973
    Invalidations:                       0
    Prefetch hits:                     340
    Prefetch misses:                 1,129
    Miss rate:                        6.17%
Core #1 (0 thread(s))
Core #2 (0 thread(s))
Core #3 (0 thread(s))
LL stats:
    Hits:                              564
    Misses:                          3,478
    Compulsory misses:               4,412
    Invalidations:                       0
    Prefetch hits:                     195
    Prefetch misses:                   934
    Local miss rate:                 86.05%
    Child hits:                     69,214
    Total miss rate:                  4.75%
