Cache simulation results:
Core #0 (1 thread(s))
  L1I stats:
    Hits:                           47,369
    Misses:                          2,665
    Compulsory misses:               2,408
    Invalidations:                       0
    Miss rate:                        5.33%
  L1D stats:
    Hits:                           19,993
    Misses:                          1,313
    Compulsory misses:               1,906
    Invalidations:                       0
    Prefetch hits:                     345
    Prefetch misses:                 1,099
    Miss rate:                        6.16%
Core #1 (0 thread(s))
Core #2 (0 thread(s))
Core #3 (0 thread(s))
LL stats:
    Hits:                              568
    Misses:                          3,410
    Compulsory misses:               4,309
    Invalidations:                       0
    Prefetch hits:                     200
    Prefetch misses:                   899
    Local miss rate:                 85.72%
    Child hits:                     67,707
    Total miss rate:                  4.76%
