Cache simulation results:
Core #0 (1 thread(s))
  L1I stats:
    Hits:                           94,487
    Misses:                          5,251
    Compulsory misses:               2,397
    Invalidations:                       0
    Miss rate:                        5.26%
  L1D stats:
    Hits:                           39,889
    Misses:                          2,476
    Compulsory misses:               2,278
    Invalidations:                       0
    Prefetch hits:                     651
    Prefetch misses:                 2,087
    Miss rate:                        5.84%
Core #1 (0 thread(s))
Core #2 (0 thread(s))
Core #3 (0 thread(s))
LL stats:
    Hits:                            4,187
    Misses:                          3,540
    Compulsory misses:               4,670
    Invalidations:                       0
    Prefetch hits:                     957
    Prefetch misses:                 1,130
    Local miss rate:                 45.81%
    Child hits:                    135,027
    Total miss rate:                  2.48%
