Cache simulation results:
Core #0 (1 thread(s))
  L1I stats:
    Hits:                           47,224
    Misses:                          2,650
    Compulsory misses:               2,396
    Invalidations:                       0
    Miss rate:                        5.31%
  L1D stats:
    Hits:                           19,905
    Misses:                          1,280
    Compulsory misses:               1,892
    Invalidations:                       0
    Prefetch hits:                     329
    Prefetch misses:                 1,082
    Miss rate:                        6.04%
Core #1 (0 thread(s))
Core #2 (0 thread(s))
Core #3 (0 thread(s))
LL stats:
    Hits:                              542
    Misses:                          3,388
    Compulsory misses:               4,283
    Invalidations:                       0
    Prefetch hits:                     187
    Prefetch misses:                   895
    Local miss rate:                 86.21%
    Child hits:                     67,458
    Total miss rate:                  4.75%
