Cache simulation results:
Core #0 (1 thread(s))
  L1I stats:
    Hits:                           47,814
    Misses:                          2,660
    Compulsory misses:               2,406
    Invalidations:                       0
    Miss rate:                        5.27%
  L1D stats:
    Hits:                           20,177
    Misses:                          1,296
    Compulsory misses:               1,899
    Invalidations:                       0
    Prefetch hits:                     335
    Prefetch misses:                 1,092
    Miss rate:                        6.04%
Core #1 (0 thread(s))
Core #2 (0 thread(s))
Core #3 (0 thread(s))
LL stats:
    Hits:                              554
    Misses:                          3,402
    Compulsory misses:               4,300
    Invalidations:                       0
    Prefetch hits:                     194
    Prefetch misses:                   898
    Local miss rate:                 86.00%
    Child hits:                     68,326
    Total miss rate:                  4.71%
