Cache simulation results:
Core #0 (1 thread(s))
  L1I stats:
    Hits:                           12,274
    Misses:                            589
    Compulsory misses:                 570
    Invalidations:                       0
    Miss rate:                        4.58%
  L1D stats:
    Hits:                            5,100
    Misses:                            233
    Compulsory misses:                 420
    Invalidations:                       0
    Prefetch hits:                      51
    Prefetch misses:                   210
    Miss rate:                        4.37%
Core #1 (0 thread(s))
Core #2 (0 thread(s))
Core #3 (0 thread(s))
LL stats:
    Hits:                               35
    Misses:                            787
    Compulsory misses:                 990
    Invalidations:                       0
    Prefetch hits:                       7
    Prefetch misses:                   203
    Local miss rate:                 95.74%
    Child hits:                     17,425
    Total miss rate:                  4.31%
