Cache simulation results:
Core #0 (1 thread(s))
  L1I stats:
    Hits:                           47,305
    Misses:                          2,649
    Compulsory misses:               2,395
    Invalidations:                       0
    Miss rate:                        5.30%
  L1D stats:
    Hits:                           19,910
    Misses:                          1,293
    Compulsory misses:               1,884
    Invalidations:                       0
    Prefetch hits:                     336
    Prefetch misses:                 1,088
    Miss rate:                        6.10%
Core #1 (0 thread(s))
Core #2 (0 thread(s))
Core #3 (0 thread(s))
LL stats:
    Hits:                              562
    Misses:                          3,380
    Compulsory misses:               4,274
    Invalidations:                       0
    Prefetch hits:                     194
    Prefetch misses:                   894
    Local miss rate:                 85.74%
    Child hits:                     67,551
    Total miss rate:                  4.73%
