Cache simulation results:
Core #0 (1 thread(s))
  L1I stats:
    Hits:                           47,230
    Misses:                          2,650
    Compulsory misses:               2,396
    Invalidations:                       0
    Miss rate:                        5.31%
  L1D stats:
    Hits:                           19,873
    Misses:                          1,294
    Compulsory misses:               1,885
    Invalidations:                       0
    Prefetch hits:                     340
    Prefetch misses:                 1,085
    Miss rate:                        6.11%
Core #1 (0 thread(s))
Core #2 (0 thread(s))
Core #3 (0 thread(s))
LL stats:
    Hits:                              558
    Misses:                          3,386
    Compulsory misses:               4,276
    Invalidations:                       0
    Prefetch hits:                     195
    Prefetch misses:                   890
    Local miss rate:                 85.85%
    Child hits:                     67,443
    Total miss rate:                  4.74%
