Cache simulation results:
Core #0 (1 thread(s))
  L1I stats:
    Hits:                          126,221
    Misses:                          5,885
    Compulsory misses:               2,485
    Invalidations:                       0
    Miss rate:                        4.45%
  L1D stats:
    Hits:                           46,725
    Misses:                          2,161
    Compulsory misses:               2,555
    Invalidations:                       0
    Prefetch hits:                     541
    Prefetch misses:                 1,789
    Miss rate:                        4.42%
Core #1 (0 thread(s))
Core #2 (0 thread(s))
Core #3 (0 thread(s))
LL stats:
    Hits:                            4,225
    Misses:                          3,821
    Compulsory misses:               5,035
    Invalidations:                       0
    Prefetch hits:                     575
    Prefetch misses:                 1,214
    Local miss rate:                 47.49%
    Child hits:                    173,487
    Total miss rate:                  2.10%
