Cache simulation results:
Core #0 (1 thread(s))
  L1I stats:
    Hits:                           94,464
    Misses:                          5,247
    Compulsory misses:               2,397
    Invalidations:                       0
    Miss rate:                        5.26%
  L1D stats:
    Hits:                           39,913
    Misses:                          2,478
    Compulsory misses:               2,283
    Invalidations:                       0
    Prefetch hits:                     633
    Prefetch misses:                 2,107
    Miss rate:                        5.85%
Core #1 (0 thread(s))
Core #2 (0 thread(s))
Core #3 (0 thread(s))
LL stats:
    Hits:                            4,185
    Misses:                          3,540
    Compulsory misses:               4,675
    Invalidations:                       0
    Prefetch hits:                     972
    Prefetch misses:                 1,135
    Local miss rate:                 45.83%
    Child hits:                    135,010
    Total miss rate:                  2.48%
