Cache simulation results:
Core #0 (1 thread(s))
  L1I stats:
    Hits:                           47,244
    Misses:                          2,649
    Compulsory misses:               2,395
    Invalidations:                       0
    Miss rate:                        5.31%
  L1D stats:
    Hits:                           19,912
    Misses:                          1,291
    Compulsory misses:               1,873
    Invalidations:                       0
    Prefetch hits:                     336
    Prefetch misses:                 1,086
    Miss rate:                        6.09%
Core #1 (0 thread(s))
Core #2 (0 thread(s))
Core #3 (0 thread(s))
LL stats:
    Hits:                              565
    Misses:                          3,375
    Compulsory misses:               4,263
    Invalidations:                       0
    Prefetch hits:                     198
    Prefetch misses:                   888
    Local miss rate:                 85.66%
    Child hits:                     67,492
    Total miss rate:                  4.72%
