Cache simulation results:
Core #0 (1 thread(s))
  L1I stats:
    Hits:                           47,220
    Misses:                          2,648
    Compulsory misses:               2,394
    Invalidations:                       0
    Miss rate:                        5.31%
  L1D stats:
    Hits:                           19,879
    Misses:                          1,291
    Compulsory misses:               1,884
    Invalidations:                       0
    Prefetch hits:                     327
    Prefetch misses:                 1,095
    Miss rate:                        6.10%
Core #1 (0 thread(s))
Core #2 (0 thread(s))
Core #3 (0 thread(s))
LL stats:
    Hits:                              561
    Misses:                          3,378
    Compulsory misses:               4,273
    Invalidations:                       0
    Prefetch hits:                     200
    Prefetch misses:                   895
    Local miss rate:                 85.76%
    Child hits:                     67,426
    Total miss rate:                  4.73%
