Cache simulation results:
Core #0 (1 thread(s))
  L1I stats:
    Hits:                           47,275
    Misses:                          2,649
    Compulsory misses:               2,395
    Invalidations:                       0
    Miss rate:                        5.31%
  L1D stats:
    Hits:                           19,933
    Misses:                          1,281
    Compulsory misses:               1,882
    Invalidations:                       0
    Prefetch hits:                     330
    Prefetch misses:                 1,082
    Miss rate:                        6.04%
Core #1 (0 thread(s))
Core #2 (0 thread(s))
Core #3 (0 thread(s))
LL stats:
    Hits:                              551
    Misses:                          3,379
    Compulsory misses:               4,272
    Invalidations:                       0
    Prefetch hits:                     189
    Prefetch misses:                   893
    Local miss rate:                 85.98%
    Child hits:                     67,538
    Total miss rate:                  4.73%
