Cache simulation results:
Core #0 (1 thread(s))
  L1I stats:
    Hits:                           96,361
    Misses:                          5,292
    Compulsory misses:               2,434
    Invalidations:                       0
    Miss rate:                        5.21%
  L1D stats:
    Hits:                           40,597
    Misses:                          2,531
    Compulsory misses:               2,358
    Invalidations:                       0
    Prefetch hits:                     668
    Prefetch misses:                 2,124
    Miss rate:                        5.87%
Core #1 (0 thread(s))
Core #2 (0 thread(s))
Core #3 (0 thread(s))
LL stats:
    Hits:                            4,195
    Misses:                          3,628
    Compulsory misses:               4,787
    Invalidations:                       0
    Prefetch hits:                     965
    Prefetch misses:                 1,159
    Local miss rate:                 46.38%
    Child hits:                    137,626
    Total miss rate:                  2.49%
