Cache simulation results:
Core #0 (1 thread(s))
  L1I stats:
    Hits:                           47,227
    Misses:                          2,650
    Compulsory misses:               2,396
    Invalidations:                       0
    Miss rate:                        5.31%
  L1D stats:
    Hits:                           19,886
    Misses:                          1,309
    Compulsory misses:               1,928
    Invalidations:                       0
    Prefetch hits:                     337
    Prefetch misses:                 1,103
    Miss rate:                        6.18%
Core #1 (0 thread(s))
Core #2 (0 thread(s))
Core #3 (0 thread(s))
LL stats:
    Hits:                              551
    Misses:                          3,408
    Compulsory misses:               4,319
    Invalidations:                       0
    Prefetch hits:                     192
    Prefetch misses:                   911
    Local miss rate:                 86.08%
    Child hits:                     67,450
    Total miss rate:                  4.77%
