Cache simulation results:
Core #0 (1 thread(s))
  L1I stats:
    Hits:                           47,309
    Misses:                          2,657
    Compulsory misses:               2,403
    Invalidations:                       0
    Miss rate:                        5.32%
  L1D stats:
    Hits:                           19,945
    Misses:                          1,275
    Compulsory misses:               1,858
    Invalidations:                       0
    Prefetch hits:                     337
    Prefetch misses:                 1,069
    Miss rate:                        6.01%
Core #1 (0 thread(s))
Core #2 (0 thread(s))
Core #3 (0 thread(s))
LL stats:
    Hits:                              557
    Misses:                          3,375
    Compulsory misses:               4,256
    Invalidations:                       0
    Prefetch hits:                     188
    Prefetch misses:                   881
    Local miss rate:                 85.83%
    Child hits:                     67,591
    Total miss rate:                  4.72%
