Cache simulation results:
Core #0 (1 thread(s))
  L1I stats:
    Hits:                           47,220
    Misses:                          2,648
    Compulsory misses:               2,394
    Invalidations:                       0
    Miss rate:                        5.31%
  L1D stats:
    Hits:                           19,894
    Misses:                          1,277
    Compulsory misses:               1,882
    Invalidations:                       0
    Prefetch hits:                     328
    Prefetch misses:                 1,080
    Miss rate:                        6.03%
Core #1 (0 thread(s))
Core #2 (0 thread(s))
Core #3 (0 thread(s))
LL stats:
    Hits:                              545
    Misses:                          3,380
    Compulsory misses:               4,271
    Invalidations:                       0
    Prefetch hits:                     189
    Prefetch misses:                   891
    Local miss rate:                 86.11%
    Child hits:                     67,442
    Total miss rate:                  4.74%
