Cache simulation results:
Core #0 (1 thread(s))
  L1I stats:
    Hits:                           47,366
    Misses:                          2,666
    Compulsory misses:               2,409
    Invalidations:                       0
    Miss rate:                        5.33%
  L1D stats:
    Hits:                           19,961
    Misses:                          1,325
    Compulsory misses:               1,926
    Invalidations:                       0
    Prefetch hits:                     352
    Prefetch misses:                 1,104
    Miss rate:                        6.22%
Core #1 (0 thread(s))
Core #2 (0 thread(s))
Core #3 (0 thread(s))
LL stats:
    Hits:                              568
    Misses:                          3,423
    Compulsory misses:               4,330
    Invalidations:                       0
    Prefetch hits:                     197
    Prefetch misses:                   907
    Local miss rate:                 85.77%
    Child hits:                     67,679
    Total miss rate:                  4.78%
