Cache simulation results:
Core #0 (1 thread(s))
  L1I stats:
    Hits:                           47,273
    Misses:                          2,648
    Compulsory misses:               2,394
    Invalidations:                       0
    Miss rate:                        5.30%
  L1D stats:
    Hits:                           19,917
    Misses:                          1,285
    Compulsory misses:               1,892
    Invalidations:                       0
    Prefetch hits:                     329
    Prefetch misses:                 1,087
    Miss rate:                        6.06%
Core #1 (0 thread(s))
Core #2 (0 thread(s))
Core #3 (0 thread(s))
LL stats:
    Hits:                              548
    Misses:                          3,385
    Compulsory misses:               4,281
    Invalidations:                       0
    Prefetch hits:                     191
    Prefetch misses:                   896
    Local miss rate:                 86.07%
    Child hits:                     67,519
    Total miss rate:                  4.74%
