Cache simulation results:
Core #0 (1 thread(s))
  L1I stats:
    Hits:                           47,276
    Misses:                          2,650
    Compulsory misses:               2,396
    Invalidations:                       0
    Miss rate:                        5.31%
  L1D stats:
    Hits:                           19,917
    Misses:                          1,281
    Compulsory misses:               1,881
    Invalidations:                       0
    Prefetch hits:                     332
    Prefetch misses:                 1,080
    Miss rate:                        6.04%
Core #1 (0 thread(s))
Core #2 (0 thread(s))
Core #3 (0 thread(s))
LL stats:
    Hits:                              547
    Misses:                          3,384
    Compulsory misses:               4,272
    Invalidations:                       0
    Prefetch hits:                     192
    Prefetch misses:                   888
    Local miss rate:                 86.08%
    Child hits:                     67,525
    Total miss rate:                  4.74%
