Cache simulation results:
Core #0 (1 thread(s))
  L1I stats:
    Hits:                           94,478
    Misses:                          5,252
    Compulsory misses:               2,396
    Invalidations:                       0
    Miss rate:                        5.27%
  L1D stats:
    Hits:                           39,875
    Misses:                          2,476
    Compulsory misses:               2,281
    Invalidations:                       0
    Prefetch hits:                     648
    Prefetch misses:                 2,090
    Miss rate:                        5.85%
Core #1 (0 thread(s))
Core #2 (0 thread(s))
Core #3 (0 thread(s))
LL stats:
    Hits:                            4,185
    Misses:                          3,543
    Compulsory misses:               4,672
    Invalidations:                       0
    Prefetch hits:                     961
    Prefetch misses:                 1,129
    Local miss rate:                 45.85%
    Child hits:                    135,001
    Total miss rate:                  2.48%
