Cache simulation results:
Core #0 (1 thread(s))
  L1I stats:
    Hits:                           48,542
    Misses:                          2,696
    Compulsory misses:               2,441
    Invalidations:                       0
    Miss rate:                        5.26%
  L1D stats:
    Hits:                           20,446
    Misses:                          1,345
    Compulsory misses:               2,010
    Invalidations:                       0
    Prefetch hits:                     331
    Prefetch misses:                 1,145
    Miss rate:                        6.17%
Core #1 (0 thread(s))
Core #2 (0 thread(s))
Core #3 (0 thread(s))
LL stats:
    Hits:                              546
    Misses:                          3,495
    Compulsory misses:               4,446
    Invalidations:                       0
    Prefetch hits:                     194
    Prefetch misses:                   951
    Local miss rate:                 86.49%
    Child hits:                     69,319
    Total miss rate:                  4.76%
