Cache simulation results:
Core #0 (1 thread(s))
  L1I stats:
    Hits:                           94,866
    Misses:                          5,258
    Compulsory misses:               2,409
    Invalidations:                       0
    Miss rate:                        5.25%
  L1D stats:
    Hits:                           40,042
    Misses:                          2,498
    Compulsory misses:               2,270
    Invalidations:                       0
    Prefetch hits:                     654
    Prefetch misses:                 2,107
    Miss rate:                        5.87%
Core #1 (0 thread(s))
Core #2 (0 thread(s))
Core #3 (0 thread(s))
LL stats:
    Hits:                            4,206
    Misses:                          3,550
    Compulsory misses:               4,674
    Invalidations:                       0
    Prefetch hits:                     983
    Prefetch misses:                 1,124
    Local miss rate:                 45.77%
    Child hits:                    135,562
    Total miss rate:                  2.48%
