Cache simulation results:
Core #0 (1 thread(s))
  L1I stats:
    Hits:                           12,240
    Misses:                            586
    Compulsory misses:                 571
    Invalidations:                       0
    Miss rate:                        4.57%
  L1D stats:
    Hits:                            5,086
    Misses:                            227
    Compulsory misses:                 418
    Invalidations:                       0
    Prefetch hits:                      47
    Prefetch misses:                   208
    Miss rate:                        4.27%
Core #1 (0 thread(s))
Core #2 (0 thread(s))
Core #3 (0 thread(s))
LL stats:
    Hits:                               26
    Misses:                            787
    Compulsory misses:                 989
    Invalidations:                       0
    Prefetch hits:                       6
    Prefetch misses:                   202
    Local miss rate:                 96.80%
    Child hits:                     17,373
    Total miss rate:                  4.33%
