Cache simulation results:
Core #0 (1 thread(s))
  L1I stats:
    Hits:                           97,615
    Misses:                          4,674
    Compulsory misses:               2,467
    Invalidations:                       0
    Miss rate:                        4.57%
  L1D stats:
    Hits:                           38,601
    Misses:                          2,282
    Compulsory misses:               2,326
    Invalidations:                       0
    Prefetch hits:                     612
    Prefetch misses:                 1,926
    Miss rate:                        5.58%
Core #1 (0 thread(s))
Core #2 (0 thread(s))
Core #3 (0 thread(s))
LL stats:
    Hits:                            3,314
    Misses:                          3,642
    Compulsory misses:               4,788
    Invalidations:                       0
    Prefetch hits:                     780
    Prefetch misses:                 1,146
    Local miss rate:                 52.36%
    Child hits:                    136,828
    Total miss rate:                  2.53%
