Cache simulation results:
Core #0 (1 thread(s))
  L1I stats:
    Hits:                      720,008,320
    Misses:                         30,496
    Compulsory misses:               8,734
    Invalidations:                       0
    Miss rate:                        0.00%
  L1D stats:
    Hits:                      198,241,194
    Misses:                      4,072,687
    Compulsory misses:           1,397,781
    Invalidations:                       0
    Prefetch hits:                 466,226
    Prefetch misses:             3,988,177
    Miss rate:                        2.01%
Core #1 (0 thread(s))
Core #2 (0 thread(s))
Core #3 (0 thread(s))
LL stats:
    Hits:                        2,863,623
    Misses:                      1,239,560
    Compulsory misses:           1,406,515
    Invalidations:                       0
    Prefetch hits:               2,741,161
    Prefetch misses:             1,247,016
    Local miss rate:                 30.21%
    Child hits:                918,715,740
    Total miss rate:                  0.13%
