Cache simulation results:
Core #0 (1 thread(s))
  L1I stats:
    Hits:                           94,555
    Misses:                          5,248
    Compulsory misses:               2,395
    Invalidations:                       0
    Miss rate:                        5.26%
  L1D stats:
    Hits:                           39,896
    Misses:                          2,496
    Compulsory misses:               2,286
    Invalidations:                       0
    Prefetch hits:                     657
    Prefetch misses:                 2,101
    Miss rate:                        5.89%
Core #1 (0 thread(s))
Core #2 (0 thread(s))
Core #3 (0 thread(s))
LL stats:
    Hits:                            4,201
    Misses:                          3,543
    Compulsory misses:               4,676
    Invalidations:                       0
    Prefetch hits:                     968
    Prefetch misses:                 1,133
    Local miss rate:                 45.75%
    Child hits:                    135,108
    Total miss rate:                  2.48%
