Cache simulation results:
Core #0 (1 thread(s))
  L1I stats:
    Hits:                           47,364
    Misses:                          2,655
    Compulsory misses:               2,401
    Invalidations:                       0
    Miss rate:                        5.31%
  L1D stats:
    Hits:                           19,924
    Misses:                          1,312
    Compulsory misses:               1,941
    Invalidations:                       0
    Prefetch hits:                     339
    Prefetch misses:                 1,105
    Miss rate:                        6.18%
Core #1 (0 thread(s))
Core #2 (0 thread(s))
Core #3 (0 thread(s))
LL stats:
    Hits:                              546
    Misses:                          3,421
    Compulsory misses:               4,337
    Invalidations:                       0
    Prefetch hits:                     189
    Prefetch misses:                   916
    Local miss rate:                 86.24%
    Child hits:                     67,627
    Total miss rate:                  4.78%
