Cache simulation results:
Core #0 (1 thread(s))
  L1I stats:
    Hits:                           94,525
    Misses:                          5,248
    Compulsory misses:               2,394
    Invalidations:                       0
    Miss rate:                        5.26%
  L1D stats:
    Hits:                           39,920
    Misses:                          2,476
    Compulsory misses:               2,312
    Invalidations:                       0
    Prefetch hits:                     652
    Prefetch misses:                 2,086
    Miss rate:                        5.84%
Core #1 (0 thread(s))
Core #2 (0 thread(s))
Core #3 (0 thread(s))
LL stats:
    Hits:                            4,169
    Misses:                          3,555
    Compulsory misses:               4,701
    Invalidations:                       0
    Prefetch hits:                     940
    Prefetch misses:                 1,146
    Local miss rate:                 46.03%
    Child hits:                    135,097
    Total miss rate:                  2.49%
