Cache simulation results:
Core #0 (1 thread(s))
  L1I stats:
    Hits:                           16,556
    Misses:                            811
    Compulsory misses:                 778
    Invalidations:                       0
    Miss rate:                        4.67%
  L1D stats:
    Hits:                            7,112
    Misses:                            270
    Compulsory misses:                 499
    Invalidations:                       0
    Prefetch hits:                      65
    Prefetch misses:                   251
    Miss rate:                        3.66%
Core #1 (0 thread(s))
Core #2 (0 thread(s))
Core #3 (0 thread(s))
LL stats:
    Hits:                               48
    Misses:                          1,033
    Compulsory misses:               1,277
    Invalidations:                       0
    Prefetch hits:                       7
    Prefetch misses:                   244
    Local miss rate:                 95.56%
    Child hits:                     23,733
    Total miss rate:                  4.16%
