Cache simulation results:
Core #0 (1 thread(s))
  L1I stats:
    Hits:                           96,562
    Misses:                          5,302
    Compulsory misses:               2,447
    Invalidations:                       0
    Miss rate:                        5.20%
  L1D stats:
    Hits:                           40,645
    Misses:                          2,576
    Compulsory misses:               2,442
    Invalidations:                       0
    Prefetch hits:                     656
    Prefetch misses:                 2,181
    Miss rate:                        5.96%
Core #1 (0 thread(s))
Core #2 (0 thread(s))
Core #3 (0 thread(s))
LL stats:
    Hits:                            4,206
    Misses:                          3,672
    Compulsory misses:               4,884
    Invalidations:                       0
    Prefetch hits:                     969
    Prefetch misses:                 1,212
    Local miss rate:                 46.61%
    Child hits:                    137,863
    Total miss rate:                  2.52%
