Cache simulation results:
Core #0 (1 thread(s))
  L1I stats:
    Hits:                           95,385
    Misses:                          5,263
    Compulsory misses:               2,414
    Invalidations:                       0
    Miss rate:                        5.23%
  L1D stats:
    Hits:                           40,271
    Misses:                          2,520
    Compulsory misses:               2,336
    Invalidations:                       0
    Prefetch hits:                     660
    Prefetch misses:                 2,122
    Miss rate:                        5.89%
Core #1 (0 thread(s))
Core #2 (0 thread(s))
Core #3 (0 thread(s))
LL stats:
    Hits:                            4,195
    Misses:                          3,588
    Compulsory misses:               4,745
    Invalidations:                       0
    Prefetch hits:                     965
    Prefetch misses:                 1,157
    Local miss rate:                 46.10%
    Child hits:                    136,316
    Total miss rate:                  2.49%
