Cache simulation results:
Core #0 (1 thread(s))
  L1I stats:
    Hits:                            2,233
    Misses:                             25
    Compulsory misses:                  25
    Invalidations:                       0
    Miss rate:                        1.11%
  L1D stats:
    Hits:                              945
    Misses:                             37
    Compulsory misses:                  70
    Invalidations:                       0
    Prefetch hits:                       4
    Prefetch misses:                    33
    Miss rate:                        3.77%
Core #1 (0 thread(s))
Core #2 (0 thread(s))
Core #3 (0 thread(s))
LL stats:
    Hits:                                0
    Misses:                             62
    Compulsory misses:                  95
    Invalidations:                       0
    Prefetch hits:                       0
    Prefetch misses:                    33
    Local miss rate:                100.00%
    Child hits:                      3,182
    Total miss rate:                  1.91%
