Cache simulation results:
Core #0 (1 thread(s))
  L1I stats:
    Hits:                           95,061
    Misses:                          5,258
    Compulsory misses:               2,405
    Invalidations:                       0
    Miss rate:                        5.24%
  L1D stats:
    Hits:                           40,166
    Misses:                          2,509
    Compulsory misses:               2,356
    Invalidations:                       0
    Prefetch hits:                     663
    Prefetch misses:                 2,108
    Miss rate:                        5.88%
Core #1 (0 thread(s))
Core #2 (0 thread(s))
Core #3 (0 thread(s))
LL stats:
    Hits:                            4,175
    Misses:                          3,592
    Compulsory misses:               4,756
    Invalidations:                       0
    Prefetch hits:                     944
    Prefetch misses:                 1,164
    Local miss rate:                 46.25%
    Child hits:                    135,890
    Total miss rate:                  2.50%
