Cache simulation results:
Core #0 (1 thread(s))
  L1I stats:
    Hits:                           47,887
    Misses:                          2,660
    Compulsory misses:               2,406
    Invalidations:                       0
    Miss rate:                        5.26%
  L1D stats:
    Hits:                           20,182
    Misses:                          1,298
    Compulsory misses:               1,899
    Invalidations:                       0
    Prefetch hits:                     340
    Prefetch misses:                 1,089
    Miss rate:                        6.04%
Core #1 (0 thread(s))
Core #2 (0 thread(s))
Core #3 (0 thread(s))
LL stats:
    Hits:                              553
    Misses:                          3,405
    Compulsory misses:               4,300
    Invalidations:                       0
    Prefetch hits:                     194
    Prefetch misses:                   895
    Local miss rate:                 86.03%
    Child hits:                     68,409
    Total miss rate:                  4.71%
