Cache simulation results:
Core #0 (1 thread(s))
  L1I stats:
    Hits:                           47,480
    Misses:                          2,667
    Compulsory misses:               2,411
    Invalidations:                       0
    Miss rate:                        5.32%
  L1D stats:
    Hits:                           19,995
    Misses:                          1,323
    Compulsory misses:               1,929
    Invalidations:                       0
    Prefetch hits:                     341
    Prefetch misses:                 1,113
    Miss rate:                        6.21%
Core #1 (0 thread(s))
Core #2 (0 thread(s))
Core #3 (0 thread(s))
LL stats:
    Hits:                              569
    Misses:                          3,421
    Compulsory misses:               4,335
    Invalidations:                       0
    Prefetch hits:                     199
    Prefetch misses:                   914
    Local miss rate:                 85.74%
    Child hits:                     67,816
    Total miss rate:                  4.76%
