Cache simulation results:
Core #0 (1 thread(s))
  L1I stats:
    Hits:                           48,144
    Misses:                          2,685
    Compulsory misses:               2,426
    Invalidations:                       0
    Miss rate:                        5.28%
  L1D stats:
    Hits:                           20,309
    Misses:                          1,301
    Compulsory misses:               1,889
    Invalidations:                       0
    Prefetch hits:                     338
    Prefetch misses:                 1,094
    Miss rate:                        6.02%
Core #1 (0 thread(s))
Core #2 (0 thread(s))
Core #3 (0 thread(s))
LL stats:
    Hits:                              572
    Misses:                          3,414
    Compulsory misses:               4,310
    Invalidations:                       0
    Prefetch hits:                     198
    Prefetch misses:                   896
    Local miss rate:                 85.65%
    Child hits:                     68,791
    Total miss rate:                  4.69%
