Cache simulation results:
Core #0 (1 thread(s))
  L1I stats:
    Hits:                           94,467
    Misses:                          5,251
    Compulsory misses:               2,396
    Invalidations:                       0
    Miss rate:                        5.27%
  L1D stats:
    Hits:                           39,895
    Misses:                          2,481
    Compulsory misses:               2,293
    Invalidations:                       0
    Prefetch hits:                     635
    Prefetch misses:                 2,108
    Miss rate:                        5.85%
Core #1 (0 thread(s))
Core #2 (0 thread(s))
Core #3 (0 thread(s))
LL stats:
    Hits:                            4,190
    Misses:                          3,542
    Compulsory misses:               4,684
    Invalidations:                       0
    Prefetch hits:                     966
    Prefetch misses:                 1,142
    Local miss rate:                 45.81%
    Child hits:                    134,997
    Total miss rate:                  2.48%
