Cache simulation results:
Core #0 (1 thread(s))
  L1I stats:
    Hits:                           47,290
    Misses:                          2,650
    Compulsory misses:               2,396
    Invalidations:                       0
    Miss rate:                        5.31%
  L1D stats:
    Hits:                           19,912
    Misses:                          1,291
    Compulsory misses:               1,877
    Invalidations:                       0
    Prefetch hits:                     336
    Prefetch misses:                 1,086
    Miss rate:                        6.09%
Core #1 (0 thread(s))
Core #2 (0 thread(s))
Core #3 (0 thread(s))
LL stats:
    Hits:                              562
    Misses:                          3,379
    Compulsory misses:               4,268
    Invalidations:                       0
    Prefetch hits:                     197
    Prefetch misses:                   889
    Local miss rate:                 85.74%
    Child hits:                     67,538
    Total miss rate:                  4.73%
