Cache simulation results:
Core #0 (1 thread(s))
  L1I stats:
    Hits:                           94,708
    Misses:                          5,272
    Compulsory misses:               2,415
    Invalidations:                       0
    Miss rate:                        5.27%
  L1D stats:
    Hits:                           40,033
    Misses:                          2,498
    Compulsory misses:               2,313
    Invalidations:                       0
    Prefetch hits:                     635
    Prefetch misses:                 2,125
    Miss rate:                        5.87%
Core #1 (0 thread(s))
Core #2 (0 thread(s))
Core #3 (0 thread(s))
LL stats:
    Hits:                            4,193
    Misses:                          3,577
    Compulsory misses:               4,723
    Invalidations:                       0
    Prefetch hits:                     979
    Prefetch misses:                 1,146
    Local miss rate:                 46.04%
    Child hits:                    135,376
    Total miss rate:                  2.50%
