Cache simulation results:
Core #0 (1 thread(s))
  L1I stats:
    Hits:                          108,350
    Misses:                          5,373
    Compulsory misses:               2,462
    Invalidations:                       0
    Miss rate:                        4.72%
  L1D stats:
    Hits:                           42,158
    Misses:                          2,563
    Compulsory misses:               2,366
    Invalidations:                       0
    Prefetch hits:                     647
    Prefetch misses:                 2,178
    Miss rate:                        5.73%
Core #1 (0 thread(s))
Core #2 (0 thread(s))
Core #3 (0 thread(s))
LL stats:
    Hits:                            4,291
    Misses:                          3,645
    Compulsory misses:               4,823
    Invalidations:                       0
    Prefetch hits:                   1,000
    Prefetch misses:                 1,178
    Local miss rate:                 45.93%
    Child hits:                    151,155
    Total miss rate:                  2.29%
