Cache simulation results:
Core #0 (1 thread(s))
  L1I stats:
    Hits:                           47,745
    Misses:                          2,660
    Compulsory misses:               2,406
    Invalidations:                       0
    Miss rate:                        5.28%
  L1D stats:
    Hits:                           20,115
    Misses:                          1,323
    Compulsory misses:               1,921
    Invalidations:                       0
    Prefetch hits:                     340
    Prefetch misses:                 1,114
    Miss rate:                        6.17%
Core #1 (0 thread(s))
Core #2 (0 thread(s))
Core #3 (0 thread(s))
LL stats:
    Hits:                              567
    Misses:                          3,416
    Compulsory misses:               4,322
    Invalidations:                       0
    Prefetch hits:                     208
    Prefetch misses:                   906
    Local miss rate:                 85.76%
    Child hits:                     68,200
    Total miss rate:                  4.73%
