Cache simulation results:
Core #0 (1 thread(s))
  L1I stats:
    Hits:                           47,452
    Misses:                          2,656
    Compulsory misses:               2,402
    Invalidations:                       0
    Miss rate:                        5.30%
  L1D stats:
    Hits:                           20,006
    Misses:                          1,301
    Compulsory misses:               1,897
    Invalidations:                       0
    Prefetch hits:                     339
    Prefetch misses:                 1,093
    Miss rate:                        6.11%
Core #1 (0 thread(s))
Core #2 (0 thread(s))
Core #3 (0 thread(s))
LL stats:
    Hits:                              556
    Misses:                          3,401
    Compulsory misses:               4,294
    Invalidations:                       0
    Prefetch hits:                     200
    Prefetch misses:                   893
    Local miss rate:                 85.95%
    Child hits:                     67,797
    Total miss rate:                  4.74%
