Cache simulation results:
Core #0 (1 thread(s))
  L1I stats:
    Hits:                           47,158
    Misses:                          2,650
    Compulsory misses:               2,396
    Invalidations:                       0
    Miss rate:                        5.32%
  L1D stats:
    Hits:                           19,885
    Misses:                          1,284
    Compulsory misses:               1,885
    Invalidations:                       0
    Prefetch hits:                     323
    Prefetch misses:                 1,092
    Miss rate:                        6.07%
Core #1 (0 thread(s))
Core #2 (0 thread(s))
Core #3 (0 thread(s))
LL stats:
    Hits:                              554
    Misses:                          3,380
    Compulsory misses:               4,276
    Invalidations:                       0
    Prefetch hits:                     196
    Prefetch misses:                   896
    Local miss rate:                 85.92%
    Child hits:                     67,366
    Total miss rate:                  4.74%
