Cache simulation results:
Core #0 (1 thread(s))
  L1I stats:
    Hits:                          180,311
    Misses:                          2,071
    Compulsory misses:               1,864
    Invalidations:                       0
    Miss rate:                        1.14%
  L1D stats:
    Hits:                           37,847
    Misses:                          1,087
    Compulsory misses:               1,598
    Invalidations:                       0
    Prefetch hits:                     302
    Prefetch misses:                   909
    Miss rate:                        2.79%
Core #1 (0 thread(s))
Core #2 (0 thread(s))
Core #3 (0 thread(s))
LL stats:
    Hits:                              453
    Misses:                          2,705
    Compulsory misses:               3,462
    Invalidations:                       0
    Prefetch hits:                     152
    Prefetch misses:                   757
    Local miss rate:                 85.66%
    Child hits:                    218,460
    Total miss rate:                  1.22%
