Cache simulation results:
Core #0 (1 thread(s))
  L1I stats:
    Hits:                           98,066
    Misses:                          5,405
    Compulsory misses:               2,539
    Invalidations:                       0
    Miss rate:                        5.22%
  L1D stats:
    Hits:                           41,009
    Misses:                          2,599
    Compulsory misses:               2,463
    Invalidations:                       0
    Prefetch hits:                     657
    Prefetch misses:                 2,205
    Miss rate:                        5.96%
Core #1 (0 thread(s))
Core #2 (0 thread(s))
Core #3 (0 thread(s))
LL stats:
    Hits:                            4,226
    Misses:                          3,778
    Compulsory misses:               4,997
    Invalidations:                       0
    Prefetch hits:                     986
    Prefetch misses:                 1,219
    Local miss rate:                 47.20%
    Child hits:                    139,732
    Total miss rate:                  2.56%
