Cache simulation results:
Core #0 (1 thread(s))
  L1I stats:
    Hits:                           47,457
    Misses:                          2,663
    Compulsory misses:               2,411
    Invalidations:                       0
    Miss rate:                        5.31%
  L1D stats:
    Hits:                           19,990
    Misses:                          1,318
    Compulsory misses:               1,909
    Invalidations:                       0
    Prefetch hits:                     343
    Prefetch misses:                 1,106
    Miss rate:                        6.19%
Core #1 (0 thread(s))
Core #2 (0 thread(s))
Core #3 (0 thread(s))
LL stats:
    Hits:                              570
    Misses:                          3,411
    Compulsory misses:               4,315
    Invalidations:                       0
    Prefetch hits:                     202
    Prefetch misses:                   904
    Local miss rate:                 85.68%
    Child hits:                     67,790
    Total miss rate:                  4.75%
