Cache simulation results:
Core #0 (1 thread(s))
  L1I stats:
    Hits:                           94,526
    Misses:                          5,247
    Compulsory misses:               2,394
    Invalidations:                       0
    Miss rate:                        5.26%
  L1D stats:
    Hits:                           39,902
    Misses:                          2,480
    Compulsory misses:               2,284
    Invalidations:                       0
    Prefetch hits:                     656
    Prefetch misses:                 2,086
    Miss rate:                        5.85%
Core #1 (0 thread(s))
Core #2 (0 thread(s))
Core #3 (0 thread(s))
LL stats:
    Hits:                            4,185
    Misses:                          3,542
    Compulsory misses:               4,673
    Invalidations:                       0
    Prefetch hits:                     955
    Prefetch misses:                 1,131
    Local miss rate:                 45.84%
    Child hits:                    135,084
    Total miss rate:                  2.48%
