Cache simulation results:
Core #0 (1 thread(s))
  L1I stats:
    Hits:                           47,246
    Misses:                          2,647
    Compulsory misses:               2,393
    Invalidations:                       0
    Miss rate:                        5.31%
  L1D stats:
    Hits:                           19,902
    Misses:                          1,288
    Compulsory misses:               1,881
    Invalidations:                       0
    Prefetch hits:                     338
    Prefetch misses:                 1,081
    Miss rate:                        6.08%
Core #1 (0 thread(s))
Core #2 (0 thread(s))
Core #3 (0 thread(s))
LL stats:
    Hits:                              558
    Misses:                          3,377
    Compulsory misses:               4,269
    Invalidations:                       0
    Prefetch hits:                     189
    Prefetch misses:                   892
    Local miss rate:                 85.82%
    Child hits:                     67,486
    Total miss rate:                  4.73%
