Cache simulation results:
Core #0 (1 thread(s))
  L1I stats:
    Hits:                           95,461
    Misses:                          5,278
    Compulsory misses:               2,422
    Invalidations:                       0
    Miss rate:                        5.24%
  L1D stats:
    Hits:                           40,192
    Misses:                          2,489
    Compulsory misses:               2,310
    Invalidations:                       0
    Prefetch hits:                     646
    Prefetch misses:                 2,106
    Miss rate:                        5.83%
Core #1 (0 thread(s))
Core #2 (0 thread(s))
Core #3 (0 thread(s))
LL stats:
    Hits:                            4,188
    Misses:                          3,579
    Compulsory misses:               4,727
    Invalidations:                       0
    Prefetch hits:                     958
    Prefetch misses:                 1,148
    Local miss rate:                 46.08%
    Child hits:                    136,299
    Total miss rate:                  2.48%
