Cache simulation results:
Core #0 (1 thread(s))
  L1I stats:
    Hits:                           94,793
    Misses:                          5,257
    Compulsory misses:               2,402
    Invalidations:                       0
    Miss rate:                        5.25%
  L1D stats:
    Hits:                           39,963
    Misses:                          2,512
    Compulsory misses:               2,299
    Invalidations:                       0
    Prefetch hits:                     651
    Prefetch misses:                 2,124
    Miss rate:                        5.91%
Core #1 (0 thread(s))
Core #2 (0 thread(s))
Core #3 (0 thread(s))
LL stats:
    Hits:                            4,211
    Misses:                          3,558
    Compulsory misses:               4,696
    Invalidations:                       0
    Prefetch hits:                     986
    Prefetch misses:                 1,138
    Local miss rate:                 45.80%
    Child hits:                    135,407
    Total miss rate:                  2.49%
