Cache simulation results:
Core #0 (1 thread(s))
  L1I stats:
    Hits:                           47,218
    Misses:                          2,649
    Compulsory misses:               2,395
    Invalidations:                       0
    Miss rate:                        5.31%
  L1D stats:
    Hits:                           19,930
    Misses:                          1,283
    Compulsory misses:               1,885
    Invalidations:                       0
    Prefetch hits:                     335
    Prefetch misses:                 1,079
    Miss rate:                        6.05%
Core #1 (0 thread(s))
Core #2 (0 thread(s))
Core #3 (0 thread(s))
LL stats:
    Hits:                              550
    Misses:                          3,382
    Compulsory misses:               4,275
    Invalidations:                       0
    Prefetch hits:                     186
    Prefetch misses:                   893
    Local miss rate:                 86.01%
    Child hits:                     67,483
    Total miss rate:                  4.74%
