Cache simulation results:
Core #0 (1 thread(s))
  L1I stats:
    Hits:                           47,253
    Misses:                          2,650
    Compulsory misses:               2,396
    Invalidations:                       0
    Miss rate:                        5.31%
  L1D stats:
    Hits:                           19,906
    Misses:                          1,283
    Compulsory misses:               1,882
    Invalidations:                       0
    Prefetch hits:                     332
    Prefetch misses:                 1,082
    Miss rate:                        6.06%
Core #1 (0 thread(s))
Core #2 (0 thread(s))
Core #3 (0 thread(s))
LL stats:
    Hits:                              553
    Misses:                          3,380
    Compulsory misses:               4,273
    Invalidations:                       0
    Prefetch hits:                     189
    Prefetch misses:                   893
    Local miss rate:                 85.94%
    Child hits:                     67,491
    Total miss rate:                  4.73%
