Cache simulation results:
Core #0 (1 thread(s))
  L1I stats:
    Hits:                           47,229
    Misses:                          2,648
    Compulsory misses:               2,394
    Invalidations:                       0
    Miss rate:                        5.31%
  L1D stats:
    Hits:                           19,906
    Misses:                          1,297
    Compulsory misses:               1,890
    Invalidations:                       0
    Prefetch hits:                     334
    Prefetch misses:                 1,094
    Miss rate:                        6.12%
Core #1 (0 thread(s))
Core #2 (0 thread(s))
Core #3 (0 thread(s))
LL stats:
    Hits:                              560
    Misses:                          3,385
    Compulsory misses:               4,279
    Invalidations:                       0
    Prefetch hits:                     200
    Prefetch misses:                   894
    Local miss rate:                 85.80%
    Child hits:                     67,469
    Total miss rate:                  4.74%
