Cache simulation results:
Core #0 (1 thread(s))
  L1I stats:
    Hits:                           94,622
    Misses:                          5,251
    Compulsory misses:               2,400
    Invalidations:                       0
    Miss rate:                        5.26%
  L1D stats:
    Hits:                           39,969
    Misses:                          2,477
    Compulsory misses:               2,283
    Invalidations:                       0
    Prefetch hits:                     652
    Prefetch misses:                 2,087
    Miss rate:                        5.84%
Core #1 (0 thread(s))
Core #2 (0 thread(s))
Core #3 (0 thread(s))
LL stats:
    Hits:                            4,182
    Misses:                          3,546
    Compulsory misses:               4,678
    Invalidations:                       0
    Prefetch hits:                     955
    Prefetch misses:                 1,132
    Local miss rate:                 45.89%
    Child hits:                    135,243
    Total miss rate:                  2.48%
