Cache simulation results:
Core #0 (1 thread(s))
  L1I stats:
    Hits:                          438,592
    Misses:                          1,599
    Compulsory misses:               1,310
    Invalidations:                       0
    Miss rate:                        0.36%
  L1D stats:
    Hits:                          173,252
    Misses:                          4,309
    Compulsory misses:               4,846
    Invalidations:                       0
    Prefetch hits:                   1,207
    Prefetch misses:                 4,126
    Miss rate:                        2.43%
Core #1 (0 thread(s))
Core #2 (0 thread(s))
Core #3 (0 thread(s))
LL stats:
    Hits:                            2,405
    Misses:                          3,503
    Compulsory misses:               6,156
    Invalidations:                       0
    Prefetch hits:                   1,473
    Prefetch misses:                 2,653
    Local miss rate:                 59.29%
    Child hits:                    613,051
    Total miss rate:                  0.57%
