Cache simulation results:
Core #0 (1 thread(s))
  L1I stats:
    Hits:                           95,856
    Misses:                          5,321
    Compulsory misses:               2,436
    Invalidations:                       0
    Miss rate:                        5.26%
  L1D stats:
    Hits:                           40,253
    Misses:                          2,522
    Compulsory misses:               2,324
    Invalidations:                       0
    Prefetch hits:                     662
    Prefetch misses:                 2,122
    Miss rate:                        5.90%
Core #1 (0 thread(s))
Core #2 (0 thread(s))
Core #3 (0 thread(s))
LL stats:
    Hits:                            4,240
    Misses:                          3,603
    Compulsory misses:               4,755
    Invalidations:                       0
    Prefetch hits:                     970
    Prefetch misses:                 1,152
    Local miss rate:                 45.94%
    Child hits:                    136,771
    Total miss rate:                  2.49%
