Cache simulation results:
Core #0 (1 thread(s))
  L1I stats:
    Hits:                           47,230
    Misses:                          2,650
    Compulsory misses:               2,396
    Invalidations:                       0
    Miss rate:                        5.31%
  L1D stats:
    Hits:                           19,904
    Misses:                          1,291
    Compulsory misses:               1,892
    Invalidations:                       0
    Prefetch hits:                     330
    Prefetch misses:                 1,092
    Miss rate:                        6.09%
Core #1 (0 thread(s))
Core #2 (0 thread(s))
Core #3 (0 thread(s))
LL stats:
    Hits:                              554
    Misses:                          3,387
    Compulsory misses:               4,283
    Invalidations:                       0
    Prefetch hits:                     196
    Prefetch misses:                   896
    Local miss rate:                 85.94%
    Child hits:                     67,464
    Total miss rate:                  4.74%
