Cache simulation results:
Core #0 (1 thread(s))
  L1I stats:
    Hits:                           47,229
    Misses:                          2,647
    Compulsory misses:               2,393
    Invalidations:                       0
    Miss rate:                        5.31%
  L1D stats:
    Hits:                           19,907
    Misses:                          1,289
    Compulsory misses:               1,875
    Invalidations:                       0
    Prefetch hits:                     337
    Prefetch misses:                 1,083
    Miss rate:                        6.08%
Core #1 (0 thread(s))
Core #2 (0 thread(s))
Core #3 (0 thread(s))
LL stats:
    Hits:                              561
    Misses:                          3,375
    Compulsory misses:               4,263
    Invalidations:                       0
    Prefetch hits:                     195
    Prefetch misses:                   888
    Local miss rate:                 85.75%
    Child hits:                     67,473
    Total miss rate:                  4.73%
