Cache simulation results:
Core #0 (1 thread(s))
  L1I stats:
    Hits:                           94,749
    Misses:                          5,269
    Compulsory misses:               2,411
    Invalidations:                       0
    Miss rate:                        5.27%
  L1D stats:
    Hits:                           40,025
    Misses:                          2,494
    Compulsory misses:               2,298
    Invalidations:                       0
    Prefetch hits:                     637
    Prefetch misses:                 2,119
    Miss rate:                        5.87%
Core #1 (0 thread(s))
Core #2 (0 thread(s))
Core #3 (0 thread(s))
LL stats:
    Hits:                            4,200
    Misses:                          3,563
    Compulsory misses:               4,704
    Invalidations:                       0
    Prefetch hits:                     978
    Prefetch misses:                 1,141
    Local miss rate:                 45.90%
    Child hits:                    135,411
    Total miss rate:                  2.49%
