Cache simulation results:
Core #0 (1 thread(s))
  L1I stats:
    Hits:                           48,328
    Misses:                          2,678
    Compulsory misses:               2,423
    Invalidations:                       0
    Miss rate:                        5.25%
  L1D stats:
    Hits:                           20,291
    Misses:                          1,301
    Compulsory misses:               1,905
    Invalidations:                       0
    Prefetch hits:                     345
    Prefetch misses:                 1,087
    Miss rate:                        6.03%
Core #1 (0 thread(s))
Core #2 (0 thread(s))
Core #3 (0 thread(s))
LL stats:
    Hits:                              556
    Misses:                          3,423
    Compulsory misses:               4,323
    Invalidations:                       0
    Prefetch hits:                     187
    Prefetch misses:                   900
    Local miss rate:                 86.03%
    Child hits:                     68,964
    Total miss rate:                  4.69%
