Cache simulation results:
Core #0 (1 thread(s))
  L1I stats:
    Hits:                           47,433
    Misses:                          2,672
    Compulsory misses:               2,415
    Invalidations:                       0
    Miss rate:                        5.33%
  L1D stats:
    Hits:                           19,999
    Misses:                          1,313
    Compulsory misses:               1,915
    Invalidations:                       0
    Prefetch hits:                     336
    Prefetch misses:                 1,108
    Miss rate:                        6.16%
Core #1 (0 thread(s))
Core #2 (0 thread(s))
Core #3 (0 thread(s))
LL stats:
    Hits:                              568
    Misses:                          3,417
    Compulsory misses:               4,325
    Invalidations:                       0
    Prefetch hits:                     200
    Prefetch misses:                   908
    Local miss rate:                 85.75%
    Child hits:                     67,768
    Total miss rate:                  4.76%
