Cache simulation results:
Core #0 (1 thread(s))
  L1I stats:
    Hits:                           94,917
    Misses:                          5,274
    Compulsory misses:               2,417
    Invalidations:                       0
    Miss rate:                        5.26%
  L1D stats:
    Hits:                           40,065
    Misses:                          2,510
    Compulsory misses:               2,335
    Invalidations:                       0
    Prefetch hits:                     657
    Prefetch misses:                 2,116
    Miss rate:                        5.90%
Core #1 (0 thread(s))
Core #2 (0 thread(s))
Core #3 (0 thread(s))
LL stats:
    Hits:                            4,190
    Misses:                          3,594
    Compulsory misses:               4,747
    Invalidations:                       0
    Prefetch hits:                     963
    Prefetch misses:                 1,153
    Local miss rate:                 46.17%
    Child hits:                    135,639
    Total miss rate:                  2.51%
