Cache simulation results:
Core #0 (1 thread(s))
  L1I stats:
    Hits:                          200,194
    Misses:                          5,274
    Compulsory misses:               2,421
    Invalidations:                       0
    Miss rate:                        2.57%
  L1D stats:
    Hits:                           55,260
    Misses:                          2,522
    Compulsory misses:               2,306
    Invalidations:                       0
    Prefetch hits:                     658
    Prefetch misses:                 2,126
    Miss rate:                        4.36%
Core #1 (0 thread(s))
Core #2 (0 thread(s))
Core #3 (0 thread(s))
LL stats:
    Hits:                            4,224
    Misses:                          3,572
    Compulsory misses:               4,722
    Invalidations:                       0
    Prefetch hits:                     976
    Prefetch misses:                 1,150
    Local miss rate:                 45.82%
    Child hits:                    256,112
    Total miss rate:                  1.35%
