Cache simulation results:
Core #0 (1 thread(s))
  L1I stats:
    Hits:                           48,281
    Misses:                          2,682
    Compulsory misses:               2,426
    Invalidations:                       0
    Miss rate:                        5.26%
  L1D stats:
    Hits:                           20,266
    Misses:                          1,326
    Compulsory misses:               1,967
    Invalidations:                       0
    Prefetch hits:                     336
    Prefetch misses:                 1,121
    Miss rate:                        6.14%
Core #1 (0 thread(s))
Core #2 (0 thread(s))
Core #3 (0 thread(s))
LL stats:
    Hits:                              554
    Misses:                          3,454
    Compulsory misses:               4,388
    Invalidations:                       0
    Prefetch hits:                     187
    Prefetch misses:                   934
    Local miss rate:                 86.18%
    Child hits:                     68,883
    Total miss rate:                  4.74%
