Cache simulation results:
Core #0 (1 thread(s))
  L1I stats:
    Hits:                           47,687
    Misses:                          2,678
    Compulsory misses:               2,422
    Invalidations:                       0
    Miss rate:                        5.32%
  L1D stats:
    Hits:                           20,088
    Misses:                          1,316
    Compulsory misses:               1,920
    Invalidations:                       0
    Prefetch hits:                     341
    Prefetch misses:                 1,106
    Miss rate:                        6.15%
Core #1 (0 thread(s))
Core #2 (0 thread(s))
Core #3 (0 thread(s))
LL stats:
    Hits:                              561
    Misses:                          3,433
    Compulsory misses:               4,337
    Invalidations:                       0
    Prefetch hits:                     202
    Prefetch misses:                   904
    Local miss rate:                 85.95%
    Child hits:                     68,116
    Total miss rate:                  4.76%
