Cache simulation results:
Core #0 (1 thread(s))
  L1I stats:
    Hits:                           94,865
    Misses:                          5,275
    Compulsory misses:               2,416
    Invalidations:                       0
    Miss rate:                        5.27%
  L1D stats:
    Hits:                           40,011
    Misses:                          2,514
    Compulsory misses:               2,346
    Invalidations:                       0
    Prefetch hits:                     652
    Prefetch misses:                 2,124
    Miss rate:                        5.91%
Core #1 (0 thread(s))
Core #2 (0 thread(s))
Core #3 (0 thread(s))
LL stats:
    Hits:                            4,193
    Misses:                          3,596
    Compulsory misses:               4,757
    Invalidations:                       0
    Prefetch hits:                     963
    Prefetch misses:                 1,161
    Local miss rate:                 46.17%
    Child hits:                    135,528
    Total miss rate:                  2.51%
