Cache simulation results:
Core #0 (1 thread(s))
  L1I stats:
    Hits:                           94,568
    Misses:                          5,250
    Compulsory misses:               2,395
    Invalidations:                       0
    Miss rate:                        5.26%
  L1D stats:
    Hits:                           39,910
    Misses:                          2,499
    Compulsory misses:               2,255
    Invalidations:                       0
    Prefetch hits:                     646
    Prefetch misses:                 2,115
    Miss rate:                        5.89%
Core #1 (0 thread(s))
Core #2 (0 thread(s))
Core #3 (0 thread(s))
LL stats:
    Hits:                            4,225
    Misses:                          3,524
    Compulsory misses:               4,645
    Invalidations:                       0
    Prefetch hits:                     994
    Prefetch misses:                 1,121
    Local miss rate:                 45.48%
    Child hits:                    135,124
    Total miss rate:                  2.47%
