Cache simulation results:
Core #0 (1 thread(s))
  L1I stats:
    Hits:                           94,767
    Misses:                          5,235
    Compulsory misses:               2,389
    Invalidations:                       0
    Miss rate:                        5.23%
  L1D stats:
    Hits:                           39,997
    Misses:                          2,467
    Compulsory misses:               2,256
    Invalidations:                       0
    Prefetch hits:                     653
    Prefetch misses:                 2,076
    Miss rate:                        5.81%
Core #1 (0 thread(s))
Core #2 (0 thread(s))
Core #3 (0 thread(s))
LL stats:
    Hits:                            4,176
    Misses:                          3,526
    Compulsory misses:               4,640
    Invalidations:                       0
    Prefetch hits:                     962
    Prefetch misses:                 1,114
    Local miss rate:                 45.78%
    Child hits:                    135,417
    Total miss rate:                  2.46%
