Cache simulation results:
Core #0 (1 thread(s))
  L1I stats:
    Hits:                           95,204
    Misses:                          5,271
    Compulsory misses:               2,418
    Invalidations:                       0
    Miss rate:                        5.25%
  L1D stats:
    Hits:                           40,112
    Misses:                          2,482
    Compulsory misses:               2,272
    Invalidations:                       0
    Prefetch hits:                     659
    Prefetch misses:                 2,085
    Miss rate:                        5.83%
Core #1 (0 thread(s))
Core #2 (0 thread(s))
Core #3 (0 thread(s))
LL stats:
    Hits:                            4,193
    Misses:                          3,560
    Compulsory misses:               4,685
    Invalidations:                       0
    Prefetch hits:                     960
    Prefetch misses:                 1,125
    Local miss rate:                 45.92%
    Child hits:                    135,975
    Total miss rate:                  2.48%
