Cache simulation results:
Core #0 (1 thread(s))
  L1I stats:
    Hits:                           94,542
    Misses:                          5,242
    Compulsory misses:               2,395
    Invalidations:                       0
    Miss rate:                        5.25%
  L1D stats:
    Hits:                           39,904
    Misses:                          2,500
    Compulsory misses:               2,287
    Invalidations:                       0
    Prefetch hits:                     653
    Prefetch misses:                 2,109
    Miss rate:                        5.90%
Core #1 (0 thread(s))
Core #2 (0 thread(s))
Core #3 (0 thread(s))
LL stats:
    Hits:                            4,198
    Misses:                          3,544
    Compulsory misses:               4,677
    Invalidations:                       0
    Prefetch hits:                     976
    Prefetch misses:                 1,133
    Local miss rate:                 45.78%
    Child hits:                    135,099
    Total miss rate:                  2.48%
