Cache simulation results:
Core #0 (1 thread(s))
  L1I stats:
    Hits:                           47,261
    Misses:                          2,649
    Compulsory misses:               2,395
    Invalidations:                       0
    Miss rate:                        5.31%
  L1D stats:
    Hits:                           19,896
    Misses:                          1,313
    Compulsory misses:               1,925
    Invalidations:                       0
    Prefetch hits:                     338
    Prefetch misses:                 1,106
    Miss rate:                        6.19%
Core #1 (0 thread(s))
Core #2 (0 thread(s))
Core #3 (0 thread(s))
LL stats:
    Hits:                              561
    Misses:                          3,401
    Compulsory misses:               4,315
    Invalidations:                       0
    Prefetch hits:                     192
    Prefetch misses:                   914
    Local miss rate:                 85.84%
    Child hits:                     67,495
    Total miss rate:                  4.76%
