Cache simulation results:
Core #0 (1 thread(s))
  L1I stats:
    Hits:                      119,205,115
    Misses:                      1,221,000
    Compulsory misses:              10,906
    Invalidations:                       0
    Miss rate:                        1.01%
  L1D stats:
    Hits:                       48,681,785
    Misses:                      1,181,011
    Compulsory misses:           1,037,394
    Invalidations:                       0
    Prefetch hits:                 196,437
    Prefetch misses:             1,026,495
    Miss rate:                        2.37%
Core #1 (0 thread(s))
Core #2 (0 thread(s))
Core #3 (0 thread(s))
LL stats:
    Hits:                        1,696,019
    Misses:                        705,992
    Compulsory misses:           1,048,300
    Invalidations:                       0
    Prefetch hits:                 415,017
    Prefetch misses:               611,478
    Local miss rate:                 29.39%
    Child hits:                168,083,337
    Total miss rate:                  0.41%
