Cache simulation results:
Core #0 (1 thread(s))
  L1I stats:
    Hits:                           94,514
    Misses:                          5,253
    Compulsory misses:               2,397
    Invalidations:                       0
    Miss rate:                        5.27%
  L1D stats:
    Hits:                           39,897
    Misses:                          2,487
    Compulsory misses:               2,286
    Invalidations:                       0
    Prefetch hits:                     650
    Prefetch misses:                 2,099
    Miss rate:                        5.87%
Core #1 (0 thread(s))
Core #2 (0 thread(s))
Core #3 (0 thread(s))
LL stats:
    Hits:                            4,195
    Misses:                          3,545
    Compulsory misses:               4,678
    Invalidations:                       0
    Prefetch hits:                     966
    Prefetch misses:                 1,133
    Local miss rate:                 45.80%
    Child hits:                    135,061
    Total miss rate:                  2.48%
