Cache simulation results:
Core #0 (1 thread(s))
  L1I stats:
    Hits:                           95,683
    Misses:                          5,294
    Compulsory misses:               2,434
    Invalidations:                       0
    Miss rate:                        5.24%
  L1D stats:
    Hits:                           40,334
    Misses:                          2,538
    Compulsory misses:               2,343
    Invalidations:                       0
    Prefetch hits:                     656
    Prefetch misses:                 2,143
    Miss rate:                        5.92%
Core #1 (0 thread(s))
Core #2 (0 thread(s))
Core #3 (0 thread(s))
LL stats:
    Hits:                            4,219
    Misses:                          3,613
    Compulsory misses:               4,772
    Invalidations:                       0
    Prefetch hits:                     984
    Prefetch misses:                 1,159
    Local miss rate:                 46.13%
    Child hits:                    136,673
    Total miss rate:                  2.50%
