Cache simulation results:
Core #0 (1 thread(s))
  L1I stats:
    Hits:                           47,272
    Misses:                          2,650
    Compulsory misses:               2,396
    Invalidations:                       0
    Miss rate:                        5.31%
  L1D stats:
    Hits:                           19,910
    Misses:                          1,285
    Compulsory misses:               1,897
    Invalidations:                       0
    Prefetch hits:                     335
    Prefetch misses:                 1,081
    Miss rate:                        6.06%
Core #1 (0 thread(s))
Core #2 (0 thread(s))
Core #3 (0 thread(s))
LL stats:
    Hits:                              543
    Misses:                          3,392
    Compulsory misses:               4,288
    Invalidations:                       0
    Prefetch hits:                     185
    Prefetch misses:                   896
    Local miss rate:                 86.20%
    Child hits:                     67,517
    Total miss rate:                  4.75%
