Cache simulation results:
Core #0 (1 thread(s))
  L1I stats:
    Hits:                           47,227
    Misses:                          2,650
    Compulsory misses:               2,396
    Invalidations:                       0
    Miss rate:                        5.31%
  L1D stats:
    Hits:                           19,902
    Misses:                          1,278
    Compulsory misses:               1,880
    Invalidations:                       0
    Prefetch hits:                     343
    Prefetch misses:                 1,066
    Miss rate:                        6.03%
Core #1 (0 thread(s))
Core #2 (0 thread(s))
Core #3 (0 thread(s))
LL stats:
    Hits:                              542
    Misses:                          3,386
    Compulsory misses:               4,271
    Invalidations:                       0
    Prefetch hits:                     181
    Prefetch misses:                   885
    Local miss rate:                 86.20%
    Child hits:                     67,472
    Total miss rate:                  4.74%
