Cache simulation results:
Core #0 (1 thread(s))
  L1I stats:
    Hits:                           48,479
    Misses:                          2,752
    Compulsory misses:               2,460
    Invalidations:                       0
    Miss rate:                        5.37%
  L1D stats:
    Hits:                           20,394
    Misses:                          1,335
    Compulsory misses:               1,940
    Invalidations:                       0
    Prefetch hits:                     344
    Prefetch misses:                 1,123
    Miss rate:                        6.14%
Core #1 (0 thread(s))
Core #2 (0 thread(s))
Core #3 (0 thread(s))
LL stats:
    Hits:                              606
    Misses:                          3,481
    Compulsory misses:               4,395
    Invalidations:                       0
    Prefetch hits:                     209
    Prefetch misses:                   914
    Local miss rate:                 85.17%
    Child hits:                     69,217
    Total miss rate:                  4.75%
