Cache simulation results:
Core #0 (1 thread(s))
  L1I stats:
    Hits:                            1,898
    Misses:                             23
    Compulsory misses:                  23
    Invalidations:                       0
    Miss rate:                        1.20%
  L1D stats:
    Hits:                              819
    Misses:                             37
    Compulsory misses:                  69
    Invalidations:                       0
    Prefetch hits:                       5
    Prefetch misses:                    32
    Miss rate:                        4.32%
Core #1 (0 thread(s))
Core #2 (0 thread(s))
Core #3 (0 thread(s))
LL stats:
    Hits:                                0
    Misses:                             60
    Compulsory misses:                  92
    Invalidations:                       0
    Prefetch hits:                       0
    Prefetch misses:                    32
    Local miss rate:                100.00%
    Child hits:                      2,722
    Total miss rate:                  2.16%
