Cache simulation results:
Core #0 (1 thread(s))
  L1I stats:
    Hits:                           47,314
    Misses:                          2,656
    Compulsory misses:               2,402
    Invalidations:                       0
    Miss rate:                        5.32%
  L1D stats:
    Hits:                           19,909
    Misses:                          1,298
    Compulsory misses:               1,897
    Invalidations:                       0
    Prefetch hits:                     335
    Prefetch misses:                 1,094
    Miss rate:                        6.12%
Core #1 (0 thread(s))
Core #2 (0 thread(s))
Core #3 (0 thread(s))
LL stats:
    Hits:                              556
    Misses:                          3,398
    Compulsory misses:               4,294
    Invalidations:                       0
    Prefetch hits:                     198
    Prefetch misses:                   896
    Local miss rate:                 85.94%
    Child hits:                     67,558
    Total miss rate:                  4.75%
