Cache simulation results:
Core #0 (1 thread(s))
  L1I stats:
    Hits:                           47,279
    Misses:                          2,641
    Compulsory misses:               2,387
    Invalidations:                       0
    Miss rate:                        5.29%
  L1D stats:
    Hits:                           19,911
    Misses:                          1,290
    Compulsory misses:               1,874
    Invalidations:                       0
    Prefetch hits:                     341
    Prefetch misses:                 1,080
    Miss rate:                        6.08%
Core #1 (0 thread(s))
Core #2 (0 thread(s))
Core #3 (0 thread(s))
LL stats:
    Hits:                              559
    Misses:                          3,372
    Compulsory misses:               4,256
    Invalidations:                       0
    Prefetch hits:                     196
    Prefetch misses:                   884
    Local miss rate:                 85.78%
    Child hits:                     67,531
    Total miss rate:                  4.72%
