Cache simulation results:
Core #0 (1 thread(s))
  L1I stats:
    Hits:                           94,713
    Misses:                          5,252
    Compulsory misses:               2,396
    Invalidations:                       0
    Miss rate:                        5.25%
  L1D stats:
    Hits:                           39,970
    Misses:                          2,480
    Compulsory misses:               2,249
    Invalidations:                       0
    Prefetch hits:                     646
    Prefetch misses:                 2,096
    Miss rate:                        5.84%
Core #1 (0 thread(s))
Core #2 (0 thread(s))
Core #3 (0 thread(s))
LL stats:
    Hits:                            4,209
    Misses:                          3,523
    Compulsory misses:               4,640
    Invalidations:                       0
    Prefetch hits:                     979
    Prefetch misses:                 1,117
    Local miss rate:                 45.56%
    Child hits:                    135,329
    Total miss rate:                  2.46%
