Cache simulation results:
Core #0 (1 thread(s))
  L1I stats:
    Hits:                           47,284
    Misses:                          2,639
    Compulsory misses:               2,385
    Invalidations:                       0
    Miss rate:                        5.29%
  L1D stats:
    Hits:                           19,933
    Misses:                          1,291
    Compulsory misses:               1,899
    Invalidations:                       0
    Prefetch hits:                     337
    Prefetch misses:                 1,085
    Miss rate:                        6.08%
Core #1 (0 thread(s))
Core #2 (0 thread(s))
Core #3 (0 thread(s))
LL stats:
    Hits:                              548
    Misses:                          3,382
    Compulsory misses:               4,279
    Invalidations:                       0
    Prefetch hits:                     188
    Prefetch misses:                   897
    Local miss rate:                 86.06%
    Child hits:                     67,554
    Total miss rate:                  4.73%
