Cache simulation results:
Core #0 (1 thread(s))
  L1I stats:
    Hits:                           95,524
    Misses:                          5,293
    Compulsory misses:               2,420
    Invalidations:                       0
    Miss rate:                        5.25%
  L1D stats:
    Hits:                           40,314
    Misses:                          2,563
    Compulsory misses:               2,352
    Invalidations:                       0
    Prefetch hits:                     667
    Prefetch misses:                 2,158
    Miss rate:                        5.98%
Core #1 (0 thread(s))
Core #2 (0 thread(s))
Core #3 (0 thread(s))
LL stats:
    Hits:                            4,251
    Misses:                          3,605
    Compulsory misses:               4,767
    Invalidations:                       0
    Prefetch hits:                     996
    Prefetch misses:                 1,162
    Local miss rate:                 45.89%
    Child hits:                    136,505
    Total miss rate:                  2.50%
