Cache simulation results:
Core #0 (1 thread(s))
  L1I stats:
    Hits:                           47,295
    Misses:                          2,640
    Compulsory misses:               2,386
    Invalidations:                       0
    Miss rate:                        5.29%
  L1D stats:
    Hits:                           19,954
    Misses:                          1,276
    Compulsory misses:               1,865
    Invalidations:                       0
    Prefetch hits:                     330
    Prefetch misses:                 1,077
    Miss rate:                        6.01%
Core #1 (0 thread(s))
Core #2 (0 thread(s))
Core #3 (0 thread(s))
LL stats:
    Hits:                              551
    Misses:                          3,365
    Compulsory misses:               4,246
    Invalidations:                       0
    Prefetch hits:                     196
    Prefetch misses:                   881
    Local miss rate:                 85.93%
    Child hits:                     67,579
    Total miss rate:                  4.71%
