Cache simulation results:
Core #0 (1 thread(s))
  L1I stats:
    Hits:                           49,039
    Misses:                          2,059
    Compulsory misses:               1,830
    Invalidations:                       0
    Miss rate:                        4.03%
  L1D stats:
    Hits:                           18,042
    Misses:                          1,033
    Compulsory misses:               1,530
    Invalidations:                       0
    Prefetch hits:                     284
    Prefetch misses:                   874
    Miss rate:                        5.42%
Core #1 (0 thread(s))
Core #2 (0 thread(s))
Core #3 (0 thread(s))
LL stats:
    Hits:                              461
    Misses:                          2,631
    Compulsory misses:               3,360
    Invalidations:                       0
    Prefetch hits:                     145
    Prefetch misses:                   729
    Local miss rate:                 85.09%
    Child hits:                     67,365
    Total miss rate:                  3.73%
