Cache simulation results:
Core #0 (1 thread(s))
  L1I stats:
    Hits:                           47,527
    Misses:                          2,664
    Compulsory misses:               2,408
    Invalidations:                       0
    Miss rate:                        5.31%
  L1D stats:
    Hits:                           20,021
    Misses:                          1,314
    Compulsory misses:               1,895
    Invalidations:                       0
    Prefetch hits:                     335
    Prefetch misses:                 1,110
    Miss rate:                        6.16%
Core #1 (0 thread(s))
Core #2 (0 thread(s))
Core #3 (0 thread(s))
LL stats:
    Hits:                              578
    Misses:                          3,400
    Compulsory misses:               4,298
    Invalidations:                       0
    Prefetch hits:                     212
    Prefetch misses:                   898
    Local miss rate:                 85.47%
    Child hits:                     67,883
    Total miss rate:                  4.73%
