Cache simulation results:
Core #0 (1 thread(s))
  L1I stats:
    Hits:                           48,175
    Misses:                          2,672
    Compulsory misses:               2,417
    Invalidations:                       0
    Miss rate:                        5.25%
  L1D stats:
    Hits:                           20,240
    Misses:                          1,305
    Compulsory misses:               1,891
    Invalidations:                       0
    Prefetch hits:                     339
    Prefetch misses:                 1,096
    Miss rate:                        6.06%
Core #1 (0 thread(s))
Core #2 (0 thread(s))
Core #3 (0 thread(s))
LL stats:
    Hits:                              567
    Misses:                          3,410
    Compulsory misses:               4,303
    Invalidations:                       0
    Prefetch hits:                     203
    Prefetch misses:                   893
    Local miss rate:                 85.74%
    Child hits:                     68,754
    Total miss rate:                  4.69%
