Cache simulation results:
Core #0 (1 thread(s))
  L1I stats:
    Hits:                           47,484
    Misses:                          2,662
    Compulsory misses:               2,408
    Invalidations:                       0
    Miss rate:                        5.31%
  L1D stats:
    Hits:                           19,995
    Misses:                          1,271
    Compulsory misses:               1,893
    Invalidations:                       0
    Prefetch hits:                     329
    Prefetch misses:                 1,073
    Miss rate:                        5.98%
Core #1 (0 thread(s))
Core #2 (0 thread(s))
Core #3 (0 thread(s))
LL stats:
    Hits:                              533
    Misses:                          3,400
    Compulsory misses:               4,296
    Invalidations:                       0
    Prefetch hits:                     177
    Prefetch misses:                   896
    Local miss rate:                 86.45%
    Child hits:                     67,808
    Total miss rate:                  4.74%
