Cache simulation results:
Core #0 (1 thread(s))
  L1I stats:
    Hits:                           47,245
    Misses:                          2,649
    Compulsory misses:               2,395
    Invalidations:                       0
    Miss rate:                        5.31%
  L1D stats:
    Hits:                           19,926
    Misses:                          1,274
    Compulsory misses:               1,864
    Invalidations:                       0
    Prefetch hits:                     325
    Prefetch misses:                 1,080
    Miss rate:                        6.01%
Core #1 (0 thread(s))
Core #2 (0 thread(s))
Core #3 (0 thread(s))
LL stats:
    Hits:                              552
    Misses:                          3,371
    Compulsory misses:               4,254
    Invalidations:                       0
    Prefetch hits:                     197
    Prefetch misses:                   883
    Local miss rate:                 85.93%
    Child hits:                     67,496
    Total miss rate:                  4.72%
