Cache simulation results:
Core #0 (1 thread(s))
  L1I stats:
    Hits:                           94,630
    Misses:                          5,257
    Compulsory misses:               2,403
    Invalidations:                       0
    Miss rate:                        5.26%
  L1D stats:
    Hits:                           39,903
    Misses:                          2,520
    Compulsory misses:               2,347
    Invalidations:                       0
    Prefetch hits:                     639
    Prefetch misses:                 2,143
    Miss rate:                        5.94%
Core #1 (0 thread(s))
Core #2 (0 thread(s))
Core #3 (0 thread(s))
LL stats:
    Hits:                            4,199
    Misses:                          3,578
    Compulsory misses:               4,745
    Invalidations:                       0
    Prefetch hits:                     976
    Prefetch misses:                 1,167
    Local miss rate:                 46.01%
    Child hits:                    135,172
    Total miss rate:                  2.50%
