Cache simulation results:
Core #0 (1 thread(s))
  L1I stats:
    Hits:                           48,233
    Misses:                          2,671
    Compulsory misses:               2,416
    Invalidations:                       0
    Miss rate:                        5.25%
  L1D stats:
    Hits:                           20,242
    Misses:                          1,310
    Compulsory misses:               1,916
    Invalidations:                       0
    Prefetch hits:                     333
    Prefetch misses:                 1,107
    Miss rate:                        6.08%
Core #1 (0 thread(s))
Core #2 (0 thread(s))
Core #3 (0 thread(s))
LL stats:
    Hits:                              563
    Misses:                          3,418
    Compulsory misses:               4,327
    Invalidations:                       0
    Prefetch hits:                     198
    Prefetch misses:                   909
    Local miss rate:                 85.86%
    Child hits:                     68,808
    Total miss rate:                  4.70%
