Cache simulation results:
Core #0 (1 thread(s))
  L1I stats:
    Hits:                           94,854
    Misses:                          5,257
    Compulsory misses:               2,405
    Invalidations:                       0
    Miss rate:                        5.25%
  L1D stats:
    Hits:                           40,087
    Misses:                          2,496
    Compulsory misses:               2,299
    Invalidations:                       0
    Prefetch hits:                     646
    Prefetch misses:                 2,112
    Miss rate:                        5.86%
Core #1 (0 thread(s))
Core #2 (0 thread(s))
Core #3 (0 thread(s))
LL stats:
    Hits:                            4,191
    Misses:                          3,562
    Compulsory misses:               4,699
    Invalidations:                       0
    Prefetch hits:                     975
    Prefetch misses:                 1,137
    Local miss rate:                 45.94%
    Child hits:                    135,587
    Total miss rate:                  2.49%
