Cache simulation results:
Core #0 (1 thread(s))
  L1I stats:
    Hits:                           48,117
    Misses:                          2,674
    Compulsory misses:               2,418
    Invalidations:                       0
    Miss rate:                        5.26%
  L1D stats:
    Hits:                           20,202
    Misses:                          1,321
    Compulsory misses:               1,973
    Invalidations:                       0
    Prefetch hits:                     321
    Prefetch misses:                 1,130
    Miss rate:                        6.14%
Core #1 (0 thread(s))
Core #2 (0 thread(s))
Core #3 (0 thread(s))
LL stats:
    Hits:                              548
    Misses:                          3,447
    Compulsory misses:               4,386
    Invalidations:                       0
    Prefetch hits:                     191
    Prefetch misses:                   939
    Local miss rate:                 86.28%
    Child hits:                     68,640
    Total miss rate:                  4.75%
