Cache simulation results:
Core #0 (1 thread(s))
  L1I stats:
    Hits:                           94,581
    Misses:                          5,265
    Compulsory misses:               2,411
    Invalidations:                       0
    Miss rate:                        5.27%
  L1D stats:
    Hits:                           39,943
    Misses:                          2,510
    Compulsory misses:               2,296
    Invalidations:                       0
    Prefetch hits:                     652
    Prefetch misses:                 2,120
    Miss rate:                        5.91%
Core #1 (0 thread(s))
Core #2 (0 thread(s))
Core #3 (0 thread(s))
LL stats:
    Hits:                            4,211
    Misses:                          3,564
    Compulsory misses:               4,702
    Invalidations:                       0
    Prefetch hits:                     982
    Prefetch misses:                 1,138
    Local miss rate:                 45.84%
    Child hits:                    135,176
    Total miss rate:                  2.49%
