Cache simulation results:
Core #0 (1 thread(s))
  L1I stats:
    Hits:                           47,274
    Misses:                          2,651
    Compulsory misses:               2,397
    Invalidations:                       0
    Miss rate:                        5.31%
  L1D stats:
    Hits:                           19,907
    Misses:                          1,288
    Compulsory misses:               1,888
    Invalidations:                       0
    Prefetch hits:                     341
    Prefetch misses:                 1,078
    Miss rate:                        6.08%
Core #1 (0 thread(s))
Core #2 (0 thread(s))
Core #3 (0 thread(s))
LL stats:
    Hits:                              556
    Misses:                          3,383
    Compulsory misses:               4,280
    Invalidations:                       0
    Prefetch hits:                     181
    Prefetch misses:                   897
    Local miss rate:                 85.88%
    Child hits:                     67,522
    Total miss rate:                  4.73%
