Cache simulation results:
Core #0 (1 thread(s))
  L1I stats:
    Hits:                           47,362
    Misses:                          2,651
    Compulsory misses:               2,397
    Invalidations:                       0
    Miss rate:                        5.30%
  L1D stats:
    Hits:                           19,929
    Misses:                          1,296
    Compulsory misses:               1,874
    Invalidations:                       0
    Prefetch hits:                     337
    Prefetch misses:                 1,090
    Miss rate:                        6.11%
Core #1 (0 thread(s))
Core #2 (0 thread(s))
Core #3 (0 thread(s))
LL stats:
    Hits:                              570
    Misses:                          3,377
    Compulsory misses:               4,266
    Invalidations:                       0
    Prefetch hits:                     201
    Prefetch misses:                   889
    Local miss rate:                 85.56%
    Child hits:                     67,628
    Total miss rate:                  4.72%
