Cache simulation results:
Core #0 (1 thread(s))
  L1I stats:
    Hits:                           47,201
    Misses:                          2,641
    Compulsory misses:               2,387
    Invalidations:                       0
    Miss rate:                        5.30%
  L1D stats:
    Hits:                           19,899
    Misses:                          1,277
    Compulsory misses:               1,883
    Invalidations:                       0
    Prefetch hits:                     332
    Prefetch misses:                 1,076
    Miss rate:                        6.03%
Core #1 (0 thread(s))
Core #2 (0 thread(s))
Core #3 (0 thread(s))
LL stats:
    Hits:                              549
    Misses:                          3,369
    Compulsory misses:               4,265
    Invalidations:                       0
    Prefetch hits:                     180
    Prefetch misses:                   896
    Local miss rate:                 85.99%
    Child hits:                     67,432
    Total miss rate:                  4.72%
