Cache simulation results:
Core #0 (1 thread(s))
  L1I stats:
    Hits:                           94,914
    Misses:                          5,260
    Compulsory misses:               2,404
    Invalidations:                       0
    Miss rate:                        5.25%
  L1D stats:
    Hits:                           40,066
    Misses:                          2,489
    Compulsory misses:               2,261
    Invalidations:                       0
    Prefetch hits:                     650
    Prefetch misses:                 2,101
    Miss rate:                        5.85%
Core #1 (0 thread(s))
Core #2 (0 thread(s))
Core #3 (0 thread(s))
LL stats:
    Hits:                            4,211
    Misses:                          3,538
    Compulsory misses:               4,660
    Invalidations:                       0
    Prefetch hits:                     979
    Prefetch misses:                 1,122
    Local miss rate:                 45.66%
    Child hits:                    135,630
    Total miss rate:                  2.47%
