Cache simulation results:
Core #0 (1 thread(s))
  L1I stats:
    Hits:                           47,723
    Misses:                          2,650
    Compulsory misses:               2,396
    Invalidations:                       0
    Miss rate:                        5.26%
  L1D stats:
    Hits:                           20,140
    Misses:                          1,315
    Compulsory misses:               1,915
    Invalidations:                       0
    Prefetch hits:                     332
    Prefetch misses:                 1,114
    Miss rate:                        6.13%
Core #1 (0 thread(s))
Core #2 (0 thread(s))
Core #3 (0 thread(s))
LL stats:
    Hits:                              568
    Misses:                          3,397
    Compulsory misses:               4,306
    Invalidations:                       0
    Prefetch hits:                     205
    Prefetch misses:                   909
    Local miss rate:                 85.67%
    Child hits:                     68,195
    Total miss rate:                  4.71%
