Cache simulation results:
Core #0 (1 thread(s))
  L1I stats:
    Hits:                           95,246
    Misses:                          5,267
    Compulsory misses:               2,411
    Invalidations:                       0
    Miss rate:                        5.24%
  L1D stats:
    Hits:                           40,171
    Misses:                          2,545
    Compulsory misses:               2,342
    Invalidations:                       0
    Prefetch hits:                     670
    Prefetch misses:                 2,137
    Miss rate:                        5.96%
Core #1 (0 thread(s))
Core #2 (0 thread(s))
Core #3 (0 thread(s))
LL stats:
    Hits:                            4,222
    Misses:                          3,590
    Compulsory misses:               4,748
    Invalidations:                       0
    Prefetch hits:                     979
    Prefetch misses:                 1,158
    Local miss rate:                 45.95%
    Child hits:                    136,087
    Total miss rate:                  2.49%
