Cache simulation results:
Core #0 (1 thread(s))
  L1I stats:
    Hits:                           94,719
    Misses:                          5,271
    Compulsory misses:               2,416
    Invalidations:                       0
    Miss rate:                        5.27%
  L1D stats:
    Hits:                           40,028
    Misses:                          2,502
    Compulsory misses:               2,297
    Invalidations:                       0
    Prefetch hits:                     653
    Prefetch misses:                 2,111
    Miss rate:                        5.88%
Core #1 (0 thread(s))
Core #2 (0 thread(s))
Core #3 (0 thread(s))
LL stats:
    Hits:                            4,203
    Misses:                          3,570
    Compulsory misses:               4,708
    Invalidations:                       0
    Prefetch hits:                     973
    Prefetch misses:                 1,138
    Local miss rate:                 45.93%
    Child hits:                    135,400
    Total miss rate:                  2.49%
