Cache simulation results:
Core #0 (1 thread(s))
  L1I stats:
    Hits:                           47,152
    Misses:                          2,640
    Compulsory misses:               2,386
    Invalidations:                       0
    Miss rate:                        5.30%
  L1D stats:
    Hits:                           19,895
    Misses:                          1,280
    Compulsory misses:               1,879
    Invalidations:                       0
    Prefetch hits:                     329
    Prefetch misses:                 1,082
    Miss rate:                        6.04%
Core #1 (0 thread(s))
Core #2 (0 thread(s))
Core #3 (0 thread(s))
LL stats:
    Hits:                              553
    Misses:                          3,367
    Compulsory misses:               4,260
    Invalidations:                       0
    Prefetch hits:                     189
    Prefetch misses:                   893
    Local miss rate:                 85.89%
    Child hits:                     67,376
    Total miss rate:                  4.72%
