Cache simulation results:
Core #0 (1 thread(s))
  L1I stats:
    Hits:                           94,360
    Misses:                          5,233
    Compulsory misses:               2,386
    Invalidations:                       0
    Miss rate:                        5.25%
  L1D stats:
    Hits:                           39,872
    Misses:                          2,501
    Compulsory misses:               2,252
    Invalidations:                       0
    Prefetch hits:                     656
    Prefetch misses:                 2,107
    Miss rate:                        5.90%
Core #1 (0 thread(s))
Core #2 (0 thread(s))
Core #3 (0 thread(s))
LL stats:
    Hits:                            4,223
    Misses:                          3,511
    Compulsory misses:               4,633
    Invalidations:                       0
    Prefetch hits:                     985
    Prefetch misses:                 1,122
    Local miss rate:                 45.40%
    Child hits:                    134,888
    Total miss rate:                  2.46%
