Cache simulation results:
Core #0 (1 thread(s))
  L1I stats:
    Hits:                           47,155
    Misses:                          2,640
    Compulsory misses:               2,386
    Invalidations:                       0
    Miss rate:                        5.30%
  L1D stats:
    Hits:                           19,894
    Misses:                          1,281
    Compulsory misses:               1,870
    Invalidations:                       0
    Prefetch hits:                     328
    Prefetch misses:                 1,084
    Miss rate:                        6.05%
Core #1 (0 thread(s))
Core #2 (0 thread(s))
Core #3 (0 thread(s))
LL stats:
    Hits:                              555
    Misses:                          3,366
    Compulsory misses:               4,251
    Invalidations:                       0
    Prefetch hits:                     199
    Prefetch misses:                   885
    Local miss rate:                 85.85%
    Child hits:                     67,377
    Total miss rate:                  4.72%
