Cache simulation results:
Core #0 (1 thread(s))
  L1I stats:
    Hits:                           47,330
    Misses:                          2,650
    Compulsory misses:               2,396
    Invalidations:                       0
    Miss rate:                        5.30%
  L1D stats:
    Hits:                           19,952
    Misses:                          1,285
    Compulsory misses:               1,882
    Invalidations:                       0
    Prefetch hits:                     330
    Prefetch misses:                 1,086
    Miss rate:                        6.05%
Core #1 (0 thread(s))
Core #2 (0 thread(s))
Core #3 (0 thread(s))
LL stats:
    Hits:                              551
    Misses:                          3,384
    Compulsory misses:               4,273
    Invalidations:                       0
    Prefetch hits:                     197
    Prefetch misses:                   889
    Local miss rate:                 86.00%
    Child hits:                     67,612
    Total miss rate:                  4.73%
