Cache simulation results:
Core #0 (1 thread(s))
  L1I stats:
    Hits:                           47,549
    Misses:                          2,658
    Compulsory misses:               2,402
    Invalidations:                       0
    Miss rate:                        5.29%
  L1D stats:
    Hits:                           20,048
    Misses:                          1,301
    Compulsory misses:               1,903
    Invalidations:                       0
    Prefetch hits:                     340
    Prefetch misses:                 1,092
    Miss rate:                        6.09%
Core #1 (0 thread(s))
Core #2 (0 thread(s))
Core #3 (0 thread(s))
LL stats:
    Hits:                              559
    Misses:                          3,400
    Compulsory misses:               4,300
    Invalidations:                       0
    Prefetch hits:                     192
    Prefetch misses:                   900
    Local miss rate:                 85.88%
    Child hits:                     67,937
    Total miss rate:                  4.73%
