Cache simulation results:
Core #0 (1 thread(s))
  L1I stats:
    Hits:                           94,641
    Misses:                          5,252
    Compulsory misses:               2,407
    Invalidations:                       0
    Miss rate:                        5.26%
  L1D stats:
    Hits:                           39,993
    Misses:                          2,531
    Compulsory misses:               2,334
    Invalidations:                       0
    Prefetch hits:                     656
    Prefetch misses:                 2,138
    Miss rate:                        5.95%
Core #1 (0 thread(s))
Core #2 (0 thread(s))
Core #3 (0 thread(s))
LL stats:
    Hits:                            4,204
    Misses:                          3,579
    Compulsory misses:               4,736
    Invalidations:                       0
    Prefetch hits:                     981
    Prefetch misses:                 1,157
    Local miss rate:                 45.98%
    Child hits:                    135,290
    Total miss rate:                  2.50%
