Cache simulation results:
Core #0 (1 thread(s))
  L1I stats:
    Hits:                           47,146
    Misses:                          2,640
    Compulsory misses:               2,386
    Invalidations:                       0
    Miss rate:                        5.30%
  L1D stats:
    Hits:                           19,901
    Misses:                          1,288
    Compulsory misses:               1,873
    Invalidations:                       0
    Prefetch hits:                     329
    Prefetch misses:                 1,090
    Miss rate:                        6.08%
Core #1 (0 thread(s))
Core #2 (0 thread(s))
Core #3 (0 thread(s))
LL stats:
    Hits:                              564
    Misses:                          3,364
    Compulsory misses:               4,254
    Invalidations:                       0
    Prefetch hits:                     200
    Prefetch misses:                   890
    Local miss rate:                 85.64%
    Child hits:                     67,376
    Total miss rate:                  4.72%
