Cache simulation results:
Core #0 (1 thread(s))
  L1I stats:
    Hits:                           47,403
    Misses:                          2,655
    Compulsory misses:               2,401
    Invalidations:                       0
    Miss rate:                        5.30%
  L1D stats:
    Hits:                           19,973
    Misses:                          1,283
    Compulsory misses:               1,887
    Invalidations:                       0
    Prefetch hits:                     338
    Prefetch misses:                 1,077
    Miss rate:                        6.04%
Core #1 (0 thread(s))
Core #2 (0 thread(s))
Core #3 (0 thread(s))
LL stats:
    Hits:                              546
    Misses:                          3,392
    Compulsory misses:               4,283
    Invalidations:                       0
    Prefetch hits:                     186
    Prefetch misses:                   891
    Local miss rate:                 86.14%
    Child hits:                     67,714
    Total miss rate:                  4.73%
