Cache simulation results:
Core #0 (1 thread(s))
  L1I stats:
    Hits:                           60,223
    Misses:                          2,727
    Compulsory misses:               2,435
    Invalidations:                       0
    Miss rate:                        4.33%
  L1D stats:
    Hits:                           21,760
    Misses:                          1,346
    Compulsory misses:               1,943
    Invalidations:                       0
    Prefetch hits:                     358
    Prefetch misses:                 1,119
    Miss rate:                        5.83%
Core #1 (0 thread(s))
Core #2 (0 thread(s))
Core #3 (0 thread(s))
LL stats:
    Hits:                              616
    Misses:                          3,457
    Compulsory misses:               4,373
    Invalidations:                       0
    Prefetch hits:                     203
    Prefetch misses:                   916
    Local miss rate:                 84.88%
    Child hits:                     82,341
    Total miss rate:                  4.00%
