Cache simulation results:
Core #0 (1 thread(s))
  L1I stats:
    Hits:                          107,419
    Misses:                          5,323
    Compulsory misses:               2,438
    Invalidations:                       0
    Miss rate:                        4.72%
  L1D stats:
    Hits:                           41,734
    Misses:                          2,526
    Compulsory misses:               2,372
    Invalidations:                       0
    Prefetch hits:                     634
    Prefetch misses:                 2,154
    Miss rate:                        5.71%
Core #1 (0 thread(s))
Core #2 (0 thread(s))
Core #3 (0 thread(s))
LL stats:
    Hits:                            4,220
    Misses:                          3,629
    Compulsory misses:               4,805
    Invalidations:                       0
    Prefetch hits:                     978
    Prefetch misses:                 1,176
    Local miss rate:                 46.24%
    Child hits:                    149,787
    Total miss rate:                  2.30%
