Cache simulation results:
Core #0 (1 thread(s))
  L1I stats:
    Hits:                           48,022
    Misses:                          2,716
    Compulsory misses:               2,432
    Invalidations:                       0
    Miss rate:                        5.35%
  L1D stats:
    Hits:                           20,197
    Misses:                          1,338
    Compulsory misses:               1,943
    Invalidations:                       0
    Prefetch hits:                     333
    Prefetch misses:                 1,136
    Miss rate:                        6.21%
Core #1 (0 thread(s))
Core #2 (0 thread(s))
Core #3 (0 thread(s))
LL stats:
    Hits:                              609
    Misses:                          3,445
    Compulsory misses:               4,370
    Invalidations:                       0
    Prefetch hits:                     211
    Prefetch misses:                   925
    Local miss rate:                 84.98%
    Child hits:                     68,552
    Total miss rate:                  4.74%
