Cache simulation results:
Core #0 (1 thread(s))
  L1I stats:
    Hits:                           47,296
    Misses:                          2,648
    Compulsory misses:               2,394
    Invalidations:                       0
    Miss rate:                        5.30%
  L1D stats:
    Hits:                           19,933
    Misses:                          1,272
    Compulsory misses:               1,867
    Invalidations:                       0
    Prefetch hits:                     332
    Prefetch misses:                 1,071
    Miss rate:                        6.00%
Core #1 (0 thread(s))
Core #2 (0 thread(s))
Core #3 (0 thread(s))
LL stats:
    Hits:                              544
    Misses:                          3,376
    Compulsory misses:               4,256
    Invalidations:                       0
    Prefetch hits:                     191
    Prefetch misses:                   880
    Local miss rate:                 86.12%
    Child hits:                     67,561
    Total miss rate:                  4.72%
