Cache simulation results:
Core #0 (1 thread(s))
  L1I stats:
    Hits:                           47,782
    Misses:                          2,681
    Compulsory misses:               2,424
    Invalidations:                       0
    Miss rate:                        5.31%
  L1D stats:
    Hits:                           20,098
    Misses:                          1,308
    Compulsory misses:               1,917
    Invalidations:                       0
    Prefetch hits:                     329
    Prefetch misses:                 1,109
    Miss rate:                        6.11%
Core #1 (0 thread(s))
Core #2 (0 thread(s))
Core #3 (0 thread(s))
LL stats:
    Hits:                              564
    Misses:                          3,425
    Compulsory misses:               4,336
    Invalidations:                       0
    Prefetch hits:                     198
    Prefetch misses:                   911
    Local miss rate:                 85.86%
    Child hits:                     68,209
    Total miss rate:                  4.74%
