Cache simulation results:
Core #0 (1 thread(s))
  L1I stats:
    Hits:                           48,188
    Misses:                          2,672
    Compulsory misses:               2,417
    Invalidations:                       0
    Miss rate:                        5.25%
  L1D stats:
    Hits:                           20,256
    Misses:                          1,307
    Compulsory misses:               1,918
    Invalidations:                       0
    Prefetch hits:                     332
    Prefetch misses:                 1,105
    Miss rate:                        6.06%
Core #1 (0 thread(s))
Core #2 (0 thread(s))
Core #3 (0 thread(s))
LL stats:
    Hits:                              561
    Misses:                          3,418
    Compulsory misses:               4,330
    Invalidations:                       0
    Prefetch hits:                     193
    Prefetch misses:                   912
    Local miss rate:                 85.90%
    Child hits:                     68,776
    Total miss rate:                  4.70%
