Cache simulation results:
Core #0 (1 thread(s))
  L1I stats:
    Hits:                          107,259
    Misses:                          5,313
    Compulsory misses:               2,431
    Invalidations:                       0
    Miss rate:                        4.72%
  L1D stats:
    Hits:                           41,743
    Misses:                          2,512
    Compulsory misses:               2,283
    Invalidations:                       0
    Prefetch hits:                     664
    Prefetch misses:                 2,110
    Miss rate:                        5.68%
Core #1 (0 thread(s))
Core #2 (0 thread(s))
Core #3 (0 thread(s))
LL stats:
    Hits:                            4,247
    Misses:                          3,578
    Compulsory misses:               4,709
    Invalidations:                       0
    Prefetch hits:                     979
    Prefetch misses:                 1,131
    Local miss rate:                 45.73%
    Child hits:                    149,666
    Total miss rate:                  2.27%
