Cache simulation results:
Core #0 (1 thread(s))
  L1I stats:
    Hits:                           49,702
    Misses:                          2,073
    Compulsory misses:               1,844
    Invalidations:                       0
    Miss rate:                        4.00%
  L1D stats:
    Hits:                           18,337
    Misses:                          1,064
    Compulsory misses:               1,579
    Invalidations:                       0
    Prefetch hits:                     285
    Prefetch misses:                   904
    Miss rate:                        5.48%
Core #1 (0 thread(s))
Core #2 (0 thread(s))
Core #3 (0 thread(s))
LL stats:
    Hits:                              467
    Misses:                          2,670
    Compulsory misses:               3,423
    Invalidations:                       0
    Prefetch hits:                     151
    Prefetch misses:                   753
    Local miss rate:                 85.11%
    Child hits:                     68,324
    Total miss rate:                  3.74%
