Cache simulation results:
Core #0 (1 thread(s))
  L1I stats:
    Hits:                           95,326
    Misses:                          5,271
    Compulsory misses:               2,416
    Invalidations:                       0
    Miss rate:                        5.24%
  L1D stats:
    Hits:                           40,275
    Misses:                          2,524
    Compulsory misses:               2,347
    Invalidations:                       0
    Prefetch hits:                     650
    Prefetch misses:                 2,136
    Miss rate:                        5.90%
Core #1 (0 thread(s))
Core #2 (0 thread(s))
Core #3 (0 thread(s))
LL stats:
    Hits:                            4,202
    Misses:                          3,593
    Compulsory misses:               4,758
    Invalidations:                       0
    Prefetch hits:                     971
    Prefetch misses:                 1,165
    Local miss rate:                 46.09%
    Child hits:                    136,251
    Total miss rate:                  2.49%
