Cache simulation results:
Core #0 (1 thread(s))
  L1I stats:
    Hits:                           47,279
    Misses:                          2,648
    Compulsory misses:               2,394
    Invalidations:                       0
    Miss rate:                        5.30%
  L1D stats:
    Hits:                           19,938
    Misses:                          1,280
    Compulsory misses:               1,875
    Invalidations:                       0
    Prefetch hits:                     330
    Prefetch misses:                 1,081
    Miss rate:                        6.03%
Core #1 (0 thread(s))
Core #2 (0 thread(s))
Core #3 (0 thread(s))
LL stats:
    Hits:                              552
    Misses:                          3,376
    Compulsory misses:               4,264
    Invalidations:                       0
    Prefetch hits:                     193
    Prefetch misses:                   888
    Local miss rate:                 85.95%
    Child hits:                     67,547
    Total miss rate:                  4.72%
