Cache simulation results:
Core #0 (1 thread(s))
  L1I stats:
    Hits:                           47,179
    Misses:                          2,650
    Compulsory misses:               2,396
    Invalidations:                       0
    Miss rate:                        5.32%
  L1D stats:
    Hits:                           19,884
    Misses:                          1,296
    Compulsory misses:               1,885
    Invalidations:                       0
    Prefetch hits:                     334
    Prefetch misses:                 1,093
    Miss rate:                        6.12%
Core #1 (0 thread(s))
Core #2 (0 thread(s))
Core #3 (0 thread(s))
LL stats:
    Hits:                              562
    Misses:                          3,384
    Compulsory misses:               4,276
    Invalidations:                       0
    Prefetch hits:                     201
    Prefetch misses:                   892
    Local miss rate:                 85.76%
    Child hits:                     67,397
    Total miss rate:                  4.74%
