Cache simulation results:
Core #0 (1 thread(s))
  L1I stats:
    Hits:                           94,586
    Misses:                          5,252
    Compulsory misses:               2,396
    Invalidations:                       0
    Miss rate:                        5.26%
  L1D stats:
    Hits:                           39,904
    Misses:                          2,494
    Compulsory misses:               2,297
    Invalidations:                       0
    Prefetch hits:                     640
    Prefetch misses:                 2,116
    Miss rate:                        5.88%
Core #1 (0 thread(s))
Core #2 (0 thread(s))
Core #3 (0 thread(s))
LL stats:
    Hits:                            4,199
    Misses:                          3,547
    Compulsory misses:               4,688
    Invalidations:                       0
    Prefetch hits:                     975
    Prefetch misses:                 1,141
    Local miss rate:                 45.79%
    Child hits:                    135,130
    Total miss rate:                  2.48%
