Cache simulation results:
Core #0 (1 thread(s))
  L1I stats:
    Hits:                           47,614
    Misses:                          2,674
    Compulsory misses:               2,418
    Invalidations:                       0
    Miss rate:                        5.32%
  L1D stats:
    Hits:                           19,999
    Misses:                          1,309
    Compulsory misses:               1,912
    Invalidations:                       0
    Prefetch hits:                     341
    Prefetch misses:                 1,099
    Miss rate:                        6.14%
Core #1 (0 thread(s))
Core #2 (0 thread(s))
Core #3 (0 thread(s))
LL stats:
    Hits:                              564
    Misses:                          3,419
    Compulsory misses:               4,325
    Invalidations:                       0
    Prefetch hits:                     193
    Prefetch misses:                   906
    Local miss rate:                 85.84%
    Child hits:                     67,954
    Total miss rate:                  4.75%
