Cache simulation results:
Core #0 (1 thread(s))
  L1I stats:
    Hits:                           94,489
    Misses:                          5,252
    Compulsory misses:               2,397
    Invalidations:                       0
    Miss rate:                        5.27%
  L1D stats:
    Hits:                           39,878
    Misses:                          2,509
    Compulsory misses:               2,304
    Invalidations:                       0
    Prefetch hits:                     646
    Prefetch misses:                 2,125
    Miss rate:                        5.92%
Core #1 (0 thread(s))
Core #2 (0 thread(s))
Core #3 (0 thread(s))
LL stats:
    Hits:                            4,209
    Misses:                          3,552
    Compulsory misses:               4,696
    Invalidations:                       0
    Prefetch hits:                     981
    Prefetch misses:                 1,144
    Local miss rate:                 45.77%
    Child hits:                    135,013
    Total miss rate:                  2.49%
