Cache simulation results:
Core #0 (1 thread(s))
  L1I stats:
    Hits:                           47,102
    Misses:                          2,647
    Compulsory misses:               2,393
    Invalidations:                       0
    Miss rate:                        5.32%
  L1D stats:
    Hits:                           19,858
    Misses:                          1,298
    Compulsory misses:               1,890
    Invalidations:                       0
    Prefetch hits:                     341
    Prefetch misses:                 1,088
    Miss rate:                        6.14%
Core #1 (0 thread(s))
Core #2 (0 thread(s))
Core #3 (0 thread(s))
LL stats:
    Hits:                              563
    Misses:                          3,382
    Compulsory misses:               4,278
    Invalidations:                       0
    Prefetch hits:                     192
    Prefetch misses:                   896
    Local miss rate:                 85.73%
    Child hits:                     67,301
    Total miss rate:                  4.75%
