Cache simulation results:
Core #0 (1 thread(s))
  L1I stats:
    Hits:                           94,239
    Misses:                          5,246
    Compulsory misses:               2,394
    Invalidations:                       0
    Miss rate:                        5.27%
  L1D stats:
    Hits:                           39,810
    Misses:                          2,507
    Compulsory misses:               2,334
    Invalidations:                       0
    Prefetch hits:                     648
    Prefetch misses:                 2,121
    Miss rate:                        5.92%
Core #1 (0 thread(s))
Core #2 (0 thread(s))
Core #3 (0 thread(s))
LL stats:
    Hits:                            4,184
    Misses:                          3,569
    Compulsory misses:               4,723
    Invalidations:                       0
    Prefetch hits:                     967
    Prefetch misses:                 1,154
    Local miss rate:                 46.03%
    Child hits:                    134,697
    Total miss rate:                  2.51%
