Cache simulation results:
Core #0 (1 thread(s))
  L1I stats:
    Hits:                           47,098
    Misses:                          2,647
    Compulsory misses:               2,393
    Invalidations:                       0
    Miss rate:                        5.32%
  L1D stats:
    Hits:                           19,858
    Misses:                          1,291
    Compulsory misses:               1,882
    Invalidations:                       0
    Prefetch hits:                     337
    Prefetch misses:                 1,085
    Miss rate:                        6.10%
Core #1 (0 thread(s))
Core #2 (0 thread(s))
Core #3 (0 thread(s))
LL stats:
    Hits:                              559
    Misses:                          3,379
    Compulsory misses:               4,270
    Invalidations:                       0
    Prefetch hits:                     194
    Prefetch misses:                   891
    Local miss rate:                 85.80%
    Child hits:                     67,293
    Total miss rate:                  4.74%
