Cache simulation results:
Core #0 (1 thread(s))
  L1I stats:
    Hits:                          444,322
    Misses:                          8,106
    Compulsory misses:               3,851
    Invalidations:                       0
    Miss rate:                        1.79%
  L1D stats:
    Hits:                          161,826
    Misses:                          4,375
    Compulsory misses:               4,950
    Invalidations:                       0
    Prefetch hits:                   1,364
    Prefetch misses:                 3,943
    Miss rate:                        2.63%
Core #1 (0 thread(s))
Core #2 (0 thread(s))
Core #3 (0 thread(s))
LL stats:
    Hits:                            6,248
    Misses:                          6,233
    Compulsory misses:               8,796
    Invalidations:                       0
    Prefetch hits:                   1,380
    Prefetch misses:                 2,563
    Local miss rate:                 49.94%
    Child hits:                    607,512
    Total miss rate:                  1.01%
