Cache simulation results:
Core #0 (1 thread(s))
  L1I stats:
    Hits:                           27,484
    Misses:                            761
    Compulsory misses:                 732
    Invalidations:                       0
    Miss rate:                        2.69%
  L1D stats:
    Hits:                           10,874
    Misses:                            419
    Compulsory misses:                 749
    Invalidations:                       0
    Prefetch hits:                      86
    Prefetch misses:                   398
    Miss rate:                        3.71%
Core #1 (0 thread(s))
Core #2 (0 thread(s))
Core #3 (0 thread(s))
LL stats:
    Hits:                               68
    Misses:                          1,112
    Compulsory misses:               1,481
    Invalidations:                       0
    Prefetch hits:                      29
    Prefetch misses:                   369
    Local miss rate:                 94.24%
    Child hits:                     38,444
    Total miss rate:                  2.81%
