Cache simulation results:
Core #0 (1 thread(s))
  L1I stats:
    Hits:                           95,866
    Misses:                          5,311
    Compulsory misses:               2,440
    Invalidations:                       0
    Miss rate:                        5.25%
  L1D stats:
    Hits:                           40,411
    Misses:                          2,566
    Compulsory misses:               2,400
    Invalidations:                       0
    Prefetch hits:                     649
    Prefetch misses:                 2,178
    Miss rate:                        5.97%
Core #1 (0 thread(s))
Core #2 (0 thread(s))
Core #3 (0 thread(s))
LL stats:
    Hits:                            4,232
    Misses:                          3,645
    Compulsory misses:               4,835
    Invalidations:                       0
    Prefetch hits:                     988
    Prefetch misses:                 1,190
    Local miss rate:                 46.27%
    Child hits:                    136,926
    Total miss rate:                  2.52%
