Cache simulation results:
Core #0 (1 thread(s))
  L1I stats:
    Hits:                           95,328
    Misses:                          5,277
    Compulsory misses:               2,418
    Invalidations:                       0
    Miss rate:                        5.25%
  L1D stats:
    Hits:                           40,208
    Misses:                          2,503
    Compulsory misses:               2,342
    Invalidations:                       0
    Prefetch hits:                     646
    Prefetch misses:                 2,118
    Miss rate:                        5.86%
Core #1 (0 thread(s))
Core #2 (0 thread(s))
Core #3 (0 thread(s))
LL stats:
    Hits:                            4,183
    Misses:                          3,597
    Compulsory misses:               4,755
    Invalidations:                       0
    Prefetch hits:                     960
    Prefetch misses:                 1,158
    Local miss rate:                 46.23%
    Child hits:                    136,182
    Total miss rate:                  2.50%
