Cache simulation results:
Core #0 (1 thread(s))
  L1I stats:
    Hits:                           95,266
    Misses:                          5,265
    Compulsory misses:               2,413
    Invalidations:                       0
    Miss rate:                        5.24%
  L1D stats:
    Hits:                           40,222
    Misses:                          2,554
    Compulsory misses:               2,361
    Invalidations:                       0
    Prefetch hits:                     651
    Prefetch misses:                 2,165
    Miss rate:                        5.97%
Core #1 (0 thread(s))
Core #2 (0 thread(s))
Core #3 (0 thread(s))
LL stats:
    Hits:                            4,224
    Misses:                          3,595
    Compulsory misses:               4,769
    Invalidations:                       0
    Prefetch hits:                     991
    Prefetch misses:                 1,174
    Local miss rate:                 45.98%
    Child hits:                    136,139
    Total miss rate:                  2.50%
