Cache simulation results:
Core #0 (1 thread(s))
  L1I stats:
    Hits:                           94,430
    Misses:                          5,252
    Compulsory misses:               2,396
    Invalidations:                       0
    Miss rate:                        5.27%
  L1D stats:
    Hits:                           39,895
    Misses:                          2,457
    Compulsory misses:               2,260
    Invalidations:                       0
    Prefetch hits:                     642
    Prefetch misses:                 2,077
    Miss rate:                        5.80%
Core #1 (0 thread(s))
Core #2 (0 thread(s))
Core #3 (0 thread(s))
LL stats:
    Hits:                            4,170
    Misses:                          3,539
    Compulsory misses:               4,651
    Invalidations:                       0
    Prefetch hits:                     965
    Prefetch misses:                 1,112
    Local miss rate:                 45.91%
    Child hits:                    134,967
    Total miss rate:                  2.48%
