Cache simulation results:
Core #0 (1 thread(s))
  L1I stats:
    Hits:                           62,075
    Misses:                          2,761
    Compulsory misses:               2,451
    Invalidations:                       0
    Miss rate:                        4.26%
  L1D stats:
    Hits:                           21,922
    Misses:                          1,328
    Compulsory misses:               1,948
    Invalidations:                       0
    Prefetch hits:                     330
    Prefetch misses:                 1,129
    Miss rate:                        5.71%
Core #1 (0 thread(s))
Core #2 (0 thread(s))
Core #3 (0 thread(s))
LL stats:
    Hits:                              620
    Misses:                          3,469
    Compulsory misses:               4,394
    Invalidations:                       0
    Prefetch hits:                     204
    Prefetch misses:                   925
    Local miss rate:                 84.84%
    Child hits:                     84,327
    Total miss rate:                  3.92%
