Cache simulation results:
Core #0 (1 thread(s))
  L1I stats:
    Hits:                           97,753
    Misses:                          5,406
    Compulsory misses:               2,538
    Invalidations:                       0
    Miss rate:                        5.24%
  L1D stats:
    Hits:                           40,920
    Misses:                          2,580
    Compulsory misses:               2,418
    Invalidations:                       0
    Prefetch hits:                     644
    Prefetch misses:                 2,199
    Miss rate:                        5.93%
Core #1 (0 thread(s))
Core #2 (0 thread(s))
Core #3 (0 thread(s))
LL stats:
    Hits:                            4,232
    Misses:                          3,754
    Compulsory misses:               4,951
    Invalidations:                       0
    Prefetch hits:                   1,002
    Prefetch misses:                 1,197
    Local miss rate:                 47.01%
    Child hits:                    139,317
    Total miss rate:                  2.55%
