Cache simulation results:
Core #0 (1 thread(s))
  L1I stats:
    Hits:                           96,073
    Misses:                          5,304
    Compulsory misses:               2,439
    Invalidations:                       0
    Miss rate:                        5.23%
  L1D stats:
    Hits:                           40,546
    Misses:                          2,550
    Compulsory misses:               2,355
    Invalidations:                       0
    Prefetch hits:                     658
    Prefetch misses:                 2,153
    Miss rate:                        5.92%
Core #1 (0 thread(s))
Core #2 (0 thread(s))
Core #3 (0 thread(s))
LL stats:
    Hits:                            4,227
    Misses:                          3,627
    Compulsory misses:               4,789
    Invalidations:                       0
    Prefetch hits:                     991
    Prefetch misses:                 1,162
    Local miss rate:                 46.18%
    Child hits:                    137,277
    Total miss rate:                  2.50%
