Cache simulation results:
Core #0 (1 thread(s))
  L1I stats:
    Hits:                          256,369
    Misses:                          5,920
    Compulsory misses:               2,487
    Invalidations:                       0
    Miss rate:                        2.26%
  L1D stats:
    Hits:                           67,108
    Misses:                          2,754
    Compulsory misses:               2,524
    Invalidations:                       0
    Prefetch hits:                     710
    Prefetch misses:                 2,311
    Miss rate:                        3.94%
Core #1 (0 thread(s))
Core #2 (0 thread(s))
Core #3 (0 thread(s))
LL stats:
    Hits:                            4,916
    Misses:                          3,758
    Compulsory misses:               5,006
    Invalidations:                       0
    Prefetch hits:                   1,063
    Prefetch misses:                 1,248
    Local miss rate:                 43.32%
    Child hits:                    324,187
    Total miss rate:                  1.13%
