Cache simulation results:
Core #0 (1 thread(s))
  L1I stats:
    Hits:                           47,205
    Misses:                          2,648
    Compulsory misses:               2,396
    Invalidations:                       0
    Miss rate:                        5.31%
  L1D stats:
    Hits:                           19,898
    Misses:                          1,294
    Compulsory misses:               1,872
    Invalidations:                       0
    Prefetch hits:                     334
    Prefetch misses:                 1,091
    Miss rate:                        6.11%
Core #1 (0 thread(s))
Core #2 (0 thread(s))
Core #3 (0 thread(s))
LL stats:
    Hits:                              567
    Misses:                          3,375
    Compulsory misses:               4,263
    Invalidations:                       0
    Prefetch hits:                     203
    Prefetch misses:                   888
    Local miss rate:                 85.62%
    Child hits:                     67,437
    Total miss rate:                  4.73%
