Cache simulation results:
Core #0 (1 thread(s))
  L1I stats:
    Hits:                           47,191
    Misses:                          2,648
    Compulsory misses:               2,394
    Invalidations:                       0
    Miss rate:                        5.31%
  L1D stats:
    Hits:                           19,881
    Misses:                          1,294
    Compulsory misses:               1,887
    Invalidations:                       0
    Prefetch hits:                     338
    Prefetch misses:                 1,087
    Miss rate:                        6.11%
Core #1 (0 thread(s))
Core #2 (0 thread(s))
Core #3 (0 thread(s))
LL stats:
    Hits:                              559
    Misses:                          3,383
    Compulsory misses:               4,276
    Invalidations:                       0
    Prefetch hits:                     194
    Prefetch misses:                   893
    Local miss rate:                 85.82%
    Child hits:                     67,410
    Total miss rate:                  4.74%
