Cache simulation results:
Core #0 (1 thread(s))
  L1I stats:
    Hits:                           47,214
    Misses:                          2,649
    Compulsory misses:               2,395
    Invalidations:                       0
    Miss rate:                        5.31%
  L1D stats:
    Hits:                           19,907
    Misses:                          1,285
    Compulsory misses:               1,873
    Invalidations:                       0
    Prefetch hits:                     331
    Prefetch misses:                 1,085
    Miss rate:                        6.06%
Core #1 (0 thread(s))
Core #2 (0 thread(s))
Core #3 (0 thread(s))
LL stats:
    Hits:                              559
    Misses:                          3,375
    Compulsory misses:               4,263
    Invalidations:                       0
    Prefetch hits:                     197
    Prefetch misses:                   888
    Local miss rate:                 85.79%
    Child hits:                     67,452
    Total miss rate:                  4.73%
