Cache simulation results:
Core #0 (1 thread(s))
  L1I stats:
    Hits:                           95,411
    Misses:                          5,282
    Compulsory misses:               2,440
    Invalidations:                       0
    Miss rate:                        5.25%
  L1D stats:
    Hits:                           40,266
    Misses:                          2,542
    Compulsory misses:               2,367
    Invalidations:                       0
    Prefetch hits:                     661
    Prefetch misses:                 2,147
    Miss rate:                        5.94%
Core #1 (0 thread(s))
Core #2 (0 thread(s))
Core #3 (0 thread(s))
LL stats:
    Hits:                            4,195
    Misses:                          3,629
    Compulsory misses:               4,802
    Invalidations:                       0
    Prefetch hits:                     974
    Prefetch misses:                 1,173
    Local miss rate:                 46.38%
    Child hits:                    136,338
    Total miss rate:                  2.52%
