Cache simulation results:
Core #0 (1 thread(s))
  L1I stats:
    Hits:                           47,223
    Misses:                          2,652
    Compulsory misses:               2,398
    Invalidations:                       0
    Miss rate:                        5.32%
  L1D stats:
    Hits:                           19,874
    Misses:                          1,304
    Compulsory misses:               1,896
    Invalidations:                       0
    Prefetch hits:                     334
    Prefetch misses:                 1,101
    Miss rate:                        6.16%
Core #1 (0 thread(s))
Core #2 (0 thread(s))
Core #3 (0 thread(s))
LL stats:
    Hits:                              568
    Misses:                          3,388
    Compulsory misses:               4,289
    Invalidations:                       0
    Prefetch hits:                     200
    Prefetch misses:                   901
    Local miss rate:                 85.64%
    Child hits:                     67,431
    Total miss rate:                  4.75%
