Cache simulation results:
Core #0 (1 thread(s))
  L1I stats:
    Hits:                           47,207
    Misses:                          2,650
    Compulsory misses:               2,396
    Invalidations:                       0
    Miss rate:                        5.32%
  L1D stats:
    Hits:                           19,903
    Misses:                          1,278
    Compulsory misses:               1,877
    Invalidations:                       0
    Prefetch hits:                     324
    Prefetch misses:                 1,085
    Miss rate:                        6.03%
Core #1 (0 thread(s))
Core #2 (0 thread(s))
Core #3 (0 thread(s))
LL stats:
    Hits:                              547
    Misses:                          3,381
    Compulsory misses:               4,268
    Invalidations:                       0
    Prefetch hits:                     198
    Prefetch misses:                   887
    Local miss rate:                 86.07%
    Child hits:                     67,434
    Total miss rate:                  4.74%
