Cache simulation results:
Core #0 (1 thread(s))
  L1I stats:
    Hits:                           94,545
    Misses:                          5,251
    Compulsory misses:               2,396
    Invalidations:                       0
    Miss rate:                        5.26%
  L1D stats:
    Hits:                           39,879
    Misses:                          2,509
    Compulsory misses:               2,312
    Invalidations:                       0
    Prefetch hits:                     651
    Prefetch misses:                 2,120
    Miss rate:                        5.92%
Core #1 (0 thread(s))
Core #2 (0 thread(s))
Core #3 (0 thread(s))
LL stats:
    Hits:                            4,199
    Misses:                          3,561
    Compulsory misses:               4,703
    Invalidations:                       0
    Prefetch hits:                     978
    Prefetch misses:                 1,142
    Local miss rate:                 45.89%
    Child hits:                    135,075
    Total miss rate:                  2.49%
