Cache simulation results:
Core #0 (1 thread(s))
  L1I stats:
    Hits:                           47,329
    Misses:                          2,655
    Compulsory misses:               2,401
    Invalidations:                       0
    Miss rate:                        5.31%
  L1D stats:
    Hits:                           19,937
    Misses:                          1,299
    Compulsory misses:               1,885
    Invalidations:                       0
    Prefetch hits:                     345
    Prefetch misses:                 1,086
    Miss rate:                        6.12%
Core #1 (0 thread(s))
Core #2 (0 thread(s))
Core #3 (0 thread(s))
LL stats:
    Hits:                              564
    Misses:                          3,390
    Compulsory misses:               4,281
    Invalidations:                       0
    Prefetch hits:                     195
    Prefetch misses:                   891
    Local miss rate:                 85.74%
    Child hits:                     67,611
    Total miss rate:                  4.74%
