Cache simulation results:
Core #0 (1 thread(s))
  L1I stats:
    Hits:                           47,390
    Misses:                          2,651
    Compulsory misses:               2,397
    Invalidations:                       0
    Miss rate:                        5.30%
  L1D stats:
    Hits:                           19,940
    Misses:                          1,286
    Compulsory misses:               1,879
    Invalidations:                       0
    Prefetch hits:                     337
    Prefetch misses:                 1,080
    Miss rate:                        6.06%
Core #1 (0 thread(s))
Core #2 (0 thread(s))
Core #3 (0 thread(s))
LL stats:
    Hits:                              554
    Misses:                          3,383
    Compulsory misses:               4,271
    Invalidations:                       0
    Prefetch hits:                     192
    Prefetch misses:                   888
    Local miss rate:                 85.93%
    Child hits:                     67,667
    Total miss rate:                  4.72%
