Cache simulation results:
Core #0 (1 thread(s))
  L1I stats:
    Hits:                          157,435
    Misses:                          5,261
    Compulsory misses:               2,408
    Invalidations:                       0
    Miss rate:                        3.23%
  L1D stats:
    Hits:                           47,886
    Misses:                          2,496
    Compulsory misses:               2,266
    Invalidations:                       0
    Prefetch hits:                     659
    Prefetch misses:                 2,100
    Miss rate:                        4.95%
Core #1 (0 thread(s))
Core #2 (0 thread(s))
Core #3 (0 thread(s))
LL stats:
    Hits:                            4,211
    Misses:                          3,546
    Compulsory misses:               4,669
    Invalidations:                       0
    Prefetch hits:                     977
    Prefetch misses:                 1,123
    Local miss rate:                 45.71%
    Child hits:                    205,980
    Total miss rate:                  1.66%
