Cache simulation results:
Core #0 (1 thread(s))
  L1I stats:
    Hits:                           94,983
    Misses:                          5,283
    Compulsory misses:               2,423
    Invalidations:                       0
    Miss rate:                        5.27%
  L1D stats:
    Hits:                           40,023
    Misses:                          2,551
    Compulsory misses:               2,377
    Invalidations:                       0
    Prefetch hits:                     657
    Prefetch misses:                 2,156
    Miss rate:                        5.99%
Core #1 (0 thread(s))
Core #2 (0 thread(s))
Core #3 (0 thread(s))
LL stats:
    Hits:                            4,224
    Misses:                          3,610
    Compulsory misses:               4,795
    Invalidations:                       0
    Prefetch hits:                     971
    Prefetch misses:                 1,185
    Local miss rate:                 46.08%
    Child hits:                    135,663
    Total miss rate:                  2.52%
