Cache simulation results:
Core #0 (1 thread(s))
  L1I stats:
    Hits:                          254,878
    Misses:                          5,260
    Compulsory misses:               2,414
    Invalidations:                       0
    Miss rate:                        2.02%
  L1D stats:
    Hits:                           60,057
    Misses:                          2,536
    Compulsory misses:               2,364
    Invalidations:                       0
    Prefetch hits:                     666
    Prefetch misses:                 2,132
    Miss rate:                        4.05%
Core #1 (0 thread(s))
Core #2 (0 thread(s))
Core #3 (0 thread(s))
LL stats:
    Hits:                            4,195
    Misses:                          3,601
    Compulsory misses:               4,773
    Invalidations:                       0
    Prefetch hits:                     960
    Prefetch misses:                 1,172
    Local miss rate:                 46.19%
    Child hits:                    315,601
    Total miss rate:                  1.11%
