Cache simulation results:
Core #0 (1 thread(s))
  L1I stats:
    Hits:                           47,405
    Misses:                          2,665
    Compulsory misses:               2,408
    Invalidations:                       0
    Miss rate:                        5.32%
  L1D stats:
    Hits:                           19,986
    Misses:                          1,315
    Compulsory misses:               1,903
    Invalidations:                       0
    Prefetch hits:                     334
    Prefetch misses:                 1,112
    Miss rate:                        6.17%
Core #1 (0 thread(s))
Core #2 (0 thread(s))
Core #3 (0 thread(s))
LL stats:
    Hits:                              575
    Misses:                          3,405
    Compulsory misses:               4,306
    Invalidations:                       0
    Prefetch hits:                     211
    Prefetch misses:                   901
    Local miss rate:                 85.55%
    Child hits:                     67,725
    Total miss rate:                  4.75%
