Cache simulation results:
Core #0 (1 thread(s))
  L1I stats:
    Hits:                           94,588
    Misses:                          5,246
    Compulsory misses:               2,393
    Invalidations:                       0
    Miss rate:                        5.25%
  L1D stats:
    Hits:                           39,910
    Misses:                          2,513
    Compulsory misses:               2,286
    Invalidations:                       0
    Prefetch hits:                     666
    Prefetch misses:                 2,109
    Miss rate:                        5.92%
Core #1 (0 thread(s))
Core #2 (0 thread(s))
Core #3 (0 thread(s))
LL stats:
    Hits:                            4,216
    Misses:                          3,543
    Compulsory misses:               4,674
    Invalidations:                       0
    Prefetch hits:                     978
    Prefetch misses:                 1,131
    Local miss rate:                 45.66%
    Child hits:                    135,164
    Total miss rate:                  2.48%
