Cache simulation results:
Core #0 (1 thread(s))
  L1I stats:
    Hits:                           47,466
    Misses:                          2,671
    Compulsory misses:               2,412
    Invalidations:                       0
    Miss rate:                        5.33%
  L1D stats:
    Hits:                           20,016
    Misses:                          1,324
    Compulsory misses:               1,914
    Invalidations:                       0
    Prefetch hits:                     342
    Prefetch misses:                 1,113
    Miss rate:                        6.20%
Core #1 (0 thread(s))
Core #2 (0 thread(s))
Core #3 (0 thread(s))
LL stats:
    Hits:                              585
    Misses:                          3,410
    Compulsory misses:               4,321
    Invalidations:                       0
    Prefetch hits:                     202
    Prefetch misses:                   911
    Local miss rate:                 85.36%
    Child hits:                     67,824
    Total miss rate:                  4.75%
