Cache simulation results:
Core #0 (1 thread(s))
  L1I stats:
    Hits:                           47,322
    Misses:                          2,651
    Compulsory misses:               2,398
    Invalidations:                       0
    Miss rate:                        5.30%
  L1D stats:
    Hits:                           19,925
    Misses:                          1,319
    Compulsory misses:               1,909
    Invalidations:                       0
    Prefetch hits:                     349
    Prefetch misses:                 1,102
    Miss rate:                        6.21%
Core #1 (0 thread(s))
Core #2 (0 thread(s))
Core #3 (0 thread(s))
LL stats:
    Hits:                              572
    Misses:                          3,398
    Compulsory misses:               4,302
    Invalidations:                       0
    Prefetch hits:                     198
    Prefetch misses:                   904
    Local miss rate:                 85.59%
    Child hits:                     67,596
    Total miss rate:                  4.75%
