Cache simulation results:
Core #0 (1 thread(s))
  L1I stats:
    Hits:                           47,259
    Misses:                          2,647
    Compulsory misses:               2,393
    Invalidations:                       0
    Miss rate:                        5.30%
  L1D stats:
    Hits:                           19,917
    Misses:                          1,288
    Compulsory misses:               1,865
    Invalidations:                       0
    Prefetch hits:                     337
    Prefetch misses:                 1,082
    Miss rate:                        6.07%
Core #1 (0 thread(s))
Core #2 (0 thread(s))
Core #3 (0 thread(s))
LL stats:
    Hits:                              563
    Misses:                          3,372
    Compulsory misses:               4,253
    Invalidations:                       0
    Prefetch hits:                     201
    Prefetch misses:                   881
    Local miss rate:                 85.69%
    Child hits:                     67,513
    Total miss rate:                  4.72%
