Cache simulation results:
Core #0 (1 thread(s))
  L1I stats:
    Hits:                           47,807
    Misses:                          2,660
    Compulsory misses:               2,406
    Invalidations:                       0
    Miss rate:                        5.27%
  L1D stats:
    Hits:                           20,151
    Misses:                          1,327
    Compulsory misses:               1,988
    Invalidations:                       0
    Prefetch hits:                     325
    Prefetch misses:                 1,133
    Miss rate:                        6.18%
Core #1 (0 thread(s))
Core #2 (0 thread(s))
Core #3 (0 thread(s))
LL stats:
    Hits:                              545
    Misses:                          3,442
    Compulsory misses:               4,389
    Invalidations:                       0
    Prefetch hits:                     186
    Prefetch misses:                   947
    Local miss rate:                 86.33%
    Child hits:                     68,283
    Total miss rate:                  4.76%
