Cache simulation results:
Core #0 (1 thread(s))
  L1I stats:
    Hits:                           47,478
    Misses:                          2,663
    Compulsory misses:               2,409
    Invalidations:                       0
    Miss rate:                        5.31%
  L1D stats:
    Hits:                           19,950
    Misses:                          1,305
    Compulsory misses:               1,929
    Invalidations:                       0
    Prefetch hits:                     337
    Prefetch misses:                 1,099
    Miss rate:                        6.14%
Core #1 (0 thread(s))
Core #2 (0 thread(s))
Core #3 (0 thread(s))
LL stats:
    Hits:                              545
    Misses:                          3,423
    Compulsory misses:               4,333
    Invalidations:                       0
    Prefetch hits:                     189
    Prefetch misses:                   910
    Local miss rate:                 86.27%
    Child hits:                     67,765
    Total miss rate:                  4.77%
