Cache simulation results:
Core #0 (1 thread(s))
  L1I stats:
    Hits:                            6,003
    Misses:                            370
    Compulsory misses:                 369
    Invalidations:                       0
    Miss rate:                        5.81%
  L1D stats:
    Hits:                            2,463
    Misses:                            165
    Compulsory misses:                 314
    Invalidations:                       0
    Prefetch hits:                      26
    Prefetch misses:                   149
    Miss rate:                        6.28%
Core #1 (0 thread(s))
Core #2 (0 thread(s))
Core #3 (0 thread(s))
LL stats:
    Hits:                                1
    Misses:                            534
    Compulsory misses:                 683
    Invalidations:                       0
    Prefetch hits:                       0
    Prefetch misses:                   149
    Local miss rate:                 99.81%
    Child hits:                      8,492
    Total miss rate:                  5.92%
