Cache simulation results:
Core #0 (1 thread(s))
  L1I stats:
    Hits:                           94,737
    Misses:                          5,264
    Compulsory misses:               2,409
    Invalidations:                       0
    Miss rate:                        5.26%
  L1D stats:
    Hits:                           39,978
    Misses:                          2,480
    Compulsory misses:               2,291
    Invalidations:                       0
    Prefetch hits:                     645
    Prefetch misses:                 2,098
    Miss rate:                        5.84%
Core #1 (0 thread(s))
Core #2 (0 thread(s))
Core #3 (0 thread(s))
LL stats:
    Hits:                            4,186
    Misses:                          3,558
    Compulsory misses:               4,695
    Invalidations:                       0
    Prefetch hits:                     961
    Prefetch misses:                 1,137
    Local miss rate:                 45.95%
    Child hits:                    135,360
    Total miss rate:                  2.49%
