Cache simulation results:
Core #0 (1 thread(s))
  L1I stats:
    Hits:                           51,751
    Misses:                            846
    Compulsory misses:                 551
    Invalidations:                       0
    Miss rate:                        1.61%
  L1D stats:
    Hits:                           18,928
    Misses:                            491
    Compulsory misses:                 752
    Invalidations:                       0
    Prefetch hits:                     191
    Prefetch misses:                   476
    Miss rate:                        2.53%
Core #1 (0 thread(s))
Core #2 (0 thread(s))
Core #3 (0 thread(s))
LL stats:
    Hits:                              433
    Misses:                            904
    Compulsory misses:               1,303
    Invalidations:                       0
    Prefetch hits:                      77
    Prefetch misses:                   399
    Local miss rate:                 67.61%
    Child hits:                     70,870
    Total miss rate:                  1.25%
