Cache simulation results:
Core #0 (1 thread(s))
  L1I stats:
    Hits:                          107,585
    Misses:                          1,636
    Compulsory misses:                 732
    Invalidations:                       0
    Miss rate:                        1.50%
  L1D stats:
    Hits:                           36,022
    Misses:                            670
    Compulsory misses:                 767
    Invalidations:                       0
    Prefetch hits:                     134
    Prefetch misses:                   579
    Miss rate:                        1.83%
Core #1 (0 thread(s))
Core #2 (0 thread(s))
Core #3 (0 thread(s))
LL stats:
    Hits:                            1,177
    Misses:                          1,129
    Compulsory misses:               1,499
    Invalidations:                       0
    Prefetch hits:                     209
    Prefetch misses:                   370
    Local miss rate:                 48.96%
    Child hits:                    143,741
    Total miss rate:                  0.77%
