Cache simulation results:
Core #0 (1 thread(s))
  L1I stats:
    Hits:                           28,724
    Misses:                          1,887
    Compulsory misses:                 927
    Invalidations:                       0
    Miss rate:                        6.16%
  L1D stats:
    Hits:                           11,828
    Misses:                            922
    Compulsory misses:                 991
    Invalidations:                       0
    Prefetch hits:                     166
    Prefetch misses:                   792
    Miss rate:                        7.23%
Core #1 (0 thread(s))
Core #2 (0 thread(s))
Core #3 (0 thread(s))
LL stats:
    Hits:                            1,366
    Misses:                          1,443
    Compulsory misses:               1,918
    Invalidations:                       0
    Prefetch hits:                     317
    Prefetch misses:                   475
    Local miss rate:                 51.37%
    Child hits:                     40,718
    Total miss rate:                  3.32%
