Cache simulation results:
Core #0 (1 thread(s))
  L1I stats:
    Hits:                           28,660
    Misses:                          1,890
    Compulsory misses:                 931
    Invalidations:                       0
    Miss rate:                        6.19%
  L1D stats:
    Hits:                           11,845
    Misses:                            906
    Compulsory misses:                 985
    Invalidations:                       0
    Prefetch hits:                     164
    Prefetch misses:                   779
    Miss rate:                        7.11%
Core #1 (0 thread(s))
Core #2 (0 thread(s))
Core #3 (0 thread(s))
LL stats:
    Hits:                            1,356
    Misses:                          1,440
    Compulsory misses:               1,916
    Invalidations:                       0
    Prefetch hits:                     303
    Prefetch misses:                   476
    Local miss rate:                 51.50%
    Child hits:                     40,669
    Total miss rate:                  3.31%
