Cache simulation results:
Core #0 (1 thread(s))
  L1I stats:
    Hits:                        1,528,839
    Misses:                         97,365
    Compulsory misses:               1,093
    Invalidations:                       0
    Miss rate:                        5.99%
  L1D stats:
    Hits:                          634,463
    Misses:                         42,843
    Compulsory misses:               9,953
    Invalidations:                       0
    Prefetch hits:                   8,356
    Prefetch misses:                36,415
    Miss rate:                        6.33%
Core #1 (0 thread(s))
Core #2 (0 thread(s))
Core #3 (0 thread(s))
LL stats:
    Hits:                          134,743
    Misses:                          5,465
    Compulsory misses:              11,046
    Invalidations:                       0
    Prefetch hits:                  30,834
    Prefetch misses:                 5,581
    Local miss rate:                  3.90%
    Child hits:                  2,171,658
    Total miss rate:                  0.24%
