Cache simulation results:
Core #0 (1 thread(s))
  L1I stats:
    Hits:                            4,446
    Misses:                             60
    Compulsory misses:                  60
    Invalidations:                       0
    Miss rate:                        1.33%
  L1D stats:
    Hits:                            1,690
    Misses:                             21
    Compulsory misses:                  37
    Invalidations:                       0
    Prefetch hits:                       5
    Prefetch misses:                    16
    Miss rate:                        1.23%
Core #1 (0 thread(s))
Core #2 (0 thread(s))
Core #3 (0 thread(s))
LL stats:
    Hits:                                0
    Misses:                             81
    Compulsory misses:                  97
    Invalidations:                       0
    Prefetch hits:                       0
    Prefetch misses:                    16
    Local miss rate:                100.00%
    Child hits:                      6,141
    Total miss rate:                  1.30%
