Cache simulation results:
Core #0 (1 thread(s))
  L1I stats:
    Hits:                        1,552,259
    Misses:                          6,505
    Compulsory misses:               3,176
    Invalidations:                       0
    Miss rate:                        0.42%
  L1D stats:
    Hits:                          569,581
    Misses:                         21,264
    Compulsory misses:              16,328
    Invalidations:                       0
    Prefetch hits:                   5,167
    Prefetch misses:                18,929
    Miss rate:                        3.60%
Core #1 (0 thread(s))
Core #2 (0 thread(s))
Core #3 (0 thread(s))
LL stats:
    Hits:                           17,688
    Misses:                         10,081
    Compulsory misses:              19,504
    Invalidations:                       0
    Prefetch hits:                   9,498
    Prefetch misses:                 9,431
    Local miss rate:                 36.30%
    Child hits:                  2,127,007
    Total miss rate:                  0.47%
