Cache simulation results:
Core #0 (1 thread(s))
  L1I stats:
    Hits:                        1,495,099
    Misses:                         97,248
    Compulsory misses:               1,007
    Invalidations:                       0
    Miss rate:                        6.11%
  L1D stats:
    Hits:                          625,971
    Misses:                         41,631
    Compulsory misses:               9,930
    Invalidations:                       0
    Prefetch hits:                   8,389
    Prefetch misses:                35,171
    Miss rate:                        6.24%
Core #1 (0 thread(s))
Core #2 (0 thread(s))
Core #3 (0 thread(s))
LL stats:
    Hits:                          133,510
    Misses:                          5,369
    Compulsory misses:              10,937
    Invalidations:                       0
    Prefetch hits:                  29,603
    Prefetch misses:                 5,568
    Local miss rate:                  3.87%
    Child hits:                  2,129,459
    Total miss rate:                  0.24%
