Cache simulation results:
Core #0 (1 thread(s))
  L1I stats:
    Hits:                          180,630
    Misses:                          5,750
    Compulsory misses:               1,568
    Invalidations:                       0
    Miss rate:                        3.09%
  L1D stats:
    Hits:                           76,323
    Misses:                          3,988
    Compulsory misses:               3,735
    Invalidations:                       0
    Prefetch hits:                     868
    Prefetch misses:                 3,932
    Miss rate:                        4.97%
Core #1 (0 thread(s))
Core #2 (0 thread(s))
Core #3 (0 thread(s))
LL stats:
    Hits:                            6,595
    Misses:                          3,143
    Compulsory misses:               5,298
    Invalidations:                       0
    Prefetch hits:                   1,777
    Prefetch misses:                 2,155
    Local miss rate:                 32.28%
    Child hits:                    257,821
    Total miss rate:                  1.17%
