Cache simulation results:
Core #0 (1 thread(s))
  L1I stats:
    Hits:                      318,150,039
    Misses:                         34,420
    Compulsory misses:                 902
    Invalidations:                       0
    Miss rate:                        0.01%
  L1D stats:
    Hits:                      116,616,650
    Misses:                      3,399,677
    Compulsory misses:             192,058
    Invalidations:                       0
    Prefetch hits:                 785,390
    Prefetch misses:             3,788,656
    Miss rate:                        2.83%
Core #1 (0 thread(s))
Core #2 (0 thread(s))
Core #3 (0 thread(s))
LL stats:
    Hits:                        3,415,550
    Misses:                         18,547
    Compulsory misses:             192,960
    Invalidations:                       0
    Prefetch hits:               3,557,516
    Prefetch misses:               231,140
    Local miss rate:                  0.54%
    Child hits:                435,552,079
    Total miss rate:                  0.00%
