Cache simulation results:
Core #0 (1 thread(s))
  L1I stats:
    Hits:                           59,883
    Misses:                          2,756
    Compulsory misses:               2,430
    Invalidations:                       0
    Miss rate:                        4.40%
  L1D stats:
    Hits:                           25,330
    Misses:                          1,336
    Compulsory misses:               1,895
    Invalidations:                       0
    Prefetch hits:                     343
    Prefetch misses:                 1,196
    Miss rate:                        5.01%
Core #1 (0 thread(s))
Core #2 (0 thread(s))
Core #3 (0 thread(s))
LL stats:
    Hits:                              717
    Misses:                          3,375
    Compulsory misses:               4,325
    Invalidations:                       0
    Prefetch hits:                     246
    Prefetch misses:                   950
    Local miss rate:                 82.48%
    Child hits:                     85,556
    Total miss rate:                  3.76%
