Cache simulation results:
Core #0 (1 thread(s))
  L1I stats:
    Hits:                            5,460
    Misses:                            193
    Compulsory misses:                 193
    Invalidations:                       0
    Miss rate:                        3.41%
  L1D stats:
    Hits:                            1,845
    Misses:                            148
    Compulsory misses:                 276
    Invalidations:                       0
    Prefetch hits:                      20
    Prefetch misses:                   129
    Miss rate:                        7.43%
Core #1 (0 thread(s))
Core #2 (0 thread(s))
Core #3 (0 thread(s))
LL stats:
    Hits:                                1
    Misses:                            340
    Compulsory misses:                 469
    Invalidations:                       0
    Prefetch hits:                       0
    Prefetch misses:                   129
    Local miss rate:                 99.71%
    Child hits:                      7,325
    Total miss rate:                  4.44%
